<?xml version="1.0" encoding="UTF-8"?>
<coverage generated="1764026243793" clover="3.2.0">
  <project timestamp="1764026243794" name="All files">
    <metrics statements="3271" coveredstatements="1301" conditionals="2193" coveredconditionals="715" methods="510" coveredmethods="130" elements="5974" coveredelements="2146" complexity="0" loc="3271" ncloc="3271" packages="12" files="44" classes="44"/>
    <package name="components.leaderboard">
      <metrics statements="43" coveredstatements="43" conditionals="33" coveredconditionals="21" methods="4" coveredmethods="4"/>
      <file name="utils.ts" path="C:\Users\dscanales\Documents\DegenScore-Card\DegenScore-Card-1\components\leaderboard\utils.ts">
        <metrics statements="43" coveredstatements="43" conditionals="33" coveredconditionals="21" methods="4" coveredmethods="4"/>
        <line num="1" count="1" type="stmt"/>
        <line num="2" count="6" type="cond" truecount="1" falsecount="0"/>
        <line num="3" count="1" type="stmt"/>
        <line num="15" count="5" type="cond" truecount="1" falsecount="0"/>
        <line num="16" count="1" type="stmt"/>
        <line num="28" count="4" type="cond" truecount="1" falsecount="0"/>
        <line num="29" count="1" type="stmt"/>
        <line num="41" count="3" type="cond" truecount="1" falsecount="0"/>
        <line num="42" count="1" type="stmt"/>
        <line num="54" count="2" type="cond" truecount="1" falsecount="0"/>
        <line num="55" count="1" type="stmt"/>
        <line num="67" count="1" type="stmt"/>
        <line num="80" count="1" type="stmt"/>
        <line num="81" count="8" type="cond" truecount="1" falsecount="0"/>
        <line num="82" count="7" type="cond" truecount="1" falsecount="0"/>
        <line num="83" count="6" type="cond" truecount="1" falsecount="0"/>
        <line num="84" count="5" type="cond" truecount="1" falsecount="0"/>
        <line num="85" count="4" type="cond" truecount="1" falsecount="0"/>
        <line num="86" count="3" type="cond" truecount="1" falsecount="0"/>
        <line num="87" count="2" type="cond" truecount="1" falsecount="0"/>
        <line num="88" count="1" type="stmt"/>
        <line num="91" count="1" type="cond" truecount="1" falsecount="0"/>
        <line num="92" count="6" type="cond" truecount="3" falsecount="0"/>
        <line num="93" count="4" type="cond" truecount="1" falsecount="0"/>
        <line num="94" count="3" type="cond" truecount="1" falsecount="0"/>
        <line num="95" count="2" type="cond" truecount="1" falsecount="0"/>
        <line num="96" count="1" type="stmt"/>
        <line num="99" count="1" type="stmt"/>
        <line num="100" count="3" type="cond" truecount="1" falsecount="0"/>
        <line num="101" count="2" type="cond" truecount="1" falsecount="0"/>
        <line num="102" count="1" type="cond" truecount="0" falsecount="1"/>
        <line num="103" count="1" type="cond" truecount="0" falsecount="1"/>
        <line num="104" count="1" type="cond" truecount="0" falsecount="1"/>
        <line num="105" count="1" type="cond" truecount="0" falsecount="1"/>
        <line num="106" count="1" type="cond" truecount="0" falsecount="1"/>
        <line num="107" count="1" type="cond" truecount="0" falsecount="1"/>
        <line num="108" count="1" type="cond" truecount="0" falsecount="1"/>
        <line num="109" count="1" type="cond" truecount="0" falsecount="1"/>
        <line num="110" count="1" type="cond" truecount="0" falsecount="1"/>
        <line num="111" count="1" type="cond" truecount="0" falsecount="1"/>
        <line num="112" count="1" type="cond" truecount="0" falsecount="1"/>
        <line num="113" count="1" type="cond" truecount="0" falsecount="1"/>
        <line num="114" count="1" type="stmt"/>
      </file>
    </package>
    <package name="hooks">
      <metrics statements="367" coveredstatements="29" conditionals="105" coveredconditionals="0" methods="49" coveredmethods="2"/>
      <file name="useDegenCard.ts" path="C:\Users\dscanales\Documents\DegenScore-Card\DegenScore-Card-1\hooks\useDegenCard.ts">
        <metrics statements="160" coveredstatements="4" conditionals="36" coveredconditionals="0" methods="18" coveredmethods="0"/>
        <line num="1" count="3" type="stmt"/>
        <line num="2" count="3" type="stmt"/>
        <line num="3" count="3" type="stmt"/>
        <line num="4" count="0" type="stmt"/>
        <line num="37" count="3" type="stmt"/>
        <line num="38" count="0" type="stmt"/>
        <line num="39" count="0" type="stmt"/>
        <line num="40" count="0" type="stmt"/>
        <line num="41" count="0" type="stmt"/>
        <line num="42" count="0" type="stmt"/>
        <line num="43" count="0" type="stmt"/>
        <line num="45" count="0" type="stmt"/>
        <line num="46" count="0" type="stmt"/>
        <line num="47" count="0" type="stmt"/>
        <line num="48" count="0" type="stmt"/>
        <line num="49" count="0" type="stmt"/>
        <line num="50" count="0" type="stmt"/>
        <line num="51" count="0" type="stmt"/>
        <line num="53" count="0" type="stmt"/>
        <line num="54" count="0" type="stmt"/>
        <line num="55" count="0" type="stmt"/>
        <line num="56" count="0" type="stmt"/>
        <line num="59" count="0" type="stmt"/>
        <line num="60" count="0" type="stmt"/>
        <line num="61" count="0" type="stmt"/>
        <line num="62" count="0" type="stmt"/>
        <line num="64" count="0" type="stmt"/>
        <line num="65" count="0" type="stmt"/>
        <line num="68" count="0" type="stmt"/>
        <line num="69" count="0" type="cond" truecount="0" falsecount="3"/>
        <line num="70" count="0" type="stmt"/>
        <line num="71" count="0" type="stmt"/>
        <line num="74" count="0" type="stmt"/>
        <line num="75" count="0" type="stmt"/>
        <line num="76" count="0" type="stmt"/>
        <line num="77" count="0" type="stmt"/>
        <line num="78" count="0" type="stmt"/>
        <line num="79" count="0" type="stmt"/>
        <line num="80" count="0" type="stmt"/>
        <line num="82" count="0" type="stmt"/>
        <line num="83" count="0" type="stmt"/>
        <line num="84" count="0" type="stmt"/>
        <line num="86" count="0" type="stmt"/>
        <line num="92" count="0" type="cond" truecount="0" falsecount="1"/>
        <line num="93" count="0" type="stmt"/>
        <line num="94" count="0" type="cond" truecount="0" falsecount="2"/>
        <line num="97" count="0" type="stmt"/>
        <line num="98" count="0" type="stmt"/>
        <line num="99" count="0" type="stmt"/>
        <line num="101" count="0" type="stmt"/>
        <line num="102" count="0" type="stmt"/>
        <line num="104" count="0" type="stmt"/>
        <line num="105" count="0" type="stmt"/>
        <line num="107" count="0" type="stmt"/>
        <line num="116" count="0" type="cond" truecount="0" falsecount="1"/>
        <line num="117" count="0" type="stmt"/>
        <line num="118" count="0" type="cond" truecount="0" falsecount="2"/>
        <line num="121" count="0" type="stmt"/>
        <line num="122" count="0" type="stmt"/>
        <line num="124" count="0" type="stmt"/>
        <line num="125" count="0" type="stmt"/>
        <line num="127" count="0" type="stmt"/>
        <line num="128" count="0" type="stmt"/>
        <line num="130" count="0" type="stmt"/>
        <line num="136" count="0" type="cond" truecount="0" falsecount="1"/>
        <line num="137" count="0" type="stmt"/>
        <line num="138" count="0" type="cond" truecount="0" falsecount="2"/>
        <line num="141" count="0" type="stmt"/>
        <line num="142" count="0" type="stmt"/>
        <line num="143" count="0" type="stmt"/>
        <line num="145" count="0" type="stmt"/>
        <line num="146" count="0" type="stmt"/>
        <line num="148" count="0" type="stmt"/>
        <line num="149" count="0" type="stmt"/>
        <line num="152" count="0" type="cond" truecount="0" falsecount="2"/>
        <line num="153" count="0" type="stmt"/>
        <line num="155" count="0" type="cond" truecount="0" falsecount="2"/>
        <line num="156" count="0" type="stmt"/>
        <line num="157" count="0" type="stmt"/>
        <line num="158" count="0" type="cond" truecount="0" falsecount="2"/>
        <line num="159" count="0" type="stmt"/>
        <line num="160" count="0" type="stmt"/>
        <line num="162" count="0" type="stmt"/>
        <line num="165" count="0" type="stmt"/>
        <line num="168" count="0" type="stmt"/>
        <line num="169" count="0" type="stmt"/>
        <line num="173" count="0" type="stmt"/>
        <line num="174" count="0" type="stmt"/>
        <line num="179" count="0" type="cond" truecount="0" falsecount="2"/>
        <line num="180" count="0" type="cond" truecount="0" falsecount="2"/>
        <line num="183" count="0" type="stmt"/>
        <line num="185" count="0" type="stmt"/>
        <line num="189" count="0" type="stmt"/>
        <line num="190" count="0" type="stmt"/>
        <line num="191" count="0" type="stmt"/>
        <line num="194" count="0" type="stmt"/>
        <line num="195" count="0" type="stmt"/>
        <line num="196" count="0" type="stmt"/>
        <line num="199" count="0" type="stmt"/>
        <line num="200" count="0" type="stmt"/>
        <line num="204" count="0" type="stmt"/>
        <line num="205" count="0" type="cond" truecount="0" falsecount="1"/>
        <line num="207" count="0" type="stmt"/>
        <line num="208" count="0" type="stmt"/>
        <line num="209" count="0" type="stmt"/>
        <line num="210" count="0" type="stmt"/>
        <line num="211" count="0" type="stmt"/>
        <line num="212" count="0" type="stmt"/>
        <line num="215" count="0" type="stmt"/>
        <line num="216" count="0" type="stmt"/>
        <line num="219" count="0" type="cond" truecount="0" falsecount="1"/>
        <line num="220" count="0" type="stmt"/>
        <line num="221" count="0" type="stmt"/>
        <line num="222" count="0" type="stmt"/>
        <line num="226" count="0" type="cond" truecount="0" falsecount="1"/>
        <line num="227" count="0" type="stmt"/>
        <line num="228" count="0" type="stmt"/>
        <line num="233" count="0" type="stmt"/>
        <line num="234" count="0" type="stmt"/>
        <line num="237" count="0" type="cond" truecount="0" falsecount="1"/>
        <line num="238" count="0" type="stmt"/>
        <line num="239" count="0" type="stmt"/>
        <line num="240" count="0" type="stmt"/>
        <line num="244" count="0" type="cond" truecount="0" falsecount="1"/>
        <line num="245" count="0" type="stmt"/>
        <line num="246" count="0" type="stmt"/>
        <line num="251" count="0" type="stmt"/>
        <line num="252" count="0" type="stmt"/>
        <line num="253" count="0" type="stmt"/>
        <line num="256" count="0" type="stmt"/>
        <line num="257" count="0" type="stmt"/>
        <line num="261" count="0" type="stmt"/>
        <line num="262" count="0" type="stmt"/>
        <line num="263" count="0" type="stmt"/>
        <line num="264" count="0" type="stmt"/>
        <line num="273" count="0" type="cond" truecount="0" falsecount="1"/>
        <line num="274" count="0" type="stmt"/>
        <line num="275" count="0" type="cond" truecount="0" falsecount="2"/>
        <line num="278" count="0" type="stmt"/>
        <line num="280" count="0" type="stmt"/>
        <line num="282" count="0" type="stmt"/>
        <line num="283" count="0" type="stmt"/>
        <line num="289" count="0" type="cond" truecount="0" falsecount="1"/>
        <line num="290" count="0" type="stmt"/>
        <line num="291" count="0" type="stmt"/>
        <line num="292" count="0" type="stmt"/>
        <line num="293" count="0" type="stmt"/>
        <line num="296" count="0" type="stmt"/>
        <line num="297" count="0" type="stmt"/>
        <line num="300" count="0" type="cond" truecount="0" falsecount="2"/>
        <line num="303" count="0" type="cond" truecount="0" falsecount="2"/>
        <line num="307" count="0" type="stmt"/>
        <line num="308" count="0" type="cond" truecount="0" falsecount="1"/>
        <line num="310" count="0" type="stmt"/>
        <line num="311" count="0" type="stmt"/>
        <line num="312" count="0" type="stmt"/>
        <line num="313" count="0" type="stmt"/>
        <line num="314" count="0" type="stmt"/>
        <line num="315" count="0" type="stmt"/>
        <line num="318" count="0" type="stmt"/>
      </file>
      <file name="useTokenAnalysis.ts" path="C:\Users\dscanales\Documents\DegenScore-Card\DegenScore-Card-1\hooks\useTokenAnalysis.ts">
        <metrics statements="35" coveredstatements="10" conditionals="7" coveredconditionals="0" methods="4" coveredmethods="1"/>
        <line num="1" count="2" type="stmt"/>
        <line num="36" count="2" type="stmt"/>
        <line num="37" count="1" type="stmt"/>
        <line num="38" count="1" type="stmt"/>
        <line num="39" count="1" type="stmt"/>
        <line num="40" count="1" type="stmt"/>
        <line num="41" count="1" type="stmt"/>
        <line num="42" count="1" type="stmt"/>
        <line num="44" count="1" type="stmt"/>
        <line num="45" count="0" type="cond" truecount="0" falsecount="1"/>
        <line num="46" count="0" type="stmt"/>
        <line num="47" count="0" type="stmt"/>
        <line num="50" count="0" type="stmt"/>
        <line num="51" count="0" type="stmt"/>
        <line num="52" count="0" type="stmt"/>
        <line num="53" count="0" type="stmt"/>
        <line num="54" count="0" type="stmt"/>
        <line num="57" count="0" type="stmt"/>
        <line num="58" count="0" type="stmt"/>
        <line num="59" count="0" type="cond" truecount="0" falsecount="1"/>
        <line num="60" count="0" type="stmt"/>
        <line num="64" count="0" type="stmt"/>
        <line num="65" count="0" type="stmt"/>
        <line num="76" count="0" type="stmt"/>
        <line num="78" count="0" type="cond" truecount="0" falsecount="1"/>
        <line num="79" count="0" type="stmt"/>
        <line num="80" count="0" type="cond" truecount="0" falsecount="2"/>
        <line num="83" count="0" type="stmt"/>
        <line num="84" count="0" type="stmt"/>
        <line num="85" count="0" type="stmt"/>
        <line num="86" count="0" type="stmt"/>
        <line num="88" count="0" type="stmt"/>
        <line num="89" count="0" type="cond" truecount="0" falsecount="2"/>
        <line num="91" count="0" type="stmt"/>
        <line num="95" count="1" type="stmt"/>
      </file>
      <file name="useTokenSecurity.ts" path="C:\Users\dscanales\Documents\DegenScore-Card\DegenScore-Card-1\hooks\useTokenSecurity.ts">
        <metrics statements="53" coveredstatements="11" conditionals="9" coveredconditionals="0" methods="6" coveredmethods="1"/>
        <line num="1" count="2" type="stmt"/>
        <line num="2" count="2" type="stmt"/>
        <line num="52" count="2" type="stmt"/>
        <line num="53" count="3" type="stmt"/>
        <line num="54" count="3" type="stmt"/>
        <line num="55" count="3" type="stmt"/>
        <line num="56" count="3" type="stmt"/>
        <line num="57" count="3" type="stmt"/>
        <line num="59" count="3" type="stmt"/>
        <line num="60" count="0" type="cond" truecount="0" falsecount="1"/>
        <line num="61" count="0" type="stmt"/>
        <line num="62" count="0" type="stmt"/>
        <line num="65" count="0" type="stmt"/>
        <line num="66" count="0" type="stmt"/>
        <line num="67" count="0" type="stmt"/>
        <line num="70" count="0" type="stmt"/>
        <line num="71" count="0" type="stmt"/>
        <line num="72" count="0" type="cond" truecount="0" falsecount="1"/>
        <line num="73" count="0" type="stmt"/>
        <line num="74" count="0" type="stmt"/>
        <line num="76" count="0" type="stmt"/>
        <line num="80" count="0" type="stmt"/>
        <line num="91" count="0" type="stmt"/>
        <line num="92" count="0" type="stmt"/>
        <line num="93" count="0" type="stmt"/>
        <line num="94" count="0" type="stmt"/>
        <line num="97" count="0" type="stmt"/>
        <line num="98" count="0" type="stmt"/>
        <line num="106" count="0" type="stmt"/>
        <line num="107" count="0" type="stmt"/>
        <line num="109" count="0" type="cond" truecount="0" falsecount="1"/>
        <line num="110" count="0" type="stmt"/>
        <line num="111" count="0" type="cond" truecount="0" falsecount="2"/>
        <line num="114" count="0" type="stmt"/>
        <line num="115" count="0" type="stmt"/>
        <line num="116" count="0" type="stmt"/>
        <line num="117" count="0" type="stmt"/>
        <line num="119" count="0" type="cond" truecount="0" falsecount="2"/>
        <line num="120" count="0" type="stmt"/>
        <line num="122" count="0" type="stmt"/>
        <line num="125" count="0" type="stmt"/>
        <line num="126" count="0" type="stmt"/>
        <line num="127" count="0" type="cond" truecount="0" falsecount="2"/>
        <line num="128" count="0" type="stmt"/>
        <line num="129" count="0" type="stmt"/>
        <line num="131" count="0" type="stmt"/>
        <line num="135" count="3" type="stmt"/>
        <line num="136" count="0" type="stmt"/>
        <line num="137" count="0" type="stmt"/>
        <line num="138" count="0" type="stmt"/>
        <line num="139" count="0" type="stmt"/>
        <line num="141" count="0" type="stmt"/>
        <line num="145" count="3" type="stmt"/>
      </file>
      <file name="useWhaleRadar.ts" path="C:\Users\dscanales\Documents\DegenScore-Card\DegenScore-Card-1\hooks\useWhaleRadar.ts">
        <metrics statements="119" coveredstatements="4" conditionals="53" coveredconditionals="0" methods="21" coveredmethods="0"/>
        <line num="1" count="1" type="stmt"/>
        <line num="2" count="1" type="stmt"/>
        <line num="3" count="1" type="stmt"/>
        <line num="4" count="0" type="stmt"/>
        <line num="5" count="0" type="stmt"/>
        <line num="44" count="1" type="stmt"/>
        <line num="45" count="0" type="stmt"/>
        <line num="46" count="0" type="stmt"/>
        <line num="47" count="0" type="stmt"/>
        <line num="48" count="0" type="stmt"/>
        <line num="49" count="0" type="stmt"/>
        <line num="50" count="0" type="stmt"/>
        <line num="51" count="0" type="stmt"/>
        <line num="52" count="0" type="stmt"/>
        <line num="55" count="0" type="stmt"/>
        <line num="56" count="0" type="stmt"/>
        <line num="57" count="0" type="stmt"/>
        <line num="58" count="0" type="stmt"/>
        <line num="59" count="0" type="stmt"/>
        <line num="62" count="0" type="stmt"/>
        <line num="63" count="0" type="stmt"/>
        <line num="68" count="0" type="stmt"/>
        <line num="69" count="0" type="cond" truecount="0" falsecount="4"/>
        <line num="70" count="0" type="stmt"/>
        <line num="73" count="0" type="stmt"/>
        <line num="77" count="0" type="stmt"/>
        <line num="78" count="0" type="cond" truecount="0" falsecount="1"/>
        <line num="79" count="0" type="stmt"/>
        <line num="80" count="0" type="stmt"/>
        <line num="84" count="0" type="stmt"/>
        <line num="85" count="0" type="cond" truecount="0" falsecount="3"/>
        <line num="86" count="0" type="stmt"/>
        <line num="87" count="0" type="stmt"/>
        <line num="88" count="0" type="stmt"/>
        <line num="90" count="0" type="stmt"/>
        <line num="97" count="0" type="stmt"/>
        <line num="98" count="0" type="stmt"/>
        <line num="99" count="0" type="stmt"/>
        <line num="100" count="0" type="stmt"/>
        <line num="101" count="0" type="stmt"/>
        <line num="102" count="0" type="stmt"/>
        <line num="103" count="0" type="cond" truecount="0" falsecount="1"/>
        <line num="104" count="0" type="cond" truecount="0" falsecount="2"/>
        <line num="106" count="0" type="cond" truecount="0" falsecount="2"/>
        <line num="108" count="0" type="stmt"/>
        <line num="109" count="0" type="stmt"/>
        <line num="110" count="0" type="stmt"/>
        <line num="112" count="0" type="stmt"/>
        <line num="116" count="0" type="stmt"/>
        <line num="117" count="0" type="cond" truecount="0" falsecount="1"/>
        <line num="118" count="0" type="stmt"/>
        <line num="119" count="0" type="stmt"/>
        <line num="122" count="0" type="cond" truecount="0" falsecount="1"/>
        <line num="123" count="0" type="stmt"/>
        <line num="124" count="0" type="cond" truecount="0" falsecount="2"/>
        <line num="126" count="0" type="stmt"/>
        <line num="130" count="0" type="stmt"/>
        <line num="131" count="0" type="cond" truecount="0" falsecount="1"/>
        <line num="132" count="0" type="stmt"/>
        <line num="133" count="0" type="stmt"/>
        <line num="136" count="0" type="cond" truecount="0" falsecount="1"/>
        <line num="137" count="0" type="stmt"/>
        <line num="138" count="0" type="cond" truecount="0" falsecount="2"/>
        <line num="140" count="0" type="stmt"/>
        <line num="147" count="0" type="stmt"/>
        <line num="148" count="0" type="cond" truecount="0" falsecount="1"/>
        <line num="149" count="0" type="stmt"/>
        <line num="150" count="0" type="stmt"/>
        <line num="152" count="0" type="stmt"/>
        <line num="153" count="0" type="stmt"/>
        <line num="161" count="0" type="cond" truecount="0" falsecount="1"/>
        <line num="162" count="0" type="stmt"/>
        <line num="163" count="0" type="stmt"/>
        <line num="164" count="0" type="stmt"/>
        <line num="166" count="0" type="stmt"/>
        <line num="167" count="0" type="stmt"/>
        <line num="171" count="0" type="stmt"/>
        <line num="172" count="0" type="cond" truecount="0" falsecount="1"/>
        <line num="173" count="0" type="stmt"/>
        <line num="174" count="0" type="stmt"/>
        <line num="182" count="0" type="cond" truecount="0" falsecount="1"/>
        <line num="183" count="0" type="stmt"/>
        <line num="184" count="0" type="stmt"/>
        <line num="185" count="0" type="stmt"/>
        <line num="187" count="0" type="stmt"/>
        <line num="188" count="0" type="stmt"/>
        <line num="192" count="0" type="stmt"/>
        <line num="193" count="0" type="stmt"/>
        <line num="199" count="0" type="stmt"/>
        <line num="200" count="0" type="stmt"/>
        <line num="201" count="0" type="cond" truecount="0" falsecount="3"/>
        <line num="202" count="0" type="cond" truecount="0" falsecount="1"/>
        <line num="203" count="0" type="cond" truecount="0" falsecount="3"/>
        <line num="204" count="0" type="cond" truecount="0" falsecount="1"/>
        <line num="205" count="0" type="cond" truecount="0" falsecount="2"/>
        <line num="206" count="0" type="cond" truecount="0" falsecount="1"/>
        <line num="208" count="0" type="stmt"/>
        <line num="212" count="0" type="stmt"/>
        <line num="213" count="0" type="stmt"/>
        <line num="214" count="0" type="cond" truecount="0" falsecount="1"/>
        <line num="216" count="0" type="stmt"/>
        <line num="217" count="0" type="stmt"/>
        <line num="218" count="0" type="stmt"/>
        <line num="219" count="0" type="cond" truecount="0" falsecount="2"/>
        <line num="220" count="0" type="cond" truecount="0" falsecount="3"/>
        <line num="221" count="0" type="cond" truecount="0" falsecount="3"/>
        <line num="222" count="0" type="cond" truecount="0" falsecount="1"/>
        <line num="223" count="0" type="cond" truecount="0" falsecount="2"/>
        <line num="224" count="0" type="cond" truecount="0" falsecount="2"/>
        <line num="227" count="0" type="cond" truecount="0" falsecount="1"/>
        <line num="228" count="0" type="stmt"/>
        <line num="232" count="0" type="stmt"/>
        <line num="233" count="0" type="stmt"/>
        <line num="234" count="0" type="cond" truecount="0" falsecount="1"/>
        <line num="237" count="0" type="stmt"/>
        <line num="239" count="0" type="cond" truecount="0" falsecount="1"/>
        <line num="245" count="0" type="stmt"/>
        <line num="271" count="0" type="stmt"/>
        <line num="272" count="0" type="stmt"/>
      </file>
    </package>
    <package name="lib">
      <metrics statements="1329" coveredstatements="390" conditionals="686" coveredconditionals="145" methods="288" coveredmethods="40"/>
      <file name="adminAuth.ts" path="C:\Users\dscanales\Documents\DegenScore-Card\DegenScore-Card-1\lib\adminAuth.ts">
        <metrics statements="18" coveredstatements="3" conditionals="22" coveredconditionals="0" methods="4" coveredmethods="0"/>
        <line num="2" count="2" type="stmt"/>
        <line num="17" count="2" type="stmt"/>
        <line num="19" count="0" type="stmt"/>
        <line num="20" count="0" type="cond" truecount="0" falsecount="3"/>
        <line num="21" count="0" type="stmt"/>
        <line num="24" count="0" type="stmt"/>
        <line num="27" count="0" type="stmt"/>
        <line num="28" count="0" type="cond" truecount="0" falsecount="3"/>
        <line num="29" count="0" type="cond" truecount="0" falsecount="2"/>
        <line num="33" count="0" type="cond" truecount="0" falsecount="6"/>
        <line num="34" count="0" type="cond" truecount="0" falsecount="1"/>
        <line num="35" count="0" type="stmt"/>
        <line num="38" count="0" type="cond" truecount="0" falsecount="1"/>
        <line num="39" count="0" type="stmt"/>
        <line num="46" count="0" type="stmt"/>
        <line num="52" count="2" type="stmt"/>
        <line num="53" count="0" type="cond" truecount="0" falsecount="6"/>
        <line num="54" count="0" type="stmt"/>
      </file>
      <file name="aiCoach.ts" path="C:\Users\dscanales\Documents\DegenScore-Card\DegenScore-Card-1\lib\aiCoach.ts">
        <metrics statements="92" coveredstatements="12" conditionals="72" coveredconditionals="3" methods="16" coveredmethods="0"/>
        <line num="1" count="1" type="stmt"/>
        <line num="2" count="1" type="stmt"/>
        <line num="3" count="1" type="stmt"/>
        <line num="4" count="1" type="stmt"/>
        <line num="15" count="1" type="stmt"/>
        <line num="17" count="1" type="cond" truecount="1" falsecount="1"/>
        <line num="22" count="1" type="cond" truecount="2" falsecount="0"/>
        <line num="24" count="1" type="stmt"/>
        <line num="25" count="1" type="stmt"/>
        <line num="31" count="0" type="stmt"/>
        <line num="32" count="0" type="stmt"/>
        <line num="35" count="0" type="stmt"/>
        <line num="36" count="0" type="cond" truecount="0" falsecount="2"/>
        <line num="40" count="0" type="stmt"/>
        <line num="43" count="0" type="cond" truecount="0" falsecount="1"/>
        <line num="44" count="0" type="stmt"/>
        <line num="45" count="0" type="stmt"/>
        <line num="55" count="0" type="cond" truecount="0" falsecount="1"/>
        <line num="57" count="0" type="stmt"/>
        <line num="58" count="0" type="stmt"/>
        <line num="61" count="0" type="stmt"/>
        <line num="65" count="0" type="stmt"/>
        <line num="66" count="0" type="cond" truecount="0" falsecount="2"/>
        <line num="67" count="0" type="stmt"/>
        <line num="70" count="0" type="stmt"/>
        <line num="71" count="0" type="cond" truecount="0" falsecount="1"/>
        <line num="72" count="0" type="stmt"/>
        <line num="75" count="0" type="stmt"/>
        <line num="93" count="1" type="stmt"/>
        <line num="95" count="0" type="cond" truecount="0" falsecount="3"/>
        <line num="96" count="0" type="stmt"/>
        <line num="97" count="0" type="stmt"/>
        <line num="102" count="0" type="stmt"/>
        <line num="103" count="0" type="stmt"/>
        <line num="106" count="0" type="stmt"/>
        <line num="113" count="0" type="cond" truecount="0" falsecount="1"/>
        <line num="114" count="0" type="stmt"/>
        <line num="118" count="0" type="stmt"/>
        <line num="125" count="0" type="stmt"/>
        <line num="128" count="0" type="stmt"/>
        <line num="131" count="0" type="stmt"/>
        <line num="132" count="0" type="stmt"/>
        <line num="134" count="0" type="stmt"/>
        <line num="137" count="0" type="stmt"/>
        <line num="158" count="0" type="stmt"/>
        <line num="160" count="0" type="cond" truecount="0" falsecount="8"/>
        <line num="161" count="0" type="cond" truecount="0" falsecount="1"/>
        <line num="162" count="0" type="stmt"/>
        <line num="165" count="0" type="stmt"/>
        <line num="168" count="0" type="stmt"/>
        <line num="171" count="0" type="stmt"/>
        <line num="189" count="0" type="stmt"/>
        <line num="191" count="0" type="stmt"/>
        <line num="203" count="0" type="stmt"/>
        <line num="204" count="0" type="stmt"/>
        <line num="212" count="0" type="stmt"/>
        <line num="213" count="0" type="stmt"/>
        <line num="214" count="0" type="stmt"/>
        <line num="216" count="0" type="stmt"/>
        <line num="217" count="0" type="stmt"/>
        <line num="220" count="0" type="stmt"/>
        <line num="221" count="0" type="stmt"/>
        <line num="222" count="0" type="cond" truecount="0" falsecount="2"/>
        <line num="223" count="0" type="stmt"/>
        <line num="227" count="0" type="stmt"/>
        <line num="228" count="0" type="stmt"/>
        <line num="230" count="0" type="stmt"/>
        <line num="233" count="0" type="stmt"/>
        <line num="236" count="0" type="cond" truecount="0" falsecount="2"/>
        <line num="238" count="0" type="stmt"/>
        <line num="252" count="0" type="stmt"/>
        <line num="261" count="0" type="cond" truecount="0" falsecount="2"/>
        <line num="274" count="0" type="stmt"/>
        <line num="307" count="1" type="stmt"/>
        <line num="308" count="0" type="stmt"/>
        <line num="309" count="0" type="stmt"/>
        <line num="314" count="0" type="cond" truecount="0" falsecount="1"/>
        <line num="315" count="0" type="stmt"/>
        <line num="318" count="0" type="stmt"/>
        <line num="330" count="0" type="stmt"/>
        <line num="331" count="0" type="stmt"/>
        <line num="338" count="1" type="stmt"/>
        <line num="339" count="0" type="stmt"/>
        <line num="340" count="0" type="stmt"/>
        <line num="345" count="0" type="cond" truecount="0" falsecount="1"/>
        <line num="346" count="0" type="stmt"/>
        <line num="351" count="0" type="stmt"/>
        <line num="356" count="0" type="cond" truecount="0" falsecount="6"/>
        <line num="359" count="0" type="stmt"/>
        <line num="361" count="0" type="stmt"/>
        <line num="363" count="0" type="stmt"/>
        <line num="364" count="0" type="stmt"/>
      </file>
      <file name="badges-advanced.ts" path="C:\Users\dscanales\Documents\DegenScore-Card\DegenScore-Card-1\lib\badges-advanced.ts">
        <metrics statements="85" coveredstatements="7" conditionals="18" coveredconditionals="0" methods="55" coveredmethods="0"/>
        <line num="11" count="1" type="stmt"/>
        <line num="20" count="0" type="stmt"/>
        <line num="27" count="0" type="stmt"/>
        <line num="34" count="0" type="stmt"/>
        <line num="41" count="0" type="stmt"/>
        <line num="52" count="0" type="cond" truecount="0" falsecount="2"/>
        <line num="59" count="0" type="stmt"/>
        <line num="66" count="0" type="stmt"/>
        <line num="77" count="0" type="stmt"/>
        <line num="84" count="0" type="stmt"/>
        <line num="91" count="0" type="stmt"/>
        <line num="98" count="0" type="stmt"/>
        <line num="109" count="0" type="stmt"/>
        <line num="116" count="0" type="stmt"/>
        <line num="123" count="0" type="stmt"/>
        <line num="130" count="0" type="stmt"/>
        <line num="137" count="0" type="stmt"/>
        <line num="144" count="0" type="stmt"/>
        <line num="155" count="0" type="stmt"/>
        <line num="162" count="0" type="stmt"/>
        <line num="169" count="0" type="stmt"/>
        <line num="176" count="0" type="stmt"/>
        <line num="187" count="0" type="stmt"/>
        <line num="194" count="0" type="stmt"/>
        <line num="201" count="0" type="stmt"/>
        <line num="208" count="0" type="stmt"/>
        <line num="215" count="0" type="stmt"/>
        <line num="222" count="0" type="stmt"/>
        <line num="233" count="0" type="stmt"/>
        <line num="240" count="0" type="stmt"/>
        <line num="247" count="0" type="stmt"/>
        <line num="258" count="0" type="stmt"/>
        <line num="265" count="0" type="stmt"/>
        <line num="272" count="0" type="stmt"/>
        <line num="283" count="0" type="stmt"/>
        <line num="290" count="0" type="stmt"/>
        <line num="297" count="0" type="cond" truecount="0" falsecount="2"/>
        <line num="304" count="0" type="cond" truecount="0" falsecount="2"/>
        <line num="315" count="0" type="stmt"/>
        <line num="322" count="0" type="stmt"/>
        <line num="329" count="0" type="stmt"/>
        <line num="340" count="0" type="stmt"/>
        <line num="347" count="0" type="stmt"/>
        <line num="358" count="0" type="cond" truecount="0" falsecount="2"/>
        <line num="365" count="0" type="stmt"/>
        <line num="372" count="1" type="stmt"/>
        <line num="373" count="0" type="stmt"/>
        <line num="379" count="1" type="stmt"/>
        <line num="382" count="0" type="stmt"/>
        <line num="389" count="0" type="stmt"/>
        <line num="390" count="0" type="stmt"/>
        <line num="392" count="0" type="stmt"/>
        <line num="393" count="0" type="stmt"/>
        <line num="394" count="0" type="stmt"/>
        <line num="397" count="0" type="stmt"/>
        <line num="403" count="1" type="stmt"/>
        <line num="404" count="0" type="stmt"/>
        <line num="416" count="1" type="stmt"/>
        <line num="417" count="0" type="stmt"/>
        <line num="423" count="1" type="stmt"/>
        <line num="424" count="0" type="stmt"/>
        <line num="425" count="0" type="stmt"/>
        <line num="426" count="0" type="stmt"/>
        <line num="427" count="0" type="stmt"/>
        <line num="428" count="0" type="stmt"/>
        <line num="435" count="1" type="stmt"/>
        <line num="439" count="0" type="stmt"/>
        <line num="440" count="0" type="stmt"/>
        <line num="443" count="0" type="cond" truecount="0" falsecount="1"/>
        <line num="444" count="0" type="stmt"/>
        <line num="446" count="0" type="cond" truecount="0" falsecount="1"/>
        <line num="447" count="0" type="stmt"/>
        <line num="449" count="0" type="cond" truecount="0" falsecount="1"/>
        <line num="450" count="0" type="stmt"/>
        <line num="452" count="0" type="cond" truecount="0" falsecount="1"/>
        <line num="453" count="0" type="stmt"/>
        <line num="455" count="0" type="cond" truecount="0" falsecount="1"/>
        <line num="456" count="0" type="stmt"/>
        <line num="460" count="0" type="cond" truecount="0" falsecount="1"/>
        <line num="461" count="0" type="stmt"/>
        <line num="463" count="0" type="cond" truecount="0" falsecount="1"/>
        <line num="464" count="0" type="stmt"/>
        <line num="466" count="0" type="cond" truecount="0" falsecount="3"/>
        <line num="467" count="0" type="stmt"/>
        <line num="470" count="0" type="stmt"/>
      </file>
      <file name="badges-generator.ts" path="C:\Users\dscanales\Documents\DegenScore-Card\DegenScore-Card-1\lib\badges-generator.ts">
        <metrics statements="15" coveredstatements="9" conditionals="6" coveredconditionals="0" methods="1" coveredmethods="1"/>
        <line num="23" count="1" type="stmt"/>
        <line num="24" count="3" type="stmt"/>
        <line num="28" count="3" type="cond" truecount="0" falsecount="1"/>
        <line num="29" count="0" type="stmt"/>
        <line num="37" count="3" type="cond" truecount="0" falsecount="1"/>
        <line num="38" count="0" type="stmt"/>
        <line num="46" count="3" type="cond" truecount="0" falsecount="1"/>
        <line num="47" count="0" type="stmt"/>
        <line num="55" count="3" type="cond" truecount="0" falsecount="1"/>
        <line num="56" count="0" type="stmt"/>
        <line num="64" count="3" type="cond" truecount="0" falsecount="1"/>
        <line num="65" count="0" type="stmt"/>
        <line num="73" count="3" type="cond" truecount="0" falsecount="1"/>
        <line num="74" count="0" type="stmt"/>
        <line num="82" count="3" type="stmt"/>
      </file>
      <file name="badges-with-points.ts" path="C:\Users\dscanales\Documents\DegenScore-Card\DegenScore-Card-1\lib\badges-with-points.ts">
        <metrics statements="69" coveredstatements="17" conditionals="31" coveredconditionals="0" methods="25" coveredmethods="0"/>
        <line num="4" count="1" type="stmt"/>
        <line num="29" count="1" type="stmt"/>
        <line num="51" count="1" type="stmt"/>
        <line num="76" count="1" type="stmt"/>
        <line num="93" count="1" type="stmt"/>
        <line num="110" count="1" type="stmt"/>
        <line num="122" count="1" type="stmt"/>
        <line num="134" count="1" type="stmt"/>
        <line num="162" count="1" type="stmt"/>
        <line num="163" count="0" type="stmt"/>
        <line num="166" count="1" type="stmt"/>
        <line num="167" count="0" type="cond" truecount="0" falsecount="2"/>
        <line num="170" count="1" type="stmt"/>
        <line num="171" count="0" type="stmt"/>
        <line num="172" count="0" type="cond" truecount="0" falsecount="2"/>
        <line num="173" count="0" type="cond" truecount="0" falsecount="2"/>
        <line num="175" count="0" type="stmt"/>
        <line num="178" count="0" type="stmt"/>
        <line num="183" count="1" type="stmt"/>
        <line num="184" count="0" type="cond" truecount="0" falsecount="2"/>
        <line num="187" count="1" type="stmt"/>
        <line num="188" count="0" type="stmt"/>
        <line num="191" count="0" type="stmt"/>
        <line num="199" count="0" type="stmt"/>
        <line num="200" count="0" type="cond" truecount="0" falsecount="1"/>
        <line num="201" count="0" type="stmt"/>
        <line num="202" count="0" type="cond" truecount="0" falsecount="1"/>
        <line num="207" count="0" type="stmt"/>
        <line num="213" count="0" type="stmt"/>
        <line num="214" count="0" type="cond" truecount="0" falsecount="1"/>
        <line num="215" count="0" type="stmt"/>
        <line num="216" count="0" type="cond" truecount="0" falsecount="1"/>
        <line num="221" count="0" type="cond" truecount="0" falsecount="1"/>
        <line num="222" count="0" type="stmt"/>
        <line num="223" count="0" type="cond" truecount="0" falsecount="1"/>
        <line num="227" count="0" type="cond" truecount="0" falsecount="1"/>
        <line num="228" count="0" type="stmt"/>
        <line num="229" count="0" type="cond" truecount="0" falsecount="1"/>
        <line num="232" count="0" type="stmt"/>
        <line num="235" count="1" type="stmt"/>
        <line num="236" count="0" type="stmt"/>
        <line num="238" count="0" type="cond" truecount="0" falsecount="1"/>
        <line num="239" count="0" type="stmt"/>
        <line num="240" count="0" type="cond" truecount="0" falsecount="1"/>
        <line num="243" count="0" type="cond" truecount="0" falsecount="1"/>
        <line num="244" count="0" type="stmt"/>
        <line num="245" count="0" type="cond" truecount="0" falsecount="1"/>
        <line num="248" count="0" type="cond" truecount="0" falsecount="1"/>
        <line num="249" count="0" type="stmt"/>
        <line num="250" count="0" type="cond" truecount="0" falsecount="1"/>
        <line num="253" count="0" type="cond" truecount="0" falsecount="1"/>
        <line num="254" count="0" type="stmt"/>
        <line num="255" count="0" type="cond" truecount="0" falsecount="1"/>
        <line num="258" count="0" type="cond" truecount="0" falsecount="6"/>
        <line num="259" count="0" type="stmt"/>
        <line num="260" count="0" type="cond" truecount="0" falsecount="1"/>
        <line num="263" count="0" type="stmt"/>
        <line num="266" count="1" type="stmt"/>
        <line num="267" count="0" type="stmt"/>
        <line num="276" count="0" type="stmt"/>
        <line num="277" count="0" type="stmt"/>
        <line num="280" count="0" type="stmt"/>
        <line num="282" count="0" type="stmt"/>
        <line num="289" count="1" type="stmt"/>
        <line num="290" count="0" type="stmt"/>
        <line num="297" count="0" type="stmt"/>
        <line num="300" count="1" type="stmt"/>
        <line num="301" count="0" type="stmt"/>
        <line num="308" count="0" type="stmt"/>
      </file>
      <file name="challenges.ts" path="C:\Users\dscanales\Documents\DegenScore-Card\DegenScore-Card-1\lib\challenges.ts">
        <metrics statements="93" coveredstatements="86" conditionals="42" coveredconditionals="38" methods="14" coveredmethods="14"/>
        <line num="1" count="1" type="stmt"/>
        <line num="2" count="1" type="stmt"/>
        <line num="23" count="1" type="stmt"/>
        <line num="78" count="1" type="stmt"/>
        <line num="79" count="4" type="stmt"/>
        <line num="80" count="4" type="stmt"/>
        <line num="81" count="4" type="stmt"/>
        <line num="84" count="4" type="stmt"/>
        <line num="100" count="3" type="cond" truecount="1" falsecount="0"/>
        <line num="101" count="1" type="stmt"/>
        <line num="103" count="3" type="stmt"/>
        <line num="118" count="4" type="stmt"/>
        <line num="131" count="1" type="stmt"/>
        <line num="132" count="1" type="stmt"/>
        <line num="140" count="1" type="stmt"/>
        <line num="142" count="1" type="stmt"/>
        <line num="143" count="1" type="stmt"/>
        <line num="145" count="1" type="stmt"/>
        <line num="146" count="3" type="stmt"/>
        <line num="147" count="3" type="stmt"/>
        <line num="159" count="1" type="stmt"/>
        <line num="161" count="3" type="stmt"/>
        <line num="167" count="1" type="stmt"/>
        <line num="169" count="1" type="stmt"/>
        <line num="171" count="0" type="stmt"/>
        <line num="172" count="0" type="stmt"/>
        <line num="179" count="1" type="stmt"/>
        <line num="184" count="14" type="stmt"/>
        <line num="185" count="14" type="stmt"/>
        <line num="186" count="14" type="stmt"/>
        <line num="189" count="14" type="stmt"/>
        <line num="198" count="14" type="cond" truecount="1" falsecount="0"/>
        <line num="199" count="1" type="stmt"/>
        <line num="203" count="13" type="stmt"/>
        <line num="212" count="13" type="cond" truecount="1" falsecount="0"/>
        <line num="213" count="8" type="stmt"/>
        <line num="224" count="13" type="stmt"/>
        <line num="225" count="13" type="stmt"/>
        <line num="227" count="13" type="stmt"/>
        <line num="239" count="13" type="cond" truecount="3" falsecount="0"/>
        <line num="240" count="10" type="stmt"/>
        <line num="241" count="10" type="stmt"/>
        <line num="248" count="0" type="stmt"/>
        <line num="256" count="10" type="stmt"/>
        <line num="258" count="10" type="stmt"/>
        <line num="276" count="10" type="stmt"/>
        <line num="278" count="0" type="stmt"/>
        <line num="286" count="10" type="stmt"/>
        <line num="287" count="10" type="stmt"/>
        <line num="291" count="10" type="cond" truecount="0" falsecount="1"/>
        <line num="294" count="10" type="stmt"/>
        <line num="296" count="10" type="cond" truecount="1" falsecount="0"/>
        <line num="297" count="1" type="stmt"/>
        <line num="302" count="1" type="stmt"/>
        <line num="305" count="0" type="stmt"/>
        <line num="313" count="1" type="stmt"/>
        <line num="314" count="1" type="stmt"/>
        <line num="315" count="6" type="stmt"/>
        <line num="316" count="6" type="stmt"/>
        <line num="317" count="6" type="stmt"/>
        <line num="318" count="6" type="stmt"/>
        <line num="320" count="1" type="stmt"/>
        <line num="326" count="1" type="stmt"/>
        <line num="327" count="3" type="stmt"/>
        <line num="328" count="3" type="stmt"/>
        <line num="335" count="2" type="stmt"/>
        <line num="336" count="2" type="stmt"/>
        <line num="338" count="2" type="stmt"/>
        <line num="339" count="3" type="stmt"/>
        <line num="340" count="3" type="stmt"/>
        <line num="341" count="3" type="stmt"/>
        <line num="344" count="2" type="stmt"/>
        <line num="350" count="1" type="stmt"/>
        <line num="351" count="1" type="stmt"/>
        <line num="363" count="2" type="stmt"/>
        <line num="364" count="2" type="stmt"/>
        <line num="374" count="2" type="cond" truecount="1" falsecount="0"/>
        <line num="376" count="1" type="stmt"/>
        <line num="377" count="1" type="stmt"/>
        <line num="378" count="1" type="stmt"/>
        <line num="380" count="1" type="stmt"/>
        <line num="382" count="1" type="stmt"/>
        <line num="384" count="4" type="stmt"/>
        <line num="385" count="12" type="stmt"/>
        <line num="386" count="12" type="stmt"/>
        <line num="387" count="12" type="stmt"/>
        <line num="390" count="4" type="cond" truecount="2" falsecount="0"/>
        <line num="391" count="3" type="stmt"/>
        <line num="392" count="3" type="stmt"/>
        <line num="394" count="1" type="stmt"/>
        <line num="398" count="1" type="stmt"/>
        <line num="400" count="0" type="stmt"/>
        <line num="401" count="0" type="stmt"/>
      </file>
      <file name="config.ts" path="C:\Users\dscanales\Documents\DegenScore-Card\DegenScore-Card-1\lib\config.ts">
        <metrics statements="18" coveredstatements="8" conditionals="18" coveredconditionals="11" methods="3" coveredmethods="0"/>
        <line num="1" count="2" type="stmt"/>
        <line num="9" count="2" type="stmt"/>
        <line num="17" count="2" type="stmt"/>
        <line num="23" count="2" type="stmt"/>
        <line num="39" count="2" type="stmt"/>
        <line num="54" count="2" type="stmt"/>
        <line num="65" count="2" type="stmt"/>
        <line num="66" count="0" type="stmt"/>
        <line num="71" count="0" type="stmt"/>
        <line num="73" count="0" type="cond" truecount="0" falsecount="1"/>
        <line num="74" count="0" type="stmt"/>
        <line num="75" count="0" type="stmt"/>
        <line num="81" count="2" type="cond" truecount="1" falsecount="2"/>
        <line num="82" count="0" type="stmt"/>
        <line num="83" count="0" type="stmt"/>
        <line num="85" count="0" type="cond" truecount="0" falsecount="2"/>
        <line num="89" count="0" type="cond" truecount="0" falsecount="1"/>
        <line num="90" count="0" type="stmt"/>
      </file>
      <file name="csrfProtection.ts" path="C:\Users\dscanales\Documents\DegenScore-Card\DegenScore-Card-1\lib\csrfProtection.ts">
        <metrics statements="27" coveredstatements="3" conditionals="10" coveredconditionals="0" methods="4" coveredmethods="0"/>
        <line num="2" count="1" type="stmt"/>
        <line num="8" count="1" type="stmt"/>
        <line num="10" count="0" type="cond" truecount="0" falsecount="3"/>
        <line num="11" count="0" type="stmt"/>
        <line num="14" count="0" type="cond" truecount="0" falsecount="2"/>
        <line num="15" count="0" type="stmt"/>
        <line num="18" count="0" type="stmt"/>
        <line num="25" count="0" type="cond" truecount="0" falsecount="1"/>
        <line num="26" count="0" type="stmt"/>
        <line num="27" count="0" type="stmt"/>
        <line num="30" count="0" type="cond" truecount="0" falsecount="1"/>
        <line num="31" count="0" type="stmt"/>
        <line num="36" count="0" type="stmt"/>
        <line num="40" count="0" type="stmt"/>
        <line num="43" count="0" type="stmt"/>
        <line num="44" count="0" type="cond" truecount="0" falsecount="1"/>
        <line num="45" count="0" type="stmt"/>
        <line num="48" count="0" type="cond" truecount="0" falsecount="1"/>
        <line num="49" count="0" type="stmt"/>
        <line num="55" count="0" type="stmt"/>
        <line num="59" count="0" type="stmt"/>
        <line num="62" count="0" type="stmt"/>
        <line num="69" count="1" type="stmt"/>
        <line num="72" count="0" type="stmt"/>
        <line num="73" count="0" type="cond" truecount="0" falsecount="1"/>
        <line num="74" count="0" type="stmt"/>
        <line num="77" count="0" type="stmt"/>
      </file>
      <file name="errors.ts" path="C:\Users\dscanales\Documents\DegenScore-Card\DegenScore-Card-1\lib\errors.ts">
        <metrics statements="41" coveredstatements="26" conditionals="8" coveredconditionals="2" methods="14" coveredmethods="5"/>
        <line num="14" count="1" type="stmt"/>
        <line num="21" count="6" type="stmt"/>
        <line num="22" count="6" type="stmt"/>
        <line num="23" count="6" type="stmt"/>
        <line num="24" count="6" type="stmt"/>
        <line num="25" count="6" type="stmt"/>
        <line num="26" count="6" type="stmt"/>
        <line num="29" count="6" type="cond" truecount="1" falsecount="0"/>
        <line num="30" count="6" type="stmt"/>
        <line num="38" count="1" type="stmt"/>
        <line num="40" count="0" type="stmt"/>
        <line num="47" count="1" type="stmt"/>
        <line num="49" count="1" type="stmt"/>
        <line num="56" count="1" type="stmt"/>
        <line num="58" count="1" type="stmt"/>
        <line num="65" count="1" type="stmt"/>
        <line num="67" count="1" type="stmt"/>
        <line num="74" count="1" type="stmt"/>
        <line num="76" count="0" type="stmt"/>
        <line num="83" count="1" type="stmt"/>
        <line num="85" count="0" type="stmt"/>
        <line num="92" count="1" type="stmt"/>
        <line num="94" count="0" type="stmt"/>
        <line num="101" count="1" type="stmt"/>
        <line num="103" count="1" type="stmt"/>
        <line num="115" count="1" type="stmt"/>
        <line num="117" count="0" type="stmt"/>
        <line num="129" count="1" type="stmt"/>
        <line num="131" count="0" type="stmt"/>
        <line num="138" count="1" type="stmt"/>
        <line num="139" count="0" type="stmt"/>
        <line num="145" count="1" type="stmt"/>
        <line num="146" count="0" type="cond" truecount="0" falsecount="1"/>
        <line num="147" count="0" type="stmt"/>
        <line num="149" count="0" type="cond" truecount="0" falsecount="1"/>
        <line num="150" count="0" type="stmt"/>
        <line num="152" count="0" type="stmt"/>
        <line num="158" count="1" type="stmt"/>
        <line num="159" count="0" type="cond" truecount="0" falsecount="1"/>
        <line num="160" count="0" type="stmt"/>
        <line num="162" count="0" type="stmt"/>
      </file>
      <file name="exportHelpers.ts" path="C:\Users\dscanales\Documents\DegenScore-Card\DegenScore-Card-1\lib\exportHelpers.ts">
        <metrics statements="15" coveredstatements="4" conditionals="11" coveredconditionals="0" methods="5" coveredmethods="0"/>
        <line num="26" count="1" type="stmt"/>
        <line num="27" count="0" type="stmt"/>
        <line num="53" count="1" type="stmt"/>
        <line num="54" count="0" type="stmt"/>
        <line num="55" count="0" type="stmt"/>
        <line num="56" count="0" type="cond" truecount="0" falsecount="3"/>
        <line num="57" count="0" type="stmt"/>
        <line num="59" count="0" type="stmt"/>
        <line num="62" count="0" type="stmt"/>
        <line num="65" count="1" type="stmt"/>
        <line num="66" count="0" type="stmt"/>
        <line num="69" count="1" type="stmt"/>
        <line num="70" count="0" type="stmt"/>
        <line num="71" count="0" type="stmt"/>
        <line num="72" count="0" type="stmt"/>
      </file>
      <file name="fileUploadValidation.ts" path="C:\Users\dscanales\Documents\DegenScore-Card\DegenScore-Card-1\lib\fileUploadValidation.ts">
        <metrics statements="95" coveredstatements="11" conditionals="34" coveredconditionals="0" methods="13" coveredmethods="0"/>
        <line num="12" count="1" type="stmt"/>
        <line num="18" count="1" type="stmt"/>
        <line num="26" count="1" type="stmt"/>
        <line num="28" count="1" type="stmt"/>
        <line num="29" count="1" type="stmt"/>
        <line num="30" count="1" type="stmt"/>
        <line num="31" count="1" type="stmt"/>
        <line num="32" count="1" type="stmt"/>
        <line num="59" count="1" type="stmt"/>
        <line num="62" count="0" type="stmt"/>
        <line num="63" count="0" type="stmt"/>
        <line num="70" count="0" type="cond" truecount="0" falsecount="1"/>
        <line num="71" count="0" type="stmt"/>
        <line num="72" count="0" type="stmt"/>
        <line num="79" count="0" type="stmt"/>
        <line num="80" count="0" type="cond" truecount="0" falsecount="1"/>
        <line num="81" count="0" type="stmt"/>
        <line num="82" count="0" type="stmt"/>
        <line num="89" count="0" type="cond" truecount="0" falsecount="1"/>
        <line num="90" count="0" type="stmt"/>
        <line num="91" count="0" type="stmt"/>
        <line num="98" count="0" type="stmt"/>
        <line num="99" count="0" type="stmt"/>
        <line num="100" count="0" type="stmt"/>
        <line num="101" count="0" type="cond" truecount="0" falsecount="1"/>
        <line num="102" count="0" type="stmt"/>
        <line num="103" count="0" type="stmt"/>
        <line num="109" count="0" type="stmt"/>
        <line num="110" count="0" type="stmt"/>
        <line num="117" count="0" type="stmt"/>
        <line num="118" count="0" type="cond" truecount="0" falsecount="1"/>
        <line num="119" count="0" type="stmt"/>
        <line num="120" count="0" type="stmt"/>
        <line num="126" count="0" type="stmt"/>
        <line num="132" count="0" type="stmt"/>
        <line num="143" count="0" type="stmt"/>
        <line num="144" count="0" type="stmt"/>
        <line num="159" count="0" type="cond" truecount="0" falsecount="2"/>
        <line num="166" count="0" type="stmt"/>
        <line num="173" count="0" type="stmt"/>
        <line num="180" count="0" type="stmt"/>
        <line num="192" count="0" type="stmt"/>
        <line num="193" count="0" type="cond" truecount="0" falsecount="2"/>
        <line num="200" count="0" type="stmt"/>
        <line num="201" count="0" type="stmt"/>
        <line num="202" count="0" type="stmt"/>
        <line num="204" count="0" type="stmt"/>
        <line num="205" count="0" type="stmt"/>
        <line num="206" count="0" type="stmt"/>
        <line num="212" count="0" type="stmt"/>
        <line num="213" count="0" type="stmt"/>
        <line num="214" count="0" type="stmt"/>
        <line num="217" count="0" type="stmt"/>
        <line num="226" count="0" type="stmt"/>
        <line num="227" count="0" type="stmt"/>
        <line num="228" count="0" type="stmt"/>
        <line num="231" count="0" type="stmt"/>
        <line num="239" count="0" type="stmt"/>
        <line num="240" count="0" type="stmt"/>
        <line num="241" count="0" type="stmt"/>
        <line num="242" count="0" type="cond" truecount="0" falsecount="1"/>
        <line num="243" count="0" type="stmt"/>
        <line num="244" count="0" type="stmt"/>
        <line num="247" count="0" type="cond" truecount="0" falsecount="1"/>
        <line num="248" count="0" type="stmt"/>
        <line num="249" count="0" type="stmt"/>
        <line num="253" count="0" type="stmt"/>
        <line num="254" count="0" type="stmt"/>
        <line num="256" count="0" type="stmt"/>
        <line num="257" count="0" type="stmt"/>
        <line num="270" count="1" type="stmt"/>
        <line num="276" count="0" type="cond" truecount="0" falsecount="2"/>
        <line num="277" count="0" type="cond" truecount="0" falsecount="2"/>
        <line num="280" count="0" type="cond" truecount="0" falsecount="1"/>
        <line num="281" count="0" type="stmt"/>
        <line num="288" count="0" type="stmt"/>
        <line num="289" count="0" type="cond" truecount="0" falsecount="1"/>
        <line num="290" count="0" type="stmt"/>
        <line num="297" count="0" type="cond" truecount="0" falsecount="1"/>
        <line num="298" count="0" type="stmt"/>
        <line num="305" count="0" type="stmt"/>
        <line num="306" count="0" type="cond" truecount="0" falsecount="1"/>
        <line num="307" count="0" type="stmt"/>
        <line num="313" count="0" type="stmt"/>
        <line num="327" count="0" type="stmt"/>
        <line num="334" count="0" type="stmt"/>
        <line num="335" count="0" type="stmt"/>
        <line num="336" count="0" type="stmt"/>
        <line num="337" count="0" type="cond" truecount="0" falsecount="1"/>
        <line num="338" count="0" type="stmt"/>
        <line num="339" count="0" type="stmt"/>
        <line num="342" count="0" type="cond" truecount="0" falsecount="1"/>
        <line num="343" count="0" type="stmt"/>
        <line num="347" count="0" type="stmt"/>
        <line num="351" count="1" type="stmt"/>
      </file>
      <file name="flashSales.ts" path="C:\Users\dscanales\Documents\DegenScore-Card\DegenScore-Card-1\lib\flashSales.ts">
        <metrics statements="69" coveredstatements="19" conditionals="23" coveredconditionals="0" methods="9" coveredmethods="2"/>
        <line num="8" count="2" type="stmt"/>
        <line num="9" count="2" type="stmt"/>
        <line num="36" count="2" type="stmt"/>
        <line num="73" count="2" type="stmt"/>
        <line num="74" count="1" type="stmt"/>
        <line num="75" count="1" type="stmt"/>
        <line num="77" count="1" type="stmt"/>
        <line num="89" count="0" type="stmt"/>
        <line num="90" count="0" type="cond" truecount="0" falsecount="1"/>
        <line num="91" count="0" type="stmt"/>
        <line num="94" count="1" type="stmt"/>
        <line num="95" count="1" type="stmt"/>
        <line num="102" count="2" type="stmt"/>
        <line num="103" count="0" type="stmt"/>
        <line num="104" count="0" type="stmt"/>
        <line num="105" count="0" type="stmt"/>
        <line num="107" count="0" type="stmt"/>
        <line num="108" count="0" type="stmt"/>
        <line num="110" count="0" type="stmt"/>
        <line num="127" count="0" type="stmt"/>
        <line num="129" count="0" type="stmt"/>
        <line num="130" count="0" type="stmt"/>
        <line num="137" count="2" type="stmt"/>
        <line num="141" count="2" type="stmt"/>
        <line num="142" count="2" type="stmt"/>
        <line num="146" count="0" type="cond" truecount="0" falsecount="1"/>
        <line num="147" count="0" type="stmt"/>
        <line num="150" count="0" type="stmt"/>
        <line num="153" count="0" type="cond" truecount="0" falsecount="4"/>
        <line num="154" count="0" type="stmt"/>
        <line num="158" count="0" type="cond" truecount="0" falsecount="3"/>
        <line num="159" count="0" type="stmt"/>
        <line num="163" count="0" type="stmt"/>
        <line num="170" count="0" type="cond" truecount="0" falsecount="1"/>
        <line num="171" count="0" type="stmt"/>
        <line num="175" count="0" type="stmt"/>
        <line num="185" count="0" type="stmt"/>
        <line num="192" count="0" type="stmt"/>
        <line num="194" count="2" type="stmt"/>
        <line num="195" count="2" type="stmt"/>
        <line num="202" count="2" type="stmt"/>
        <line num="203" count="0" type="stmt"/>
        <line num="204" count="0" type="stmt"/>
        <line num="206" count="0" type="stmt"/>
        <line num="216" count="0" type="stmt"/>
        <line num="218" count="0" type="stmt"/>
        <line num="219" count="0" type="stmt"/>
        <line num="226" count="2" type="stmt"/>
        <line num="227" count="0" type="stmt"/>
        <line num="228" count="0" type="stmt"/>
        <line num="237" count="0" type="cond" truecount="0" falsecount="1"/>
        <line num="239" count="0" type="stmt"/>
        <line num="240" count="0" type="stmt"/>
        <line num="241" count="0" type="cond" truecount="0" falsecount="2"/>
        <line num="245" count="0" type="stmt"/>
        <line num="253" count="0" type="stmt"/>
        <line num="254" count="0" type="stmt"/>
        <line num="261" count="2" type="stmt"/>
        <line num="262" count="0" type="stmt"/>
        <line num="263" count="0" type="cond" truecount="0" falsecount="4"/>
        <line num="266" count="0" type="stmt"/>
        <line num="267" count="0" type="cond" truecount="0" falsecount="1"/>
        <line num="268" count="0" type="stmt"/>
        <line num="269" count="0" type="stmt"/>
        <line num="270" count="0" type="stmt"/>
        <line num="273" count="0" type="cond" truecount="0" falsecount="1"/>
        <line num="274" count="0" type="stmt"/>
        <line num="277" count="0" type="stmt"/>
        <line num="280" count="2" type="stmt"/>
      </file>
      <file name="logger.ts" path="C:\Users\dscanales\Documents\DegenScore-Card\DegenScore-Card-1\lib\logger.ts">
        <metrics statements="40" coveredstatements="11" conditionals="21" coveredconditionals="10" methods="16" coveredmethods="5"/>
        <line num="21" count="12" type="stmt"/>
        <line num="22" count="12" type="stmt"/>
        <line num="29" count="0" type="cond" truecount="0" falsecount="1"/>
        <line num="30" count="0" type="stmt"/>
        <line num="38" count="2" type="stmt"/>
        <line num="45" count="1" type="stmt"/>
        <line num="52" count="5" type="cond" truecount="6" falsecount="2"/>
        <line num="55" count="5" type="cond" truecount="1" falsecount="2"/>
        <line num="57" count="0" type="cond" truecount="0" falsecount="1"/>
        <line num="59" count="0" type="cond" truecount="0" falsecount="2"/>
        <line num="70" count="8" type="stmt"/>
        <line num="71" count="8" type="stmt"/>
        <line num="79" count="8" type="cond" truecount="1" falsecount="1"/>
        <line num="80" count="0" type="stmt"/>
        <line num="81" count="0" type="stmt"/>
        <line num="83" count="0" type="stmt"/>
        <line num="89" count="8" type="stmt"/>
        <line num="97" count="0" type="stmt"/>
        <line num="103" count="0" type="stmt"/>
        <line num="110" count="0" type="stmt"/>
        <line num="116" count="0" type="stmt"/>
        <line num="123" count="0" type="stmt"/>
        <line num="130" count="0" type="stmt"/>
        <line num="131" count="0" type="stmt"/>
        <line num="133" count="0" type="stmt"/>
        <line num="134" count="0" type="stmt"/>
        <line num="135" count="0" type="stmt"/>
        <line num="136" count="0" type="stmt"/>
        <line num="137" count="0" type="stmt"/>
        <line num="139" count="0" type="stmt"/>
        <line num="140" count="0" type="stmt"/>
        <line num="141" count="0" type="stmt"/>
        <line num="149" count="0" type="stmt"/>
        <line num="158" count="0" type="stmt"/>
        <line num="159" count="0" type="stmt"/>
        <line num="163" count="0" type="stmt"/>
        <line num="167" count="0" type="stmt"/>
        <line num="171" count="0" type="stmt"/>
        <line num="175" count="0" type="stmt"/>
        <line num="180" count="12" type="stmt"/>
      </file>
      <file name="notifications.ts" path="C:\Users\dscanales\Documents\DegenScore-Card\DegenScore-Card-1\lib\notifications.ts">
        <metrics statements="68" coveredstatements="6" conditionals="37" coveredconditionals="0" methods="9" coveredmethods="0"/>
        <line num="1" count="1" type="stmt"/>
        <line num="2" count="1" type="stmt"/>
        <line num="23" count="0" type="stmt"/>
        <line num="24" count="0" type="stmt"/>
        <line num="31" count="0" type="stmt"/>
        <line num="56" count="0" type="stmt"/>
        <line num="58" count="0" type="stmt"/>
        <line num="59" count="0" type="stmt"/>
        <line num="70" count="0" type="stmt"/>
        <line num="71" count="0" type="cond" truecount="0" falsecount="1"/>
        <line num="72" count="0" type="stmt"/>
        <line num="73" count="0" type="stmt"/>
        <line num="76" count="0" type="stmt"/>
        <line num="77" count="0" type="stmt"/>
        <line num="84" count="0" type="stmt"/>
        <line num="85" count="0" type="cond" truecount="0" falsecount="1"/>
        <line num="86" count="0" type="stmt"/>
        <line num="89" count="0" type="stmt"/>
        <line num="105" count="0" type="stmt"/>
        <line num="106" count="0" type="stmt"/>
        <line num="108" count="0" type="stmt"/>
        <line num="109" count="0" type="stmt"/>
        <line num="123" count="0" type="stmt"/>
        <line num="155" count="0" type="stmt"/>
        <line num="161" count="1" type="stmt"/>
        <line num="165" count="0" type="stmt"/>
        <line num="167" count="0" type="stmt"/>
        <line num="171" count="0" type="cond" truecount="0" falsecount="1"/>
        <line num="172" count="0" type="stmt"/>
        <line num="173" count="0" type="stmt"/>
        <line num="177" count="0" type="stmt"/>
        <line num="184" count="0" type="cond" truecount="0" falsecount="1"/>
        <line num="185" count="0" type="stmt"/>
        <line num="186" count="0" type="stmt"/>
        <line num="190" count="0" type="stmt"/>
        <line num="192" count="0" type="cond" truecount="0" falsecount="3"/>
        <line num="193" count="0" type="stmt"/>
        <line num="196" count="0" type="cond" truecount="0" falsecount="3"/>
        <line num="197" count="0" type="stmt"/>
        <line num="200" count="0" type="cond" truecount="0" falsecount="3"/>
        <line num="201" count="0" type="stmt"/>
        <line num="204" count="0" type="cond" truecount="0" falsecount="1"/>
        <line num="205" count="0" type="stmt"/>
        <line num="206" count="0" type="stmt"/>
        <line num="209" count="0" type="stmt"/>
        <line num="210" count="0" type="cond" truecount="0" falsecount="2"/>
        <line num="212" count="0" type="stmt"/>
        <line num="219" count="0" type="stmt"/>
        <line num="226" count="1" type="stmt"/>
        <line num="235" count="0" type="stmt"/>
        <line num="237" count="0" type="stmt"/>
        <line num="242" count="0" type="cond" truecount="0" falsecount="1"/>
        <line num="243" count="0" type="stmt"/>
        <line num="247" count="0" type="stmt"/>
        <line num="252" count="0" type="cond" truecount="0" falsecount="6"/>
        <line num="253" count="0" type="cond" truecount="0" falsecount="2"/>
        <line num="254" count="0" type="cond" truecount="0" falsecount="2"/>
        <line num="258" count="0" type="stmt"/>
        <line num="267" count="0" type="stmt"/>
        <line num="268" count="0" type="stmt"/>
        <line num="271" count="0" type="stmt"/>
        <line num="276" count="0" type="stmt"/>
        <line num="283" count="1" type="stmt"/>
        <line num="291" count="0" type="stmt"/>
        <line num="303" count="1" type="stmt"/>
        <line num="307" count="0" type="stmt"/>
        <line num="312" count="0" type="cond" truecount="0" falsecount="6"/>
        <line num="314" count="0" type="stmt"/>
      </file>
      <file name="prisma.ts" path="C:\Users\dscanales\Documents\DegenScore-Card\DegenScore-Card-1\lib\prisma.ts">
        <metrics statements="21" coveredstatements="18" conditionals="21" coveredconditionals="11" methods="1" coveredmethods="1"/>
        <line num="1" count="7" type="stmt"/>
        <line num="4" count="7" type="stmt"/>
        <line num="7" count="7" type="stmt"/>
        <line num="8" count="5" type="stmt"/>
        <line num="10" count="5" type="cond" truecount="0" falsecount="1"/>
        <line num="15" count="5" type="cond" truecount="1" falsecount="3"/>
        <line num="16" count="0" type="stmt"/>
        <line num="17" count="0" type="stmt"/>
        <line num="21" count="5" type="stmt"/>
        <line num="22" count="5" type="cond" truecount="1" falsecount="1"/>
        <line num="25" count="5" type="cond" truecount="1" falsecount="2"/>
        <line num="26" count="0" type="stmt"/>
        <line num="30" count="5" type="cond" truecount="1" falsecount="0"/>
        <line num="31" count="5" type="cond" truecount="1" falsecount="1"/>
        <line num="32" count="5" type="stmt"/>
        <line num="36" count="5" type="cond" truecount="1" falsecount="0"/>
        <line num="37" count="5" type="cond" truecount="1" falsecount="1"/>
        <line num="38" count="5" type="stmt"/>
        <line num="41" count="5" type="stmt"/>
        <line num="44" count="7" type="cond" truecount="2" falsecount="0"/>
        <line num="53" count="7" type="cond" truecount="1" falsecount="0"/>
      </file>
      <file name="queryOptimization.ts" path="C:\Users\dscanales\Documents\DegenScore-Card\DegenScore-Card-1\lib\queryOptimization.ts">
        <metrics statements="58" coveredstatements="13" conditionals="20" coveredconditionals="0" methods="14" coveredmethods="0"/>
        <line num="8" count="1" type="stmt"/>
        <line num="33" count="1" type="stmt"/>
        <line num="37" count="0" type="cond" truecount="0" falsecount="2"/>
        <line num="38" count="0" type="stmt"/>
        <line num="41" count="0" type="stmt"/>
        <line num="61" count="0" type="stmt"/>
        <line num="63" count="0" type="stmt"/>
        <line num="79" count="1" type="stmt"/>
        <line num="80" count="0" type="cond" truecount="0" falsecount="1"/>
        <line num="82" count="0" type="stmt"/>
        <line num="100" count="1" type="stmt"/>
        <line num="105" count="0" type="stmt"/>
        <line num="125" count="0" type="stmt"/>
        <line num="131" count="1" type="cond" truecount="0" falsecount="1"/>
        <line num="132" count="0" type="stmt"/>
        <line num="134" count="0" type="stmt"/>
        <line num="155" count="0" type="stmt"/>
        <line num="161" count="1" type="stmt"/>
        <line num="164" count="0" type="stmt"/>
        <line num="169" count="0" type="cond" truecount="0" falsecount="1"/>
        <line num="171" count="0" type="stmt"/>
        <line num="175" count="0" type="stmt"/>
        <line num="181" count="1" type="stmt"/>
        <line num="182" count="0" type="stmt"/>
        <line num="183" count="0" type="stmt"/>
        <line num="190" count="0" type="stmt"/>
        <line num="196" count="1" type="stmt"/>
        <line num="198" count="0" type="stmt"/>
        <line num="204" count="0" type="stmt"/>
        <line num="211" count="0" type="stmt"/>
        <line num="221" count="1" type="stmt"/>
        <line num="224" count="0" type="cond" truecount="0" falsecount="2"/>
        <line num="225" count="0" type="stmt"/>
        <line num="227" count="0" type="stmt"/>
        <line num="243" count="0" type="stmt"/>
        <line num="259" count="1" type="stmt"/>
        <line num="263" count="0" type="stmt"/>
        <line num="265" count="0" type="stmt"/>
        <line num="281" count="0" type="cond" truecount="0" falsecount="1"/>
        <line num="282" count="0" type="stmt"/>
        <line num="283" count="0" type="stmt"/>
        <line num="286" count="0" type="stmt"/>
        <line num="292" count="1" type="stmt"/>
        <line num="297" count="0" type="stmt"/>
        <line num="299" count="0" type="stmt"/>
        <line num="300" count="0" type="stmt"/>
        <line num="301" count="0" type="stmt"/>
        <line num="303" count="0" type="stmt"/>
        <line num="308" count="0" type="stmt"/>
        <line num="319" count="1" type="cond" truecount="0" falsecount="1"/>
        <line num="320" count="0" type="stmt"/>
        <line num="322" count="0" type="stmt"/>
        <line num="328" count="0" type="stmt"/>
        <line num="335" count="1" type="stmt"/>
        <line num="336" count="0" type="stmt"/>
        <line num="337" count="0" type="stmt"/>
        <line num="338" count="0" type="stmt"/>
        <line num="340" count="0" type="stmt"/>
      </file>
      <file name="rateLimit.ts" path="C:\Users\dscanales\Documents\DegenScore-Card\DegenScore-Card-1\lib\rateLimit.ts">
        <metrics statements="43" coveredstatements="7" conditionals="26" coveredconditionals="0" methods="6" coveredmethods="0"/>
        <line num="2" count="1" type="stmt"/>
        <line num="3" count="1" type="stmt"/>
        <line num="12" count="1" type="stmt"/>
        <line num="15" count="1" type="stmt"/>
        <line num="16" count="0" type="stmt"/>
        <line num="17" count="0" type="stmt"/>
        <line num="20" count="0" type="cond" truecount="0" falsecount="1"/>
        <line num="21" count="0" type="stmt"/>
        <line num="22" count="0" type="stmt"/>
        <line num="23" count="0" type="cond" truecount="0" falsecount="3"/>
        <line num="24" count="0" type="stmt"/>
        <line num="25" count="0" type="stmt"/>
        <line num="28" count="0" type="cond" truecount="0" falsecount="1"/>
        <line num="29" count="0" type="stmt"/>
        <line num="36" count="0" type="stmt"/>
        <line num="37" count="0" type="stmt"/>
        <line num="39" count="0" type="cond" truecount="0" falsecount="1"/>
        <line num="40" count="0" type="cond" truecount="0" falsecount="2"/>
        <line num="41" count="0" type="cond" truecount="0" falsecount="2"/>
        <line num="44" count="0" type="cond" truecount="0" falsecount="1"/>
        <line num="45" count="0" type="cond" truecount="0" falsecount="2"/>
        <line num="46" count="0" type="cond" truecount="0" falsecount="2"/>
        <line num="50" count="0" type="cond" truecount="0" falsecount="2"/>
        <line num="62" count="1" type="stmt"/>
        <line num="67" count="0" type="cond" truecount="0" falsecount="2"/>
        <line num="68" count="0" type="cond" truecount="0" falsecount="2"/>
        <line num="70" count="0" type="stmt"/>
        <line num="71" count="0" type="stmt"/>
        <line num="72" count="0" type="stmt"/>
        <line num="74" count="0" type="cond" truecount="0" falsecount="3"/>
        <line num="75" count="0" type="stmt"/>
        <line num="79" count="0" type="stmt"/>
        <line num="82" count="0" type="cond" truecount="0" falsecount="1"/>
        <line num="83" count="0" type="stmt"/>
        <line num="84" count="0" type="stmt"/>
        <line num="88" count="0" type="stmt"/>
        <line num="89" count="0" type="stmt"/>
        <line num="93" count="0" type="stmt"/>
        <line num="95" count="0" type="stmt"/>
        <line num="101" count="1" type="stmt"/>
        <line num="102" count="0" type="stmt"/>
        <line num="111" count="1" type="stmt"/>
        <line num="112" count="0" type="stmt"/>
      </file>
      <file name="referralEngine.ts" path="C:\Users\dscanales\Documents\DegenScore-Card\DegenScore-Card-1\lib\referralEngine.ts">
        <metrics statements="83" coveredstatements="16" conditionals="39" coveredconditionals="2" methods="13" coveredmethods="1"/>
        <line num="19" count="1" type="stmt"/>
        <line num="20" count="1" type="stmt"/>
        <line num="38" count="1" type="cond" truecount="2" falsecount="0"/>
        <line num="39" count="1" type="stmt"/>
        <line num="40" count="1" type="stmt"/>
        <line num="41" count="1" type="stmt"/>
        <line num="42" count="1" type="stmt"/>
        <line num="43" count="1" type="stmt"/>
        <line num="60" count="1" type="stmt"/>
        <line num="100" count="1" type="stmt"/>
        <line num="113" count="1" type="stmt"/>
        <line num="115" count="0" type="stmt"/>
        <line num="116" count="0" type="stmt"/>
        <line num="117" count="0" type="stmt"/>
        <line num="123" count="1" type="stmt"/>
        <line num="127" count="0" type="stmt"/>
        <line num="129" count="0" type="stmt"/>
        <line num="136" count="0" type="cond" truecount="0" falsecount="1"/>
        <line num="137" count="0" type="stmt"/>
        <line num="141" count="0" type="cond" truecount="0" falsecount="1"/>
        <line num="142" count="0" type="stmt"/>
        <line num="146" count="0" type="stmt"/>
        <line num="150" count="0" type="cond" truecount="0" falsecount="1"/>
        <line num="151" count="0" type="stmt"/>
        <line num="155" count="0" type="stmt"/>
        <line num="163" count="0" type="stmt"/>
        <line num="166" count="0" type="stmt"/>
        <line num="168" count="0" type="stmt"/>
        <line num="170" count="0" type="cond" truecount="0" falsecount="2"/>
        <line num="173" count="0" type="stmt"/>
        <line num="185" count="0" type="stmt"/>
        <line num="189" count="0" type="cond" truecount="0" falsecount="1"/>
        <line num="191" count="0" type="stmt"/>
        <line num="199" count="0" type="stmt"/>
        <line num="203" count="0" type="cond" truecount="0" falsecount="1"/>
        <line num="205" count="0" type="stmt"/>
        <line num="218" count="1" type="stmt"/>
        <line num="222" count="0" type="stmt"/>
        <line num="224" count="0" type="stmt"/>
        <line num="230" count="0" type="stmt"/>
        <line num="232" count="0" type="stmt"/>
        <line num="233" count="0" type="stmt"/>
        <line num="236" count="0" type="stmt"/>
        <line num="247" count="0" type="stmt"/>
        <line num="252" count="0" type="cond" truecount="0" falsecount="2"/>
        <line num="262" count="0" type="stmt"/>
        <line num="264" count="0" type="stmt"/>
        <line num="265" count="0" type="cond" truecount="0" falsecount="1"/>
        <line num="267" count="0" type="stmt"/>
        <line num="280" count="0" type="stmt"/>
        <line num="290" count="0" type="stmt"/>
        <line num="298" count="1" type="stmt"/>
        <line num="299" count="0" type="stmt"/>
        <line num="306" count="0" type="stmt"/>
        <line num="307" count="0" type="stmt"/>
        <line num="308" count="0" type="stmt"/>
        <line num="309" count="0" type="stmt"/>
        <line num="312" count="0" type="cond" truecount="0" falsecount="2"/>
        <line num="313" count="0" type="stmt"/>
        <line num="314" count="0" type="stmt"/>
        <line num="317" count="0" type="stmt"/>
        <line num="318" count="0" type="stmt"/>
        <line num="319" count="0" type="cond" truecount="0" falsecount="1"/>
        <line num="320" count="0" type="stmt"/>
        <line num="321" count="0" type="stmt"/>
        <line num="326" count="0" type="cond" truecount="0" falsecount="2"/>
        <line num="327" count="0" type="stmt"/>
        <line num="330" count="0" type="stmt"/>
        <line num="346" count="1" type="stmt"/>
        <line num="349" count="0" type="stmt"/>
        <line num="350" count="0" type="stmt"/>
        <line num="352" count="0" type="cond" truecount="0" falsecount="1"/>
        <line num="353" count="0" type="stmt"/>
        <line num="357" count="0" type="stmt"/>
        <line num="359" count="0" type="cond" truecount="0" falsecount="2"/>
        <line num="362" count="0" type="stmt"/>
        <line num="369" count="1" type="cond" truecount="0" falsecount="1"/>
        <line num="370" count="0" type="stmt"/>
        <line num="387" count="0" type="stmt"/>
        <line num="389" count="0" type="stmt"/>
        <line num="398" count="0" type="stmt"/>
        <line num="400" count="0" type="stmt"/>
        <line num="413" count="0" type="stmt"/>
[...]
        <line num="10" count="0" type="stmt"/>
        <line num="16" count="1" type="cond" truecount="0" falsecount="1"/>
        <line num="17" count="0" type="stmt"/>
        <line num="20" count="1" type="stmt"/>
        <line num="21" count="0" type="cond" truecount="0" falsecount="1"/>
        <line num="22" count="0" type="stmt"/>
        <line num="24" count="0" type="cond" truecount="0" falsecount="1"/>
        <line num="25" count="0" type="stmt"/>
        <line num="27" count="0" type="cond" truecount="0" falsecount="1"/>
        <line num="28" count="0" type="stmt"/>
        <line num="30" count="0" type="stmt"/>
        <line num="33" count="1" type="stmt"/>
        <line num="34" count="2" type="stmt"/>
      </file>
    </package>
    <package name="pages.api">
      <metrics statements="173" coveredstatements="101" conditionals="117" coveredconditionals="33" methods="26" coveredmethods="6"/>
      <file name="analyze.ts" path="C:\Users\dscanales\Documents\DegenScore-Card\DegenScore-Card-1\pages\api\analyze.ts">
        <metrics statements="36" coveredstatements="35" conditionals="26" coveredconditionals="14" methods="3" coveredmethods="2"/>
        <line num="2" count="1" type="stmt"/>
        <line num="3" count="1" type="stmt"/>
        <line num="4" count="1" type="stmt"/>
        <line num="5" count="1" type="stmt"/>
        <line num="6" count="1" type="stmt"/>
        <line num="8" count="1" type="stmt"/>
        <line num="12" count="7" type="cond" truecount="1" falsecount="0"/>
        <line num="13" count="1" type="stmt"/>
        <line num="17" count="6" type="cond" truecount="1" falsecount="0"/>
        <line num="18" count="1" type="stmt"/>
        <line num="21" count="5" type="stmt"/>
        <line num="22" count="5" type="stmt"/>
        <line num="25" count="5" type="cond" truecount="3" falsecount="0"/>
        <line num="26" count="1" type="stmt"/>
        <line num="29" count="4" type="cond" truecount="1" falsecount="0"/>
        <line num="30" count="1" type="stmt"/>
        <line num="33" count="3" type="stmt"/>
        <line num="36" count="3" type="stmt"/>
        <line num="37" count="3" type="stmt"/>
        <line num="38" count="3" type="stmt"/>
        <line num="42" count="3" type="stmt"/>
        <line num="43" count="3" type="stmt"/>
        <line num="45" count="2" type="cond" truecount="3" falsecount="0"/>
        <line num="46" count="1" type="stmt"/>
        <line num="47" count="1" type="stmt"/>
        <line num="52" count="1" type="stmt"/>
        <line num="55" count="1" type="stmt"/>
        <line num="58" count="1" type="cond" truecount="3" falsecount="2"/>
        <line num="59" count="0" type="stmt"/>
        <line num="65" count="1" type="stmt"/>
        <line num="74" count="1" type="stmt"/>
        <line num="77" count="1" type="stmt"/>
        <line num="108" count="1" type="stmt"/>
        <line num="111" count="1" type="cond" truecount="1" falsecount="1"/>
        <line num="116" count="1" type="cond" truecount="1" falsecount="1"/>
        <line num="120" count="1" type="stmt"/>
      </file>
      <file name="health.ts" path="C:\Users\dscanales\Documents\DegenScore-Card\DegenScore-Card-1\pages\api\health.ts">
        <metrics statements="11" coveredstatements="9" conditionals="9" coveredconditionals="4" methods="1" coveredmethods="1"/>
        <line num="7" count="2" type="stmt"/>
        <line num="9" count="102" type="cond" truecount="1" falsecount="2"/>
        <line num="10" count="0" type="stmt"/>
        <line num="14" count="102" type="cond" truecount="0" falsecount="1"/>
        <line num="15" count="0" type="stmt"/>
        <line num="19" count="102" type="stmt"/>
        <line num="26" count="102" type="stmt"/>
        <line num="29" count="102" type="cond" truecount="1" falsecount="0"/>
        <line num="30" count="102" type="stmt"/>
        <line num="37" count="102" type="stmt"/>
        <line num="46" count="102" type="stmt"/>
      </file>
      <file name="leaderboard.ts" path="C:\Users\dscanales\Documents\DegenScore-Card\DegenScore-Card-1\pages\api\leaderboard.ts">
        <metrics statements="59" coveredstatements="3" conditionals="57" coveredconditionals="0" methods="8" coveredmethods="0"/>
        <line num="2" count="2" type="stmt"/>
        <line num="3" count="2" type="stmt"/>
        <line num="4" count="0" type="stmt"/>
        <line num="5" count="0" type="stmt"/>
        <line num="6" count="0" type="stmt"/>
        <line num="7" count="0" type="stmt"/>
        <line num="9" count="2" type="stmt"/>
        <line num="13" count="0" type="cond" truecount="0" falsecount="1"/>
        <line num="14" count="0" type="stmt"/>
        <line num="18" count="0" type="cond" truecount="0" falsecount="1"/>
        <line num="19" count="0" type="stmt"/>
        <line num="22" count="0" type="stmt"/>
        <line num="23" count="0" type="cond" truecount="0" falsecount="1"/>
        <line num="26" count="0" type="stmt"/>
        <line num="27" count="0" type="cond" truecount="0" falsecount="2"/>
        <line num="30" count="0" type="stmt"/>
        <line num="31" count="0" type="stmt"/>
        <line num="33" count="0" type="stmt"/>
        <line num="36" count="0" type="stmt"/>
        <line num="38" count="0" type="stmt"/>
        <line num="49" count="0" type="stmt"/>
        <line num="52" count="0" type="stmt"/>
        <line num="68" count="0" type="stmt"/>
        <line num="76" count="0" type="stmt"/>
        <line num="85" count="0" type="stmt"/>
        <line num="112" count="0" type="stmt"/>
        <line num="114" count="0" type="cond" truecount="0" falsecount="2"/>
        <line num="116" count="0" type="stmt"/>
        <line num="117" count="0" type="stmt"/>
        <line num="119" count="0" type="cond" truecount="0" falsecount="2"/>
        <line num="121" count="0" type="stmt"/>
        <line num="122" count="0" type="stmt"/>
        <line num="124" count="0" type="cond" truecount="0" falsecount="4"/>
        <line num="125" count="0" type="stmt"/>
        <line num="126" count="0" type="cond" truecount="0" falsecount="6"/>
        <line num="127" count="0" type="cond" truecount="0" falsecount="6"/>
        <line num="128" count="0" type="stmt"/>
        <line num="133" count="0" type="stmt"/>
        <line num="134" count="0" type="cond" truecount="0" falsecount="2"/>
        <line num="135" count="0" type="cond" truecount="0" falsecount="2"/>
        <line num="136" count="0" type="stmt"/>
        <line num="141" count="0" type="stmt"/>
        <line num="144" count="0" type="stmt"/>
        <line num="146" count="0" type="stmt"/>
        <line num="150" count="0" type="stmt"/>
        <line num="155" count="0" type="stmt"/>
        <line num="160" count="0" type="stmt"/>
        <line num="165" count="0" type="stmt"/>
        <line num="179" count="0" type="cond" truecount="0" falsecount="2"/>
        <line num="180" count="0" type="stmt"/>
        <line num="181" count="0" type="stmt"/>
        <line num="182" count="0" type="stmt"/>
        <line num="184" count="0" type="stmt"/>
        <line num="185" count="0" type="stmt"/>
        <line num="186" count="0" type="stmt"/>
        <line num="189" count="0" type="stmt"/>
        <line num="191" count="0" type="cond" truecount="0" falsecount="2"/>
        <line num="195" count="0" type="cond" truecount="0" falsecount="2"/>
        <line num="199" count="0" type="stmt"/>
      </file>
      <file name="super-token-score.ts" path="C:\Users\dscanales\Documents\DegenScore-Card\DegenScore-Card-1\pages\api\super-token-score.ts">
        <metrics statements="67" coveredstatements="54" conditionals="25" coveredconditionals="15" methods="14" coveredmethods="3"/>
        <line num="2" count="1" type="stmt"/>
        <line num="3" count="1" type="stmt"/>
        <line num="4" count="1" type="stmt"/>
        <line num="5" count="1" type="stmt"/>
        <line num="6" count="1" type="stmt"/>
        <line num="7" count="1" type="stmt"/>
        <line num="31" count="1" type="stmt"/>
        <line num="32" count="1" type="stmt"/>
        <line num="34" count="1" type="stmt"/>
        <line num="38" count="7" type="cond" truecount="1" falsecount="0"/>
        <line num="39" count="1" type="stmt"/>
        <line num="43" count="6" type="cond" truecount="0" falsecount="1"/>
        <line num="44" count="0" type="stmt"/>
        <line num="47" count="6" type="stmt"/>
        <line num="48" count="6" type="stmt"/>
        <line num="51" count="6" type="cond" truecount="3" falsecount="0"/>
        <line num="52" count="1" type="stmt"/>
        <line num="55" count="5" type="cond" truecount="0" falsecount="1"/>
        <line num="56" count="0" type="stmt"/>
        <line num="59" count="5" type="stmt"/>
        <line num="62" count="5" type="cond" truecount="3" falsecount="0"/>
        <line num="63" count="4" type="stmt"/>
        <line num="64" count="4" type="stmt"/>
        <line num="65" count="4" type="stmt"/>
        <line num="67" count="4" type="cond" truecount="1" falsecount="0"/>
        <line num="68" count="1" type="stmt"/>
        <line num="71" count="1" type="stmt"/>
        <line num="72" count="0" type="cond" truecount="0" falsecount="2"/>
        <line num="75" count="1" type="stmt"/>
        <line num="83" count="0" type="stmt"/>
        <line num="88" count="4" type="cond" truecount="1" falsecount="0"/>
        <line num="89" count="3" type="stmt"/>
        <line num="91" count="0" type="stmt"/>
        <line num="93" count="3" type="cond" truecount="1" falsecount="0"/>
        <line num="94" count="2" type="stmt"/>
        <line num="97" count="2" type="cond" truecount="1" falsecount="0"/>
        <line num="98" count="1" type="stmt"/>
        <line num="104" count="1" type="stmt"/>
        <line num="106" count="1" type="stmt"/>
        <line num="109" count="1" type="cond" truecount="1" falsecount="0"/>
        <line num="110" count="1" type="stmt"/>
        <line num="111" count="1" type="stmt"/>
        <line num="116" count="1" type="stmt"/>
        <line num="126" count="3" type="stmt"/>
        <line num="128" count="3" type="stmt"/>
        <line num="129" count="0" type="stmt"/>
        <line num="133" count="2" type="stmt"/>
        <line num="136" count="2" type="cond" truecount="1" falsecount="0"/>
        <line num="137" count="2" type="stmt"/>
        <line num="138" count="2" type="stmt"/>
        <line num="139" count="0" type="cond" truecount="0" falsecount="2"/>
        <line num="143" count="2" type="stmt"/>
        <line num="150" count="2" type="stmt"/>
        <line num="157" count="1" type="cond" truecount="1" falsecount="1"/>
        <line num="163" count="1" type="cond" truecount="1" falsecount="1"/>
        <line num="167" count="1" type="stmt"/>
        <line num="178" count="2" type="stmt"/>
        <line num="179" count="2" type="stmt"/>
        <line num="197" count="2" type="stmt"/>
        <line num="198" count="2" type="stmt"/>
        <line num="247" count="0" type="stmt"/>
        <line num="248" count="0" type="stmt"/>
        <line num="301" count="0" type="stmt"/>
        <line num="302" count="0" type="stmt"/>
        <line num="312" count="0" type="stmt"/>
        <line num="315" count="2" type="stmt"/>
        <line num="317" count="0" type="cond" truecount="0" falsecount="2"/>
      </file>
    </package>
    <package name="pages.api.admin">
      <metrics statements="34" coveredstatements="9" conditionals="14" coveredconditionals="2" methods="1" coveredmethods="1"/>
      <file name="system-health.ts" path="C:\Users\dscanales\Documents\DegenScore-Card\DegenScore-Card-1\pages\api\admin\system-health.ts">
        <metrics statements="34" coveredstatements="9" conditionals="14" coveredconditionals="2" methods="1" coveredmethods="1"/>
        <line num="2" count="1" type="stmt"/>
        <line num="3" count="1" type="stmt"/>
        <line num="5" count="1" type="stmt"/>
        <line num="28" count="1" type="stmt"/>
        <line num="32" count="1" type="cond" truecount="0" falsecount="1"/>
        <line num="33" count="0" type="stmt"/>
        <line num="37" count="1" type="stmt"/>
        <line num="38" count="1" type="stmt"/>
        <line num="40" count="1" type="cond" truecount="2" falsecount="2"/>
        <line num="41" count="1" type="stmt"/>
        <line num="44" count="0" type="stmt"/>
        <line num="46" count="0" type="stmt"/>
        <line num="47" count="0" type="stmt"/>
        <line num="48" count="0" type="stmt"/>
        <line num="50" count="0" type="stmt"/>
        <line num="51" count="0" type="stmt"/>
        <line num="52" count="0" type="stmt"/>
        <line num="54" count="0" type="stmt"/>
        <line num="55" count="0" type="stmt"/>
        <line num="59" count="0" type="stmt"/>
        <line num="60" count="0" type="stmt"/>
        <line num="61" count="0" type="stmt"/>
        <line num="62" count="0" type="stmt"/>
        <line num="65" count="0" type="stmt"/>
        <line num="68" count="0" type="stmt"/>
        <line num="82" count="0" type="stmt"/>
        <line num="83" count="0" type="cond" truecount="0" falsecount="2"/>
        <line num="84" count="0" type="stmt"/>
        <line num="85" count="0" type="cond" truecount="0" falsecount="1"/>
        <line num="86" count="0" type="stmt"/>
        <line num="89" count="0" type="stmt"/>
        <line num="106" count="0" type="stmt"/>
        <line num="108" count="0" type="stmt"/>
        <line num="109" count="0" type="stmt"/>
      </file>
    </package>
    <package name="pages.api.cron">
      <metrics statements="32" coveredstatements="15" conditionals="5" coveredconditionals="1" methods="1" coveredmethods="1"/>
      <file name="detect-whales.ts" path="C:\Users\dscanales\Documents\DegenScore-Card\DegenScore-Card-1\pages\api\cron\detect-whales.ts">
        <metrics statements="32" coveredstatements="15" conditionals="5" coveredconditionals="1" methods="1" coveredmethods="1"/>
        <line num="2" count="1" type="stmt"/>
        <line num="3" count="1" type="stmt"/>
        <line num="4" count="1" type="stmt"/>
        <line num="6" count="1" type="stmt"/>
        <line num="7" count="3" type="cond" truecount="1" falsecount="0"/>
        <line num="8" count="1" type="stmt"/>
        <line num="11" count="2" type="stmt"/>
        <line num="13" count="2" type="stmt"/>
        <line num="14" count="2" type="cond" truecount="0" falsecount="1"/>
        <line num="15" count="0" type="stmt"/>
        <line num="16" count="0" type="stmt"/>
        <line num="19" count="2" type="stmt"/>
        <line num="22" count="2" type="stmt"/>
        <line num="24" count="2" type="stmt"/>
        <line num="35" count="2" type="stmt"/>
        <line num="37" count="0" type="stmt"/>
        <line num="38" count="0" type="stmt"/>
        <line num="40" count="0" type="stmt"/>
        <line num="41" count="0" type="stmt"/>
        <line num="43" count="0" type="stmt"/>
        <line num="44" count="0" type="cond" truecount="0" falsecount="2"/>
        <line num="45" count="0" type="stmt"/>
        <line num="46" count="0" type="stmt"/>
        <line num="49" count="0" type="stmt"/>
        <line num="53" count="0" type="cond" truecount="0" falsecount="1"/>
        <line num="54" count="0" type="stmt"/>
        <line num="55" count="0" type="stmt"/>
        <line num="59" count="0" type="stmt"/>
        <line num="64" count="0" type="stmt"/>
        <line num="66" count="0" type="stmt"/>
        <line num="73" count="2" type="stmt"/>
        <line num="74" count="2" type="stmt"/>
      </file>
    </package>
    <package name="pages.api.flash-sales">
      <metrics statements="9" coveredstatements="9" conditionals="3" coveredconditionals="2" methods="1" coveredmethods="1"/>
      <file name="active.ts" path="C:\Users\dscanales\Documents\DegenScore-Card\DegenScore-Card-1\pages\api\flash-sales\active.ts">
        <metrics statements="9" coveredstatements="9" conditionals="3" coveredconditionals="2" methods="1" coveredmethods="1"/>
        <line num="2" count="1" type="stmt"/>
        <line num="4" count="1" type="stmt"/>
        <line num="8" count="5" type="cond" truecount="1" falsecount="0"/>
        <line num="9" count="1" type="stmt"/>
        <line num="12" count="4" type="stmt"/>
        <line num="13" count="4" type="stmt"/>
        <line num="15" count="2" type="stmt"/>
        <line num="21" count="2" type="stmt"/>
        <line num="22" count="2" type="stmt"/>
      </file>
    </package>
    <package name="pages.api.referrals">
      <metrics statements="20" coveredstatements="20" conditionals="12" coveredconditionals="10" methods="1" coveredmethods="1"/>
      <file name="claim-rewards.ts" path="C:\Users\dscanales\Documents\DegenScore-Card\DegenScore-Card-1\pages\api\referrals\claim-rewards.ts">
        <metrics statements="20" coveredstatements="20" conditionals="12" coveredconditionals="10" methods="1" coveredmethods="1"/>
        <line num="2" count="1" type="stmt"/>
        <line num="3" count="1" type="stmt"/>
        <line num="4" count="1" type="stmt"/>
        <line num="6" count="1" type="stmt"/>
        <line num="10" count="6" type="cond" truecount="1" falsecount="0"/>
        <line num="11" count="1" type="stmt"/>
        <line num="14" count="5" type="stmt"/>
        <line num="16" count="5" type="stmt"/>
        <line num="17" count="5" type="cond" truecount="3" falsecount="0"/>
        <line num="18" count="1" type="stmt"/>
        <line num="21" count="4" type="stmt"/>
        <line num="22" count="4" type="stmt"/>
        <line num="24" count="4" type="cond" truecount="3" falsecount="0"/>
        <line num="25" count="1" type="stmt"/>
        <line num="28" count="3" type="stmt"/>
        <line num="30" count="2" type="cond" truecount="1" falsecount="0"/>
        <line num="31" count="1" type="stmt"/>
        <line num="34" count="1" type="stmt"/>
        <line num="40" count="1" type="cond" truecount="1" falsecount="1"/>
        <line num="43" count="1" type="stmt"/>
      </file>
    </package>
    <package name="pages.api.streaks">
      <metrics statements="25" coveredstatements="7" conditionals="14" coveredconditionals="2" methods="1" coveredmethods="1"/>
      <file name="status.ts" path="C:\Users\dscanales\Documents\DegenScore-Card\DegenScore-Card-1\pages\api\streaks\status.ts">
        <metrics statements="25" coveredstatements="7" conditionals="14" coveredconditionals="2" methods="1" coveredmethods="1"/>
        <line num="2" count="1" type="stmt"/>
        <line num="4" count="1" type="stmt"/>
        <line num="8" count="1" type="cond" truecount="0" falsecount="1"/>
        <line num="9" count="0" type="stmt"/>
        <line num="12" count="1" type="stmt"/>
        <line num="13" count="1" type="stmt"/>
        <line num="15" count="1" type="cond" truecount="2" falsecount="1"/>
        <line num="16" count="1" type="stmt"/>
        <line num="20" count="0" type="stmt"/>
        <line num="30" count="0" type="cond" truecount="0" falsecount="1"/>
        <line num="32" count="0" type="stmt"/>
        <line num="41" count="0" type="cond" truecount="0" falsecount="2"/>
        <line num="42" count="0" type="stmt"/>
        <line num="43" count="0" type="stmt"/>
        <line num="45" count="0" type="stmt"/>
        <line num="46" count="0" type="cond" truecount="0" falsecount="1"/>
        <line num="47" count="0" type="stmt"/>
        <line num="48" count="0" type="stmt"/>
        <line num="51" count="0" type="cond" truecount="0" falsecount="1"/>
        <line num="52" count="0" type="stmt"/>
        <line num="55" count="0" type="cond" truecount="0" falsecount="1"/>
        <line num="56" count="0" type="stmt"/>
        <line num="60" count="0" type="stmt"/>
        <line num="67" count="0" type="stmt"/>
        <line num="68" count="0" type="stmt"/>
      </file>
    </package>
  </project>
</coverage>
