{"C:\\Users\\dscanales\\Documents\\DegenScore-Card\\DegenScore-Card-1\\components\\leaderboard\\utils.ts": {"path":"C:\\Users\\dscanales\\Documents\\DegenScore-Card\\DegenScore-Card-1\\components\\leaderboard\\utils.ts","statementMap":{"0":{"start":{"line":1,"column":29},"end":{"line":78,"column":1}},"1":{"start":{"line":2,"column":4},"end":{"line":14,"column":5}},"2":{"start":{"line":3,"column":8},"end":{"line":13,"column":10}},"3":{"start":{"line":15,"column":4},"end":{"line":27,"column":5}},"4":{"start":{"line":16,"column":8},"end":{"line":26,"column":10}},"5":{"start":{"line":28,"column":4},"end":{"line":40,"column":5}},"6":{"start":{"line":29,"column":8},"end":{"line":39,"column":10}},"7":{"start":{"line":41,"column":4},"end":{"line":53,"column":5}},"8":{"start":{"line":42,"column":8},"end":{"line":52,"column":10}},"9":{"start":{"line":54,"column":4},"end":{"line":66,"column":5}},"10":{"start":{"line":55,"column":8},"end":{"line":65,"column":10}},"11":{"start":{"line":67,"column":4},"end":{"line":77,"column":6}},"12":{"start":{"line":1,"column":13},"end":{"line":1,"column":29}},"13":{"start":{"line":80,"column":30},"end":{"line":89,"column":1}},"14":{"start":{"line":81,"column":4},"end":{"line":81,"column":51}},"15":{"start":{"line":81,"column":21},"end":{"line":81,"column":51}},"16":{"start":{"line":82,"column":4},"end":{"line":82,"column":48}},"17":{"start":{"line":82,"column":21},"end":{"line":82,"column":48}},"18":{"start":{"line":83,"column":4},"end":{"line":83,"column":56}},"19":{"start":{"line":83,"column":21},"end":{"line":83,"column":56}},"20":{"start":{"line":84,"column":4},"end":{"line":84,"column":55}},"21":{"start":{"line":84,"column":21},"end":{"line":84,"column":55}},"22":{"start":{"line":85,"column":4},"end":{"line":85,"column":48}},"23":{"start":{"line":85,"column":21},"end":{"line":85,"column":48}},"24":{"start":{"line":86,"column":4},"end":{"line":86,"column":47}},"25":{"start":{"line":86,"column":21},"end":{"line":86,"column":47}},"26":{"start":{"line":87,"column":4},"end":{"line":87,"column":43}},"27":{"start":{"line":87,"column":20},"end":{"line":87,"column":43}},"28":{"start":{"line":88,"column":4},"end":{"line":88,"column":29}},"29":{"start":{"line":80,"column":13},"end":{"line":80,"column":30}},"30":{"start":{"line":91,"column":28},"end":{"line":97,"column":1}},"31":{"start":{"line":92,"column":4},"end":{"line":92,"column":56}},"32":{"start":{"line":92,"column":43},"end":{"line":92,"column":56}},"33":{"start":{"line":93,"column":4},"end":{"line":93,"column":63}},"34":{"start":{"line":93,"column":20},"end":{"line":93,"column":63}},"35":{"start":{"line":94,"column":4},"end":{"line":94,"column":63}},"36":{"start":{"line":94,"column":20},"end":{"line":94,"column":63}},"37":{"start":{"line":95,"column":4},"end":{"line":95,"column":63}},"38":{"start":{"line":95,"column":20},"end":{"line":95,"column":63}},"39":{"start":{"line":96,"column":4},"end":{"line":96,"column":33}},"40":{"start":{"line":91,"column":13},"end":{"line":91,"column":28}},"41":{"start":{"line":99,"column":29},"end":{"line":115,"column":1}},"42":{"start":{"line":100,"column":4},"end":{"line":100,"column":60}},"43":{"start":{"line":100,"column":21},"end":{"line":100,"column":60}},"44":{"start":{"line":101,"column":4},"end":{"line":101,"column":65}},"45":{"start":{"line":101,"column":21},"end":{"line":101,"column":65}},"46":{"start":{"line":102,"column":4},"end":{"line":102,"column":61}},"47":{"start":{"line":102,"column":21},"end":{"line":102,"column":61}},"48":{"start":{"line":103,"column":4},"end":{"line":103,"column":61}},"49":{"start":{"line":103,"column":21},"end":{"line":103,"column":61}},"50":{"start":{"line":104,"column":4},"end":{"line":104,"column":62}},"51":{"start":{"line":104,"column":21},"end":{"line":104,"column":62}},"52":{"start":{"line":105,"column":4},"end":{"line":105,"column":65}},"53":{"start":{"line":105,"column":21},"end":{"line":105,"column":65}},"54":{"start":{"line":106,"column":4},"end":{"line":106,"column":61}},"55":{"start":{"line":106,"column":21},"end":{"line":106,"column":61}},"56":{"start":{"line":107,"column":4},"end":{"line":107,"column":62}},"57":{"start":{"line":107,"column":21},"end":{"line":107,"column":62}},"58":{"start":{"line":108,"column":4},"end":{"line":108,"column":58}},"59":{"start":{"line":108,"column":21},"end":{"line":108,"column":58}},"60":{"start":{"line":109,"column":4},"end":{"line":109,"column":52}},"61":{"start":{"line":109,"column":21},"end":{"line":109,"column":52}},"62":{"start":{"line":110,"column":4},"end":{"line":110,"column":61}},"63":{"start":{"line":110,"column":21},"end":{"line":110,"column":61}},"64":{"start":{"line":111,"column":4},"end":{"line":111,"column":57}},"65":{"start":{"line":111,"column":21},"end":{"line":111,"column":57}},"66":{"start":{"line":112,"column":4},"end":{"line":112,"column":68}},"67":{"start":{"line":112,"column":21},"end":{"line":112,"column":68}},"68":{"start":{"line":113,"column":4},"end":{"line":113,"column":60}},"69":{"start":{"line":113,"column":21},"end":{"line":113,"column":60}},"70":{"start":{"line":114,"column":4},"end":{"line":114,"column":45}},"71":{"start":{"line":99,"column":13},"end":{"line":99,"column":29}}},"fnMap":{"0":{"name":"(anonymous_0)","decl":{"start":{"line":1,"column":29},"end":{"line":1,"column":30}},"loc":{"start":{"line":1,"column":47},"end":{"line":78,"column":1}}},"1":{"name":"(anonymous_1)","decl":{"start":{"line":80,"column":30},"end":{"line":80,"column":31}},"loc":{"start":{"line":80,"column":56},"end":{"line":89,"column":1}}},"2":{"name":"(anonymous_2)","decl":{"start":{"line":91,"column":28},"end":{"line":91,"column":29}},"loc":{"start":{"line":91,"column":74},"end":{"line":97,"column":1}}},"3":{"name":"(anonymous_3)","decl":{"start":{"line":99,"column":29},"end":{"line":99,"column":30}},"loc":{"start":{"line":99,"column":55},"end":{"line":115,"column":1}}}},"branchMap":{"0":{"loc":{"start":{"line":2,"column":4},"end":{"line":14,"column":5}},"type":"if","locations":[{"start":{"line":2,"column":4},"end":{"line":14,"column":5}}]},"1":{"loc":{"start":{"line":15,"column":4},"end":{"line":27,"column":5}},"type":"if","locations":[{"start":{"line":15,"column":4},"end":{"line":27,"column":5}}]},"2":{"loc":{"start":{"line":28,"column":4},"end":{"line":40,"column":5}},"type":"if","locations":[{"start":{"line":28,"column":4},"end":{"line":40,"column":5}}]},"3":{"loc":{"start":{"line":41,"column":4},"end":{"line":53,"column":5}},"type":"if","locations":[{"start":{"line":41,"column":4},"end":{"line":53,"column":5}}]},"4":{"loc":{"start":{"line":54,"column":4},"end":{"line":66,"column":5}},"type":"if","locations":[{"start":{"line":54,"column":4},"end":{"line":66,"column":5}}]},"5":{"loc":{"start":{"line":81,"column":4},"end":{"line":81,"column":51}},"type":"if","locations":[{"start":{"line":81,"column":4},"end":{"line":81,"column":51}}]},"6":{"loc":{"start":{"line":82,"column":4},"end":{"line":82,"column":48}},"type":"if","locations":[{"start":{"line":82,"column":4},"end":{"line":82,"column":48}}]},"7":{"loc":{"start":{"line":83,"column":4},"end":{"line":83,"column":56}},"type":"if","locations":[{"start":{"line":83,"column":4},"end":{"line":83,"column":56}}]},"8":{"loc":{"start":{"line":84,"column":4},"end":{"line":84,"column":55}},"type":"if","locations":[{"start":{"line":84,"column":4},"end":{"line":84,"column":55}}]},"9":{"loc":{"start":{"line":85,"column":4},"end":{"line":85,"column":48}},"type":"if","locations":[{"start":{"line":85,"column":4},"end":{"line":85,"column":48}}]},"10":{"loc":{"start":{"line":86,"column":4},"end":{"line":86,"column":47}},"type":"if","locations":[{"start":{"line":86,"column":4},"end":{"line":86,"column":47}}]},"11":{"loc":{"start":{"line":87,"column":4},"end":{"line":87,"column":43}},"type":"if","locations":[{"start":{"line":87,"column":4},"end":{"line":87,"column":43}}]},"12":{"loc":{"start":{"line":91,"column":42},"end":{"line":91,"column":62}},"type":"default-arg","locations":[{"start":{"line":91,"column":61},"end":{"line":91,"column":62}}]},"13":{"loc":{"start":{"line":92,"column":4},"end":{"line":92,"column":56}},"type":"if","locations":[{"start":{"line":92,"column":4},"end":{"line":92,"column":56}}]},"14":{"loc":{"start":{"line":92,"column":8},"end":{"line":92,"column":41}},"type":"binary-expr","locations":[{"start":{"line":92,"column":8},"end":{"line":92,"column":25}},{"start":{"line":92,"column":29},"end":{"line":92,"column":41}}]},"15":{"loc":{"start":{"line":93,"column":4},"end":{"line":93,"column":63}},"type":"if","locations":[{"start":{"line":93,"column":4},"end":{"line":93,"column":63}}]},"16":{"loc":{"start":{"line":94,"column":4},"end":{"line":94,"column":63}},"type":"if","locations":[{"start":{"line":94,"column":4},"end":{"line":94,"column":63}}]},"17":{"loc":{"start":{"line":95,"column":4},"end":{"line":95,"column":63}},"type":"if","locations":[{"start":{"line":95,"column":4},"end":{"line":95,"column":63}}]},"18":{"loc":{"start":{"line":100,"column":4},"end":{"line":100,"column":60}},"type":"if","locations":[{"start":{"line":100,"column":4},"end":{"line":100,"column":60}}]},"19":{"loc":{"start":{"line":101,"column":4},"end":{"line":101,"column":65}},"type":"if","locations":[{"start":{"line":101,"column":4},"end":{"line":101,"column":65}}]},"20":{"loc":{"start":{"line":102,"column":4},"end":{"line":102,"column":61}},"type":"if","locations":[{"start":{"line":102,"column":4},"end":{"line":102,"column":61}}]},"21":{"loc":{"start":{"line":103,"column":4},"end":{"line":103,"column":61}},"type":"if","locations":[{"start":{"line":103,"column":4},"end":{"line":103,"column":61}}]},"22":{"loc":{"start":{"line":104,"column":4},"end":{"line":104,"column":62}},"type":"if","locations":[{"start":{"line":104,"column":4},"end":{"line":104,"column":62}}]},"23":{"loc":{"start":{"line":105,"column":4},"end":{"line":105,"column":65}},"type":"if","locations":[{"start":{"line":105,"column":4},"end":{"line":105,"column":65}}]},"24":{"loc":{"start":{"line":106,"column":4},"end":{"line":106,"column":61}},"type":"if","locations":[{"start":{"line":106,"column":4},"end":{"line":106,"column":61}}]},"25":{"loc":{"start":{"line":107,"column":4},"end":{"line":107,"column":62}},"type":"if","locations":[{"start":{"line":107,"column":4},"end":{"line":107,"column":62}}]},"26":{"loc":{"start":{"line":108,"column":4},"end":{"line":108,"column":58}},"type":"if","locations":[{"start":{"line":108,"column":4},"end":{"line":108,"column":58}}]},"27":{"loc":{"start":{"line":109,"column":4},"end":{"line":109,"column":52}},"type":"if","locations":[{"start":{"line":109,"column":4},"end":{"line":109,"column":52}}]},"28":{"loc":{"start":{"line":110,"column":4},"end":{"line":110,"column":61}},"type":"if","locations":[{"start":{"line":110,"column":4},"end":{"line":110,"column":61}}]},"29":{"loc":{"start":{"line":111,"column":4},"end":{"line":111,"column":57}},"type":"if","locations":[{"start":{"line":111,"column":4},"end":{"line":111,"column":57}}]},"30":{"loc":{"start":{"line":112,"column":4},"end":{"line":112,"column":68}},"type":"if","locations":[{"start":{"line":112,"column":4},"end":{"line":112,"column":68}}]},"31":{"loc":{"start":{"line":113,"column":4},"end":{"line":113,"column":60}},"type":"if","locations":[{"start":{"line":113,"column":4},"end":{"line":113,"column":60}}]}},"s":{"0":1,"1":6,"2":1,"3":5,"4":1,"5":4,"6":1,"7":3,"8":1,"9":2,"10":1,"11":1,"12":1,"13":1,"14":8,"15":1,"16":7,"17":1,"18":6,"19":1,"20":5,"21":1,"22":4,"23":1,"24":3,"25":1,"26":2,"27":1,"28":1,"29":1,"30":1,"31":6,"32":2,"33":4,"34":1,"35":3,"36":1,"37":2,"38":1,"39":1,"40":1,"41":1,"42":3,"43":1,"44":2,"45":1,"46":1,"47":0,"48":1,"49":0,"50":1,"51":0,"52":1,"53":0,"54":1,"55":0,"56":1,"57":0,"58":1,"59":0,"60":1,"61":0,"62":1,"63":0,"64":1,"65":0,"66":1,"67":0,"68":1,"69":0,"70":1,"71":1},"f":{"0":6,"1":8,"2":6,"3":3},"b":{"0":[1],"1":[1],"2":[1],"3":[1],"4":[1],"5":[1],"6":[1],"7":[1],"8":[1],"9":[1],"10":[1],"11":[1],"12":[6],"13":[2],"14":[6,5],"15":[1],"16":[1],"17":[1],"18":[1],"19":[1],"20":[0],"21":[0],"22":[0],"23":[0],"24":[0],"25":[0],"26":[0],"27":[0],"28":[0],"29":[0],"30":[0],"31":[0]}}
,"C:\\Users\\dscanales\\Documents\\DegenScore-Card\\DegenScore-Card-1\\hooks\\useDegenCard.ts": {"path":"C:\\Users\\dscanales\\Documents\\DegenScore-Card\\DegenScore-Card-1\\hooks\\useDegenCard.ts","statementMap":{"0":{"start":{"line":37,"column":0},"end":{"line":37,"column":16}},"1":{"start":{"line":1,"column":0},"end":{"line":1,"column":44}},"2":{"start":{"line":2,"column":0},"end":{"line":2,"column":57}},"3":{"start":{"line":3,"column":0},"end":{"line":3,"column":74}},"4":{"start":{"line":4,"column":0},"end":{"line":4,"column":38}},"5":{"start":{"line":38,"column":37},"end":{"line":38,"column":48}},"6":{"start":{"line":39,"column":46},"end":{"line":39,"column":58}},"7":{"start":{"line":40,"column":38},"end":{"line":40,"column":67}},"8":{"start":{"line":41,"column":34},"end":{"line":41,"column":49}},"9":{"start":{"line":42,"column":30},"end":{"line":42,"column":59}},"10":{"start":{"line":43,"column":34},"end":{"line":43,"column":49}},"11":{"start":{"line":45,"column":52},"end":{"line":45,"column":67}},"12":{"start":{"line":46,"column":48},"end":{"line":46,"column":63}},"13":{"start":{"line":47,"column":52},"end":{"line":47,"column":67}},"14":{"start":{"line":48,"column":34},"end":{"line":48,"column":49}},"15":{"start":{"line":49,"column":44},"end":{"line":49,"column":59}},"16":{"start":{"line":50,"column":52},"end":{"line":50,"column":81}},"17":{"start":{"line":51,"column":48},"end":{"line":51,"column":63}},"18":{"start":{"line":53,"column":38},"end":{"line":53,"column":53}},"19":{"start":{"line":54,"column":52},"end":{"line":54,"column":63}},"20":{"start":{"line":55,"column":50},"end":{"line":55,"column":62}},"21":{"start":{"line":56,"column":44},"end":{"line":56,"column":63}},"22":{"start":{"line":59,"column":50},"end":{"line":59,"column":65}},"23":{"start":{"line":60,"column":50},"end":{"line":60,"column":155}},"24":{"start":{"line":61,"column":52},"end":{"line":61,"column":91}},"25":{"start":{"line":62,"column":56},"end":{"line":62,"column":90}},"26":{"start":{"line":64,"column":4},"end":{"line":66,"column":11}},"27":{"start":{"line":65,"column":8},"end":{"line":65,"column":25}},"28":{"start":{"line":68,"column":25},"end":{"line":187,"column":5}},"29":{"start":{"line":69,"column":8},"end":{"line":72,"column":9}},"30":{"start":{"line":70,"column":12},"end":{"line":70,"column":57}},"31":{"start":{"line":71,"column":12},"end":{"line":71,"column":19}},"32":{"start":{"line":74,"column":29},"end":{"line":74,"column":49}},"33":{"start":{"line":75,"column":8},"end":{"line":75,"column":39}},"34":{"start":{"line":76,"column":8},"end":{"line":76,"column":25}},"35":{"start":{"line":77,"column":8},"end":{"line":77,"column":27}},"36":{"start":{"line":78,"column":8},"end":{"line":78,"column":23}},"37":{"start":{"line":79,"column":8},"end":{"line":79,"column":27}},"38":{"start":{"line":80,"column":8},"end":{"line":80,"column":31}},"39":{"start":{"line":82,"column":8},"end":{"line":186,"column":9}},"40":{"start":{"line":83,"column":12},"end":{"line":83,"column":57}},"41":{"start":{"line":84,"column":12},"end":{"line":84,"column":36}},"42":{"start":{"line":86,"column":36},"end":{"line":90,"column":14}},"43":{"start":{"line":92,"column":12},"end":{"line":95,"column":13}},"44":{"start":{"line":93,"column":34},"end":{"line":93,"column":62}},"45":{"start":{"line":94,"column":16},"end":{"line":94,"column":79}},"46":{"start":{"line":97,"column":25},"end":{"line":97,"column":53}},"47":{"start":{"line":98,"column":12},"end":{"line":98,"column":54}},"48":{"start":{"line":99,"column":12},"end":{"line":99,"column":34}},"49":{"start":{"line":101,"column":12},"end":{"line":101,"column":56}},"50":{"start":{"line":102,"column":12},"end":{"line":102,"column":36}},"51":{"start":{"line":104,"column":12},"end":{"line":104,"column":59}},"52":{"start":{"line":105,"column":12},"end":{"line":105,"column":36}},"53":{"start":{"line":107,"column":33},"end":{"line":114,"column":14}},"54":{"start":{"line":116,"column":12},"end":{"line":119,"column":13}},"55":{"start":{"line":117,"column":34},"end":{"line":117,"column":59}},"56":{"start":{"line":118,"column":16},"end":{"line":118,"column":79}},"57":{"start":{"line":121,"column":29},"end":{"line":121,"column":54}},"58":{"start":{"line":122,"column":12},"end":{"line":122,"column":51}},"59":{"start":{"line":124,"column":12},"end":{"line":124,"column":43}},"60":{"start":{"line":125,"column":12},"end":{"line":125,"column":36}},"61":{"start":{"line":127,"column":12},"end":{"line":127,"column":62}},"62":{"start":{"line":128,"column":12},"end":{"line":128,"column":36}},"63":{"start":{"line":130,"column":34},"end":{"line":134,"column":14}},"64":{"start":{"line":136,"column":12},"end":{"line":139,"column":13}},"65":{"start":{"line":137,"column":34},"end":{"line":137,"column":60}},"66":{"start":{"line":138,"column":16},"end":{"line":138,"column":78}},"67":{"start":{"line":141,"column":25},"end":{"line":141,"column":51}},"68":{"start":{"line":142,"column":29},"end":{"line":142,"column":54}},"69":{"start":{"line":143,"column":12},"end":{"line":143,"column":35}},"70":{"start":{"line":145,"column":12},"end":{"line":145,"column":47}},"71":{"start":{"line":146,"column":12},"end":{"line":146,"column":37}},"72":{"start":{"line":148,"column":12},"end":{"line":176,"column":20}},"73":{"start":{"line":149,"column":16},"end":{"line":149,"column":36}},"74":{"start":{"line":152,"column":30},"end":{"line":152,"column":50}},"75":{"start":{"line":153,"column":16},"end":{"line":153,"column":43}},"76":{"start":{"line":155,"column":16},"end":{"line":163,"column":17}},"77":{"start":{"line":156,"column":20},"end":{"line":156,"column":52}},"78":{"start":{"line":157,"column":20},"end":{"line":157,"column":66}},"79":{"start":{"line":158,"column":23},"end":{"line":163,"column":17}},"80":{"start":{"line":159,"column":20},"end":{"line":159,"column":57}},"81":{"start":{"line":160,"column":20},"end":{"line":160,"column":66}},"82":{"start":{"line":162,"column":20},"end":{"line":162,"column":57}},"83":{"start":{"line":165,"column":16},"end":{"line":165,"column":41}},"84":{"start":{"line":168,"column":16},"end":{"line":170,"column":25}},"85":{"start":{"line":169,"column":20},"end":{"line":169,"column":66}},"86":{"start":{"line":173,"column":16},"end":{"line":175,"column":25}},"87":{"start":{"line":174,"column":20},"end":{"line":174,"column":46}},"88":{"start":{"line":179,"column":12},"end":{"line":179,"column":79}},"89":{"start":{"line":180,"column":12},"end":{"line":182,"column":15}},"90":{"start":{"line":183,"column":12},"end":{"line":183,"column":32}},"91":{"start":{"line":185,"column":12},"end":{"line":185,"column":30}},"92":{"start":{"line":189,"column":26},"end":{"line":202,"column":5}},"93":{"start":{"line":190,"column":8},"end":{"line":190,"column":35}},"94":{"start":{"line":191,"column":8},"end":{"line":191,"column":25}},"95":{"start":{"line":194,"column":8},"end":{"line":194,"column":45}},"96":{"start":{"line":195,"column":8},"end":{"line":195,"column":33}},"97":{"start":{"line":196,"column":8},"end":{"line":196,"column":58}},"98":{"start":{"line":199,"column":8},"end":{"line":201,"column":17}},"99":{"start":{"line":200,"column":12},"end":{"line":200,"column":38}},"100":{"start":{"line":204,"column":30},"end":{"line":213,"column":5}},"101":{"start":{"line":205,"column":8},"end":{"line":205,"column":31}},"102":{"start":{"line":205,"column":24},"end":{"line":205,"column":31}},"103":{"start":{"line":207,"column":21},"end":{"line":207,"column":48}},"104":{"start":{"line":208,"column":8},"end":{"line":208,"column":30}},"105":{"start":{"line":209,"column":8},"end":{"line":209,"column":76}},"106":{"start":{"line":210,"column":8},"end":{"line":210,"column":40}},"107":{"start":{"line":211,"column":8},"end":{"line":211,"column":21}},"108":{"start":{"line":212,"column":8},"end":{"line":212,"column":40}},"109":{"start":{"line":215,"column":25},"end":{"line":231,"column":5}},"110":{"start":{"line":216,"column":8},"end":{"line":216,"column":33}},"111":{"start":{"line":219,"column":8},"end":{"line":223,"column":9}},"112":{"start":{"line":220,"column":12},"end":{"line":220,"column":32}},"113":{"start":{"line":221,"column":12},"end":{"line":221,"column":37}},"114":{"start":{"line":222,"column":12},"end":{"line":222,"column":19}},"115":{"start":{"line":226,"column":8},"end":{"line":230,"column":9}},"116":{"start":{"line":227,"column":12},"end":{"line":229,"column":20}},"117":{"start":{"line":228,"column":16},"end":{"line":228,"column":42}},"118":{"start":{"line":233,"column":28},"end":{"line":249,"column":5}},"119":{"start":{"line":234,"column":8},"end":{"line":234,"column":33}},"120":{"start":{"line":237,"column":8},"end":{"line":241,"column":9}},"121":{"start":{"line":238,"column":12},"end":{"line":238,"column":32}},"122":{"start":{"line":239,"column":12},"end":{"line":239,"column":37}},"123":{"start":{"line":240,"column":12},"end":{"line":240,"column":19}},"124":{"start":{"line":244,"column":8},"end":{"line":248,"column":9}},"125":{"start":{"line":245,"column":12},"end":{"line":247,"column":20}},"126":{"start":{"line":246,"column":16},"end":{"line":246,"column":42}},"127":{"start":{"line":251,"column":23},"end":{"line":259,"column":5}},"128":{"start":{"line":252,"column":8},"end":{"line":252,"column":35}},"129":{"start":{"line":253,"column":8},"end":{"line":253,"column":32}},"130":{"start":{"line":256,"column":8},"end":{"line":258,"column":16}},"131":{"start":{"line":257,"column":12},"end":{"line":257,"column":36}},"132":{"start":{"line":261,"column":32},"end":{"line":305,"column":5}},"133":{"start":{"line":262,"column":8},"end":{"line":304,"column":9}},"134":{"start":{"line":263,"column":12},"end":{"line":263,"column":69}},"135":{"start":{"line":264,"column":29},"end":{"line":271,"column":14}},"136":{"start":{"line":273,"column":12},"end":{"line":276,"column":13}},"137":{"start":{"line":274,"column":34},"end":{"line":274,"column":55}},"138":{"start":{"line":275,"column":16},"end":{"line":275,"column":77}},"139":{"start":{"line":278,"column":12},"end":{"line":278,"column":43}},"140":{"start":{"line":280,"column":12},"end":{"line":280,"column":68}},"141":{"start":{"line":280,"column":41},"end":{"line":280,"column":66}},"142":{"start":{"line":282,"column":12},"end":{"line":282,"column":59}},"143":{"start":{"line":283,"column":34},"end":{"line":287,"column":14}},"144":{"start":{"line":289,"column":12},"end":{"line":294,"column":13}},"145":{"start":{"line":290,"column":29},"end":{"line":290,"column":55}},"146":{"start":{"line":291,"column":33},"end":{"line":291,"column":58}},"147":{"start":{"line":292,"column":16},"end":{"line":292,"column":39}},"148":{"start":{"line":293,"column":16},"end":{"line":293,"column":57}},"149":{"start":{"line":296,"column":12},"end":{"line":296,"column":39}},"150":{"start":{"line":297,"column":12},"end":{"line":297,"column":29}},"151":{"start":{"line":300,"column":12},"end":{"line":302,"column":15}},"152":{"start":{"line":303,"column":12},"end":{"line":303,"column":88}},"153":{"start":{"line":307,"column":32},"end":{"line":316,"column":5}},"154":{"start":{"line":308,"column":8},"end":{"line":308,"column":31}},"155":{"start":{"line":308,"column":24},"end":{"line":308,"column":31}},"156":{"start":{"line":310,"column":21},"end":{"line":310,"column":48}},"157":{"start":{"line":311,"column":8},"end":{"line":311,"column":30}},"158":{"start":{"line":312,"column":8},"end":{"line":312,"column":78}},"159":{"start":{"line":313,"column":8},"end":{"line":313,"column":40}},"160":{"start":{"line":314,"column":8},"end":{"line":314,"column":21}},"161":{"start":{"line":315,"column":8},"end":{"line":315,"column":40}},"162":{"start":{"line":318,"column":4},"end":{"line":353,"column":6}}},"fnMap":{"0":{"name":"useDegenCard","decl":{"start":{"line":37,"column":16},"end":{"line":37,"column":28}},"loc":{"start":{"line":37,"column":28},"end":{"line":354,"column":1}}},"1":{"name":"(anonymous_1)","decl":{"start":{"line":64,"column":14},"end":{"line":64,"column":17}},"loc":{"start":{"line":64,"column":19},"end":{"line":66,"column":5}}},"2":{"name":"(anonymous_2)","decl":{"start":{"line":68,"column":25},"end":{"line":68,"column":30}},"loc":{"start":{"line":68,"column":36},"end":{"line":187,"column":5}}},"3":{"name":"(anonymous_3)","decl":{"start":{"line":148,"column":23},"end":{"line":148,"column":26}},"loc":{"start":{"line":148,"column":28},"end":{"line":176,"column":13}}},"4":{"name":"(anonymous_4)","decl":{"start":{"line":168,"column":27},"end":{"line":168,"column":30}},"loc":{"start":{"line":168,"column":32},"end":{"line":170,"column":17}}},"5":{"name":"(anonymous_5)","decl":{"start":{"line":173,"column":27},"end":{"line":173,"column":30}},"loc":{"start":{"line":173,"column":32},"end":{"line":175,"column":17}}},"6":{"name":"(anonymous_6)","decl":{"start":{"line":189,"column":26},"end":{"line":189,"column":29}},"loc":{"start":{"line":189,"column":31},"end":{"line":202,"column":5}}},"7":{"name":"(anonymous_7)","decl":{"start":{"line":199,"column":19},"end":{"line":199,"column":22}},"loc":{"start":{"line":199,"column":24},"end":{"line":201,"column":9}}},"8":{"name":"(anonymous_8)","decl":{"start":{"line":204,"column":30},"end":{"line":204,"column":33}},"loc":{"start":{"line":204,"column":35},"end":{"line":213,"column":5}}},"9":{"name":"(anonymous_9)","decl":{"start":{"line":215,"column":25},"end":{"line":215,"column":28}},"loc":{"start":{"line":215,"column":30},"end":{"line":231,"column":5}}},"10":{"name":"(anonymous_10)","decl":{"start":{"line":227,"column":23},"end":{"line":227,"column":26}},"loc":{"start":{"line":227,"column":28},"end":{"line":229,"column":13}}},"11":{"name":"(anonymous_11)","decl":{"start":{"line":233,"column":28},"end":{"line":233,"column":31}},"loc":{"start":{"line":233,"column":33},"end":{"line":249,"column":5}}},"12":{"name":"(anonymous_12)","decl":{"start":{"line":245,"column":23},"end":{"line":245,"column":26}},"loc":{"start":{"line":245,"column":28},"end":{"line":247,"column":13}}},"13":{"name":"(anonymous_13)","decl":{"start":{"line":251,"column":23},"end":{"line":251,"column":26}},"loc":{"start":{"line":251,"column":28},"end":{"line":259,"column":5}}},"14":{"name":"(anonymous_14)","decl":{"start":{"line":256,"column":19},"end":{"line":256,"column":22}},"loc":{"start":{"line":256,"column":24},"end":{"line":258,"column":9}}},"15":{"name":"(anonymous_15)","decl":{"start":{"line":261,"column":32},"end":{"line":261,"column":37}},"loc":{"start":{"line":261,"column":67},"end":{"line":305,"column":5}}},"16":{"name":"(anonymous_16)","decl":{"start":{"line":280,"column":30},"end":{"line":280,"column":37}},"loc":{"start":{"line":280,"column":41},"end":{"line":280,"column":66}}},"17":{"name":"(anonymous_17)","decl":{"start":{"line":307,"column":32},"end":{"line":307,"column":35}},"loc":{"start":{"line":307,"column":37},"end":{"line":316,"column":5}}}},"branchMap":{"0":{"loc":{"start":{"line":69,"column":8},"end":{"line":72,"column":9}},"type":"if","locations":[{"start":{"line":69,"column":8},"end":{"line":72,"column":9}}]},"1":{"loc":{"start":{"line":69,"column":12},"end":{"line":69,"column":36}},"type":"binary-expr","locations":[{"start":{"line":69,"column":12},"end":{"line":69,"column":22}},{"start":{"line":69,"column":26},"end":{"line":69,"column":36}}]},"2":{"loc":{"start":{"line":92,"column":12},"end":{"line":95,"column":13}},"type":"if","locations":[{"start":{"line":92,"column":12},"end":{"line":95,"column":13}}]},"3":{"loc":{"start":{"line":94,"column":32},"end":{"line":94,"column":77}},"type":"binary-expr","locations":[{"start":{"line":94,"column":32},"end":{"line":94,"column":47}},{"start":{"line":94,"column":51},"end":{"line":94,"column":77}}]},"4":{"loc":{"start":{"line":116,"column":12},"end":{"line":119,"column":13}},"type":"if","locations":[{"start":{"line":116,"column":12},"end":{"line":119,"column":13}}]},"5":{"loc":{"start":{"line":118,"column":32},"end":{"line":118,"column":77}},"type":"binary-expr","locations":[{"start":{"line":118,"column":32},"end":{"line":118,"column":47}},{"start":{"line":118,"column":51},"end":{"line":118,"column":77}}]},"6":{"loc":{"start":{"line":136,"column":12},"end":{"line":139,"column":13}},"type":"if","locations":[{"start":{"line":136,"column":12},"end":{"line":139,"column":13}}]},"7":{"loc":{"start":{"line":138,"column":32},"end":{"line":138,"column":76}},"type":"binary-expr","locations":[{"start":{"line":138,"column":32},"end":{"line":138,"column":47}},{"start":{"line":138,"column":51},"end":{"line":138,"column":76}}]},"8":{"loc":{"start":{"line":152,"column":30},"end":{"line":152,"column":50}},"type":"binary-expr","locations":[{"start":{"line":152,"column":30},"end":{"line":152,"column":45}},{"start":{"line":152,"column":49},"end":{"line":152,"column":50}}]},"9":{"loc":{"start":{"line":155,"column":16},"end":{"line":163,"column":17}},"type":"if","locations":[{"start":{"line":155,"column":16},"end":{"line":163,"column":17}},{"start":{"line":158,"column":23},"end":{"line":163,"column":17}}]},"10":{"loc":{"start":{"line":158,"column":23},"end":{"line":163,"column":17}},"type":"if","locations":[{"start":{"line":158,"column":23},"end":{"line":163,"column":17}},{"start":{"line":161,"column":23},"end":{"line":163,"column":17}}]},"11":{"loc":{"start":{"line":179,"column":21},"end":{"line":179,"column":77}},"type":"cond-expr","locations":[{"start":{"line":179,"column":44},"end":{"line":179,"column":55}},{"start":{"line":179,"column":58},"end":{"line":179,"column":77}}]},"12":{"loc":{"start":{"line":180,"column":50},"end":{"line":180,"column":88}},"type":"cond-expr","locations":[{"start":{"line":180,"column":73},"end":{"line":180,"column":76}},{"start":{"line":180,"column":79},"end":{"line":180,"column":88}}]},"13":{"loc":{"start":{"line":205,"column":8},"end":{"line":205,"column":31}},"type":"if","locations":[{"start":{"line":205,"column":8},"end":{"line":205,"column":31}}]},"14":{"loc":{"start":{"line":219,"column":8},"end":{"line":223,"column":9}},"type":"if","locations":[{"start":{"line":219,"column":8},"end":{"line":223,"column":9}}]},"15":{"loc":{"start":{"line":226,"column":8},"end":{"line":230,"column":9}},"type":"if","locations":[{"start":{"line":226,"column":8},"end":{"line":230,"column":9}}]},"16":{"loc":{"start":{"line":237,"column":8},"end":{"line":241,"column":9}},"type":"if","locations":[{"start":{"line":237,"column":8},"end":{"line":241,"column":9}}]},"17":{"loc":{"start":{"line":244,"column":8},"end":{"line":248,"column":9}},"type":"if","locations":[{"start":{"line":244,"column":8},"end":{"line":248,"column":9}}]},"18":{"loc":{"start":{"line":273,"column":12},"end":{"line":276,"column":13}},"type":"if","locations":[{"start":{"line":273,"column":12},"end":{"line":276,"column":13}}]},"19":{"loc":{"start":{"line":275,"column":32},"end":{"line":275,"column":75}},"type":"binary-expr","locations":[{"start":{"line":275,"column":32},"end":{"line":275,"column":47}},{"start":{"line":275,"column":51},"end":{"line":275,"column":75}}]},"20":{"loc":{"start":{"line":289,"column":12},"end":{"line":294,"column":13}},"type":"if","locations":[{"start":{"line":289,"column":12},"end":{"line":294,"column":13}}]},"21":{"loc":{"start":{"line":300,"column":42},"end":{"line":300,"column":84}},"type":"cond-expr","locations":[{"start":{"line":300,"column":67},"end":{"line":300,"column":72}},{"start":{"line":300,"column":75},"end":{"line":300,"column":84}}]},"22":{"loc":{"start":{"line":303,"column":28},"end":{"line":303,"column":84}},"type":"cond-expr","locations":[{"start":{"line":303,"column":53},"end":{"line":303,"column":66}},{"start":{"line":303,"column":69},"end":{"line":303,"column":84}}]},"23":{"loc":{"start":{"line":308,"column":8},"end":{"line":308,"column":31}},"type":"if","locations":[{"start":{"line":308,"column":8},"end":{"line":308,"column":31}}]}},"s":{"0":3,"1":3,"2":3,"3":3,"4":0,"5":0,"6":0,"7":0,"8":0,"9":0,"10":0,"11":0,"12":0,"13":0,"14":0,"15":0,"16":0,"17":0,"18":0,"19":0,"20":0,"21":0,"22":0,"23":0,"24":0,"25":0,"26":0,"27":0,"28":0,"29":0,"30":0,"31":0,"32":0,"33":0,"34":0,"35":0,"36":0,"37":0,"38":0,"39":0,"40":0,"41":0,"42":0,"43":0,"44":0,"45":0,"46":0,"47":0,"48":0,"49":0,"50":0,"51":0,"52":0,"53":0,"54":0,"55":0,"56":0,"57":0,"58":0,"59":0,"60":0,"61":0,"62":0,"63":0,"64":0,"65":0,"66":0,"67":0,"68":0,"69":0,"70":0,"71":0,"72":0,"73":0,"74":0,"75":0,"76":0,"77":0,"78":0,"79":0,"80":0,"81":0,"82":0,"83":0,"84":0,"85":0,"86":0,"87":0,"88":0,"89":0,"90":0,"91":0,"92":0,"93":0,"94":0,"95":0,"96":0,"97":0,"98":0,"99":0,"100":0,"101":0,"102":0,"103":0,"104":0,"105":0,"106":0,"107":0,"108":0,"109":0,"110":0,"111":0,"112":0,"113":0,"114":0,"115":0,"116":0,"117":0,"118":0,"119":0,"120":0,"121":0,"122":0,"123":0,"124":0,"125":0,"126":0,"127":0,"128":0,"129":0,"130":0,"131":0,"132":0,"133":0,"134":0,"135":0,"136":0,"137":0,"138":0,"139":0,"140":0,"141":0,"142":0,"143":0,"144":0,"145":0,"146":0,"147":0,"148":0,"149":0,"150":0,"151":0,"152":0,"153":0,"154":0,"155":0,"156":0,"157":0,"158":0,"159":0,"160":0,"161":0,"162":0},"f":{"0":0,"1":0,"2":0,"3":0,"4":0,"5":0,"6":0,"7":0,"8":0,"9":0,"10":0,"11":0,"12":0,"13":0,"14":0,"15":0,"16":0,"17":0},"b":{"0":[0],"1":[0,0],"2":[0],"3":[0,0],"4":[0],"5":[0,0],"6":[0],"7":[0,0],"8":[0,0],"9":[0,0],"10":[0,0],"11":[0,0],"12":[0,0],"13":[0],"14":[0],"15":[0],"16":[0],"17":[0],"18":[0],"19":[0,0],"20":[0],"21":[0,0],"22":[0,0],"23":[0]}}
,"C:\\Users\\dscanales\\Documents\\DegenScore-Card\\DegenScore-Card-1\\hooks\\useTokenAnalysis.ts": {"path":"C:\\Users\\dscanales\\Documents\\DegenScore-Card\\DegenScore-Card-1\\hooks\\useTokenAnalysis.ts","statementMap":{"0":{"start":{"line":36,"column":0},"end":{"line":36,"column":16}},"1":{"start":{"line":1,"column":0},"end":{"line":1,"column":46}},"2":{"start":{"line":37,"column":44},"end":{"line":37,"column":56}},"3":{"start":{"line":38,"column":34},"end":{"line":38,"column":49}},"4":{"start":{"line":39,"column":36},"end":{"line":39,"column":47}},"5":{"start":{"line":40,"column":50},"end":{"line":40,"column":62}},"6":{"start":{"line":41,"column":32},"end":{"line":41,"column":70}},"7":{"start":{"line":42,"column":30},"end":{"line":42,"column":42}},"8":{"start":{"line":44,"column":25},"end":{"line":93,"column":22}},"9":{"start":{"line":45,"column":8},"end":{"line":48,"column":9}},"10":{"start":{"line":46,"column":12},"end":{"line":46,"column":65}},"11":{"start":{"line":47,"column":12},"end":{"line":47,"column":19}},"12":{"start":{"line":50,"column":8},"end":{"line":50,"column":25}},"13":{"start":{"line":51,"column":8},"end":{"line":51,"column":21}},"14":{"start":{"line":52,"column":8},"end":{"line":52,"column":24}},"15":{"start":{"line":53,"column":8},"end":{"line":53,"column":23}},"16":{"start":{"line":54,"column":8},"end":{"line":54,"column":52}},"17":{"start":{"line":57,"column":33},"end":{"line":62,"column":15}},"18":{"start":{"line":58,"column":12},"end":{"line":61,"column":15}},"19":{"start":{"line":59,"column":16},"end":{"line":59,"column":44}},"20":{"start":{"line":59,"column":32},"end":{"line":59,"column":44}},"21":{"start":{"line":60,"column":16},"end":{"line":60,"column":32}},"22":{"start":{"line":64,"column":8},"end":{"line":92,"column":9}},"23":{"start":{"line":65,"column":29},"end":{"line":74,"column":14}},"24":{"start":{"line":76,"column":12},"end":{"line":76,"column":44}},"25":{"start":{"line":78,"column":12},"end":{"line":81,"column":13}},"26":{"start":{"line":79,"column":34},"end":{"line":79,"column":55}},"27":{"start":{"line":80,"column":16},"end":{"line":80,"column":81}},"28":{"start":{"line":83,"column":25},"end":{"line":83,"column":46}},"29":{"start":{"line":84,"column":12},"end":{"line":84,"column":33}},"30":{"start":{"line":85,"column":12},"end":{"line":85,"column":29}},"31":{"start":{"line":86,"column":12},"end":{"line":86,"column":56}},"32":{"start":{"line":88,"column":12},"end":{"line":88,"column":44}},"33":{"start":{"line":89,"column":12},"end":{"line":89,"column":66}},"34":{"start":{"line":91,"column":12},"end":{"line":91,"column":30}},"35":{"start":{"line":95,"column":4},"end":{"line":104,"column":6}}},"fnMap":{"0":{"name":"useTokenAnalysis","decl":{"start":{"line":36,"column":16},"end":{"line":36,"column":32}},"loc":{"start":{"line":36,"column":32},"end":{"line":105,"column":1}}},"1":{"name":"(anonymous_1)","decl":{"start":{"line":44,"column":37},"end":{"line":44,"column":42}},"loc":{"start":{"line":44,"column":48},"end":{"line":93,"column":5}}},"2":{"name":"(anonymous_2)","decl":{"start":{"line":57,"column":45},"end":{"line":57,"column":48}},"loc":{"start":{"line":57,"column":50},"end":{"line":62,"column":9}}},"3":{"name":"(anonymous_3)","decl":{"start":{"line":58,"column":24},"end":{"line":58,"column":28}},"loc":{"start":{"line":58,"column":31},"end":{"line":61,"column":13}}}},"branchMap":{"0":{"loc":{"start":{"line":45,"column":8},"end":{"line":48,"column":9}},"type":"if","locations":[{"start":{"line":45,"column":8},"end":{"line":48,"column":9}}]},"1":{"loc":{"start":{"line":59,"column":16},"end":{"line":59,"column":44}},"type":"if","locations":[{"start":{"line":59,"column":16},"end":{"line":59,"column":44}}]},"2":{"loc":{"start":{"line":78,"column":12},"end":{"line":81,"column":13}},"type":"if","locations":[{"start":{"line":78,"column":12},"end":{"line":81,"column":13}}]},"3":{"loc":{"start":{"line":80,"column":32},"end":{"line":80,"column":79}},"type":"binary-expr","locations":[{"start":{"line":80,"column":32},"end":{"line":80,"column":47}},{"start":{"line":80,"column":51},"end":{"line":80,"column":79}}]},"4":{"loc":{"start":{"line":89,"column":21},"end":{"line":89,"column":64}},"type":"binary-expr","locations":[{"start":{"line":89,"column":21},"end":{"line":89,"column":32}},{"start":{"line":89,"column":36},"end":{"line":89,"column":64}}]}},"s":{"0":2,"1":2,"2":1,"3":1,"4":1,"5":1,"6":1,"7":1,"8":1,"9":0,"10":0,"11":0,"12":0,"13":0,"14":0,"15":0,"16":0,"17":0,"18":0,"19":0,"20":0,"21":0,"22":0,"23":0,"24":0,"25":0,"26":0,"27":0,"28":0,"29":0,"30":0,"31":0,"32":0,"33":0,"34":0,"35":1},"f":{"0":1,"1":0,"2":0,"3":0},"b":{"0":[0],"1":[0],"2":[0],"3":[0,0],"4":[0,0]}}
,"C:\\Users\\dscanales\\Documents\\DegenScore-Card\\DegenScore-Card-1\\hooks\\useTokenSecurity.ts": {"path":"C:\\Users\\dscanales\\Documents\\DegenScore-Card\\DegenScore-Card-1\\hooks\\useTokenSecurity.ts","statementMap":{"0":{"start":{"line":52,"column":0},"end":{"line":52,"column":16}},"1":{"start":{"line":1,"column":0},"end":{"line":1,"column":33}},"2":{"start":{"line":2,"column":0},"end":{"line":2,"column":40}},"3":{"start":{"line":53,"column":44},"end":{"line":53,"column":56}},"4":{"start":{"line":54,"column":34},"end":{"line":54,"column":49}},"5":{"start":{"line":55,"column":32},"end":{"line":55,"column":74}},"6":{"start":{"line":56,"column":36},"end":{"line":56,"column":47}},"7":{"start":{"line":57,"column":50},"end":{"line":57,"column":62}},"8":{"start":{"line":59,"column":25},"end":{"line":133,"column":5}},"9":{"start":{"line":60,"column":8},"end":{"line":63,"column":9}},"10":{"start":{"line":61,"column":12},"end":{"line":61,"column":56}},"11":{"start":{"line":62,"column":12},"end":{"line":62,"column":19}},"12":{"start":{"line":65,"column":8},"end":{"line":65,"column":25}},"13":{"start":{"line":66,"column":8},"end":{"line":66,"column":23}},"14":{"start":{"line":67,"column":8},"end":{"line":67,"column":24}},"15":{"start":{"line":70,"column":33},"end":{"line":78,"column":15}},"16":{"start":{"line":71,"column":12},"end":{"line":77,"column":15}},"17":{"start":{"line":72,"column":16},"end":{"line":75,"column":17}},"18":{"start":{"line":73,"column":20},"end":{"line":73,"column":52}},"19":{"start":{"line":74,"column":20},"end":{"line":74,"column":30}},"20":{"start":{"line":76,"column":16},"end":{"line":76,"column":32}},"21":{"start":{"line":80,"column":25},"end":{"line":89,"column":10}},"22":{"start":{"line":91,"column":27},"end":{"line":91,"column":28}},"23":{"start":{"line":92,"column":32},"end":{"line":95,"column":16}},"24":{"start":{"line":93,"column":12},"end":{"line":93,"column":74}},"25":{"start":{"line":94,"column":12},"end":{"line":94,"column":27}},"26":{"start":{"line":97,"column":8},"end":{"line":132,"column":9}},"27":{"start":{"line":98,"column":29},"end":{"line":104,"column":14}},"28":{"start":{"line":106,"column":12},"end":{"line":106,"column":44}},"29":{"start":{"line":107,"column":12},"end":{"line":107,"column":43}},"30":{"start":{"line":109,"column":12},"end":{"line":112,"column":13}},"31":{"start":{"line":110,"column":30},"end":{"line":110,"column":51}},"32":{"start":{"line":111,"column":16},"end":{"line":111,"column":66}},"33":{"start":{"line":114,"column":25},"end":{"line":114,"column":46}},"34":{"start":{"line":115,"column":12},"end":{"line":115,"column":29}},"35":{"start":{"line":116,"column":12},"end":{"line":116,"column":53}},"36":{"start":{"line":117,"column":12},"end":{"line":117,"column":35}},"37":{"start":{"line":119,"column":12},"end":{"line":123,"column":13}},"38":{"start":{"line":120,"column":16},"end":{"line":120,"column":60}},"39":{"start":{"line":122,"column":16},"end":{"line":122,"column":62}},"40":{"start":{"line":125,"column":12},"end":{"line":125,"column":44}},"41":{"start":{"line":126,"column":12},"end":{"line":126,"column":43}},"42":{"start":{"line":127,"column":12},"end":{"line":127,"column":68}},"43":{"start":{"line":128,"column":12},"end":{"line":128,"column":27}},"44":{"start":{"line":129,"column":12},"end":{"line":129,"column":35}},"45":{"start":{"line":131,"column":12},"end":{"line":131,"column":30}},"46":{"start":{"line":135,"column":24},"end":{"line":143,"column":5}},"47":{"start":{"line":136,"column":8},"end":{"line":142,"column":9}},"48":{"start":{"line":137,"column":25},"end":{"line":137,"column":61}},"49":{"start":{"line":138,"column":12},"end":{"line":138,"column":41}},"50":{"start":{"line":139,"column":12},"end":{"line":139,"column":45}},"51":{"start":{"line":141,"column":12},"end":{"line":141,"column":58}},"52":{"start":{"line":145,"column":4},"end":{"line":154,"column":6}}},"fnMap":{"0":{"name":"useTokenSecurity","decl":{"start":{"line":52,"column":16},"end":{"line":52,"column":32}},"loc":{"start":{"line":52,"column":32},"end":{"line":155,"column":1}}},"1":{"name":"(anonymous_1)","decl":{"start":{"line":59,"column":25},"end":{"line":59,"column":30}},"loc":{"start":{"line":59,"column":36},"end":{"line":133,"column":5}}},"2":{"name":"(anonymous_2)","decl":{"start":{"line":70,"column":45},"end":{"line":70,"column":48}},"loc":{"start":{"line":70,"column":50},"end":{"line":78,"column":9}}},"3":{"name":"(anonymous_3)","decl":{"start":{"line":71,"column":24},"end":{"line":71,"column":25}},"loc":{"start":{"line":71,"column":33},"end":{"line":77,"column":13}}},"4":{"name":"(anonymous_4)","decl":{"start":{"line":92,"column":44},"end":{"line":92,"column":47}},"loc":{"start":{"line":92,"column":49},"end":{"line":95,"column":9}}},"5":{"name":"(anonymous_5)","decl":{"start":{"line":135,"column":24},"end":{"line":135,"column":29}},"loc":{"start":{"line":135,"column":35},"end":{"line":143,"column":5}}}},"branchMap":{"0":{"loc":{"start":{"line":60,"column":8},"end":{"line":63,"column":9}},"type":"if","locations":[{"start":{"line":60,"column":8},"end":{"line":63,"column":9}}]},"1":{"loc":{"start":{"line":72,"column":16},"end":{"line":75,"column":17}},"type":"if","locations":[{"start":{"line":72,"column":16},"end":{"line":75,"column":17}}]},"2":{"loc":{"start":{"line":109,"column":12},"end":{"line":112,"column":13}},"type":"if","locations":[{"start":{"line":109,"column":12},"end":{"line":112,"column":13}}]},"3":{"loc":{"start":{"line":111,"column":32},"end":{"line":111,"column":64}},"type":"binary-expr","locations":[{"start":{"line":111,"column":32},"end":{"line":111,"column":43}},{"start":{"line":111,"column":47},"end":{"line":111,"column":64}}]},"4":{"loc":{"start":{"line":119,"column":12},"end":{"line":123,"column":13}},"type":"if","locations":[{"start":{"line":119,"column":12},"end":{"line":123,"column":13}},{"start":{"line":121,"column":19},"end":{"line":123,"column":13}}]},"5":{"loc":{"start":{"line":127,"column":24},"end":{"line":127,"column":66}},"type":"binary-expr","locations":[{"start":{"line":127,"column":24},"end":{"line":127,"column":37}},{"start":{"line":127,"column":41},"end":{"line":127,"column":66}}]}},"s":{"0":2,"1":2,"2":2,"3":3,"4":3,"5":3,"6":3,"7":3,"8":3,"9":0,"10":0,"11":0,"12":0,"13":0,"14":0,"15":0,"16":0,"17":0,"18":0,"19":0,"20":0,"21":0,"22":0,"23":0,"24":0,"25":0,"26":0,"27":0,"28":0,"29":0,"30":0,"31":0,"32":0,"33":0,"34":0,"35":0,"36":0,"37":0,"38":0,"39":0,"40":0,"41":0,"42":0,"43":0,"44":0,"45":0,"46":3,"47":0,"48":0,"49":0,"50":0,"51":0,"52":3},"f":{"0":3,"1":0,"2":0,"3":0,"4":0,"5":0},"b":{"0":[0],"1":[0],"2":[0],"3":[0,0],"4":[0,0],"5":[0,0]}}
,"C:\\Users\\dscanales\\Documents\\DegenScore-Card\\DegenScore-Card-1\\hooks\\useWhaleRadar.ts": {"path":"C:\\Users\\dscanales\\Documents\\DegenScore-Card\\DegenScore-Card-1\\hooks\\useWhaleRadar.ts","statementMap":{"0":{"start":{"line":44,"column":0},"end":{"line":44,"column":16}},"1":{"start":{"line":1,"column":0},"end":{"line":1,"column":52}},"2":{"start":{"line":2,"column":0},"end":{"line":2,"column":57}},"3":{"start":{"line":3,"column":0},"end":{"line":3,"column":56}},"4":{"start":{"line":4,"column":0},"end":{"line":4,"column":36}},"5":{"start":{"line":5,"column":0},"end":{"line":5,"column":38}},"6":{"start":{"line":45,"column":39},"end":{"line":45,"column":50}},"7":{"start":{"line":46,"column":38},"end":{"line":46,"column":85}},"8":{"start":{"line":47,"column":38},"end":{"line":47,"column":65}},"9":{"start":{"line":48,"column":48},"end":{"line":48,"column":75}},"10":{"start":{"line":49,"column":32},"end":{"line":49,"column":58}},"11":{"start":{"line":50,"column":34},"end":{"line":50,"column":48}},"12":{"start":{"line":51,"column":30},"end":{"line":51,"column":59}},"13":{"start":{"line":52,"column":44},"end":{"line":52,"column":73}},"14":{"start":{"line":55,"column":40},"end":{"line":55,"column":59}},"15":{"start":{"line":56,"column":44},"end":{"line":56,"column":63}},"16":{"start":{"line":57,"column":40},"end":{"line":57,"column":62}},"17":{"start":{"line":58,"column":32},"end":{"line":58,"column":78}},"18":{"start":{"line":59,"column":46},"end":{"line":59,"column":77}},"19":{"start":{"line":62,"column":26},"end":{"line":62,"column":77}},"20":{"start":{"line":63,"column":26},"end":{"line":63,"column":77}},"21":{"start":{"line":68,"column":4},"end":{"line":75,"column":33}},"22":{"start":{"line":69,"column":8},"end":{"line":74,"column":9}},"23":{"start":{"line":70,"column":12},"end":{"line":70,"column":28}},"24":{"start":{"line":73,"column":12},"end":{"line":73,"column":29}},"25":{"start":{"line":77,"column":4},"end":{"line":82,"column":23}},"26":{"start":{"line":78,"column":8},"end":{"line":81,"column":9}},"27":{"start":{"line":79,"column":12},"end":{"line":79,"column":34}},"28":{"start":{"line":80,"column":12},"end":{"line":80,"column":26}},"29":{"start":{"line":84,"column":26},"end":{"line":92,"column":5}},"30":{"start":{"line":85,"column":8},"end":{"line":85,"column":47}},"31":{"start":{"line":85,"column":40},"end":{"line":85,"column":47}},"32":{"start":{"line":86,"column":8},"end":{"line":91,"column":9}},"33":{"start":{"line":87,"column":26},"end":{"line":87,"column":68}},"34":{"start":{"line":88,"column":12},"end":{"line":88,"column":35}},"35":{"start":{"line":90,"column":12},"end":{"line":90,"column":69}},"36":{"start":{"line":97,"column":27},"end":{"line":114,"column":5}},"37":{"start":{"line":98,"column":8},"end":{"line":98,"column":25}},"38":{"start":{"line":99,"column":8},"end":{"line":99,"column":23}},"39":{"start":{"line":100,"column":8},"end":{"line":113,"column":9}},"40":{"start":{"line":101,"column":29},"end":{"line":101,"column":68}},"41":{"start":{"line":102,"column":25},"end":{"line":102,"column":46}},"42":{"start":{"line":103,"column":12},"end":{"line":105,"column":13}},"43":{"start":{"line":104,"column":16},"end":{"line":104,"column":72}},"44":{"start":{"line":106,"column":12},"end":{"line":106,"column":44}},"45":{"start":{"line":108,"column":12},"end":{"line":108,"column":62}},"46":{"start":{"line":109,"column":12},"end":{"line":109,"column":36}},"47":{"start":{"line":110,"column":12},"end":{"line":110,"column":29}},"48":{"start":{"line":112,"column":12},"end":{"line":112,"column":30}},"49":{"start":{"line":116,"column":32},"end":{"line":128,"column":5}},"50":{"start":{"line":117,"column":8},"end":{"line":117,"column":34}},"51":{"start":{"line":117,"column":27},"end":{"line":117,"column":34}},"52":{"start":{"line":118,"column":8},"end":{"line":127,"column":9}},"53":{"start":{"line":119,"column":29},"end":{"line":121,"column":14}},"54":{"start":{"line":122,"column":12},"end":{"line":122,"column":81}},"55":{"start":{"line":122,"column":30},"end":{"line":122,"column":81}},"56":{"start":{"line":123,"column":25},"end":{"line":123,"column":46}},"57":{"start":{"line":124,"column":12},"end":{"line":124,"column":49}},"58":{"start":{"line":126,"column":12},"end":{"line":126,"column":67}},"59":{"start":{"line":130,"column":24},"end":{"line":142,"column":5}},"60":{"start":{"line":131,"column":8},"end":{"line":131,"column":34}},"61":{"start":{"line":131,"column":27},"end":{"line":131,"column":34}},"62":{"start":{"line":132,"column":8},"end":{"line":141,"column":9}},"63":{"start":{"line":133,"column":29},"end":{"line":135,"column":14}},"64":{"start":{"line":136,"column":12},"end":{"line":136,"column":72}},"65":{"start":{"line":136,"column":30},"end":{"line":136,"column":72}},"66":{"start":{"line":137,"column":25},"end":{"line":137,"column":46}},"67":{"start":{"line":138,"column":12},"end":{"line":138,"column":41}},"68":{"start":{"line":140,"column":12},"end":{"line":140,"column":58}},"69":{"start":{"line":147,"column":25},"end":{"line":169,"column":5}},"70":{"start":{"line":148,"column":8},"end":{"line":151,"column":9}},"71":{"start":{"line":149,"column":12},"end":{"line":149,"column":54}},"72":{"start":{"line":150,"column":12},"end":{"line":150,"column":19}},"73":{"start":{"line":152,"column":8},"end":{"line":168,"column":9}},"74":{"start":{"line":153,"column":29},"end":{"line":160,"column":14}},"75":{"start":{"line":161,"column":12},"end":{"line":161,"column":72}},"76":{"start":{"line":161,"column":30},"end":{"line":161,"column":72}},"77":{"start":{"line":162,"column":12},"end":{"line":162,"column":83}},"78":{"start":{"line":163,"column":12},"end":{"line":163,"column":34}},"79":{"start":{"line":164,"column":12},"end":{"line":164,"column":29}},"80":{"start":{"line":166,"column":12},"end":{"line":166,"column":58}},"81":{"start":{"line":167,"column":12},"end":{"line":167,"column":50}},"82":{"start":{"line":171,"column":27},"end":{"line":190,"column":5}},"83":{"start":{"line":172,"column":8},"end":{"line":172,"column":34}},"84":{"start":{"line":172,"column":27},"end":{"line":172,"column":34}},"85":{"start":{"line":173,"column":8},"end":{"line":189,"column":9}},"86":{"start":{"line":174,"column":29},"end":{"line":181,"column":14}},"87":{"start":{"line":182,"column":12},"end":{"line":182,"column":74}},"88":{"start":{"line":182,"column":30},"end":{"line":182,"column":74}},"89":{"start":{"line":183,"column":12},"end":{"line":183,"column":46}},"90":{"start":{"line":184,"column":12},"end":{"line":184,"column":34}},"91":{"start":{"line":185,"column":12},"end":{"line":185,"column":29}},"92":{"start":{"line":187,"column":12},"end":{"line":187,"column":60}},"93":{"start":{"line":188,"column":12},"end":{"line":188,"column":52}},"94":{"start":{"line":192,"column":24},"end":{"line":194,"column":5}},"95":{"start":{"line":193,"column":8},"end":{"line":193,"column":60}},"96":{"start":{"line":193,"column":42},"end":{"line":193,"column":58}},"97":{"start":{"line":199,"column":30},"end":{"line":210,"column":5}},"98":{"start":{"line":200,"column":8},"end":{"line":209,"column":11}},"99":{"start":{"line":201,"column":28},"end":{"line":201,"column":67}},"100":{"start":{"line":202,"column":12},"end":{"line":202,"column":51}},"101":{"start":{"line":202,"column":38},"end":{"line":202,"column":51}},"102":{"start":{"line":203,"column":12},"end":{"line":203,"column":68}},"103":{"start":{"line":203,"column":55},"end":{"line":203,"column":68}},"104":{"start":{"line":204,"column":12},"end":{"line":207,"column":13}},"105":{"start":{"line":205,"column":34},"end":{"line":205,"column":50}},"106":{"start":{"line":206,"column":16},"end":{"line":206,"column":83}},"107":{"start":{"line":206,"column":44},"end":{"line":206,"column":67}},"108":{"start":{"line":206,"column":70},"end":{"line":206,"column":83}},"109":{"start":{"line":208,"column":12},"end":{"line":208,"column":24}},"110":{"start":{"line":212,"column":28},"end":{"line":230,"column":5}},"111":{"start":{"line":213,"column":25},"end":{"line":213,"column":44}},"112":{"start":{"line":214,"column":8},"end":{"line":214,"column":37}},"113":{"start":{"line":214,"column":21},"end":{"line":214,"column":37}},"114":{"start":{"line":216,"column":8},"end":{"line":229,"column":11}},"115":{"start":{"line":217,"column":23},"end":{"line":217,"column":24}},"116":{"start":{"line":218,"column":23},"end":{"line":218,"column":24}},"117":{"start":{"line":219,"column":12},"end":{"line":225,"column":13}},"118":{"start":{"line":220,"column":16},"end":{"line":220,"column":55}},"119":{"start":{"line":221,"column":16},"end":{"line":221,"column":55}},"120":{"start":{"line":222,"column":19},"end":{"line":225,"column":13}},"121":{"start":{"line":223,"column":16},"end":{"line":223,"column":40}},"122":{"start":{"line":224,"column":16},"end":{"line":224,"column":40}},"123":{"start":{"line":227,"column":12},"end":{"line":227,"column":60}},"124":{"start":{"line":227,"column":41},"end":{"line":227,"column":60}},"125":{"start":{"line":228,"column":12},"end":{"line":228,"column":31}},"126":{"start":{"line":232,"column":21},"end":{"line":235,"column":5}},"127":{"start":{"line":233,"column":8},"end":{"line":233,"column":47}},"128":{"start":{"line":233,"column":29},"end":{"line":233,"column":45}},"129":{"start":{"line":234,"column":8},"end":{"line":234,"column":64}},"130":{"start":{"line":234,"column":35},"end":{"line":234,"column":64}},"131":{"start":{"line":237,"column":27},"end":{"line":240,"column":5}},"132":{"start":{"line":239,"column":8},"end":{"line":239,"column":64}},"133":{"start":{"line":239,"column":35},"end":{"line":239,"column":64}},"134":{"start":{"line":245,"column":4},"end":{"line":281,"column":6}},"135":{"start":{"line":271,"column":78},"end":{"line":271,"column":111}},"136":{"start":{"line":272,"column":78},"end":{"line":272,"column":111}}},"fnMap":{"0":{"name":"useWhaleRadar","decl":{"start":{"line":44,"column":16},"end":{"line":44,"column":29}},"loc":{"start":{"line":44,"column":29},"end":{"line":282,"column":1}}},"1":{"name":"(anonymous_2)","decl":{"start":{"line":68,"column":14},"end":{"line":68,"column":17}},"loc":{"start":{"line":68,"column":19},"end":{"line":75,"column":5}}},"2":{"name":"(anonymous_3)","decl":{"start":{"line":77,"column":14},"end":{"line":77,"column":17}},"loc":{"start":{"line":77,"column":19},"end":{"line":82,"column":5}}},"3":{"name":"(anonymous_4)","decl":{"start":{"line":84,"column":26},"end":{"line":84,"column":31}},"loc":{"start":{"line":84,"column":37},"end":{"line":92,"column":5}}},"4":{"name":"(anonymous_5)","decl":{"start":{"line":97,"column":27},"end":{"line":97,"column":32}},"loc":{"start":{"line":97,"column":38},"end":{"line":114,"column":5}}},"5":{"name":"(anonymous_6)","decl":{"start":{"line":116,"column":32},"end":{"line":116,"column":37}},"loc":{"start":{"line":116,"column":43},"end":{"line":128,"column":5}}},"6":{"name":"(anonymous_7)","decl":{"start":{"line":130,"column":24},"end":{"line":130,"column":29}},"loc":{"start":{"line":130,"column":35},"end":{"line":142,"column":5}}},"7":{"name":"(anonymous_8)","decl":{"start":{"line":147,"column":25},"end":{"line":147,"column":30}},"loc":{"start":{"line":147,"column":57},"end":{"line":169,"column":5}}},"8":{"name":"(anonymous_9)","decl":{"start":{"line":171,"column":27},"end":{"line":171,"column":32}},"loc":{"start":{"line":171,"column":59},"end":{"line":190,"column":5}}},"9":{"name":"(anonymous_10)","decl":{"start":{"line":192,"column":24},"end":{"line":192,"column":25}},"loc":{"start":{"line":192,"column":44},"end":{"line":194,"column":5}}},"10":{"name":"(anonymous_11)","decl":{"start":{"line":193,"column":35},"end":{"line":193,"column":36}},"loc":{"start":{"line":193,"column":42},"end":{"line":193,"column":58}}},"11":{"name":"(anonymous_12)","decl":{"start":{"line":199,"column":30},"end":{"line":199,"column":33}},"loc":{"start":{"line":199,"column":35},"end":{"line":210,"column":5}}},"12":{"name":"(anonymous_13)","decl":{"start":{"line":200,"column":32},"end":{"line":200,"column":37}},"loc":{"start":{"line":200,"column":40},"end":{"line":209,"column":9}}},"13":{"name":"(anonymous_14)","decl":{"start":{"line":206,"column":37},"end":{"line":206,"column":40}},"loc":{"start":{"line":206,"column":44},"end":{"line":206,"column":67}}},"14":{"name":"(anonymous_15)","decl":{"start":{"line":212,"column":28},"end":{"line":212,"column":31}},"loc":{"start":{"line":212,"column":33},"end":{"line":230,"column":5}}},"15":{"name":"(anonymous_16)","decl":{"start":{"line":216,"column":34},"end":{"line":216,"column":35}},"loc":{"start":{"line":216,"column":43},"end":{"line":229,"column":9}}},"16":{"name":"(anonymous_17)","decl":{"start":{"line":232,"column":21},"end":{"line":232,"column":22}},"loc":{"start":{"line":232,"column":44},"end":{"line":235,"column":5}}},"17":{"name":"(anonymous_18)","decl":{"start":{"line":233,"column":21},"end":{"line":233,"column":25}},"loc":{"start":{"line":233,"column":29},"end":{"line":233,"column":45}}},"18":{"name":"(anonymous_19)","decl":{"start":{"line":237,"column":27},"end":{"line":237,"column":28}},"loc":{"start":{"line":237,"column":50},"end":{"line":240,"column":5}}},"19":{"name":"(anonymous_20)","decl":{"start":{"line":271,"column":23},"end":{"line":271,"column":24}},"loc":{"start":{"line":271,"column":75},"end":{"line":271,"column":113}}},"20":{"name":"(anonymous_21)","decl":{"start":{"line":272,"column":23},"end":{"line":272,"column":24}},"loc":{"start":{"line":272,"column":75},"end":{"line":272,"column":113}}}},"branchMap":{"0":{"loc":{"start":{"line":69,"column":8},"end":{"line":74,"column":9}},"type":"if","locations":[{"start":{"line":69,"column":8},"end":{"line":74,"column":9}},{"start":{"line":71,"column":15},"end":{"line":74,"column":9}}]},"1":{"loc":{"start":{"line":69,"column":12},"end":{"line":69,"column":36}},"type":"binary-expr","locations":[{"start":{"line":69,"column":12},"end":{"line":69,"column":21}},{"start":{"line":69,"column":25},"end":{"line":69,"column":36}}]},"2":{"loc":{"start":{"line":78,"column":8},"end":{"line":81,"column":9}},"type":"if","locations":[{"start":{"line":78,"column":8},"end":{"line":81,"column":9}}]},"3":{"loc":{"start":{"line":85,"column":8},"end":{"line":85,"column":47}},"type":"if","locations":[{"start":{"line":85,"column":8},"end":{"line":85,"column":47}}]},"4":{"loc":{"start":{"line":85,"column":12},"end":{"line":85,"column":38}},"type":"binary-expr","locations":[{"start":{"line":85,"column":12},"end":{"line":85,"column":22}},{"start":{"line":85,"column":26},"end":{"line":85,"column":38}}]},"5":{"loc":{"start":{"line":103,"column":12},"end":{"line":105,"column":13}},"type":"if","locations":[{"start":{"line":103,"column":12},"end":{"line":105,"column":13}}]},"6":{"loc":{"start":{"line":104,"column":32},"end":{"line":104,"column":70}},"type":"binary-expr","locations":[{"start":{"line":104,"column":32},"end":{"line":104,"column":42}},{"start":{"line":104,"column":46},"end":{"line":104,"column":70}}]},"7":{"loc":{"start":{"line":106,"column":25},"end":{"line":106,"column":42}},"type":"binary-expr","locations":[{"start":{"line":106,"column":25},"end":{"line":106,"column":36}},{"start":{"line":106,"column":40},"end":{"line":106,"column":42}}]},"8":{"loc":{"start":{"line":117,"column":8},"end":{"line":117,"column":34}},"type":"if","locations":[{"start":{"line":117,"column":8},"end":{"line":117,"column":34}}]},"9":{"loc":{"start":{"line":122,"column":12},"end":{"line":122,"column":81}},"type":"if","locations":[{"start":{"line":122,"column":12},"end":{"line":122,"column":81}}]},"10":{"loc":{"start":{"line":124,"column":30},"end":{"line":124,"column":47}},"type":"binary-expr","locations":[{"start":{"line":124,"column":30},"end":{"line":124,"column":41}},{"start":{"line":124,"column":45},"end":{"line":124,"column":47}}]},"11":{"loc":{"start":{"line":131,"column":8},"end":{"line":131,"column":34}},"type":"if","locations":[{"start":{"line":131,"column":8},"end":{"line":131,"column":34}}]},"12":{"loc":{"start":{"line":136,"column":12},"end":{"line":136,"column":72}},"type":"if","locations":[{"start":{"line":136,"column":12},"end":{"line":136,"column":72}}]},"13":{"loc":{"start":{"line":138,"column":22},"end":{"line":138,"column":39}},"type":"binary-expr","locations":[{"start":{"line":138,"column":22},"end":{"line":138,"column":33}},{"start":{"line":138,"column":37},"end":{"line":138,"column":39}}]},"14":{"loc":{"start":{"line":148,"column":8},"end":{"line":151,"column":9}},"type":"if","locations":[{"start":{"line":148,"column":8},"end":{"line":151,"column":9}}]},"15":{"loc":{"start":{"line":161,"column":12},"end":{"line":161,"column":72}},"type":"if","locations":[{"start":{"line":161,"column":12},"end":{"line":161,"column":72}}]},"16":{"loc":{"start":{"line":172,"column":8},"end":{"line":172,"column":34}},"type":"if","locations":[{"start":{"line":172,"column":8},"end":{"line":172,"column":34}}]},"17":{"loc":{"start":{"line":182,"column":12},"end":{"line":182,"column":74}},"type":"if","locations":[{"start":{"line":182,"column":12},"end":{"line":182,"column":74}}]},"18":{"loc":{"start":{"line":201,"column":28},"end":{"line":201,"column":67}},"type":"binary-expr","locations":[{"start":{"line":201,"column":28},"end":{"line":201,"column":41}},{"start":{"line":201,"column":45},"end":{"line":201,"column":62}},{"start":{"line":201,"column":66},"end":{"line":201,"column":67}}]},"19":{"loc":{"start":{"line":202,"column":12},"end":{"line":202,"column":51}},"type":"if","locations":[{"start":{"line":202,"column":12},"end":{"line":202,"column":51}}]},"20":{"loc":{"start":{"line":203,"column":12},"end":{"line":203,"column":68}},"type":"if","locations":[{"start":{"line":203,"column":12},"end":{"line":203,"column":68}}]},"21":{"loc":{"start":{"line":203,"column":17},"end":{"line":203,"column":37}},"type":"binary-expr","locations":[{"start":{"line":203,"column":17},"end":{"line":203,"column":32}},{"start":{"line":203,"column":36},"end":{"line":203,"column":37}}]},"22":{"loc":{"start":{"line":204,"column":12},"end":{"line":207,"column":13}},"type":"if","locations":[{"start":{"line":204,"column":12},"end":{"line":207,"column":13}}]},"23":{"loc":{"start":{"line":205,"column":34},"end":{"line":205,"column":50}},"type":"binary-expr","locations":[{"start":{"line":205,"column":34},"end":{"line":205,"column":44}},{"start":{"line":205,"column":48},"end":{"line":205,"column":50}}]},"24":{"loc":{"start":{"line":206,"column":16},"end":{"line":206,"column":83}},"type":"if","locations":[{"start":{"line":206,"column":16},"end":{"line":206,"column":83}}]},"25":{"loc":{"start":{"line":214,"column":8},"end":{"line":214,"column":37}},"type":"if","locations":[{"start":{"line":214,"column":8},"end":{"line":214,"column":37}}]},"26":{"loc":{"start":{"line":219,"column":12},"end":{"line":225,"column":13}},"type":"if","locations":[{"start":{"line":219,"column":12},"end":{"line":225,"column":13}},{"start":{"line":222,"column":19},"end":{"line":225,"column":13}}]},"27":{"loc":{"start":{"line":220,"column":23},"end":{"line":220,"column":54}},"type":"binary-expr","locations":[{"start":{"line":220,"column":23},"end":{"line":220,"column":32}},{"start":{"line":220,"column":36},"end":{"line":220,"column":49}},{"start":{"line":220,"column":53},"end":{"line":220,"column":54}}]},"28":{"loc":{"start":{"line":221,"column":23},"end":{"line":221,"column":54}},"type":"binary-expr","locations":[{"start":{"line":221,"column":23},"end":{"line":221,"column":32}},{"start":{"line":221,"column":36},"end":{"line":221,"column":49}},{"start":{"line":221,"column":53},"end":{"line":221,"column":54}}]},"29":{"loc":{"start":{"line":222,"column":19},"end":{"line":225,"column":13}},"type":"if","locations":[{"start":{"line":222,"column":19},"end":{"line":225,"column":13}}]},"30":{"loc":{"start":{"line":223,"column":23},"end":{"line":223,"column":39}},"type":"binary-expr","locations":[{"start":{"line":223,"column":23},"end":{"line":223,"column":34}},{"start":{"line":223,"column":38},"end":{"line":223,"column":39}}]},"31":{"loc":{"start":{"line":224,"column":23},"end":{"line":224,"column":39}},"type":"binary-expr","locations":[{"start":{"line":224,"column":23},"end":{"line":224,"column":34}},{"start":{"line":224,"column":38},"end":{"line":224,"column":39}}]},"32":{"loc":{"start":{"line":227,"column":12},"end":{"line":227,"column":60}},"type":"if","locations":[{"start":{"line":227,"column":12},"end":{"line":227,"column":60}}]},"33":{"loc":{"start":{"line":234,"column":8},"end":{"line":234,"column":64}},"type":"if","locations":[{"start":{"line":234,"column":8},"end":{"line":234,"column":64}}]},"34":{"loc":{"start":{"line":239,"column":8},"end":{"line":239,"column":64}},"type":"if","locations":[{"start":{"line":239,"column":8},"end":{"line":239,"column":64}}]}},"s":{"0":1,"1":1,"2":1,"3":1,"4":0,"5":0,"6":0,"7":0,"8":0,"9":0,"10":0,"11":0,"12":0,"13":0,"14":0,"15":0,"16":0,"17":0,"18":0,"19":0,"20":0,"21":0,"22":0,"23":0,"24":0,"25":0,"26":0,"27":0,"28":0,"29":0,"30":0,"31":0,"32":0,"33":0,"34":0,"35":0,"36":0,"37":0,"38":0,"39":0,"40":0,"41":0,"42":0,"43":0,"44":0,"45":0,"46":0,"47":0,"48":0,"49":0,"50":0,"51":0,"52":0,"53":0,"54":0,"55":0,"56":0,"57":0,"58":0,"59":0,"60":0,"61":0,"62":0,"63":0,"64":0,"65":0,"66":0,"67":0,"68":0,"69":0,"70":0,"71":0,"72":0,"73":0,"74":0,"75":0,"76":0,"77":0,"78":0,"79":0,"80":0,"81":0,"82":0,"83":0,"84":0,"85":0,"86":0,"87":0,"88":0,"89":0,"90":0,"91":0,"92":0,"93":0,"94":0,"95":0,"96":0,"97":0,"98":0,"99":0,"100":0,"101":0,"102":0,"103":0,"104":0,"105":0,"106":0,"107":0,"108":0,"109":0,"110":0,"111":0,"112":0,"113":0,"114":0,"115":0,"116":0,"117":0,"118":0,"119":0,"120":0,"121":0,"122":0,"123":0,"124":0,"125":0,"126":0,"127":0,"128":0,"129":0,"130":0,"131":0,"132":0,"133":0,"134":0,"135":0,"136":0},"f":{"0":0,"1":0,"2":0,"3":0,"4":0,"5":0,"6":0,"7":0,"8":0,"9":0,"10":0,"11":0,"12":0,"13":0,"14":0,"15":0,"16":0,"17":0,"18":0,"19":0,"20":0},"b":{"0":[0,0],"1":[0,0],"2":[0],"3":[0],"4":[0,0],"5":[0],"6":[0,0],"7":[0,0],"8":[0],"9":[0],"10":[0,0],"11":[0],"12":[0],"13":[0,0],"14":[0],"15":[0],"16":[0],"17":[0],"18":[0,0,0],"19":[0],"20":[0],"21":[0,0],"22":[0],"23":[0,0],"24":[0],"25":[0],"26":[0,0],"27":[0,0,0],"28":[0,0,0],"29":[0],"30":[0,0],"31":[0,0],"32":[0],"33":[0],"34":[0]}}
,"C:\\Users\\dscanales\\Documents\\DegenScore-Card\\DegenScore-Card-1\\lib\\adminAuth.ts": {"path":"C:\\Users\\dscanales\\Documents\\DegenScore-Card\\DegenScore-Card-1\\lib\\adminAuth.ts","statementMap":{"0":{"start":{"line":17,"column":0},"end":{"line":17,"column":16}},"1":{"start":{"line":52,"column":0},"end":{"line":52,"column":16}},"2":{"start":{"line":2,"column":0},"end":{"line":2,"column":50}},"3":{"start":{"line":19,"column":21},"end":{"line":19,"column":46}},"4":{"start":{"line":20,"column":2},"end":{"line":22,"column":3}},"5":{"start":{"line":21,"column":4},"end":{"line":21,"column":83}},"6":{"start":{"line":24,"column":16},"end":{"line":24,"column":49}},"7":{"start":{"line":27,"column":28},"end":{"line":27,"column":53}},"8":{"start":{"line":28,"column":2},"end":{"line":30,"column":3}},"9":{"start":{"line":29,"column":4},"end":{"line":29,"column":86}},"10":{"start":{"line":33,"column":23},"end":{"line":33,"column":85}},"11":{"start":{"line":33,"column":70},"end":{"line":33,"column":78}},"12":{"start":{"line":34,"column":2},"end":{"line":36,"column":3}},"13":{"start":{"line":35,"column":4},"end":{"line":35,"column":71}},"14":{"start":{"line":38,"column":2},"end":{"line":44,"column":3}},"15":{"start":{"line":39,"column":4},"end":{"line":43,"column":6}},"16":{"start":{"line":46,"column":2},"end":{"line":46,"column":64}},"17":{"start":{"line":53,"column":23},"end":{"line":53,"column":85}},"18":{"start":{"line":53,"column":70},"end":{"line":53,"column":78}},"19":{"start":{"line":54,"column":2},"end":{"line":54,"column":46}}},"fnMap":{"0":{"name":"verifyAdminAuth","decl":{"start":{"line":17,"column":16},"end":{"line":17,"column":31}},"loc":{"start":{"line":17,"column":51},"end":{"line":47,"column":1}}},"1":{"name":"(anonymous_1)","decl":{"start":{"line":33,"column":65},"end":{"line":33,"column":66}},"loc":{"start":{"line":33,"column":70},"end":{"line":33,"column":78}}},"2":{"name":"isAdminWallet","decl":{"start":{"line":52,"column":16},"end":{"line":52,"column":29}},"loc":{"start":{"line":52,"column":51},"end":{"line":55,"column":1}}},"3":{"name":"(anonymous_3)","decl":{"start":{"line":53,"column":65},"end":{"line":53,"column":66}},"loc":{"start":{"line":53,"column":70},"end":{"line":53,"column":78}}}},"branchMap":{"0":{"loc":{"start":{"line":20,"column":2},"end":{"line":22,"column":3}},"type":"if","locations":[{"start":{"line":20,"column":2},"end":{"line":22,"column":3}}]},"1":{"loc":{"start":{"line":20,"column":6},"end":{"line":20,"column":54}},"type":"binary-expr","locations":[{"start":{"line":20,"column":6},"end":{"line":20,"column":17}},{"start":{"line":20,"column":21},"end":{"line":20,"column":54}}]},"2":{"loc":{"start":{"line":28,"column":2},"end":{"line":30,"column":3}},"type":"if","locations":[{"start":{"line":28,"column":2},"end":{"line":30,"column":3}}]},"3":{"loc":{"start":{"line":28,"column":6},"end":{"line":28,"column":59}},"type":"binary-expr","locations":[{"start":{"line":28,"column":6},"end":{"line":28,"column":30}},{"start":{"line":28,"column":34},"end":{"line":28,"column":59}}]},"4":{"loc":{"start":{"line":29,"column":39},"end":{"line":29,"column":83}},"type":"binary-expr","locations":[{"start":{"line":29,"column":39},"end":{"line":29,"column":62}},{"start":{"line":29,"column":66},"end":{"line":29,"column":83}}]},"5":{"loc":{"start":{"line":33,"column":23},"end":{"line":33,"column":85}},"type":"binary-expr","locations":[{"start":{"line":33,"column":23},"end":{"line":33,"column":79}},{"start":{"line":33,"column":83},"end":{"line":33,"column":85}}]},"6":{"loc":{"start":{"line":33,"column":23},"end":{"line":33,"column":79}},"type":"cond-expr","locations":[{"start":{"line":33,"column":48},"end":{"line":33,"column":50}},{"start":{"line":33,"column":48},"end":{"line":33,"column":79}}]},"7":{"loc":{"start":{"line":33,"column":23},"end":{"line":33,"column":50}},"type":"binary-expr","locations":[{"start":{"line":33,"column":23},"end":{"line":33,"column":50}},{"start":{"line":33,"column":48},"end":{"line":33,"column":50}}]},"8":{"loc":{"start":{"line":34,"column":2},"end":{"line":36,"column":3}},"type":"if","locations":[{"start":{"line":34,"column":2},"end":{"line":36,"column":3}}]},"9":{"loc":{"start":{"line":38,"column":2},"end":{"line":44,"column":3}},"type":"if","locations":[{"start":{"line":38,"column":2},"end":{"line":44,"column":3}}]},"10":{"loc":{"start":{"line":53,"column":23},"end":{"line":53,"column":85}},"type":"binary-expr","locations":[{"start":{"line":53,"column":23},"end":{"line":53,"column":79}},{"start":{"line":53,"column":83},"end":{"line":53,"column":85}}]},"11":{"loc":{"start":{"line":53,"column":23},"end":{"line":53,"column":79}},"type":"cond-expr","locations":[{"start":{"line":53,"column":48},"end":{"line":53,"column":50}},{"start":{"line":53,"column":48},"end":{"line":53,"column":79}}]},"12":{"loc":{"start":{"line":53,"column":23},"end":{"line":53,"column":50}},"type":"binary-expr","locations":[{"start":{"line":53,"column":23},"end":{"line":53,"column":50}},{"start":{"line":53,"column":48},"end":{"line":53,"column":50}}]}},"s":{"0":2,"1":2,"2":2,"3":0,"4":0,"5":0,"6":0,"7":0,"8":0,"9":0,"10":0,"11":0,"12":0,"13":0,"14":0,"15":0,"16":0,"17":0,"18":0,"19":0},"f":{"0":0,"1":0,"2":0,"3":0},"b":{"0":[0],"1":[0,0],"2":[0],"3":[0,0],"4":[0,0],"5":[0,0],"6":[0,0],"7":[0,0],"8":[0],"9":[0],"10":[0,0],"11":[0,0],"12":[0,0]}}
,"C:\\Users\\dscanales\\Documents\\DegenScore-Card\\DegenScore-Card-1\\lib\\aiCoach.ts": {"path":"C:\\Users\\dscanales\\Documents\\DegenScore-Card\\DegenScore-Card-1\\lib\\aiCoach.ts","statementMap":{"0":{"start":{"line":93,"column":0},"end":{"line":93,"column":7}},"1":{"start":{"line":307,"column":0},"end":{"line":307,"column":7}},"2":{"start":{"line":338,"column":0},"end":{"line":338,"column":7}},"3":{"start":{"line":1,"column":0},"end":{"line":1,"column":28}},"4":{"start":{"line":2,"column":0},"end":{"line":2,"column":34}},"5":{"start":{"line":3,"column":0},"end":{"line":3,"column":34}},"6":{"start":{"line":4,"column":0},"end":{"line":4,"column":41}},"7":{"start":{"line":15,"column":25},"end":{"line":15,"column":53}},"8":{"start":{"line":17,"column":15},"end":{"line":19,"column":9}},"9":{"start":{"line":22,"column":24},"end":{"line":22,"column":71}},"10":{"start":{"line":24,"column":29},"end":{"line":24,"column":36}},"11":{"start":{"line":25,"column":30},"end":{"line":25,"column":37}},"12":{"start":{"line":31,"column":16},"end":{"line":31,"column":54}},"13":{"start":{"line":32,"column":18},"end":{"line":32,"column":36}},"14":{"start":{"line":35,"column":25},"end":{"line":35,"column":56}},"15":{"start":{"line":36,"column":22},"end":{"line":36,"column":69}},"16":{"start":{"line":40,"column":4},"end":{"line":41,"column":32}},"17":{"start":{"line":43,"column":2},"end":{"line":48,"column":3}},"18":{"start":{"line":44,"column":4},"end":{"line":44,"column":94}},"19":{"start":{"line":45,"column":4},"end":{"line":47,"column":6}},"20":{"start":{"line":55,"column":2},"end":{"line":55,"column":21}},"21":{"start":{"line":55,"column":14},"end":{"line":55,"column":21}},"22":{"start":{"line":57,"column":16},"end":{"line":57,"column":54}},"23":{"start":{"line":58,"column":18},"end":{"line":58,"column":36}},"24":{"start":{"line":61,"column":4},"end":{"line":62,"column":51}},"25":{"start":{"line":65,"column":25},"end":{"line":65,"column":56}},"26":{"start":{"line":66,"column":22},"end":{"line":66,"column":69}},"27":{"start":{"line":67,"column":18},"end":{"line":67,"column":42}},"28":{"start":{"line":70,"column":16},"end":{"line":70,"column":55}},"29":{"start":{"line":70,"column":17},"end":{"line":70,"column":46}},"30":{"start":{"line":71,"column":2},"end":{"line":73,"column":3}},"31":{"start":{"line":72,"column":4},"end":{"line":72,"column":71}},"32":{"start":{"line":75,"column":2},"end":{"line":75,"column":98}},"33":{"start":{"line":95,"column":2},"end":{"line":100,"column":3}},"34":{"start":{"line":96,"column":4},"end":{"line":96,"column":73}},"35":{"start":{"line":97,"column":4},"end":{"line":99,"column":6}},"36":{"start":{"line":102,"column":2},"end":{"line":205,"column":3}},"37":{"start":{"line":103,"column":4},"end":{"line":103,"column":64}},"38":{"start":{"line":106,"column":17},"end":{"line":111,"column":6}},"39":{"start":{"line":113,"column":4},"end":{"line":115,"column":5}},"40":{"start":{"line":114,"column":6},"end":{"line":114,"column":40}},"41":{"start":{"line":118,"column":25},"end":{"line":122,"column":6}},"42":{"start":{"line":125,"column":25},"end":{"line":125,"column":66}},"43":{"start":{"line":128,"column":19},"end":{"line":128,"column":72}},"44":{"start":{"line":131,"column":33},"end":{"line":131,"column":61}},"45":{"start":{"line":132,"column":4},"end":{"line":132,"column":46}},"46":{"start":{"line":134,"column":4},"end":{"line":134,"column":116}},"47":{"start":{"line":137,"column":23},"end":{"line":155,"column":6}},"48":{"start":{"line":158,"column":4},"end":{"line":158,"column":40}},"49":{"start":{"line":160,"column":23},"end":{"line":160,"column":62}},"50":{"start":{"line":161,"column":4},"end":{"line":163,"column":5}},"51":{"start":{"line":162,"column":6},"end":{"line":162,"column":45}},"52":{"start":{"line":165,"column":4},"end":{"line":165,"column":41}},"53":{"start":{"line":168,"column":21},"end":{"line":168,"column":43}},"54":{"start":{"line":171,"column":4},"end":{"line":187,"column":7}},"55":{"start":{"line":189,"column":4},"end":{"line":189,"column":51}},"56":{"start":{"line":191,"column":4},"end":{"line":201,"column":6}},"57":{"start":{"line":203,"column":4},"end":{"line":203,"column":49}},"58":{"start":{"line":204,"column":4},"end":{"line":204,"column":16}},"59":{"start":{"line":212,"column":14},"end":{"line":212,"column":24}},"60":{"start":{"line":213,"column":20},"end":{"line":213,"column":65}},"61":{"start":{"line":214,"column":21},"end":{"line":214,"column":70}},"62":{"start":{"line":216,"column":24},"end":{"line":216,"column":79}},"63":{"start":{"line":216,"column":45},"end":{"line":216,"column":78}},"64":{"start":{"line":217,"column":25},"end":{"line":217,"column":81}},"65":{"start":{"line":217,"column":46},"end":{"line":217,"column":80}},"66":{"start":{"line":220,"column":29},"end":{"line":224,"column":34}},"67":{"start":{"line":221,"column":17},"end":{"line":221,"column":53}},"68":{"start":{"line":222,"column":4},"end":{"line":222,"column":37}},"69":{"start":{"line":223,"column":4},"end":{"line":223,"column":15}},"70":{"start":{"line":227,"column":26},"end":{"line":230,"column":36}},"71":{"start":{"line":228,"column":29},"end":{"line":228,"column":57}},"72":{"start":{"line":230,"column":21},"end":{"line":230,"column":35}},"73":{"start":{"line":233,"column":23},"end":{"line":233,"column":69}},"74":{"start":{"line":233,"column":49},"end":{"line":233,"column":62}},"75":{"start":{"line":236,"column":22},"end":{"line":236,"column":43}},"76":{"start":{"line":238,"column":2},"end":{"line":245,"column":4}},"77":{"start":{"line":252,"column":2},"end":{"line":301,"column":57}},"78":{"start":{"line":261,"column":40},"end":{"line":261,"column":46}},"79":{"start":{"line":274,"column":10},"end":{"line":276,"column":31}},"80":{"start":{"line":308,"column":2},"end":{"line":332,"column":3}},"81":{"start":{"line":309,"column":21},"end":{"line":312,"column":6}},"82":{"start":{"line":314,"column":4},"end":{"line":316,"column":5}},"83":{"start":{"line":315,"column":6},"end":{"line":315,"column":18}},"84":{"start":{"line":318,"column":4},"end":{"line":328,"column":6}},"85":{"start":{"line":330,"column":4},"end":{"line":330,"column":58}},"86":{"start":{"line":331,"column":4},"end":{"line":331,"column":16}},"87":{"start":{"line":339,"column":2},"end":{"line":365,"column":3}},"88":{"start":{"line":340,"column":27},"end":{"line":343,"column":6}},"89":{"start":{"line":345,"column":4},"end":{"line":347,"column":5}},"90":{"start":{"line":346,"column":6},"end":{"line":346,"column":18}},"91":{"start":{"line":351,"column":17},"end":{"line":354,"column":6}},"92":{"start":{"line":356,"column":26},"end":{"line":356,"column":49}},"93":{"start":{"line":359,"column":6},"end":{"line":359,"column":75}},"94":{"start":{"line":361,"column":4},"end":{"line":361,"column":51}},"95":{"start":{"line":363,"column":4},"end":{"line":363,"column":61}},"96":{"start":{"line":364,"column":4},"end":{"line":364,"column":17}}},"fnMap":{"0":{"name":"checkAIBudget","decl":{"start":{"line":30,"column":15},"end":{"line":30,"column":28}},"loc":{"start":{"line":30,"column":57},"end":{"line":49,"column":1}}},"1":{"name":"trackAICost","decl":{"start":{"line":54,"column":15},"end":{"line":54,"column":26}},"loc":{"start":{"line":54,"column":68},"end":{"line":76,"column":1}}},"2":{"name":"(anonymous_12)","decl":{"start":{"line":70,"column":17},"end":{"line":70,"column":30}},"loc":{"start":{"line":70,"column":17},"end":{"line":70,"column":46}}},"3":{"name":"analyzeTraderWithAI","decl":{"start":{"line":93,"column":22},"end":{"line":93,"column":41}},"loc":{"start":{"line":93,"column":63},"end":{"line":206,"column":1}}},"4":{"name":"calculateTradingStats","decl":{"start":{"line":
[...]
c":{"start":{"line":97,"column":8},"end":{"line":121,"column":9}},"type":"if","locations":[{"start":{"line":97,"column":8},"end":{"line":121,"column":9}}]},"12":{"loc":{"start":{"line":109,"column":10},"end":{"line":114,"column":11}},"type":"if","locations":[{"start":{"line":109,"column":10},"end":{"line":114,"column":11}}]},"13":{"loc":{"start":{"line":136,"column":4},"end":{"line":141,"column":5}},"type":"if","locations":[{"start":{"line":136,"column":4},"end":{"line":141,"column":5}}]},"14":{"loc":{"start":{"line":139,"column":67},"end":{"line":139,"column":105}},"type":"cond-expr","locations":[{"start":{"line":139,"column":90},"end":{"line":139,"column":93}},{"start":{"line":139,"column":96},"end":{"line":139,"column":105}}]},"15":{"loc":{"start":{"line":157,"column":56},"end":{"line":157,"column":98}},"type":"cond-expr","locations":[{"start":{"line":157,"column":81},"end":{"line":157,"column":86}},{"start":{"line":157,"column":89},"end":{"line":157,"column":98}}]},"16":{"loc":{"start":{"line":163,"column":6},"end":{"line":165,"column":60}},"type":"cond-expr","locations":[{"start":{"line":164,"column":10},"end":{"line":164,"column":23}},{"start":{"line":165,"column":10},"end":{"line":165,"column":60}}]},"17":{"loc":{"start":{"line":317,"column":65},"end":{"line":317,"column":107}},"type":"cond-expr","locations":[{"start":{"line":317,"column":90},"end":{"line":317,"column":95}},{"start":{"line":317,"column":98},"end":{"line":317,"column":107}}]}},"s":{"0":1,"1":1,"2":1,"3":1,"4":1,"5":1,"6":1,"7":1,"8":1,"9":7,"10":1,"11":6,"12":0,"13":6,"14":6,"15":6,"16":1,"17":5,"18":0,"19":5,"20":5,"21":4,"22":4,"23":4,"24":4,"25":1,"26":1,"27":0,"28":1,"29":0,"30":4,"31":3,"32":0,"33":3,"34":2,"35":2,"36":1,"37":1,"38":1,"39":1,"40":1,"41":1,"42":1,"43":3,"44":3,"45":0,"46":2,"47":2,"48":2,"49":2,"50":0,"51":2,"52":2,"53":1,"54":1,"55":1,"56":2,"57":2,"58":2,"59":2,"60":0,"61":0,"62":0,"63":0,"64":0,"65":2,"66":0},"f":{"0":7,"1":0,"2":0,"3":0,"4":0,"5":0,"6":2,"7":0,"8":2,"9":0,"10":0,"11":0,"12":0,"13":0},"b":{"0":[1],"1":[0],"2":[1],"3":[6,5],"4":[0],"5":[4],"6":[5,4],"7":[1],"8":[0,0],"9":[3],"10":[2],"11":[1],"12":[1],"13":[2],"14":[0,0],"15":[1,0],"16":[0,1],"17":[0,0]}}
,"C:\\Users\\dscanales\\Documents\\DegenScore-Card\\DegenScore-Card-1\\pages\\api\\admin\\system-health.ts": {"path":"C:\\Users\\dscanales\\Documents\\DegenScore-Card\\DegenScore-Card-1\\pages\\api\\admin\\system-health.ts","statementMap":{"0":{"start":{"line":28,"column":0},"end":{"line":28,"column":15}},"1":{"start":{"line":2,"column":0},"end":{"line":2,"column":46}},"2":{"start":{"line":3,"column":0},"end":{"line":3,"column":20}},"3":{"start":{"line":5,"column":15},"end":{"line":5,"column":33}},"4":{"start":{"line":32,"column":4},"end":{"line":34,"column":5}},"5":{"start":{"line":33,"column":8},"end":{"line":33,"column":69}},"6":{"start":{"line":37,"column":23},"end":{"line":37,"column":48}},"7":{"start":{"line":38,"column":26},"end":{"line":38,"column":51}},"8":{"start":{"line":40,"column":4},"end":{"line":42,"column":5}},"9":{"start":{"line":41,"column":8},"end":{"line":41,"column":63}},"10":{"start":{"line":44,"column":4},"end":{"line":110,"column":5}},"11":{"start":{"line":46,"column":24},"end":{"line":46,"column":34}},"12":{"start":{"line":47,"column":26},"end":{"line":47,"column":30}},"13":{"start":{"line":48,"column":29},"end":{"line":48,"column":30}},"14":{"start":{"line":50,"column":8},"end":{"line":56,"column":9}},"15":{"start":{"line":51,"column":12},"end":{"line":51,"column":45}},"16":{"start":{"line":52,"column":12},"end":{"line":52,"column":50}},"17":{"start":{"line":54,"column":12},"end":{"line":54,"column":32}},"18":{"start":{"line":55,"column":12},"end":{"line":55,"column":66}},"19":{"start":{"line":59,"column":28},"end":{"line":59,"column":41}},"20":{"start":{"line":60,"column":27},"end":{"line":60,"column":39}},"21":{"start":{"line":61,"column":27},"end":{"line":61,"column":51}},"22":{"start":{"line":62,"column":33},"end":{"line":62,"column":65}},"23":{"start":{"line":65,"column":23},"end":{"line":65,"column":39}},"24":{"start":{"line":68,"column":25},"end":{"line":79,"column":10}},"25":{"start":{"line":82,"column":59},"end":{"line":82,"column":68}},"26":{"start":{"line":83,"column":8},"end":{"line":87,"column":9}},"27":{"start":{"line":84,"column":12},"end":{"line":84,"column":33}},"28":{"start":{"line":85,"column":15},"end":{"line":87,"column":9}},"29":{"start":{"line":86,"column":12},"end":{"line":86,"column":32}},"30":{"start":{"line":89,"column":37},"end":{"line":104,"column":10}},"31":{"start":{"line":106,"column":8},"end":{"line":106,"column":44}},"32":{"start":{"line":108,"column":8},"end":{"line":108,"column":59}},"33":{"start":{"line":109,"column":8},"end":{"line":109,"column":80}}},"fnMap":{"0":{"name":"handler","decl":{"start":{"line":28,"column":30},"end":{"line":28,"column":37}},"loc":{"start":{"line":30,"column":58},"end":{"line":111,"column":1}}}},"branchMap":{"0":{"loc":{"start":{"line":32,"column":4},"end":{"line":34,"column":5}},"type":"if","locations":[{"start":{"line":32,"column":4},"end":{"line":34,"column":5}}]},"1":{"loc":{"start":{"line":40,"column":4},"end":{"line":42,"column":5}},"type":"if","locations":[{"start":{"line":40,"column":4},"end":{"line":42,"column":5}}]},"2":{"loc":{"start":{"line":40,"column":8},"end":{"line":40,"column":81}},"type":"binary-expr","locations":[{"start":{"line":40,"column":8},"end":{"line":40,"column":19}},{"start":{"line":40,"column":23},"end":{"line":40,"column":37}},{"start":{"line":40,"column":41},"end":{"line":40,"column":81}}]},"3":{"loc":{"start":{"line":71,"column":24},"end":{"line":71,"column":69}},"type":"cond-expr","locations":[{"start":{"line":71,"column":38},"end":{"line":71,"column":51}},{"start":{"line":71,"column":54},"end":{"line":71,"column":69}}]},"4":{"loc":{"start":{"line":72,"column":25},"end":{"line":72,"column":65}},"type":"cond-expr","locations":[{"start":{"line":72,"column":39},"end":{"line":72,"column":53}},{"start":{"line":72,"column":56},"end":{"line":72,"column":65}}]},"5":{"loc":{"start":{"line":83,"column":8},"end":{"line":87,"column":9}},"type":"if","locations":[{"start":{"line":83,"column":8},"end":{"line":87,"column":9}},{"start":{"line":85,"column":15},"end":{"line":87,"column":9}}]},"6":{"loc":{"start":{"line":85,"column":15},"end":{"line":87,"column":9}},"type":"if","locations":[{"start":{"line":85,"column":15},"end":{"line":87,"column":9}}]},"7":{"loc":{"start":{"line":101,"column":30},"end":{"line":101,"column":70}},"type":"cond-expr","locations":[{"start":{"line":101,"column":44},"end":{"line":101,"column":58}},{"start":{"line":101,"column":61},"end":{"line":101,"column":70}}]}},"s":{"0":1,"1":1,"2":1,"3":1,"4":1,"5":0,"6":1,"7":1,"8":1,"9":1,"10":0,"11":0,"12":0,"13":0,"14":0,"15":0,"16":0,"17":0,"18":0,"19":0,"20":0,"21":0,"22":0,"23":0,"24":0,"25":0,"26":0,"27":0,"28":0,"29":0,"30":0,"31":0,"32":0,"33":0},"f":{"0":1},"b":{"0":[0],"1":[1],"2":[1,0,0],"3":[0,0],"4":[0,0],"5":[0,0],"6":[0],"7":[0,0]}}
,"C:\\Users\\dscanales\\Documents\\DegenScore-Card\\DegenScore-Card-1\\pages\\api\\cron\\detect-whales.ts": {"path":"C:\\Users\\dscanales\\Documents\\DegenScore-Card\\DegenScore-Card-1\\pages\\api\\cron\\detect-whales.ts","statementMap":{"0":{"start":{"line":6,"column":0},"end":{"line":6,"column":15}},"1":{"start":{"line":2,"column":0},"end":{"line":2,"column":87}},"2":{"start":{"line":3,"column":0},"end":{"line":3,"column":45}},"3":{"start":{"line":4,"column":0},"end":{"line":4,"column":45}},"4":{"start":{"line":7,"column":2},"end":{"line":9,"column":3}},"5":{"start":{"line":8,"column":4},"end":{"line":8,"column":65}},"6":{"start":{"line":11,"column":2},"end":{"line":78,"column":3}},"7":{"start":{"line":13,"column":20},"end":{"line":13,"column":45}},"8":{"start":{"line":14,"column":4},"end":{"line":17,"column":5}},"9":{"start":{"line":15,"column":6},"end":{"line":15,"column":47}},"10":{"start":{"line":16,"column":6},"end":{"line":16,"column":61}},"11":{"start":{"line":19,"column":4},"end":{"line":19,"column":53}},"12":{"start":{"line":22,"column":25},"end":{"line":22,"column":71}},"13":{"start":{"line":24,"column":26},"end":{"line":33,"column":6}},"14":{"start":{"line":35,"column":4},"end":{"line":35,"column":73}},"15":{"start":{"line":37,"column":19},"end":{"line":37,"column":20}},"16":{"start":{"line":38,"column":18},"end":{"line":38,"column":19}},"17":{"start":{"line":40,"column":4},"end":{"line":62,"column":5}},"18":{"start":{"line":41,"column":6},"end":{"line":61,"column":7}},"19":{"start":{"line":43,"column":22},"end":{"line":43,"column":65}},"20":{"start":{"line":44,"column":8},"end":{"line":57,"column":9}},"21":{"start":{"line":45,"column":10},"end":{"line":45,"column":21}},"22":{"start":{"line":46,"column":10},"end":{"line":46,"column":62}},"23":{"start":{"line":49,"column":32},"end":{"line":51,"column":12}},"24":{"start":{"line":53,"column":10},"end":{"line":56,"column":11}},"25":{"start":{"line":54,"column":12},"end":{"line":54,"column":52}},"26":{"start":{"line":55,"column":12},"end":{"line":55,"column":22}},"27":{"start":{"line":59,"column":8},"end":{"line":59,"column":73}},"28":{"start":{"line":64,"column":4},"end":{"line":64,"column":83}},"29":{"start":{"line":66,"column":4},"end":{"line":71,"column":7}},"30":{"start":{"line":73,"column":4},"end":{"line":73,"column":58}},"31":{"start":{"line":74,"column":4},"end":{"line":77,"column":7}}},"fnMap":{"0":{"name":"handler","decl":{"start":{"line":6,"column":30},"end":{"line":6,"column":37}},"loc":{"start":{"line":6,"column":79},"end":{"line":79,"column":1}}}},"branchMap":{"0":{"loc":{"start":{"line":7,"column":2},"end":{"line":9,"column":3}},"type":"if","locations":[{"start":{"line":7,"column":2},"end":{"line":9,"column":3}}]},"1":{"loc":{"start":{"line":14,"column":4},"end":{"line":17,"column":5}},"type":"if","locations":[{"start":{"line":14,"column":4},"end":{"line":17,"column":5}}]},"2":{"loc":{"start":{"line":44,"column":8},"end":{"line":57,"column":9}},"type":"if","locations":[{"start":{"line":44,"column":8},"end":{"line":57,"column":9}},{"start":{"line":47,"column":15},"end":{"line":57,"column":9}}]},"3":{"loc":{"start":{"line":53,"column":10},"end":{"line":56,"column":11}},"type":"if","locations":[{"start":{"line":53,"column":10},"end":{"line":56,"column":11}}]}},"s":{"0":1,"1":1,"2":1,"3":1,"4":3,"5":1,"6":2,"7":2,"8":2,"9":0,"10":0,"11":2,"12":2,"13":2,"14":2,"15":0,"16":0,"17":0,"18":0,"19":0,"20":0,"21":0,"22":0,"23":0,"24":0,"25":0,"26":0,"27":0,"28":0,"29":0,"30":2,"31":2},"f":{"0":3},"b":{"0":[1],"1":[0],"2":[0,0],"3":[0]}}
,"C:\\Users\\dscanales\\Documents\\DegenScore-Card\\DegenScore-Card-1\\pages\\api\\flash-sales\\active.ts": {"path":"C:\\Users\\dscanales\\Documents\\DegenScore-Card\\DegenScore-Card-1\\pages\\api\\flash-sales\\active.ts","statementMap":{"0":{"start":{"line":4,"column":0},"end":{"line":4,"column":15}},"1":{"start":{"line":2,"column":0},"end":{"line":2,"column":62}},"2":{"start":{"line":8,"column":2},"end":{"line":10,"column":3}},"3":{"start":{"line":9,"column":4},"end":{"line":9,"column":65}},"4":{"start":{"line":12,"column":2},"end":{"line":26,"column":3}},"5":{"start":{"line":13,"column":24},"end":{"line":13,"column":51}},"6":{"start":{"line":15,"column":4},"end":{"line":19,"column":7}},"7":{"start":{"line":21,"column":4},"end":{"line":21,"column":63}},"8":{"start":{"line":22,"column":4},"end":{"line":25,"column":7}}},"fnMap":{"0":{"name":"handler","decl":{"start":{"line":4,"column":30},"end":{"line":4,"column":37}},"loc":{"start":{"line":6,"column":22},"end":{"line":27,"column":1}}}},"branchMap":{"0":{"loc":{"start":{"line":8,"column":2},"end":{"line":10,"column":3}},"type":"if","locations":[{"start":{"line":8,"column":2},"end":{"line":10,"column":3}}]},"1":{"loc":{"start":{"line":24,"column":15},"end":{"line":24,"column":71}},"type":"cond-expr","locations":[{"start":{"line":24,"column":40},"end":{"line":24,"column":53}},{"start":{"line":24,"column":56},"end":{"line":24,"column":71}}]}},"s":{"0":1,"1":1,"2":5,"3":1,"4":4,"5":4,"6":2,"7":2,"8":2},"f":{"0":5},"b":{"0":[1],"1":[2,0]}}
,"C:\\Users\\dscanales\\Documents\\DegenScore-Card\\DegenScore-Card-1\\pages\\api\\referrals\\claim-rewards.ts": {"path":"C:\\Users\\dscanales\\Documents\\DegenScore-Card\\DegenScore-Card-1\\pages\\api\\referrals\\claim-rewards.ts","statementMap":{"0":{"start":{"line":6,"column":0},"end":{"line":6,"column":15}},"1":{"start":{"line":2,"column":0},"end":{"line":2,"column":67}},"2":{"start":{"line":3,"column":0},"end":{"line":3,"column":61}},"3":{"start":{"line":4,"column":0},"end":{"line":4,"column":38}},"4":{"start":{"line":10,"column":2},"end":{"line":12,"column":3}},"5":{"start":{"line":11,"column":4},"end":{"line":11,"column":65}},"6":{"start":{"line":14,"column":2},"end":{"line":47,"column":3}},"7":{"start":{"line":16,"column":23},"end":{"line":16,"column":48}},"8":{"start":{"line":17,"column":4},"end":{"line":19,"column":5}},"9":{"start":{"line":18,"column":6},"end":{"line":18,"column":61}},"10":{"start":{"line":21,"column":18},"end":{"line":21,"column":41}},"11":{"start":{"line":22,"column":23},"end":{"line":22,"column":48}},"12":{"start":{"line":24,"column":4},"end":{"line":26,"column":5}},"13":{"start":{"line":25,"column":6},"end":{"line":25,"column":64}},"14":{"start":{"line":28,"column":19},"end":{"line":28,"column":64}},"15":{"start":{"line":30,"column":4},"end":{"line":32,"column":5}},"16":{"start":{"line":31,"column":6},"end":{"line":31,"column":59}},"17":{"start":{"line":34,"column":4},"end":{"line":38,"column":7}},"18":{"start":{"line":40,"column":4},"end":{"line":42,"column":7}},"19":{"start":{"line":43,"column":4},"end":{"line":46,"column":7}}},"fnMap":{"0":{"name":"handler","decl":{"start":{"line":6,"column":30},"end":{"line":6,"column":37}},"loc":{"start":{"line":8,"column":22},"end":{"line":48,"column":1}}}},"branchMap":{"0":{"loc":{"start":{"line":10,"column":2},"end":{"line":12,"column":3}},"type":"if","locations":[{"start":{"line":10,"column":2},"end":{"line":12,"column":3}}]},"1":{"loc":{"start":{"line":17,"column":4},"end":{"line":19,"column":5}},"type":"if","locations":[{"start":{"line":17,"column":4},"end":{"line":19,"column":5}}]},"2":{"loc":{"start":{"line":17,"column":8},"end":{"line":17,"column":56}},"type":"binary-expr","locations":[{"start":{"line":17,"column":8},"end":{"line":17,"column":19}},{"start":{"line":17,"column":23},"end":{"line":17,"column":56}}]},"3":{"loc":{"start":{"line":24,"column":4},"end":{"line":26,"column":5}},"type":"if","locations":[{"start":{"line":24,"column":4},"end":{"line":26,"column":5}}]},"4":{"loc":{"start":{"line":24,"column":8},"end":{"line":24,"column":47}},"type":"binary-expr","locations":[{"start":{"line":24,"column":8},"end":{"line":24,"column":25}},{"start":{"line":24,"column":29},"end":{"line":24,"column":47}}]},"5":{"loc":{"start":{"line":30,"column":4},"end":{"line":32,"column":5}},"type":"if","locations":[{"start":{"line":30,"column":4},"end":{"line":32,"column":5}}]},"6":{"loc":{"start":{"line":40,"column":53},"end":{"line":40,"column":95}},"type":"cond-expr","locations":[{"start":{"line":40,"column":78},"end":{"line":40,"column":83}},{"start":{"line":40,"column":86},"end":{"line":40,"column":95}}]},"7":{"loc":{"start":{"line":45,"column":15},"end":{"line":45,"column":71}},"type":"cond-expr","locations":[{"start":{"line":45,"column":40},"end":{"line":45,"column":53}},{"start":{"line":45,"column":56},"end":{"line":45,"column":71}}]}},"s":{"0":1,"1":1,"2":1,"3":1,"4":6,"5":1,"6":5,"7":5,"8":5,"9":1,"10":4,"11":4,"12":4,"13":1,"14":3,"15":2,"16":1,"17":1,"18":1,"19":1},"f":{"0":6},"b":{"0":[1],"1":[1],"2":[5,4],"3":[1],"4":[4,3],"5":[1],"6":[1,0],"7":[1,0]}}
,"C:\\Users\\dscanales\\Documents\\DegenScore-Card\\DegenScore-Card-1\\pages\\api\\streaks\\status.ts": {"path":"C:\\Users\\dscanales\\Documents\\DegenScore-Card\\DegenScore-Card-1\\pages\\api\\streaks\\status.ts","statementMap":{"0":{"start":{"line":4,"column":0},"end":{"line":4,"column":15}},"1":{"start":{"line":2,"column":0},"end":{"line":2,"column":38}},"2":{"start":{"line":8,"column":4},"end":{"line":10,"column":5}},"3":{"start":{"line":9,"column":8},"end":{"line":9,"column":69}},"4":{"start":{"line":12,"column":4},"end":{"line":69,"column":5}},"5":{"start":{"line":13,"column":27},"end":{"line":13,"column":36}},"6":{"start":{"line":15,"column":8},"end":{"line":17,"column":9}},"7":{"start":{"line":16,"column":12},"end":{"line":16,"column":91}},"8":{"start":{"line":20,"column":27},"end":{"line":28,"column":10}},"9":{"start":{"line":30,"column":8},"end":{"line":38,"column":9}},"10":{"start":{"line":32,"column":12},"end":{"line":37,"column":15}},"11":{"start":{"line":41,"column":28},"end":{"line":41,"column":96}},"12":{"start":{"line":42,"column":22},"end":{"line":42,"column":32}},"13":{"start":{"line":43,"column":8},"end":{"line":43,"column":35}},"14":{"start":{"line":45,"column":25},"end":{"line":45,"column":29}},"15":{"start":{"line":46,"column":8},"end":{"line":58,"column":9}},"16":{"start":{"line":47,"column":36},"end":{"line":47,"column":57}},"17":{"start":{"line":48,"column":12},"end":{"line":48,"column":49}},"18":{"start":{"line":51,"column":12},"end":{"line":53,"column":13}},"19":{"start":{"line":52,"column":16},"end":{"line":52,"column":35}},"20":{"start":{"line":55,"column":12},"end":{"line":57,"column":13}},"21":{"start":{"line":56,"column":16},"end":{"line":56,"column":35}},"22":{"start":{"line":60,"column":8},"end":{"line":65,"column":11}},"23":{"start":{"line":67,"column":8},"end":{"line":67,"column":62}},"24":{"start":{"line":68,"column":8},"end":{"line":68,"column":72}}},"fnMap":{"0":{"name":"handler","decl":{"start":{"line":4,"column":30},"end":{"line":4,"column":37}},"loc":{"start":{"line":6,"column":24},"end":{"line":70,"column":1}}}},"branchMap":{"0":{"loc":{"start":{"line":8,"column":4},"end":{"line":10,"column":5}},"type":"if","locations":[{"start":{"line":8,"column":4},"end":{"line":10,"column":5}}]},"1":{"loc":{"start":{"line":15,"column":8},"end":{"line":17,"column":9}},"type":"if","locations":[{"start":{"line":15,"column":8},"end":{"line":17,"column":9}}]},"2":{"loc":{"start":{"line":15,"column":12},"end":{"line":15,"column":49}},"type":"binary-expr","locations":[{"start":{"line":15,"column":12},"end":{"line":15,"column":19}},{"start":{"line":15,"column":23},"end":{"line":15,"column":49}}]},"3":{"loc":{"start":{"line":30,"column":8},"end":{"line":38,"column":9}},"type":"if","locations":[{"start":{"line":30,"column":8},"end":{"line":38,"column":9}}]},"4":{"loc":{"start":{"line":41,"column":28},"end":{"line":41,"column":96}},"type":"cond-expr","locations":[{"start":{"line":41,"column":55},"end":{"line":41,"column":89}},{"start":{"line":41,"column":92},"end":{"line":41,"column":96}}]},"5":{"loc":{"start":{"line":46,"column":8},"end":{"line":58,"column":9}},"type":"if","locations":[{"start":{"line":46,"column":8},"end":{"line":58,"column":9}}]},"6":{"loc":{"start":{"line":51,"column":12},"end":{"line":53,"column":13}},"type":"if","locations":[{"start":{"line":51,"column":12},"end":{"line":53,"column":13}}]},"7":{"loc":{"start":{"line":55,"column":12},"end":{"line":57,"column":13}},"type":"if","locations":[{"start":{"line":55,"column":12},"end":{"line":57,"column":13}}]},"8":{"loc":{"start":{"line":61,"column":27},"end":{"line":61,"column":56}},"type":"binary-expr","locations":[{"start":{"line":61,"column":27},"end":{"line":61,"column":51}},{"start":{"line":61,"column":55},"end":{"line":61,"column":56}}]},"9":{"loc":{"start":{"line":62,"column":27},"end":{"line":62,"column":56}},"type":"binary-expr","locations":[{"start":{"line":62,"column":27},"end":{"line":62,"column":51}},{"start":{"line":62,"column":55},"end":{"line":62,"column":56}}]}},"s":{"0":1,"1":1,"2":1,"3":0,"4":1,"5":1,"6":1,"7":1,"8":0,"9":0,"10":0,"11":0,"12":0,"13":0,"14":0,"15":0,"16":0,"17":0,"18":0,"19":0,"20":0,"21":0,"22":0,"23":0,"24":0},"f":{"0":1},"b":{"0":[0],"1":[1],"2":[1,0],"3":[0],"4":[0,0],"5":[0],"6":[0],"7":[0],"8":[0,0],"9":[0,0]}}
}
