{"total": {"lines":{"total":3175,"covered":1351,"skipped":0,"pct":42.55},"statements":{"total":3402,"covered":1426,"skipped":0,"pct":41.91},"functions":{"total":491,"covered":143,"skipped":0,"pct":29.12},"branches":{"total":2115,"covered":737,"skipped":0,"pct":34.84},"branchesTrue":{"total":0,"covered":0,"skipped":0,"pct":100}}
,"C:\\Users\\dscanales\\Documents\\DegenScore-Card\\DegenScore-Card-1\\components\\leaderboard\\utils.ts": {"lines":{"total":43,"covered":43,"skipped":0,"pct":100},"functions":{"total":4,"covered":4,"skipped":0,"pct":100},"statements":{"total":72,"covered":60,"skipped":0,"pct":83.33},"branches":{"total":33,"covered":21,"skipped":0,"pct":63.63}}
,"C:\\Users\\dscanales\\Documents\\DegenScore-Card\\DegenScore-Card-1\\hooks\\useDegenCard.ts": {"lines":{"total":160,"covered":4,"skipped":0,"pct":2.5},"functions":{"total":18,"covered":0,"skipped":0,"pct":0},"statements":{"total":163,"covered":4,"skipped":0,"pct":2.45},"branches":{"total":36,"covered":0,"skipped":0,"pct":0}}
,"C:\\Users\\dscanales\\Documents\\DegenScore-Card\\DegenScore-Card-1\\hooks\\useTokenAnalysis.ts": {"lines":{"total":35,"covered":10,"skipped":0,"pct":28.57},"functions":{"total":4,"covered":1,"skipped":0,"pct":25},"statements":{"total":36,"covered":10,"skipped":0,"pct":27.77},"branches":{"total":7,"covered":0,"skipped":0,"pct":0}}
,"C:\\Users\\dscanales\\Documents\\DegenScore-Card\\DegenScore-Card-1\\hooks\\useTokenSecurity.ts": {"lines":{"total":53,"covered":3,"skipped":0,"pct":5.66},"functions":{"total":6,"covered":0,"skipped":0,"pct":0},"statements":{"total":53,"covered":3,"skipped":0,"pct":5.66},"branches":{"total":9,"covered":0,"skipped":0,"pct":0}}
,"C:\\Users\\dscanales\\Documents\\DegenScore-Card\\DegenScore-Card-1\\hooks\\useWhaleRadar.ts": {"lines":{"total":119,"covered":76,"skipped":0,"pct":63.86},"functions":{"total":21,"covered":14,"skipped":0,"pct":66.66},"statements":{"total":137,"covered":84,"skipped":0,"pct":61.31},"branches":{"total":53,"covered":22,"skipped":0,"pct":41.5}}
,"C:\\Users\\dscanales\\Documents\\DegenScore-Card\\DegenScore-Card-1\\lib\\adminAuth.ts": {"lines":{"total":18,"covered":3,"skipped":0,"pct":16.66},"functions":{"total":4,"covered":0,"skipped":0,"pct":0},"statements":{"total":20,"covered":3,"skipped":0,"pct":15},"branches":{"total":22,"covered":0,"skipped":0,"pct":0}}
,"C:\\Users\\dscanales\\Documents\\DegenScore-Card\\DegenScore-Card-1\\lib\\aiCoach.ts": {"lines":{"total":92,"covered":12,"skipped":0,"pct":13.04},"functions":{"total":16,"covered":0,"skipped":0,"pct":0},"statements":{"total":97,"covered":12,"skipped":0,"pct":12.37},"branches":{"total":72,"covered":3,"skipped":0,"pct":4.16}}
,"C:\\Users\\dscanales\\Documents\\DegenScore-Card\\DegenScore-Card-1\\lib\\badges-advanced.ts": {"lines":{"total":85,"covered":7,"skipped":0,"pct":8.23},"functions":{"total":55,"covered":0,"skipped":0,"pct":0},"statements":{"total":86,"covered":7,"skipped":0,"pct":8.13},"branches":{"total":18,"covered":0,"skipped":0,"pct":0}}
,"C:\\Users\\dscanales\\Documents\\DegenScore-Card\\DegenScore-Card-1\\lib\\badges-generator.ts": {"lines":{"total":15,"covered":9,"skipped":0,"pct":60},"functions":{"total":1,"covered":1,"skipped":0,"pct":100},"statements":{"total":15,"covered":9,"skipped":0,"pct":60},"branches":{"total":6,"covered":0,"skipped":0,"pct":0}}
,"C:\\Users\\dscanales\\Documents\\DegenScore-Card\\DegenScore-Card-1\\lib\\badges-with-points.ts": {"lines":{"total":69,"covered":17,"skipped":0,"pct":24.63},"functions":{"total":25,"covered":0,"skipped":0,"pct":0},"statements":{"total":90,"covered":17,"skipped":0,"pct":18.88},"branches":{"total":31,"covered":0,"skipped":0,"pct":0}}
,"C:\\Users\\dscanales\\Documents\\DegenScore-Card\\DegenScore-Card-1\\lib\\challenges.ts": {"lines":{"total":93,"covered":86,"skipped":0,"pct":92.47},"functions":{"total":14,"covered":14,"skipped":0,"pct":100},"statements":{"total":99,"covered":91,"skipped":0,"pct":91.91},"branches":{"total":42,"covered":38,"skipped":0,"pct":90.47}}
,"C:\\Users\\dscanales\\Documents\\DegenScore-Card\\DegenScore-Card-1\\lib\\config.ts": {"lines":{"total":18,"covered":8,"skipped":0,"pct":44.44},"functions":{"total":3,"covered":0,"skipped":0,"pct":0},"statements":{"total":19,"covered":8,"skipped":0,"pct":42.1},"branches":{"total":18,"covered":11,"skipped":0,"pct":61.11}}
,"C:\\Users\\dscanales\\Documents\\DegenScore-Card\\DegenScore-Card-1\\lib\\csrfProtection.ts": {"lines":{"total":27,"covered":3,"skipped":0,"pct":11.11},"functions":{"total":4,"covered":0,"skipped":0,"pct":0},"statements":{"total":28,"covered":3,"skipped":0,"pct":10.71},"branches":{"total":10,"covered":0,"skipped":0,"pct":0}}
,"C:\\Users\\dscanales\\Documents\\DegenScore-Card\\DegenScore-Card-1\\lib\\errors.ts": {"lines":{"total":41,"covered":26,"skipped":0,"pct":63.41},"functions":{"total":14,"covered":5,"skipped":0,"pct":35.71},"statements":{"total":41,"covered":26,"skipped":0,"pct":63.41},"branches":{"total":8,"covered":2,"skipped":0,"pct":25}}
,"C:\\Users\\dscanales\\Documents\\DegenScore-Card\\DegenScore-Card-1\\lib\\exportHelpers.ts": {"lines":{"total":15,"covered":4,"skipped":0,"pct":26.66},"functions":{"total":5,"covered":0,"skipped":0,"pct":0},"statements":{"total":15,"covered":4,"skipped":0,"pct":26.66},"branches":{"total":11,"covered":0,"skipped":0,"pct":0}}
,"C:\\Users\\dscanales\\Documents\\DegenScore-Card\\DegenScore-Card-1\\lib\\fileUploadValidation.ts": {"lines":{"total":95,"covered":11,"skipped":0,"pct":11.57},"functions":{"total":13,"covered":0,"skipped":0,"pct":0},"statements":{"total":97,"covered":11,"skipped":0,"pct":11.34},"branches":{"total":34,"covered":0,"skipped":0,"pct":0}}
,"C:\\Users\\dscanales\\Documents\\DegenScore-Card\\DegenScore-Card-1\\lib\\flashSales.ts": {"lines":{"total":69,"covered":19,"skipped":0,"pct":27.53},"functions":{"total":9,"covered":2,"skipped":0,"pct":22.22},"statements":{"total":72,"covered":19,"skipped":0,"pct":26.38},"branches":{"total":23,"covered":0,"skipped":0,"pct":0}}
,"C:\\Users\\dscanales\\Documents\\DegenScore-Card\\DegenScore-Card-1\\lib\\logger.ts": {"lines":{"total":40,"covered":11,"skipped":0,"pct":27.5},"functions":{"total":16,"covered":5,"skipped":0,"pct":31.25},"statements":{"total":40,"covered":11,"skipped":0,"pct":27.5},"branches":{"total":21,"covered":10,"skipped":0,"pct":47.61}}
,"C:\\Users\\dscanales\\Documents\\DegenScore-Card\\DegenScore-Card-1\\lib\\notifications.ts": {"lines":{"total":68,"covered":6,"skipped":0,"pct":8.82},"functions":{"total":9,"covered":0,"skipped":0,"pct":0},"statements":{"total":69,"covered":6,"skipped":0,"pct":8.69},"branches":{"total":37,"covered":0,"skipped":0,"pct":0}}
,"C:\\Users\\dscanales\\Documents\\DegenScore-Card\\DegenScore-Card-1\\lib\\prisma.ts": {"lines":{"total":21,"covered":18,"skipped":0,"pct":85.71},"functions":{"total":1,"covered":1,"skipped":0,"pct":100},"statements":{"total":23,"covered":19,"skipped":0,"pct":82.6},"branches":{"total":21,"covered":11,"skipped":0,"pct":52.38}}
,"C:\\Users\\dscanales\\Documents\\DegenScore-Card\\DegenScore-Card-1\\lib\\queryOptimization.ts": {"lines":{"total":58,"covered":13,"skipped":0,"pct":22.41},"functions":{"total":14,"covered":0,"skipped":0,"pct":0},"statements":{"total":61,"covered":13,"skipped":0,"pct":21.31},"branches":{"total":20,"covered":0,"skipped":0,"pct":0}}
,"C:\\Users\\dscanales\\Documents\\DegenScore-Card\\DegenScore-Card-1\\lib\\rateLimit.ts": {"lines":{"total":43,"covered":7,"skipped":0,"pct":16.27},"functions":{"total":6,"covered":0,"skipped":0,"pct":0},"statements":{"total":43,"covered":7,"skipped":0,"pct":16.27},"branches":{"total":26,"covered":0,"skipped":0,"pct":0}}
,"C:\\Users\\dscanales\\Documents\\DegenScore-Card\\DegenScore-Card-1\\lib\\referralEngine.ts": {"lines":{"total":83,"covered":16,"skipped":0,"pct":19.27},"functions":{"total":13,"covered":1,"skipped":0,"pct":7.69},"statements":{"total":84,"covered":16,"skipped":0,"pct":19.04},"branches":{"total":39,"covered":2,"skipped":0,"pct":5.12}}
,"C:\\Users\\dscanales\\Documents\\DegenScore-Card\\DegenScore-Card-1\\lib\\retryLogic.ts": {"lines":{"total":64,"covered":37,"skipped":0,"pct":57.81},"functions":{"total":11,"covered":6,"skipped":0,"pct":54.54},"statements":{"total":66,"covered":38,"skipped":0,"pct":57.57},"branches":{"total":80,"covered":52,"skipped":0,"pct":65}}
,"C:\\Users\\dscanales\\Documents\\DegenScore-Card\\DegenScore-Card-1\\lib\\sanitize.ts": {"lines":{"total":49,"covered":39,"skipped":0,"pct":79.59},"functions":{"total":8,"covered":5,"skipped":0,"pct":62.5},"statements":{"total":55,"covered":43,"skipped":0,"pct":78.18},"branches":{"total":24,"covered":16,"skipped":0,"pct":66.66}}
,"C:\\Users\\dscanales\\Documents\\DegenScore-Card\\DegenScore-Card-1\\lib\\streaks.ts": {"lines":{"total":59,"covered":5,"skipped":0,"pct":8.47},"functions":{"total":9,"covered":0,"skipped":0,"pct":0},"statements":{"total":66,"covered":5,"skipped":0,"pct":7.57},"branches":{"total":34,"covered":0,"skipped":0,"pct":0}}
,"C:\\Users\\dscanales\\Documents\\DegenScore-Card\\DegenScore-Card-1\\lib\\walletAuth.ts": {"lines":{"total":53,"covered":7,"skipped":0,"pct":13.2},"functions":{"total":6,"covered":0,"skipped":0,"pct":0},"statements":{"total":53,"covered":7,"skipped":0,"pct":13.2},"branches":{"total":18,"covered":0,"skipped":0,"pct":0}}
,"C:\\Users\\dscanales\\Documents\\DegenScore-Card\\DegenScore-Card-1\\lib\\whaleTracker.ts": {"lines":{"total":117,"covered":15,"skipped":0,"pct":12.82},"functions":{"total":21,"covered":0,"skipped":0,"pct":0},"statements":{"total":122,"covered":15,"skipped":0,"pct":12.29},"branches":{"total":50,"covered":0,"skipped":0,"pct":0}}
,"C:\\Users\\dscanales\\Documents\\DegenScore-Card\\DegenScore-Card-1\\lib\\cache\\redis.ts": {"lines":{"total":81,"covered":14,"skipped":0,"pct":17.28},"functions":{"total":16,"covered":0,"skipped":0,"pct":0},"statements":{"total":81,"covered":14,"skipped":0,"pct":17.28},"branches":{"total":47,"covered":2,"skipped":0,"pct":4.25}}
,"C:\\Users\\dscanales\\Documents\\DegenScore-Card\\DegenScore-Card-1\\lib\\services\\superTokenScorer.ts": {"lines":{"total":692,"covered":426,"skipped":0,"pct":61.56},"functions":{"total":50,"covered":38,"skipped":0,"pct":76},"statements":{"total":756,"covered":455,"skipped":0,"pct":60.18},"branches":{"total":669,"covered":328,"skipped":0,"pct":49.02}}
,"C:\\Users\\dscanales\\Documents\\DegenScore-Card\\DegenScore-Card-1\\lib\\services\\tokenSecurityAnalyzer.ts": {"lines":{"total":402,"covered":219,"skipped":0,"pct":54.47},"functions":{"total":57,"covered":33,"skipped":0,"pct":57.89},"statements":{"total":436,"covered":229,"skipped":0,"pct":52.52},"branches":{"total":457,"covered":166,"skipped":0,"pct":36.32}}
,"C:\\Users\\dscanales\\Documents\\DegenScore-Card\\DegenScore-Card-1\\lib\\utils\\date.ts": {"lines":{"total":28,"covered":7,"skipped":0,"pct":25},"functions":{"total":4,"covered":1,"skipped":0,"pct":25},"statements":{"total":31,"covered":7,"skipped":0,"pct":22.58},"branches":{"total":16,"covered":3,"skipped":0,"pct":18.75}}
,"C:\\Users\\dscanales\\Documents\\DegenScore-Card\\DegenScore-Card-1\\lib\\utils\\format.ts": {"lines":{"total":20,"covered":6,"skipped":0,"pct":30},"functions":{"total":6,"covered":0,"skipped":0,"pct":0},"statements":{"total":25,"covered":6,"skipped":0,"pct":24},"branches":{"total":9,"covered":0,"skipped":0,"pct":0}}
,"C:\\Users\\dscanales\\Documents\\DegenScore-Card\\DegenScore-Card-1\\lib\\utils\\number.ts": {"lines":{"total":16,"covered":6,"skipped":0,"pct":37.5},"functions":{"total":5,"covered":1,"skipped":0,"pct":20},"statements":{"total":16,"covered":6,"skipped":0,"pct":37.5},"branches":{"total":6,"covered":0,"skipped":0,"pct":0}}
,"C:\\Users\\dscanales\\Documents\\DegenScore-Card\\DegenScore-Card-1\\pages\\api\\analyze.ts": {"lines":{"total":36,"covered":35,"skipped":0,"pct":97.22},"functions":{"total":3,"covered":2,"skipped":0,"pct":66.66},"statements":{"total":37,"covered":35,"skipped":0,"pct":94.59},"branches":{"total":26,"covered":14,"skipped":0,"pct":53.84}}
,"C:\\Users\\dscanales\\Documents\\DegenScore-Card\\DegenScore-Card-1\\pages\\api\\health.ts": {"lines":{"total":11,"covered":9,"skipped":0,"pct":81.81},"functions":{"total":1,"covered":1,"skipped":0,"pct":100},"statements":{"total":11,"covered":9,"skipped":0,"pct":81.81},"branches":{"total":9,"covered":4,"skipped":0,"pct":44.44}}
,"C:\\Users\\dscanales\\Documents\\DegenScore-Card\\DegenScore-Card-1\\pages\\api\\super-token-score.ts": {"lines":{"total":67,"covered":54,"skipped":0,"pct":80.59},"functions":{"total":14,"covered":3,"skipped":0,"pct":21.42},"statements":{"total":67,"covered":54,"skipped":0,"pct":80.59},"branches":{"total":25,"covered":15,"skipped":0,"pct":60}}
,"C:\\Users\\dscanales\\Documents\\DegenScore-Card\\DegenScore-Card-1\\pages\\api\\admin\\system-health.ts": {"lines":{"total":34,"covered":9,"skipped":0,"pct":26.47},"functions":{"total":1,"covered":1,"skipped":0,"pct":100},"statements":{"total":34,"covered":9,"skipped":0,"pct":26.47},"branches":{"total":14,"covered":2,"skipped":0,"pct":14.28}}
,"C:\\Users\\dscanales\\Documents\\DegenScore-Card\\DegenScore-Card-1\\pages\\api\\cron\\detect-whales.ts": {"lines":{"total":32,"covered":15,"skipped":0,"pct":46.87},"functions":{"total":1,"covered":1,"skipped":0,"pct":100},"statements":{"total":32,"covered":15,"skipped":0,"pct":46.87},"branches":{"total":5,"covered":1,"skipped":0,"pct":20}}
,"C:\\Users\\dscanales\\Documents\\DegenScore-Card\\DegenScore-Card-1\\pages\\api\\flash-sales\\active.ts": {"lines":{"total":9,"covered":9,"skipped":0,"pct":100},"functions":{"total":1,"covered":1,"skipped":0,"pct":100},"statements":{"total":9,"covered":9,"skipped":0,"pct":100},"branches":{"total":3,"covered":2,"skipped":0,"pct":66.66}}
,"C:\\Users\\dscanales\\Documents\\DegenScore-Card\\DegenScore-Card-1\\pages\\api\\referrals\\claim-rewards.ts": {"lines":{"total":20,"covered":20,"skipped":0,"pct":100},"functions":{"total":1,"covered":1,"skipped":0,"pct":100},"statements":{"total":20,"covered":20,"skipped":0,"pct":100},"branches":{"total":12,"covered":10,"skipped":0,"pct":83.33}}
,"C:\\Users\\dscanales\\Documents\\DegenScore-Card\\DegenScore-Card-1\\pages\\api\\streaks\\status.ts": {"lines":{"total":25,"covered":7,"skipped":0,"pct":28},"functions":{"total":1,"covered":1,"skipped":0,"pct":100},"statements":{"total":25,"covered":7,"skipped":0,"pct":28},"branches":{"total":14,"covered":2,"skipped":0,"pct":14.28}}
}
