{"total": {"lines":{"total":7964,"covered":1738,"skipped":0,"pct":21.82},"statements":{"total":8475,"covered":1838,"skipped":0,"pct":21.68},"functions":{"total":1252,"covered":353,"skipped":0,"pct":28.19},"branches":{"total":4236,"covered":631,"skipped":0,"pct":14.89},"branchesTrue":{"total":0,"covered":0,"skipped":0,"pct":100}}
,"C:\\Users\\dscanales\\Documents\\DegenScore-Card\\DegenScore-Card-1\\components\\AITradingCoach.tsx": {"lines":{"total":74,"covered":20,"skipped":0,"pct":27.02},"functions":{"total":11,"covered":3,"skipped":0,"pct":27.27},"statements":{"total":76,"covered":20,"skipped":0,"pct":26.31},"branches":{"total":34,"covered":1,"skipped":0,"pct":2.94}}
,"C:\\Users\\dscanales\\Documents\\DegenScore-Card\\DegenScore-Card-1\\components\\AchievementPopup.tsx": {"lines":{"total":18,"covered":16,"skipped":0,"pct":88.88},"functions":{"total":5,"covered":4,"skipped":0,"pct":80},"statements":{"total":23,"covered":21,"skipped":0,"pct":91.3},"branches":{"total":3,"covered":3,"skipped":0,"pct":100}}
,"C:\\Users\\dscanales\\Documents\\DegenScore-Card\\DegenScore-Card-1\\components\\Analytics.tsx": {"lines":{"total":5,"covered":5,"skipped":0,"pct":100},"functions":{"total":1,"covered":1,"skipped":0,"pct":100},"statements":{"total":7,"covered":7,"skipped":0,"pct":100},"branches":{"total":1,"covered":1,"skipped":0,"pct":100}}
,"C:\\Users\\dscanales\\Documents\\DegenScore-Card\\DegenScore-Card-1\\components\\AnalyticsDashboard.tsx": {"lines":{"total":55,"covered":25,"skipped":0,"pct":45.45},"functions":{"total":16,"covered":6,"skipped":0,"pct":37.5},"statements":{"total":56,"covered":26,"skipped":0,"pct":46.42},"branches":{"total":74,"covered":13,"skipped":0,"pct":17.56}}
,"C:\\Users\\dscanales\\Documents\\DegenScore-Card\\DegenScore-Card-1\\components\\AnimatedToast.tsx": {"lines":{"total":33,"covered":17,"skipped":0,"pct":51.51},"functions":{"total":21,"covered":7,"skipped":0,"pct":33.33},"statements":{"total":41,"covered":21,"skipped":0,"pct":51.21},"branches":{"total":6,"covered":5,"skipped":0,"pct":83.33}}
,"C:\\Users\\dscanales\\Documents\\DegenScore-Card\\DegenScore-Card-1\\components\\BadgesDisplay.tsx": {"lines":{"total":13,"covered":10,"skipped":0,"pct":76.92},"functions":{"total":5,"covered":2,"skipped":0,"pct":40},"statements":{"total":14,"covered":11,"skipped":0,"pct":78.57},"branches":{"total":16,"covered":12,"skipped":0,"pct":75}}
,"C:\\Users\\dscanales\\Documents\\DegenScore-Card\\DegenScore-Card-1\\components\\Celebration.tsx": {"lines":{"total":40,"covered":35,"skipped":0,"pct":87.5},"functions":{"total":6,"covered":5,"skipped":0,"pct":83.33},"statements":{"total":43,"covered":38,"skipped":0,"pct":88.37},"branches":{"total":16,"covered":9,"skipped":0,"pct":56.25}}
,"C:\\Users\\dscanales\\Documents\\DegenScore-Card\\DegenScore-Card-1\\components\\ChallengeWinnersWidget.tsx": {"lines":{"total":30,"covered":14,"skipped":0,"pct":46.66},"functions":{"total":7,"covered":3,"skipped":0,"pct":42.85},"statements":{"total":30,"covered":14,"skipped":0,"pct":46.66},"branches":{"total":18,"covered":1,"skipped":0,"pct":5.55}}
,"C:\\Users\\dscanales\\Documents\\DegenScore-Card\\DegenScore-Card-1\\components\\CompareContent.tsx": {"lines":{"total":47,"covered":43,"skipped":0,"pct":91.48},"functions":{"total":13,"covered":13,"skipped":0,"pct":100},"statements":{"total":53,"covered":45,"skipped":0,"pct":84.9},"branches":{"total":43,"covered":22,"skipped":0,"pct":51.16}}
,"C:\\Users\\dscanales\\Documents\\DegenScore-Card\\DegenScore-Card-1\\components\\DailyChallengesWidget.tsx": {"lines":{"total":39,"covered":37,"skipped":0,"pct":94.87},"functions":{"total":6,"covered":6,"skipped":0,"pct":100},"statements":{"total":40,"covered":37,"skipped":0,"pct":92.5},"branches":{"total":34,"covered":26,"skipped":0,"pct":76.47}}
,"C:\\Users\\dscanales\\Documents\\DegenScore-Card\\DegenScore-Card-1\\components\\DailyCheckIn.tsx": {"lines":{"total":37,"covered":32,"skipped":0,"pct":86.48},"functions":{"total":4,"covered":2,"skipped":0,"pct":50},"statements":{"total":40,"covered":33,"skipped":0,"pct":82.5},"branches":{"total":27,"covered":17,"skipped":0,"pct":62.96}}
,"C:\\Users\\dscanales\\Documents\\DegenScore-Card\\DegenScore-Card-1\\components\\Dashboard.tsx": {"lines":{"total":2,"covered":2,"skipped":0,"pct":100},"functions":{"total":1,"covered":1,"skipped":0,"pct":100},"statements":{"total":3,"covered":3,"skipped":0,"pct":100},"branches":{"total":0,"covered":0,"skipped":0,"pct":100}}
,"C:\\Users\\dscanales\\Documents\\DegenScore-Card\\DegenScore-Card-1\\components\\DegenCard.tsx": {"lines":{"total":23,"covered":15,"skipped":0,"pct":65.21},"functions":{"total":6,"covered":1,"skipped":0,"pct":16.66},"statements":{"total":23,"covered":15,"skipped":0,"pct":65.21},"branches":{"total":8,"covered":8,"skipped":0,"pct":100}}
,"C:\\Users\\dscanales\\Documents\\DegenScore-Card\\DegenScore-Card-1\\components\\DegenCardRefactored.tsx": {"lines":{"total":68,"covered":30,"skipped":0,"pct":44.11},"functions":{"total":34,"covered":5,"skipped":0,"pct":14.7},"statements":{"total":80,"covered":30,"skipped":0,"pct":37.5},"branches":{"total":19,"covered":6,"skipped":0,"pct":31.57}}
,"C:\\Users\\dscanales\\Documents\\DegenScore-Card\\DegenScore-Card-1\\components\\DocumentationContent.tsx": {"lines":{"total":20,"covered":19,"skipped":0,"pct":95},"functions":{"total":2,"covered":2,"skipped":0,"pct":100},"statements":{"total":21,"covered":20,"skipped":0,"pct":95.23},"branches":{"total":1,"covered":1,"skipped":0,"pct":100}}
,"C:\\Users\\dscanales\\Documents\\DegenScore-Card\\DegenScore-Card-1\\components\\EnhancedSkeletonLoader.tsx": {"lines":{"total":13,"covered":8,"skipped":0,"pct":61.53},"functions":{"total":13,"covered":13,"skipped":0,"pct":100},"statements":{"total":13,"covered":8,"skipped":0,"pct":61.53},"branches":{"total":11,"covered":9,"skipped":0,"pct":81.81}}
,"C:\\Users\\dscanales\\Documents\\DegenScore-Card\\DegenScore-Card-1\\components\\ErrorBoundary.tsx": {"lines":{"total":12,"covered":10,"skipped":0,"pct":83.33},"functions":{"total":5,"covered":4,"skipped":0,"pct":80},"statements":{"total":12,"covered":10,"skipped":0,"pct":83.33},"branches":{"total":4,"covered":2,"skipped":0,"pct":50}}
,"C:\\Users\\dscanales\\Documents\\DegenScore-Card\\DegenScore-Card-1\\components\\FollowButton.tsx": {"lines":{"total":69,"covered":42,"skipped":0,"pct":60.86},"functions":{"total":8,"covered":7,"skipped":0,"pct":87.5},"statements":{"total":73,"covered":44,"skipped":0,"pct":60.27},"branches":{"total":40,"covered":25,"skipped":0,"pct":62.5}}
,"C:\\Users\\dscanales\\Documents\\DegenScore-Card\\DegenScore-Card-1\\components\\FollowingContent.tsx": {"lines":{"total":36,"covered":34,"skipped":0,"pct":94.44},"functions":{"total":6,"covered":6,"skipped":0,"pct":100},"statements":{"total":37,"covered":34,"skipped":0,"pct":91.89},"branches":{"total":22,"covered":12,"skipped":0,"pct":54.54}}
,"C:\\Users\\dscanales\\Documents\\DegenScore-Card\\DegenScore-Card-1\\components\\GlobalStats.tsx": {"lines":{"total":30,"covered":28,"skipped":0,"pct":93.33},"functions":{"total":7,"covered":5,"skipped":0,"pct":71.42},"statements":{"total":33,"covered":30,"skipped":0,"pct":90.9},"branches":{"total":28,"covered":21,"skipped":0,"pct":75}}
,"C:\\Users\\dscanales\\Documents\\DegenScore-Card\\DegenScore-Card-1\\components\\Header.tsx": {"lines":{"total":7,"covered":7,"skipped":0,"pct":100},"functions":{"total":1,"covered":1,"skipped":0,"pct":100},"statements":{"total":9,"covered":9,"skipped":0,"pct":100},"branches":{"total":3,"covered":2,"skipped":0,"pct":66.66}}
,"C:\\Users\\dscanales\\Documents\\DegenScore-Card\\DegenScore-Card-1\\components\\HeroButton.tsx": {"lines":{"total":2,"covered":2,"skipped":0,"pct":100},"functions":{"total":1,"covered":1,"skipped":0,"pct":100},"statements":{"total":2,"covered":2,"skipped":0,"pct":100},"branches":{"total":2,"covered":2,"skipped":0,"pct":100}}
,"C:\\Users\\dscanales\\Documents\\DegenScore-Card\\DegenScore-Card-1\\components\\HotFeedWidget.tsx": {"lines":{"total":26,"covered":24,"skipped":0,"pct":92.3},"functions":{"total":10,"covered":8,"skipped":0,"pct":80},"statements":{"total":28,"covered":26,"skipped":0,"pct":92.85},"branches":{"total":25,"covered":15,"skipped":0,"pct":60}}
,"C:\\Users\\dscanales\\Documents\\DegenScore-Card\\DegenScore-Card-1\\components\\LanguageSelector.tsx": {"lines":{"total":39,"covered":18,"skipped":0,"pct":46.15},"functions":{"total":18,"covered":6,"skipped":0,"pct":33.33},"statements":{"total":46,"covered":22,"skipped":0,"pct":47.82},"branches":{"total":22,"covered":8,"skipped":0,"pct":36.36}}
,"C:\\Users\\dscanales\\Documents\\DegenScore-Card\\DegenScore-Card-1\\components\\LeaderboardClient.tsx": {"lines":{"total":5,"covered":5,"skipped":0,"pct":100},"functions":{"total":5,"covered":5,"skipped":0,"pct":100},"statements":{"total":6,"covered":6,"skipped":0,"pct":100},"branches":{"total":0,"covered":0,"skipped":0,"pct":100}}
,"C:\\Users\\dscanales\\Documents\\DegenScore-Card\\DegenScore-Card-1\\components\\LeaderboardContent.tsx": {"lines":{"total":60,"covered":33,"skipped":0,"pct":55},"functions":{"total":18,"covered":7,"skipped":0,"pct":38.88},"statements":{"total":63,"covered":34,"skipped":0,"pct":53.96},"branches":{"total":26,"covered":3,"skipped":0,"pct":11.53}}
,"C:\\Users\\dscanales\\Documents\\DegenScore-Card\\DegenScore-Card-1\\components\\LiveActivityFeed.tsx": {"lines":{"total":34,"covered":29,"skipped":0,"pct":85.29},"functions":{"total":12,"covered":8,"skipped":0,"pct":66.66},"statements":{"total":40,"covered":33,"skipped":0,"pct":82.5},"branches":{"total":14,"covered":12,"skipped":0,"pct":85.71}}
,"C:\\Users\\dscanales\\Documents\\DegenScore-Card\\DegenScore-Card-1\\components\\NavigationButtons.tsx": {"lines":{"total":6,"covered":6,"skipped":0,"pct":100},"functions":{"total":2,"covered":2,"skipped":0,"pct":100},"statements":{"total":8,"covered":8,"skipped":0,"pct":100},"branches":{"total":8,"covered":4,"skipped":0,"pct":50}}
,"C:\\Users\\dscanales\\Documents\\DegenScore-Card\\DegenScore-Card-1\\components\\NotificationSettings.tsx": {"lines":{"total":63,"covered":35,"skipped":0,"pct":55.55},"functions":{"total":17,"covered":5,"skipped":0,"pct":29.41},"statements":{"total":66,"covered":35,"skipped":0,"pct":53.03},"branches":{"total":24,"covered":4,"skipped":0,"pct":16.66}}
,"C:\\Users\\dscanales\\Documents\\DegenScore-Card\\DegenScore-Card-1\\components\\OnboardingTour.tsx": {"lines":{"total":22,"covered":12,"skipped":0,"pct":54.54},"functions":{"total":5,"covered":2,"skipped":0,"pct":40},"statements":{"total":23,"covered":12,"skipped":0,"pct":52.17},"branches":{"total":4,"covered":1,"skipped":0,"pct":25}}
,"C:\\Users\\dscanales\\Documents\\DegenScore-Card\\DegenScore-Card-1\\components\\PageTransition.tsx": {"lines":{"total":18,"covered":4,"skipped":0,"pct":22.22},"functions":{"total":11,"covered":1,"skipped":0,"pct":9.09},"statements":{"total":18,"covered":4,"skipped":0,"pct":22.22},"branches":{"total":16,"covered":2,"skipped":0,"pct":12.5}}
,"C:\\Users\\dscanales\\Documents\\DegenScore-Card\\DegenScore-Card-1\\components\\PaymentButton.tsx": {"lines":{"total":52,"covered":12,"skipped":0,"pct":23.07},"functions":{"total":4,"covered":1,"skipped":0,"pct":25},"statements":{"total":53,"covered":12,"skipped":0,"pct":22.64},"branches":{"total":14,"covered":1,"skipped":0,"pct":7.14}}
,"C:\\Users\\dscanales\\Documents\\DegenScore-Card\\DegenScore-Card-1\\components\\ProfileFormModal.tsx": {"lines":{"total":80,"covered":13,"skipped":0,"pct":16.25},"functions":{"total":7,"covered":1,"skipped":0,"pct":14.28},"statements":{"total":85,"covered":14,"skipped":0,"pct":16.47},"branches":{"total":32,"covered":2,"skipped":0,"pct":6.25}}
,"C:\\Users\\dscanales\\Documents\\DegenScore-Card\\DegenScore-Card-1\\components\\RankingsWidget.tsx": {"lines":{"total":25,"covered":24,"skipped":0,"pct":96},"functions":{"total":10,"covered":9,"skipped":0,"pct":90},"statements":{"total":25,"covered":24,"skipped":0,"pct":96},"branches":{"total":30,"covered":23,"skipped":0,"pct":76.66}}
,"C:\\Users\\dscanales\\Documents\\DegenScore-Card\\DegenScore-Card-1\\components\\RealtimeLeaderboard.tsx": {"lines":{"total":42,"covered":24,"skipped":0,"pct":57.14},"functions":{"total":10,"covered":4,"skipped":0,"pct":40},"statements":{"total":44,"covered":25,"skipped":0,"pct":56.81},"branches":{"total":29,"covered":7,"skipped":0,"pct":24.13}}
,"C:\\Users\\dscanales\\Documents\\DegenScore-Card\\DegenScore-Card-1\\components\\ReferralDashboard.tsx": {"lines":{"total":27,"covered":15,"skipped":0,"pct":55.55},"functions":{"total":4,"covered":2,"skipped":0,"pct":50},"statements":{"total":27,"covered":15,"skipped":0,"pct":55.55},"branches":{"total":16,"covered":2,"skipped":0,"pct":12.5}}
,"C:\\Users\\dscanales\\Documents\\DegenScore-Card\\DegenScore-Card-1\\components\\ReferralSystem.tsx": {"lines":{"total":42,"covered":27,"skipped":0,"pct":64.28},"functions":{"total":10,"covered":4,"skipped":0,"pct":40},"statements":{"total":43,"covered":27,"skipped":0,"pct":62.79},"branches":{"total":13,"covered":5,"skipped":0,"pct":38.46}}
,"C:\\Users\\dscanales\\Documents\\DegenScore-Card\\DegenScore-Card-1\\components\\SEOHead.tsx": {"lines":{"total":8,"covered":8,"skipped":0,"pct":100},"functions":{"total":1,"covered":1,"skipped":0,"pct":100},"statements":{"total":8,"covered":8,"skipped":0,"pct":100},"branches":{"total":13,"covered":13,"skipped":0,"pct":100}}
,"C:\\Users\\dscanales\\Documents\\DegenScore-Card\\DegenScore-Card-1\\components\\ScarcityBanner.tsx": {"lines":{"total":26,"covered":24,"skipped":0,"pct":92.3},"functions":{"total":6,"covered":4,"skipped":0,"pct":66.66},"statements":{"total":28,"covered":26,"skipped":0,"pct":92.85},"branches":{"total":16,"covered":13,"skipped":0,"pct":81.25}}
,"C:\\Users\\dscanales\\Documents\\DegenScore-Card\\DegenScore-Card-1\\components\\ScoreHistoryChart.tsx": {"lines":{"total":36,"covered":25,"skipped":0,"pct":69.44},"functions":{"total":7,"covered":3,"skipped":0,"pct":42.85},"statements":{"total":37,"covered":25,"skipped":0,"pct":67.56},"branches":{"total":24,"covered":4,"skipped":0,"pct":16.66}}
,"C:\\Users\\dscanales\\Documents\\DegenScore-Card\\DegenScore-Card-1\\components\\SettingsContent.tsx": {"lines":{"total":7,"covered":5,"skipped":0,"pct":71.42},"functions":{"total":4,"covered":3,"skipped":0,"pct":75},"statements":{"total":7,"covered":5,"skipped":0,"pct":71.42},"branches":{"total":0,"covered":0,"skipped":0,"pct":100}}
,"C:\\Users\\dscanales\\Documents\\DegenScore-Card\\DegenScore-Card-1\\components\\ShareModal.tsx": {"lines":{"total":33,"covered":4,"skipped":0,"pct":12.12},"functions":{"total":7,"covered":1,"skipped":0,"pct":14.28},"statements":{"total":44,"covered":5,"skipped":0,"pct":11.36},"branches":{"total":19,"covered":1,"skipped":0,"pct":5.26}}
,"C:\\Users\\dscanales\\Documents\\DegenScore-Card\\DegenScore-Card-1\\components\\SkeletonLoader.tsx": {"lines":{"total":15,"covered":9,"skipped":0,"pct":60},"functions":{"total":12,"covered":7,"skipped":0,"pct":58.33},"statements":{"total":15,"covered":9,"skipped":0,"pct":60},"branches":{"total":9,"covered":4,"skipped":0,"pct":44.44}}
,"C:\\Users\\dscanales\\Documents\\DegenScore-Card\\DegenScore-Card-1\\components\\StreakWidget.tsx": {"lines":{"total":36,"covered":17,"skipped":0,"pct":47.22},"functions":{"total":5,"covered":3,"skipped":0,"pct":60},"statements":{"total":38,"covered":17,"skipped":0,"pct":44.73},"branches":{"total":26,"covered":2,"skipped":0,"pct":7.69}}
,"C:\\Users\\dscanales\\Documents\\DegenScore-Card\\DegenScore-Card-1\\components\\SuperTokenScorer.tsx": {"lines":{"total":11,"covered":11,"skipped":0,"pct":100},"functions":{"total":1,"covered":1,"skipped":0,"pct":100},"statements":{"total":11,"covered":11,"skipped":0,"pct":100},"branches":{"total":1,"covered":1,"skipped":0,"pct":100}}
,"C:\\Users\\dscanales\\Documents\\DegenScore-Card\\DegenScore-Card-1\\components\\SuperTokenScorerContent.tsx": {"lines":{"total":8,"covered":5,"skipped":0,"pct":62.5},"functions":{"total":2,"covered":1,"skipped":0,"pct":50},"statements":{"total":9,"covered":6,"skipped":0,"pct":66.66},"branches":{"total":0,"covered":0,"skipped":0,"pct":100}}
,"C:\\Users\\dscanales\\Documents\\DegenScore-Card\\DegenScore-Card-1\\components\\TokenScannerContent.tsx": {"lines":{"total":8,"covered":6,"skipped":0,"pct":75},"functions":{"total":2,"covered":1,"skipped":0,"pct":50},"statements":{"total":9,"covered":7,"skipped":0,"pct":77.77},"branches":{"total":0,"covered":0,"skipped":0,"pct":100}}
,"C:\\Users\\dscanales\\Documents\\DegenScore-Card\\DegenScore-Card-1\\components\\TokenSecurityScanner.tsx": {"lines":{"total":8,"covered":8,"skipped":0,"pct":100},"functions":{"total":1,"covered":1,"skipped":0,"pct":100},"statements":{"total":8,"covered":8,"skipped":0,"pct":100},"branches":{"total":1,"covered":1,"skipped":0,"pct":100}}
,"C:\\Users\\dscanales\\Documents\\DegenScore-Card\\DegenScore-Card-1\\components\\UpgradeModal.tsx": {"lines":{"total":46,"covered":19,"skipped":0,"pct":41.3},"functions":{"total":9,"covered":3,"skipped":0,"pct":33.33},"statements":{"total":49,"covered":21,"skipped":0,"pct":42.85},"branches":{"total":21,"covered":1,"skipped":0,"pct":4.76}}
,"C:\\Users\\dscanales\\Documents\\DegenScore-Card\\DegenScore-Card-1\\components\\UrgencyTimer.tsx": {"lines":{"total":26,"covered":19,"skipped":0,"pct":73.07},"functions":{"total":6,"covered":5,"skipped":0,"pct":83.33},"statements":{"total":29,"covered":20,"skipped":0,"pct":68.96},"branches":{"total":20,"covered":10,"skipped":0,"pct":50}}
,"C:\\Users\\dscanales\\Documents\\DegenScore-Card\\DegenScore-Card-1\\components\\WalletConnectionHandler.tsx": {"lines":{"total":34,"covered":25,"skipped":0,"pct":73.52},"functions":{"total":6,"covered":6,"skipped":0,"pct":100},"statements":{"total":35,"covered":26,"skipped":0,"pct":74.28},"branches":{"total":16,"covered":9,"skipped":0,"pct":56.25}}
,"C:\\Users\\dscanales\\Documents\\DegenScore-Card\\DegenScore-Card-1\\components\\WalletTracker.tsx": {"lines":{"total":9,"covered":8,"skipped":0,"pct":88.88},"functions":{"total":2,"covered":2,"skipped":0,"pct":100},"statements":{"total":9,"covered":8,"skipped":0,"pct":88.88},"branches":{"total":3,"covered":1,"skipped":0,"pct":33.33}}
,"C:\\Users\\dscanales\\Documents\\DegenScore-Card\\DegenScore-Card-1\\components\\WeeklyChallengeBanner.tsx": {"lines":{"total":35,"covered":19,"skipped":0,"pct":54.28},"functions":{"total":6,"covered":4,"skipped":0,"pct":66.66},"statements":{"total":37,"covered":20,"skipped":0,"pct":54.05},"branches":{"total":22,"covered":5,"skipped":0,"pct":22.72}}
,"C:\\Users\\dscanales\\Documents\\DegenScore-Card\\DegenScore-Card-1\\components\\WhaleRadar.tsx": {"lines":{"total":14,"covered":14,"skipped":0,"pct":100},"functions":{"total":4,"covered":4,"skipped":0,"pct":100},"statements":{"total":14,"covered":14,"skipped":0,"pct":100},"branches":{"total":12,"covered":9,"skipped":0,"pct":75}}
,"C:\\Users\\dscanales\\Documents\\DegenScore-Card\\DegenScore-Card-1\\components\\DegenCard\\AnalysisProgress.tsx": {"lines":{"total":2,"covered":2,"skipped":0,"pct":100},"functions":{"total":1,"covered":1,"skipped":0,"pct":100},"statements":{"total":2,"covered":2,"skipped":0,"pct":100},"branches":{"total":0,"covered":0,"skipped":0,"pct":100}}
,"C:\\Users\\dscanales\\Documents\\DegenScore-Card\\DegenScore-Card-1\\components\\DegenCard\\CardDisplay.tsx": {"lines":{"total":3,"covered":2,"skipped":0,"pct":66.66},"functions":{"total":2,"covered":1,"skipped":0,"pct":50},"statements":{"total":3,"covered":2,"skipped":0,"pct":66.66},"branches":{"total":1,"covered":1,"skipped":0,"pct":100}}
,"C:\\Users\\dscanales\\Documents\\DegenScore-Card\\DegenScore-Card-1\\components\\DegenCard\\CardHeader.tsx": {"lines":{"total":2,"covered":2,"skipped":0,"pct":100},"functions":{"total":1,"covered":1,"skipped":0,"pct":100},"statements":{"total":2,"covered":2,"skipped":0,"pct":100},"branches":{"total":0,"covered":0,"skipped":0,"pct":100}}
,"C:\\Users\\dscanales\\Documents\\DegenScore-Card\\DegenScore-Card-1\\components\\DegenCard\\ConnectWalletState.tsx": {"lines":{"total":3,"covered":3,"skipped":0,"pct":100},"functions":{"total":1,"covered":1,"skipped":0,"pct":100},"statements":{"total":3,"covered":3,"skipped":0,"pct":100},"branches":{"total":0,"covered":0,"skipped":0,"pct":100}}
,"C:\\Users\\dscanales\\Documents\\DegenScore-Card\\DegenScore-Card-1\\components\\DegenCard\\ConnectedState.tsx": {"lines":{"total":4,"covered":4,"skipped":0,"pct":100},"functions":{"total":1,"covered":1,"skipped":0,"pct":100},"statements":{"total":4,"covered":4,"skipped":0,"pct":100},"branches":{"total":3,"covered":2,"skipped":0,"pct":66.66}}
,"C:\\Users\\dscanales\\Documents\\DegenScore-Card\\DegenScore-Card-1\\components\\DegenCard\\Footer.tsx": {"lines":{"total":2,"covered":2,"skipped":0,"pct":100},"functions":{"total":1,"covered":1,"skipped":0,"pct":100},"statements":{"total":2,"covered":2,"skipped":0,"pct":100},"branches":{"total":0,"covered":0,"skipped":0,"pct":100}}
,"C:\\Users\\dscanales\\Documents\\DegenScore-Card\\DegenScore-Card-1\\components\\Features\\AnalyticsDashboard.tsx": {"lines":{"total":2,"covered":2,"skipped":0,"pct":100},"functions":{"total":1,"covered":1,"skipped":0,"pct":100},"statements":{"total":3,"covered":3,"skipped":0,"pct":100},"branches":{"total":0,"covered":0,"skipped":0,"pct":100}}
,"C:\\Users\\dscanales\\Documents\\DegenScore-Card\\DegenScore-Card-1\\components\\Features\\PaymentFlow.tsx": {"lines":{"total":2,"covered":2,"skipped":0,"pct":100},"functions":{"total":1,"covered":1,"skipped":0,"pct":100},"statements":{"total":3,"covered":3,"skipped":0,"pct":100},"branches":{"total":0,"covered":0,"skipped":0,"pct":100}}
,"C:\\Users\\dscanales\\Documents\\DegenScore-Card\\DegenScore-Card-1\\components\\Features\\ReferralSystem.tsx": {"lines":{"total":2,"covered":2,"skipped":0,"pct":100},"functions":{"total":1,"covered":1,"skipped":0,"pct":100},"statements":{"total":3,"covered":3,"skipped":0,"pct":100},"branches":{"total":0,"covered":0,"skipped":0,"pct":100}}
,"C:\\Users\\dscanales\\Documents\\DegenScore-Card\\DegenScore-Card-1\\components\\Modals\\ProfileModal.tsx": {"lines":{"total":2,"covered":2,"skipped":0,"pct":100},"functions":{"total":1,"covered":1,"skipped":0,"pct":100},"statements":{"total":3,"covered":3,"skipped":0,"pct":100},"branches":{"total":0,"covered":0,"skipped":0,"pct":100}}
,"C:\\Users\\dscanales\\Documents\\DegenScore-Card\\DegenScore-Card-1\\components\\Modals\\ShareModal.tsx": {"lines":{"total":2,"covered":2,"skipped":0,"pct":100},"functions":{"total":1,"covered":1,"skipped":0,"pct":100},"statements":{"total":3,"covered":3,"skipped":0,"pct":100},"branches":{"total":0,"covered":0,"skipped":0,"pct":100}}
,"C:\\Users\\dscanales\\Documents\\DegenScore-Card\\DegenScore-Card-1\\components\\Modals\\UpgradeModal.tsx": {"lines":{"total":2,"covered":2,"skipped":0,"pct":100},"functions":{"total":1,"covered":1,"skipped":0,"pct":100},"statements":{"total":3,"covered":3,"skipped":0,"pct":100},"branches":{"total":0,"covered":0,"skipped":0,"pct":100}}
,"C:\\Users\\dscanales\\Documents\\DegenScore-Card\\DegenScore-Card-1\\components\\SuperTokenScorer\\DetailedMetrics.tsx": {"lines":{"total":5,"covered":5,"skipped":0,"pct":100},"functions":{"total":1,"covered":1,"skipped":0,"pct":100},"statements":{"total":5,"covered":5,"skipped":0,"pct":100},"branches":{"total":30,"covered":0,"skipped":0,"pct":0}}
,"C:\\Users\\dscanales\\Documents\\DegenScore-Card\\DegenScore-Card-1\\components\\SuperTokenScorer\\ExternalData.tsx": {"lines":{"total":4,"covered":4,"skipped":0,"pct":100},"functions":{"total":1,"covered":1,"skipped":0,"pct":100},"statements":{"total":4,"covered":4,"skipped":0,"pct":100},"branches":{"total":9,"covered":8,"skipped":0,"pct":88.88}}
,"C:\\Users\\dscanales\\Documents\\DegenScore-Card\\DegenScore-Card-1\\components\\SuperTokenScorer\\FlagSection.tsx": {"lines":{"total":5,"covered":3,"skipped":0,"pct":60},"functions":{"total":3,"covered":1,"skipped":0,"pct":33.33},"statements":{"total":5,"covered":3,"skipped":0,"pct":60},"branches":{"total":8,"covered":1,"skipped":0,"pct":12.5}}
,"C:\\Users\\dscanales\\Documents\\DegenScore-Card\\DegenScore-Card-1\\components\\SuperTokenScorer\\Header.tsx": {"lines":{"total":2,"covered":2,"skipped":0,"pct":100},"functions":{"total":1,"covered":1,"skipped":0,"pct":100},"statements":{"total":2,"covered":2,"skipped":0,"pct":100},"branches":{"total":0,"covered":0,"skipped":0,"pct":100}}
,"C:\\Users\\dscanales\\Documents\\DegenScore-Card\\DegenScore-Card-1\\components\\SuperTokenScorer\\InputSection.tsx": {"lines":{"total":3,"covered":2,"skipped":0,"pct":66.66},"functions":{"total":2,"covered":1,"skipped":0,"pct":50},"statements":{"total":3,"covered":2,"skipped":0,"pct":66.66},"branches":{"total":4,"covered":3,"skipped":0,"pct":75}}
,"C:\\Users\\dscanales\\Documents\\DegenScore-Card\\DegenScore-Card-1\\components\\SuperTokenScorer\\MainScoreDisplay.tsx": {"lines":{"total":3,"covered":3,"skipped":0,"pct":100},"functions":{"total":1,"covered":1,"skipped":0,"pct":100},"statements":{"total":3,"covered":3,"skipped":0,"pct":100},"branches":{"total":0,"covered":0,"skipped":0,"pct":100}}
,"C:\\Users\\dscanales\\Documents\\DegenScore-Card\\DegenScore-Card-1\\components\\SuperTokenScorer\\MetricCard.tsx": {"lines":{"total":2,"covered":2,"skipped":0,"pct":100},"functions":{"total":1,"covered":1,"skipped":0,"pct":100},"statements":{"total":2,"covered":2,"skipped":0,"pct":100},"branches":{"total":0,"covered":0,"skipped":0,"pct":100}}
,"C:\\Users\\dscanales\\Documents\\DegenScore-Card\\DegenScore-Card-1\\components\\SuperTokenScorer\\MetricRow.tsx": {"lines":{"total":2,"covered":2,"skipped":0,"pct":100},"functions":{"total":1,"covered":1,"skipped":0,"pct":100},"statements":{"total":2,"covered":2,"skipped":0,"pct":100},"branches":{"total":1,"covered":1,"skipped":0,"pct":100}}
,"C:\\Users\\dscanales\\Documents\\DegenScore-Card\\DegenScore-Card-1\\components\\SuperTokenScorer\\ScoreBreakdown.tsx": {"lines":{"total":3,"covered":3,"skipped":0,"pct":100},"functions":{"total":1,"covered":1,"skipped":0,"pct":100},"statements":{"total":3,"covered":3,"skipped":0,"pct":100},"branches":{"total":0,"covered":0,"skipped":0,"pct":100}}
,"C:\\Users\\dscanales\\Documents\\DegenScore-Card\\DegenScore-Card-1\\components\\SuperTokenScorer\\ScoreCard.tsx": {"lines":{"total":3,"covered":3,"skipped":0,"pct":100},"functions":{"total":1,"covered":1,"skipped":0,"pct":100},"statements":{"total":3,"covered":3,"skipped":0,"pct":100},"branches":{"total":4,"covered":4,"skipped":0,"pct":100}}
,"C:\\Users\\dscanales\\Documents\\DegenScore-Card\\DegenScore-Card-1\\components\\TokenSecurityScanner\\ScannerHeader.tsx": {"lines":{"total":3,"covered":3,"skipped":0,"pct":100},"functions":{"total":1,"covered":1,"skipped":0,"pct":100},"statements":{"total":3,"covered":3,"skipped":0,"pct":100},"branches":{"total":0,"covered":0,"skipped":0,"pct":100}}
,"C:\\Users\\dscanales\\Documents\\DegenScore-Card\\DegenScore-Card-1\\components\\TokenSecurityScanner\\ScannerInput.tsx": {"lines":{"total":6,"covered":3,"skipped":0,"pct":50},"functions":{"total":3,"covered":1,"skipped":0,"pct":33.33},"statements":{"total":6,"covered":3,"skipped":0,"pct":50},"branches":{"total":12,"covered":8,"skipped":0,"pct":66.66}}
,"C:\\Users\\dscanales\\Documents\\DegenScore-Card\\DegenScore-Card-1\\components\\TokenSecurityScanner\\SecurityReport.tsx": {"lines":{"total":25,"covered":15,"skipped":0,"pct":60},"functions":{"total":3,"covered":3,"skipped":0,"pct":100},"statements":{"total":25,"covered":15,"skipped":0,"pct":60},"branches":{"total":13,"covered":2,"skipped":0,"pct":15.38}}
,"C:\\Users\\dscanales\\Documents\\DegenScore-Card\\DegenScore-Card-1\\components\\TokenSecurityScanner\\ReportCards\\AuthorityCard.tsx": {"lines":{"total":4,"covered":4,"skipped":0,"pct":100},"functions":{"total":1,"covered":1,"skipped":0,"pct":100},"statements":{"total":4,"covered":4,"skipped":0,"pct":100},"branches":{"total":6,"covered":0,"skipped":0,"pct":0}}
,"C:\\Users\\dscanales\\Documents\\DegenScore-Card\\DegenScore-Card-1\\components\\TokenSecurityScanner\\ReportCards\\HolderDistributionCard.tsx": {"lines":{"total":4,"covered":4,"skipped":0,"pct":100},"functions":{"total":1,"covered":1,"skipped":0,"pct":100},"statements":{"total":4,"covered":4,"skipped":0,"pct":100},"branches":{"total":3,"covered":3,"skipped":0,"pct":100}}
,"C:\\Users\\dscanales\\Documents\\DegenScore-Card\\DegenScore-Card-1\\components\\TokenSecurityScanner\\ReportCards\\LiquidityCard.tsx": {"lines":{"total":4,"covered":4,"skipped":0,"pct":100},"functions":{"total":1,"covered":1,"skipped":0,"pct":100},"statements":{"total":4,"covered":4,"skipped":0,"pct":100},"branches":{"total":6,"covered":6,"skipped":0,"pct":100}}
,"C:\\Users\\dscanales\\Documents\\DegenScore-Card\\DegenScore-Card-1\\components\\TokenSecurityScanner\\ReportCards\\MarketMetricsCard.tsx": {"lines":{"total":4,"covered":4,"skipped":0,"pct":100},"functions":{"total":1,"covered":1,"skipped":0,"pct":100},"statements":{"total":4,"covered":4,"skipped":0,"pct":100},"branches":{"total":2,"covered":2,"skipped":0,"pct":100}}
,"C:\\Users\\dscanales\\Documents\\DegenScore-Card\\DegenScore-Card-1\\components\\TokenSecurityScanner\\ReportCards\\RedFlagsCard.tsx": {"lines":{"total":10,"covered":10,"skipped":0,"pct":100},"functions":{"total":3,"covered":3,"skipped":0,"pct":100},"statements":{"total":10,"covered":10,"skipped":0,"pct":100},"branches":{"total":4,"covered":4,"skipped":0,"pct":100}}
,"C:\\Users\\dscanales\\Documents\\DegenScore-Card\\DegenScore-Card-1\\components\\TokenSecurityScanner\\ReportCards\\TradingPatternsCard.tsx": {"lines":{"total":4,"covered":4,"skipped":0,"pct":100},"functions":{"total":1,"covered":1,"skipped":0,"pct":100},"statements":{"total":4,"covered":4,"skipped":0,"pct":100},"branches":{"total":6,"covered":6,"skipped":0,"pct":100}}
,"C:\\Users\\dscanales\\Documents\\DegenScore-Card\\DegenScore-Card-1\\components\\TokenSecurityScanner\\Shared\\InfoRow.tsx": {"lines":{"total":2,"covered":2,"skipped":0,"pct":100},"functions":{"total":1,"covered":1,"skipped":0,"pct":100},"statements":{"total":2,"covered":2,"skipped":0,"pct":100},"branches":{"total":3,"covered":3,"skipped":0,"pct":100}}
,"C:\\Users\\dscanales\\Documents\\DegenScore-Card\\DegenScore-Card-1\\components\\TokenSecurityScanner\\Shared\\ScoreBar.tsx": {"lines":{"total":4,"covered":4,"skipped":0,"pct":100},"functions":{"total":1,"covered":1,"skipped":0,"pct":100},"statements":{"total":4,"covered":4,"skipped":0,"pct":100},"branches":{"total":6,"covered":5,"skipped":0,"pct":83.33}}
,"C:\\Users\\dscanales\\Documents\\DegenScore-Card\\DegenScore-Card-1\\components\\WhaleRadar\\AlertCard.tsx": {"lines":{"total":3,"covered":3,"skipped":0,"pct":100},"functions":{"total":1,"covered":1,"skipped":0,"pct":100},"statements":{"total":3,"covered":3,"skipped":0,"pct":100},"branches":{"total":8,"covered":0,"skipped":0,"pct":0}}
,"C:\\Users\\dscanales\\Documents\\DegenScore-Card\\DegenScore-Card-1\\components\\WhaleRadar\\EmptyState.tsx": {"lines":{"total":2,"covered":2,"skipped":0,"pct":100},"functions":{"total":1,"covered":1,"skipped":0,"pct":100},"statements":{"total":2,"covered":2,"skipped":0,"pct":100},"branches":{"total":0,"covered":0,"skipped":0,"pct":100}}
,"C:\\Users\\dscanales\\Documents\\DegenScore-Card\\DegenScore-Card-1\\components\\WhaleRadar\\WhaleCard.tsx": {"lines":{"total":5,"covered":3,"skipped":0,"pct":60},"functions":{"total":3,"covered":1,"skipped":0,"pct":33.33},"statements":{"total":5,"covered":3,"skipped":0,"pct":60},"branches":{"total":14,"covered":8,"skipped":0,"pct":57.14}}
,"C:\\Users\\dscanales\\Documents\\DegenScore-Card\\DegenScore-Card-1\\components\\WhaleRadar\\WhaleRadarHeader.tsx": {"lines":{"total":5,"covered":4,"skipped":0,"pct":80},"functions":{"total":4,"covered":3,"skipped":0,"pct":75},"statements":{"total":5,"covered":4,"skipped":0,"pct":80},"branches":{"total":6,"covered":5,"skipped":0,"pct":83.33}}
,"C:\\Users\\dscanales\\Documents\\DegenScore-Card\\DegenScore-Card-1\\components\\Widgets\\HotFeedWidget.tsx": {"lines":{"total":2,"covered":2,"skipped":0,"pct":100},"functions":{"total":1,"covered":1,"skipped":0,"pct":100},"statements":{"total":3,"covered":3,"skipped":0,"pct":100},"branches":{"total":0,"covered":0,"skipped":0,"pct":100}}
,"C:\\Users\\dscanales\\Documents\\DegenScore-Card\\DegenScore-Card-1\\components\\Widgets\\RankingsWidget.tsx": {"lines":{"total":4,"covered":2,"skipped":0,"pct":50},"functions":{"total":2,"covered":1,"skipped":0,"pct":50},"statements":{"total":5,"covered":3,"skipped":0,"pct":60},"branches":{"total":8,"covered":1,"skipped":0,"pct":12.5}}
,"C:\\Users\\dscanales\\Documents\\DegenScore-Card\\DegenScore-Card-1\\components\\Widgets\\StreakWidget.tsx": {"lines":{"total":3,"covered":2,"skipped":0,"pct":66.66},"functions":{"total":1,"covered":1,"skipped":0,"pct":100},"statements":{"total":4,"covered":3,"skipped":0,"pct":75},"branches":{"total":0,"covered":0,"skipped":0,"pct":100}}
,"C:\\Users\\dscanales\\Documents\\DegenScore-Card\\DegenScore-Card-1\\components\\animations\\FadeInUp.tsx": {"lines":{"total":2,"covered":2,"skipped":0,"pct":100},"functions":{"total":1,"covered":0,"skipped":0,"pct":0},"statements":{"total":3,"covered":2,"skipped":0,"pct":66.66},"branches":{"total":3,"covered":0,"skipped":0,"pct":0}}
,"C:\\Users\\dscanales\\Documents\\DegenScore-Card\\DegenScore-Card-1\\components\\animations\\GlowButton.tsx": {"lines":{"total":4,"covered":2,"skipped":0,"pct":50},"functions":{"total":1,"covered":0,"skipped":0,"pct":0},"statements":{"total":5,"covered":2,"skipped":0,"pct":40},"branches":{"total":9,"covered":0,"skipped":0,"pct":0}}
,"C:\\Users\\dscanales\\Documents\\DegenScore-Card\\DegenScore-Card-1\\components\\animations\\NumberCounter.tsx": {"lines":{"total":10,"covered":3,"skipped":0,"pct":30},"functions":{"total":5,"covered":0,"skipped":0,"pct":0},"statements":{"total":13,"covered":3,"skipped":0,"pct":23.07},"branches":{"total":2,"covered":0,"skipped":0,"pct":0}}
,"C:\\Users\\dscanales\\Documents\\DegenScore-Card\\DegenScore-Card-1\\components\\animations\\ParticleEffect.tsx": {"lines":{"total":18,"covered":3,"skipped":0,"pct":16.66},"functions":{"total":6,"covered":0,"skipped":0,"pct":0},"statements":{"total":20,"covered":3,"skipped":0,"pct":15},"branches":{"total":3,"covered":0,"skipped":0,"pct":0}}
,"C:\\Users\\dscanales\\Documents\\DegenScore-Card\\DegenScore-Card-1\\components\\animations\\index.ts": {"lines":{"total":4,"covered":0,"skipped":0,"pct":0},"functions":{"total":0,"covered":0,"skipped":0,"pct":100},"statements":{"total":8,"covered":0,"skipped":0,"pct":0},"branches":{"total":0,"covered":0,"skipped":0,"pct":100}}
,"C:\\Users\\dscanales\\Documents\\DegenScore-Card\\DegenScore-Card-1\\components\\card\\CardActions.tsx": {"lines":{"total":1,"covered":0,"skipped":0,"pct":0},"functions":{"total":1,"covered":0,"skipped":0,"pct":0},"statements":{"total":1,"covered":0,"skipped":0,"pct":0},"branches":{"total":0,"covered":0,"skipped":0,"pct":100}}
,"C:\\Users\\dscanales\\Documents\\DegenScore-Card\\DegenScore-Card-1\\components\\card\\CardGenerationProgress.tsx": {"lines":{"total":1,"covered":0,"skipped":0,"pct":0},"functions":{"total":1,"covered":0,"skipped":0,"pct":0},"statements":{"total":1,"covered":0,"skipped":0,"pct":0},"branches":{"total":0,"covered":0,"skipped":0,"pct":100}}
,"C:\\Users\\dscanales\\Documents\\DegenScore-Card\\DegenScore-Card-1\\components\\card\\CardPreview.tsx": {"lines":{"total":1,"covered":0,"skipped":0,"pct":0},"functions":{"total":1,"covered":0,"skipped":0,"pct":0},"statements":{"total":1,"covered":0,"skipped":0,"pct":0},"branches":{"total":0,"covered":0,"skipped":0,"pct":100}}
,"C:\\Users\\dscanales\\Documents\\DegenScore-Card\\DegenScore-Card-1\\components\\card\\GenerateCardButton.tsx": {"lines":{"total":1,"covered":0,"skipped":0,"pct":0},"functions":{"total":1,"covered":0,"skipped":0,"pct":0},"statements":{"total":1,"covered":0,"skipped":0,"pct":0},"branches":{"total":1,"covered":0,"skipped":0,"pct":0}}
,"C:\\Users\\dscanales\\Documents\\DegenScore-Card\\DegenScore-Card-1\\components\\card\\WalletConnectionPrompt.tsx": {"lines":{"total":2,"covered":2,"skipped":0,"pct":100},"functions":{"total":1,"covered":1,"skipped":0,"pct":100},"statements":{"total":2,"covered":2,"skipped":0,"pct":100},"branches":{"total":0,"covered":0,"skipped":0,"pct":100}}
,"C:\\Users\\dscanales\\Documents\\DegenScore-Card\\DegenScore-Card-1\\components\\docs\\BadgeComponents.tsx": {"lines":{"total":7,"covered":7,"skipped":0,"pct":100},"functions":{"total":4,"covered":4,"skipped":0,"pct":100},"statements":{"total":7,"covered":7,"skipped":0,"pct":100},"branches":{"total":0,"covered":0,"skipped":0,"pct":100}}
,"C:\\Users\\dscanales\\Documents\\DegenScore-Card\\DegenScore-Card-1\\components\\docs\\Common.tsx": {"lines":{"total":5,"covered":5,"skipped":0,"pct":100},"functions":{"total":4,"covered":4,"skipped":0,"pct":100},"statements":{"total":5,"covered":5,"skipped":0,"pct":100},"branches":{"total":0,"covered":0,"skipped":0,"pct":100}}
,"C:\\Users\\dscanales\\Documents\\DegenScore-Card\\DegenScore-Card-1\\components\\docs\\DocSection.tsx": {"lines":{"total":2,"covered":2,"skipped":0,"pct":100},"functions":{"total":1,"covered":1,"skipped":0,"pct":100},"statements":{"total":2,"covered":2,"skipped":0,"pct":100},"branches":{"total":0,"covered":0,"skipped":0,"pct":100}}
,"C:\\Users\\dscanales\\Documents\\DegenScore-Card\\DegenScore-Card-1\\components\\docs\\DocSidebar.tsx": {"lines":{"total":3,"covered":3,"skipped":0,"pct":100},"functions":{"total":3,"covered":3,"skipped":0,"pct":100},"statements":{"total":3,"covered":3,"skipped":0,"pct":100},"branches":{"total":2,"covered":2,"skipped":0,"pct":100}}
,"C:\\Users\\dscanales\\Documents\\DegenScore-Card\\DegenScore-Card-1\\components\\docs\\FAQ.tsx": {"lines":{"total":4,"covered":3,"skipped":0,"pct":75},"functions":{"total":2,"covered":1,"skipped":0,"pct":50},"statements":{"total":4,"covered":3,"skipped":0,"pct":75},"branches":{"total":3,"covered":2,"skipped":0,"pct":66.66}}
,"C:\\Users\\dscanales\\Documents\\DegenScore-Card\\DegenScore-Card-1\\components\\docs\\MetricCard.tsx": {"lines":{"total":2,"covered":2,"skipped":0,"pct":100},"functions":{"total":2,"covered":2,"skipped":0,"pct":100},"statements":{"total":2,"covered":2,"skipped":0,"pct":100},"branches":{"total":1,"covered":1,"skipped":0,"pct":100}}
,"C:\\Users\\dscanales\\Documents\\DegenScore-Card\\DegenScore-Card-1\\components\\docs\\TierComponents.tsx": {"lines":{"total":6,"covered":6,"skipped":0,"pct":100},"functions":{"total":6,"covered":6,"skipped":0,"pct":100},"statements":{"total":6,"covered":6,"skipped":0,"pct":100},"branches":{"total":8,"covered":8,"skipped":0,"pct":100}}
,"C:\\Users\\dscanales\\Documents\\DegenScore-Card\\DegenScore-Card-1\\components\\docs\\constants.ts": {"lines":{"total":1,"covered":1,"skipped":0,"pct":100},"functions":{"total":0,"covered":0,"skipped":0,"pct":100},"statements":{"total":2,"covered":2,"skipped":0,"pct":100},"branches":{"total":0,"covered":0,"skipped":0,"pct":100}}
,"C:\\Users\\dscanales\\Documents\\DegenScore-Card\\DegenScore-Card-1\\components\\landing\\CTASection.tsx": {"lines":{"total":2,"covered":0,"skipped":0,"pct":0},"functions":{"total":2,"covered":0,"skipped":0,"pct":0},"statements":{"total":2,"covered":0,"skipped":0,"pct":0},"branches":{"total":0,"covered":0,"skipped":0,"pct":100}}
,"C:\\Users\\dscanales\\Documents\\DegenScore-Card\\DegenScore-Card-1\\components\\landing\\FeatureHighlights.tsx": {"lines":{"total":1,"covered":0,"skipped":0,"pct":0},"functions":{"total":2,"covered":0,"skipped":0,"pct":0},"statements":{"total":1,"covered":0,"skipped":0,"pct":0},"branches":{"total":0,"covered":0,"skipped":0,"pct":100}}
,"C:\\Users\\dscanales\\Documents\\DegenScore-Card\\DegenScore-Card-1\\components\\landing\\HeroSection.tsx": {"lines":{"total":1,"covered":0,"skipped":0,"pct":0},"functions":{"total":2,"covered":0,"skipped":0,"pct":0},"statements":{"total":1,"covered":0,"skipped":0,"pct":0},"branches":{"total":0,"covered":0,"skipped":0,"pct":100}}
,"C:\\Users\\dscanales\\Documents\\DegenScore-Card\\DegenScore-Card-1\\components\\landing\\SocialProof.tsx": {"lines":{"total":6,"covered":0,"skipped":0,"pct":0},"functions":{"total":3,"covered":0,"skipped":0,"pct":0},"statements":{"total":6,"covered":0,"skipped":0,"pct":0},"branches":{"total":6,"covered":0,"skipped":0,"pct":0}}
,"C:\\Users\\dscanales\\Documents\\DegenScore-Card\\DegenScore-Card-1\\components\\landing\\Testimonials.tsx": {"lines":{"total":2,"covered":0,"skipped":0,"pct":0},"functions":{"total":3,"covered":0,"skipped":0,"pct":0},"statements":{"total":2,"covered":0,"skipped":0,"pct":0},"branches":{"total":0,"covered":0,"skipped":0,"pct":100}}
,"C:\\Users\\dscanales\\Documents\\DegenScore-Card\\DegenScore-Card-1\\components\\leaderboard\\LeaderboardCard.tsx": {"lines":{"total":7,"covered":2,"skipped":0,"pct":28.57},"functions":{"total":3,"covered":0,"skipped":0,"pct":0},"statements":{"total":8,"covered":2,"skipped":0,"pct":25},"branches":{"total":31,"covered":0,"skipped":0,"pct":0}}
,"C:\\Users\\dscanales\\Documents\\DegenScore-Card\\DegenScore-Card-1\\components\\leaderboard\\LeaderboardFilters.tsx": {"lines":{"total":9,"covered":1,"skipped":0,"pct":11.11},"functions":{"total":9,"covered":1,"skipped":0,"pct":11.11},"statements":{"total":10,"covered":2,"skipped":0,"pct":20},"branches":{"total":14,"covered":7,"skipped":0,"pct":50}}
,"C:\\Users\\dscanales\\Documents\\DegenScore-Card\\DegenScore-Card-1\\components\\leaderboard\\LeaderboardStats.tsx": {"lines":{"total":3,"covered":3,"skipped":0,"pct":100},"functions":{"total":1,"covered":1,"skipped":0,"pct":100},"statements":{"total":5,"covered":5,"skipped":0,"pct":100},"branches":{"total":1,"covered":1,"skipped":0,"pct":100}}
,"C:\\Users\\dscanales\\Documents\\DegenScore-Card\\DegenScore-Card-1\\components\\leaderboard\\LeaderboardTable.tsx": {"lines":{"total":7,"covered":2,"skipped":0,"pct":28.57},"functions":{"total":3,"covered":0,"skipped":0,"pct":0},"statements":{"total":8,"covered":2,"skipped":0,"pct":25},"branches":{"total":23,"covered":0,"skipped":0,"pct":0}}
,"C:\\Users\\dscanales\\Documents\\DegenScore-Card\\DegenScore-Card-1\\components\\leaderboard\\utils.ts": {"lines":{"total":43,"covered":43,"skipped":0,"pct":100},"functions":{"total":4,"covered":4,"skipped":0,"pct":100},"statements":{"total":72,"covered":60,"skipped":0,"pct":83.33},"branches":{"total":33,"covered":21,"skipped":0,"pct":63.63}}
,"C:\\Users\\dscanales\\Documents\\DegenScore-Card\\DegenScore-Card-1\\lib\\adminAuth.ts": {"lines":{"total":18,"covered":0,"skipped":0,"pct":0},"functions":{"total":4,"covered":0,"skipped":0,"pct":0},"statements":{"total":20,"covered":0,"skipped":0,"pct":0},"branches":{"total":14,"covered":0,"skipped":0,"pct":0}}
,"C:\\Users\\dscanales\\Documents\\DegenScore-Card\\DegenScore-Card-1\\lib\\aiCoach.ts": {"lines":{"total":92,"covered":12,"skipped":0,"pct":13.04},"functions":{"total":16,"covered":0,"skipped":0,"pct":0},"statements":{"total":97,"covered":12,"skipped":0,"pct":12.37},"branches":{"total":60,"covered":3,"skipped":0,"pct":5}}
,"C:\\Users\\dscanales\\Documents\\DegenScore-Card\\DegenScore-Card-1\\lib\\analytics.ts": {"lines":{"total":7,"covered":3,"skipped":0,"pct":42.85},"functions":{"total":2,"covered":0,"skipped":0,"pct":0},"statements":{"total":10,"covered":4,"skipped":0,"pct":40},"branches":{"total":8,"covered":0,"skipped":0,"pct":0}}
,"C:\\Users\\dscanales\\Documents\\DegenScore-Card\\DegenScore-Card-1\\lib\\badges-advanced.ts": {"lines":{"total":85,"covered":0,"skipped":0,"pct":0},"functions":{"total":55,"covered":0,"skipped":0,"pct":0},"statements":{"total":87,"covered":0,"skipped":0,"pct":0},"branches":{"total":18,"covered":0,"skipped":0,"pct":0}}
,"C:\\Users\\dscanales\\Documents\\DegenScore-Card\\DegenScore-Card-1\\lib\\badges-generator.ts": {"lines":{"total":15,"covered":0,"skipped":0,"pct":0},"functions":{"total":1,"covered":0,"skipped":0,"pct":0},"statements":{"total":15,"covered":0,"skipped":0,"pct":0},"branches":{"total":6,"covered":0,"skipped":0,"pct":0}}
,"C:\\Users\\dscanales\\Documents\\DegenScore-Card\\DegenScore-Card-1\\lib\\badges-with-points.ts": {"lines":{"total":69,"covered":8,"skipped":0,"pct":11.59},"functions":{"total":25,"covered":0,"skipped":0,"pct":0},"statements":{"total":98,"covered":8,"skipped":0,"pct":8.16},"branches":{"total":31,"covered":0,"skipped":0,"pct":0}}
,"C:\\Users\\dscanales\\Documents\\DegenScore-Card\\DegenScore-Card-1\\lib\\challenges.ts": {"lines":{"total":93,"covered":86,"skipped":0,"pct":92.47},"functions":{"total":14,"covered":14,"skipped":0,"pct":100},"statements":{"total":99,"covered":91,"skipped":0,"pct":91.91},"branches":{"total":22,"covered":20,"skipped":0,"pct":90.9}}
,"C:\\Users\\dscanales\\Documents\\DegenScore-Card\\DegenScore-Card-1\\lib\\config.ts": {"lines":{"total":18,"covered":7,"skipped":0,"pct":38.88},"functions":{"total":3,"covered":0,"skipped":0,"pct":0},"statements":{"total":24,"covered":8,"skipped":0,"pct":33.33},"branches":{"total":18,"covered":11,"skipped":0,"pct":61.11}}
,"C:\\Users\\dscanales\\Documents\\DegenScore-Card\\DegenScore-Card-1\\lib\\csrfProtection.ts": {"lines":{"total":27,"covered":0,"skipped":0,"pct":0},"functions":{"total":4,"covered":0,"skipped":0,"pct":0},"statements":{"total":28,"covered":0,"skipped":0,"pct":0},"branches":{"total":10,"covered":0,"skipped":0,"pct":0}}
,"C:\\Users\\dscanales\\Documents\\DegenScore-Card\\DegenScore-Card-1\\lib\\errors.ts": {"lines":{"total":41,"covered":17,"skipped":0,"pct":41.46},"functions":{"total":14,"covered":5,"skipped":0,"pct":35.71},"statements":{"total":41,"covered":17,"skipped":0,"pct":41.46},"branches":{"total":8,"covered":2,"skipped":0,"pct":25}}
,"C:\\Users\\dscanales\\Documents\\DegenScore-Card\\DegenScore-Card-1\\lib\\example.ts": {"lines":{"total":2,"covered":0,"skipped":0,"pct":0},"functions":{"total":1,"covered":0,"skipped":0,"pct":0},"statements":{"total":2,"covered":0,"skipped":0,"pct":0},"branches":{"total":0,"covered":0,"skipped":0,"pct":100}}
,"C:\\Users\\dscanales\\Documents\\DegenScore-Card\\DegenScore-Card-1\\lib\\exportHelpers.ts": {"lines":{"total":15,"covered":0,"skipped":0,"pct":0},"functions":{"total":5,"covered":0,"skipped":0,"pct":0},"statements":{"total":15,"covered":0,"skipped":0,"pct":0},"branches":{"total":7,"covered":0,"skipped":0,"pct":0}}
,"C:\\Users\\dscanales\\Documents\\DegenScore-Card\\DegenScore-Card-1\\lib\\fileUploadValidation.ts": {"lines":{"total":95,"covered":0,"skipped":0,"pct":0},"functions":{"total":13,"covered":0,"skipped":0,"pct":0},"statements":{"total":98,"covered":0,"skipped":0,"pct":0},"branches":{"total":26,"covered":0,"skipped":0,"pct":0}}
,"C:\\Users\\dscanales\\Documents\\DegenScore-Card\\DegenScore-Card-1\\lib\\flashSales.ts": {"lines":{"total":69,"covered":19,"skipped":0,"pct":27.53},"functions":{"total":9,"covered":2,"skipped":0,"pct":22.22},"statements":{"total":72,"covered":19,"skipped":0,"pct":26.38},"branches":{"total":21,"covered":0,"skipped":0,"pct":0}}
,"C:\\Users\\dscanales\\Documents\\DegenScore-Card\\DegenScore-Card-1\\lib\\i18n.ts": {"lines":{"total":10,"covered":0,"skipped":0,"pct":0},"functions":{"total":0,"covered":0,"skipped":0,"pct":100},"statements":{"total":11,"covered":0,"skipped":0,"pct":0},"branches":{"total":3,"covered":0,"skipped":0,"pct":0}}
,"C:\\Users\\dscanales\\Documents\\DegenScore-Card\\DegenScore-Card-1\\lib\\logger.ts": {"lines":{"total":40,"covered":11,"skipped":0,"pct":27.5},"functions":{"total":16,"covered":5,"skipped":0,"pct":31.25},"statements":{"total":41,"covered":12,"skipped":0,"pct":29.26},"branches":{"total":13,"covered":4,"skipped":0,"pct":30.76}}
,"C:\\Users\\dscanales\\Documents\\DegenScore-Card\\DegenScore-Card-1\\lib\\metrics.ts": {"lines":{"total":1,"covered":0,"skipped":0,"pct":0},"functions":{"total":0,"covered":0,"skipped":0,"pct":100},"statements":{"total":2,"covered":0,"skipped":0,"pct":0},"branches":{"total":0,"covered":0,"skipped":0,"pct":100}}
,"C:\\Users\\dscanales\\Documents\\DegenScore-Card\\DegenScore-Card-1\\lib\\metricsEngine.ts": {"lines":{"total":227,"covered":0,"skipped":0,"pct":0},"functions":{"total":36,"covered":0,"skipped":0,"pct":0},"statements":{"total":257,"covered":0,"skipped":0,"pct":0},"branches":{"total":120,"covered":0,"skipped":0,"pct":0}}
,"C:\\Users\\dscanales\\Documents\\DegenScore-Card\\DegenScore-Card-1\\lib\\notifications.ts": {"lines":{"total":68,"covered":6,"skipped":0,"pct":8.82},"functions":{"total":9,"covered":0,"skipped":0,"pct":0},"statements":{"total":69,"covered":6,"skipped":0,"pct":8.69},"branches":{"total":29,"covered":0,"skipped":0,"pct":0}}
,"C:\\Users\\dscanales\\Documents\\DegenScore-Card\\DegenScore-Card-1\\lib\\prisma.ts": {"lines":{"total":21,"covered":18,"skipped":0,"pct":85.71},"functions":{"total":1,"covered":1,"skipped":0,"pct":100},"statements":{"total":24,"covered":20,"skipped":0,"pct":83.33},"branches":{"total":21,"covered":11,"skipped":0,"pct":52.38}}
,"C:\\Users\\dscanales\\Documents\\DegenScore-Card\\DegenScore-Card-1\\lib\\queryOptimization.ts": {"lines":{"total":58,"covered":0,"skipped":0,"pct":0},"functions":{"total":14,"covered":0,"skipped":0,"pct":0},"statements":{"total":61,"covered":0,"skipped":0,"pct":0},"branches":{"total":20,"covered":0,"skipped":0,"pct":0}}
,"C:\\Users\\dscanales\\Documents\\DegenScore-Card\\DegenScore-Card-1\\lib\\queue.ts": {"lines":{"total":30,"covered":0,"skipped":0,"pct":0},"functions":{"total":6,"covered":0,"skipped":0,"pct":0},"statements":{"total":33,"covered":0,"skipped":0,"pct":0},"branches":{"total":10,"covered":0,"skipped":0,"pct":0}}
,"C:\\Users\\dscanales\\Documents\\DegenScore-Card\\DegenScore-Card-1\\lib\\rateLimit.ts": {"lines":{"total":43,"covered":21,"skipped":0,"pct":48.83},"functions":{"total":6,"covered":2,"skipped":0,"pct":33.33},"statements":{"total":43,"covered":21,"skipped":0,"pct":48.83},"branches":{"total":26,"covered":11,"skipped":0,"pct":42.3}}
,"C:\\Users\\dscanales\\Documents\\DegenScore-Card\\DegenScore-Card-1\\lib\\rateLimitPersistent.ts": {"lines":{"total":35,"covered":0,"skipped":0,"pct":0},"functions":{"total":3,"covered":0,"skipped":0,"pct":0},"statements":{"total":36,"covered":0,"skipped":0,"pct":0},"branches":{"total":18,"covered":0,"skipped":0,"pct":0}}
,"C:\\Users\\dscanales\\Documents\\DegenScore-Card\\DegenScore-Card-1\\lib\\rateLimitRedis.ts": {"lines":{"total":138,"covered":9,"skipped":0,"pct":6.52},"functions":{"total":12,"covered":2,"skipped":0,"pct":16.66},"statements":{"total":139,"covered":9,"skipped":0,"pct":6.47},"branches":{"total":62,"covered":2,"skipped":0,"pct":3.22}}
,"C:\\Users\\dscanales\\Documents\\DegenScore-Card\\DegenScore-Card-1\\lib\\referralEngine.ts": {"lines":{"total":78,"covered":5,"skipped":0,"pct":6.41},"functions":{"total":13,"covered":1,"skipped":0,"pct":7.69},"statements":{"total":81,"covered":6,"skipped":0,"pct":7.4},"branches":{"total":27,"covered":2,"skipped":0,"pct":7.4}}
,"C:\\Users\\dscanales\\Documents\\DegenScore-Card\\DegenScore-Card-1\\lib\\retryLogic.ts": {"lines":{"total":64,"covered":8,"skipped":0,"pct":12.5},"functions":{"total":12,"covered":1,"skipped":0,"pct":8.33},"statements":{"total":66,"covered":8,"skipped":0,"pct":12.12},"branches":{"total":32,"covered":0,"skipped":0,"pct":0}}
,"C:\\Users\\dscanales\\Documents\\DegenScore-Card\\DegenScore-Card-1\\lib\\sanitize.ts": {"lines":{"total":49,"covered":39,"skipped":0,"pct":79.59},"functions":{"total":8,"covered":5,"skipped":0,"pct":62.5},"statements":{"total":58,"covered":40,"skipped":0,"pct":68.96},"branches":{"total":24,"covered":16,"skipped":0,"pct":66.66}}
,"C:\\Users\\dscanales\\Documents\\DegenScore-Card\\DegenScore-Card-1\\lib\\streaks.ts": {"lines":{"total":59,"covered":5,"skipped":0,"pct":8.47},"functions":{"total":9,"covered":0,"skipped":0,"pct":0},"statements":{"total":66,"covered":5,"skipped":0,"pct":7.57},"branches":{"total":22,"covered":0,"skipped":0,"pct":0}}
,"C:\\Users\\dscanales\\Documents\\DegenScore-Card\\DegenScore-Card-1\\lib\\telegramBot.ts": {"lines":{"total":125,"covered":0,"skipped":0,"pct":0},"functions":{"total":15,"covered":0,"skipped":0,"pct":0},"statements":{"total":129,"covered":0,"skipped":0,"pct":0},"branches":{"total":40,"covered":0,"skipped":0,"pct":0}}
,"C:\\Users\\dscanales\\Documents\\DegenScore-Card\\DegenScore-Card-1\\lib\\validation.ts": {"lines":{"total":37,"covered":15,"skipped":0,"pct":40.54},"functions":{"total":11,"covered":3,"skipped":0,"pct":27.27},"statements":{"total":47,"covered":18,"skipped":0,"pct":38.29},"branches":{"total":21,"covered":6,"skipped":0,"pct":28.57}}
,"C:\\Users\\dscanales\\Documents\\DegenScore-Card\\DegenScore-Card-1\\lib\\walletAuth.ts": {"lines":{"total":53,"covered":10,"skipped":0,"pct":18.86},"functions":{"total":6,"covered":1,"skipped":0,"pct":16.66},"statements":{"total":53,"covered":10,"skipped":0,"pct":18.86},"branches":{"total":18,"covered":2,"skipped":0,"pct":11.11}}
,"C:\\Users\\dscanales\\Documents\\DegenScore-Card\\DegenScore-Card-1\\lib\\whaleTracker.ts": {"lines":{"total":117,"covered":15,"skipped":0,"pct":12.82},"functions":{"total":21,"covered":0,"skipped":0,"pct":0},"statements":{"total":122,"covered":15,"skipped":0,"pct":12.29},"branches":{"total":46,"covered":0,"skipped":0,"pct":0}}
,"C:\\Users\\dscanales\\Documents\\DegenScore-Card\\DegenScore-Card-1\\lib\\cache\\hotWalletCache.ts": {"lines":{"total":78,"covered":0,"skipped":0,"pct":0},"functions":{"total":13,"covered":0,"skipped":0,"pct":0},"statements":{"total":81,"covered":0,"skipped":0,"pct":0},"branches":{"total":28,"covered":0,"skipped":0,"pct":0}}
,"C:\\Users\\dscanales\\Documents\\DegenScore-Card\\DegenScore-Card-1\\lib\\cache\\redis.ts": {"lines":{"total":81,"covered":8,"skipped":0,"pct":9.87},"functions":{"total":16,"covered":0,"skipped":0,"pct":0},"statements":{"total":83,"covered":9,"skipped":0,"pct":10.84},"branches":{"total":47,"covered":2,"skipped":0,"pct":4.25}}
,"C:\\Users\\dscanales\\Documents\\DegenScore-Card\\DegenScore-Card-1\\lib\\middleware\\verifyJwt.ts": {"lines":{"total":20,"covered":0,"skipped":0,"pct":0},"functions":{"total":1,"covered":0,"skipped":0,"pct":0},"statements":{"total":20,"covered":0,"skipped":0,"pct":0},"branches":{"total":6,"covered":0,"skipped":0,"pct":0}}
,"C:\\Users\\dscanales\\Documents\\DegenScore-Card\\DegenScore-Card-1\\lib\\middleware\\withAuth.ts": {"lines":{"total":5,"covered":0,"skipped":0,"pct":0},"functions":{"total":3,"covered":0,"skipped":0,"pct":0},"statements":{"total":5,"covered":0,"skipped":0,"pct":0},"branches":{"total":0,"covered":0,"skipped":0,"pct":100}}
,"C:\\Users\\dscanales\\Documents\\DegenScore-Card\\DegenScore-Card-1\\lib\\realtime\\pusher.ts": {"lines":{"total":38,"covered":12,"skipped":0,"pct":31.57},"functions":{"total":11,"covered":1,"skipped":0,"pct":9.09},"statements":{"total":44,"covered":12,"skipped":0,"pct":27.27},"branches":{"total":27,"covered":4,"skipped":0,"pct":14.81}}
,"C:\\Users\\dscanales\\Documents\\DegenScore-Card\\DegenScore-Card-1\\lib\\services\\helius.ts": {"lines":{"total":78,"covered":11,"skipped":0,"pct":14.1},"functions":{"total":20,"covered":1,"skipped":0,"pct":5},"statements":{"total":83,"covered":11,"skipped":0,"pct":13.25},"branches":{"total":24,"covered":2,"skipped":0,"pct":8.33}}
,"C:\\Users\\dscanales\\Documents\\DegenScore-Card\\DegenScore-Card-1\\lib\\services\\superTokenScorer.ts": {"lines":{"total":691,"covered":0,"skipped":0,"pct":0},"functions":{"total":50,"covered":0,"skipped":0,"pct":0},"statements":{"total":755,"covered":0,"skipped":0,"pct":0},"branches":{"total":529,"covered":0,"skipped":0,"pct":0}}
,"C:\\Users\\dscanales\\Documents\\DegenScore-Card\\DegenScore-Card-1\\lib\\services\\tokenSecurityAnalyzer.ts": {"lines":{"total":402,"covered":0,"skipped":0,"pct":0},"functions":{"total":57,"covered":0,"skipped":0,"pct":0},"statements":{"total":436,"covered":0,"skipped":0,"pct":0},"branches":{"total":233,"covered":0,"skipped":0,"pct":0}}
,"C:\\Users\\dscanales\\Documents\\DegenScore-Card\\DegenScore-Card-1\\lib\\storage\\r2.ts": {"lines":{"total":16,"covered":2,"skipped":0,"pct":12.5},"functions":{"total":5,"covered":0,"skipped":0,"pct":0},"statements":{"total":17,"covered":2,"skipped":0,"pct":11.76},"branches":{"total":2,"covered":0,"skipped":0,"pct":0}}
,"C:\\Users\\dscanales\\Documents\\DegenScore-Card\\DegenScore-Card-1\\lib\\utils\\date.ts": {"lines":{"total":28,"covered":4,"skipped":0,"pct":14.28},"functions":{"total":4,"covered":1,"skipped":0,"pct":25},"statements":{"total":31,"covered":4,"skipped":0,"pct":12.9},"branches":{"total":16,"covered":3,"skipped":0,"pct":18.75}}
,"C:\\Users\\dscanales\\Documents\\DegenScore-Card\\DegenScore-Card-1\\lib\\utils\\format.ts": {"lines":{"total":20,"covered":0,"skipped":0,"pct":0},"functions":{"total":6,"covered":0,"skipped":0,"pct":0},"statements":{"total":25,"covered":0,"skipped":0,"pct":0},"branches":{"total":9,"covered":0,"skipped":0,"pct":0}}
,"C:\\Users\\dscanales\\Documents\\DegenScore-Card\\DegenScore-Card-1\\lib\\utils\\number.ts": {"lines":{"total":16,"covered":2,"skipped":0,"pct":12.5},"functions":{"total":5,"covered":1,"skipped":0,"pct":20},"statements":{"total":16,"covered":2,"skipped":0,"pct":12.5},"branches":{"total":6,"covered":0,"skipped":0,"pct":0}}
,"C:\\Users\\dscanales\\Documents\\DegenScore-Card\\DegenScore-Card-1\\lib\\utils\\token-scoring.ts": {"lines":{"total":53,"covered":9,"skipped":0,"pct":16.98},"functions":{"total":7,"covered":2,"skipped":0,"pct":28.57},"statements":{"total":57,"covered":9,"skipped":0,"pct":15.78},"branches":{"total":42,"covered":1,"skipped":0,"pct":2.38}}
,"C:\\Users\\dscanales\\Documents\\DegenScore-Card\\DegenScore-Card-1\\lib\\utils\\whale-radar.ts": {"lines":{"total":20,"covered":4,"skipped":0,"pct":20},"functions":{"total":3,"covered":1,"skipped":0,"pct":33.33},"statements":{"total":25,"covered":5,"skipped":0,"pct":20},"branches":{"total":8,"covered":0,"skipped":0,"pct":0}}
,"C:\\Users\\dscanales\\Documents\\DegenScore-Card\\DegenScore-Card-1\\pages\\api\\analyze-token.ts": {"lines":{"total":53,"covered":0,"skipped":0,"pct":0},"functions":{"total":6,"covered":0,"skipped":0,"pct":0},"statements":{"total":53,"covered":0,"skipped":0,"pct":0},"branches":{"total":23,"covered":0,"skipped":0,"pct":0}}
,"C:\\Users\\dscanales\\Documents\\DegenScore-Card\\DegenScore-Card-1\\pages\\api\\analyze.ts": {"lines":{"total":36,"covered":0,"skipped":0,"pct":0},"functions":{"total":3,"covered":0,"skipped":0,"pct":0},"statements":{"total":37,"covered":0,"skipped":0,"pct":0},"branches":{"total":18,"covered":0,"skipped":0,"pct":0}}
,"C:\\Users\\dscanales\\Documents\\DegenScore-Card\\DegenScore-Card-1\\pages\\api\\apply-promo-code.ts": {"lines":{"total":89,"covered":0,"skipped":0,"pct":0},"functions":{"total":2,"covered":0,"skipped":0,"pct":0},"statements":{"total":89,"covered":0,"skipped":0,"pct":0},"branches":{"total":49,"covered":0,"skipped":0,"pct":0}}
,"C:\\Users\\dscanales\\Documents\\DegenScore-Card\\DegenScore-Card-1\\pages\\api\\auth.ts": {"lines":{"total":33,"covered":0,"skipped":0,"pct":0},"functions":{"total":1,"covered":0,"skipped":0,"pct":0},"statements":{"total":33,"covered":0,"skipped":0,"pct":0},"branches":{"total":10,"covered":0,"skipped":0,"pct":0}}
,"C:\\Users\\dscanales\\Documents\\DegenScore-Card\\DegenScore-Card-1\\pages\\api\\card-status.ts": {"lines":{"total":18,"covered":0,"skipped":0,"pct":0},"functions":{"total":1,"covered":0,"skipped":0,"pct":0},"statements":{"total":18,"covered":0,"skipped":0,"pct":0},"branches":{"total":11,"covered":0,"skipped":0,"pct":0}}
,"C:\\Users\\dscanales\\Documents\\DegenScore-Card\\DegenScore-Card-1\\pages\\api\\clear-cache.ts": {"lines":{"total":23,"covered":0,"skipped":0,"pct":0},"functions":{"total":1,"covered":0,"skipped":0,"pct":0},"statements":{"total":23,"covered":0,"skipped":0,"pct":0},"branches":{"total":7,"covered":0,"skipped":0,"pct":0}}
,"C:\\Users\\dscanales\\Documents\\DegenScore-Card\\DegenScore-Card-1\\pages\\api\\clear-card-cache.ts": {"lines":{"total":29,"covered":0,"skipped":0,"pct":0},"functions":{"total":1,"covered":0,"skipped":0,"pct":0},"statements":{"total":29,"covered":0,"skipped":0,"pct":0},"branches":{"total":8,"covered":0,"skipped":0,"pct":0}}
,"C:\\Users\\dscanales\\Documents\\DegenScore-Card\\DegenScore-Card-1\\pages\\api\\compare-cards.ts": {"lines":{"total":24,"covered":0,"skipped":0,"pct":0},"functions":{"total":1,"covered":0,"skipped":0,"pct":0},"statements":{"total":24,"covered":0,"skipped":0,"pct":0},"branches":{"total":48,"covered":0,"skipped":0,"pct":0}}
,"C:\\Users\\dscanales\\Documents\\DegenScore-Card\\DegenScore-Card-1\\pages\\api\\current-challenge.ts": {"lines":{"total":36,"covered":0,"skipped":0,"pct":0},"functions":{"total":2,"covered":0,"skipped":0,"pct":0},"statements":{"total":36,"covered":0,"skipped":0,"pct":0},"branches":{"total":22,"covered":0,"skipped":0,"pct":0}}
,"C:\\Users\\dscanales\\Documents\\DegenScore-Card\\DegenScore-Card-1\\pages\\api\\daily-checkin.ts": {"lines":{"total":59,"covered":0,"skipped":0,"pct":0},"functions":{"total":8,"covered":0,"skipped":0,"pct":0},"statements":{"total":60,"covered":0,"skipped":0,"pct":0},"branches":{"total":31,"covered":0,"skipped":0,"pct":0}}
,"C:\\Users\\dscanales\\Documents\\DegenScore-Card\\DegenScore-Card-1\\pages\\api\\generate-card-async.ts": {"lines":{"total":26,"covered":0,"skipped":0,"pct":0},"functions":{"total":1,"covered":0,"skipped":0,"pct":0},"statements":{"total":26,"covered":0,"skipped":0,"pct":0},"branches":{"total":13,"covered":0,"skipped":0,"pct":0}}
,"C:\\Users\\dscanales\\Documents\\DegenScore-Card\\DegenScore-Card-1\\pages\\api\\generate-card.ts": {"lines":{"total":468,"covered":26,"skipped":0,"pct":5.55},"functions":{"total":13,"covered":1,"skipped":0,"pct":7.69},"statements":{"total":501,"covered":26,"skipped":0,"pct":5.18},"branches":{"total":105,"covered":4,"skipped":0,"pct":3.8}}
,"C:\\Users\\dscanales\\Documents\\DegenScore-Card\\DegenScore-Card-1\\pages\\api\\get-card.ts": {"lines":{"total":20,"covered":0,"skipped":0,"pct":0},"functions":{"total":1,"covered":0,"skipped":0,"pct":0},"statements":{"total":20,"covered":0,"skipped":0,"pct":0},"branches":{"total":10,"covered":0,"skipped":0,"pct":0}}
,"C:\\Users\\dscanales\\Documents\\DegenScore-Card\\DegenScore-Card-1\\pages\\api\\health.ts": {"lines":{"total":11,"covered":9,"skipped":0,"pct":81.81},"functions":{"total":1,"covered":1,"skipped":0,"pct":100},"statements":{"total":11,"covered":9,"skipped":0,"pct":81.81},"branches":{"total":9,"covered":4,"skipped":0,"pct":44.44}}
,"C:\\Users\\dscanales\\Documents\\DegenScore-Card\\DegenScore-Card-1\\pages\\api\\hot-feed.ts": {"lines":{"total":38,"covered":0,"skipped":0,"pct":0},"functions":{"total":3,"covered":0,"skipped":0,"pct":0},"statements":{"total":44,"covered":0,"skipped":0,"pct":0},"branches":{"total":42,"covered":0,"skipped":0,"pct":0}}
,"C:\\Users\\dscanales\\Documents\\DegenScore-Card\\DegenScore-Card-1\\pages\\api\\leaderboard.ts": {"lines":{"total":59,"covered":11,"skipped":0,"pct":18.64},"functions":{"total":8,"covered":1,"skipped":0,"pct":12.5},"statements":{"total":60,"covered":11,"skipped":0,"pct":18.33},"branches":{"total":57,"covered":2,"skipped":0,"pct":3.5}}
,"C:\\Users\\dscanales\\Documents\\DegenScore-Card\\DegenScore-Card-1\\pages\\api\\like.ts": {"lines":{"total":36,"covered":0,"skipped":0,"pct":0},"functions":{"total":1,"covered":0,"skipped":0,"pct":0},"statements":{"total":36,"covered":0,"skipped":0,"pct":0},"branches":{"total":21,"covered":0,"skipped":0,"pct":0}}
,"C:\\Users\\dscanales\\Documents\\DegenScore-Card\\DegenScore-Card-1\\pages\\api\\nonce.ts": {"lines":{"total":15,"covered":0,"skipped":0,"pct":0},"functions":{"total":1,"covered":0,"skipped":0,"pct":0},"statements":{"total":15,"covered":0,"skipped":0,"pct":0},"branches":{"total":1,"covered":0,"skipped":0,"pct":0}}
,"C:\\Users\\dscanales\\Documents\\DegenScore-Card\\DegenScore-Card-1\\pages\\api\\og-image.ts": {"lines":{"total":83,"covered":0,"skipped":0,"pct":0},"functions":{"total":2,"covered":0,"skipped":0,"pct":0},"statements":{"total":85,"covered":0,"skipped":0,"pct":0},"branches":{"total":13,"covered":0,"skipped":0,"pct":0}}
,"C:\\Users\\dscanales\\Documents\\DegenScore-Card\\DegenScore-Card-1\\pages\\api\\recent-activity.ts": {"lines":{"total":46,"covered":0,"skipped":0,"pct":0},"functions":{"total":2,"covered":0,"skipped":0,"pct":0},"statements":{"total":46,"covered":0,"skipped":0,"pct":0},"branches":{"total":25,"covered":0,"skipped":0,"pct":0}}
,"C:\\Users\\dscanales\\Documents\\DegenScore-Card\\DegenScore-Card-1\\pages\\api\\record-payment.ts": {"lines":{"total":40,"covered":0,"skipped":0,"pct":0},"functions":{"total":2,"covered":0,"skipped":0,"pct":0},"statements":{"total":40,"covered":0,"skipped":0,"pct":0},"branches":{"total":19,"covered":0,"skipped":0,"pct":0}}
,"C:\\Users\\dscanales\\Documents\\DegenScore-Card\\DegenScore-Card-1\\pages\\api\\save-card.ts": {"lines":{"total":34,"covered":14,"skipped":0,"pct":41.17},"functions":{"total":2,"covered":1,"skipped":0,"pct":50},"statements":{"total":35,"covered":14,"skipped":0,"pct":40},"branches":{"total":72,"covered":4,"skipped":0,"pct":5.55}}
,"C:\\Users\\dscanales\\Documents\\DegenScore-Card\\DegenScore-Card-1\\pages\\api\\score-history.ts": {"lines":{"total":37,"covered":0,"skipped":0,"pct":0},"functions":{"total":6,"covered":0,"skipped":0,"pct":0},"statements":{"total":41,"covered":0,"skipped":0,"pct":0},"branches":{"total":19,"covered":0,"skipped":0,"pct":0}}
,"C:\\Users\\dscanales\\Documents\\DegenScore-Card\\DegenScore-Card-1\\pages\\api\\sitemap.xml.ts": {"lines":{"total":17,"covered":0,"skipped":0,"pct":0},"functions":{"total":3,"covered":0,"skipped":0,"pct":0},"statements":{"total":17,"covered":0,"skipped":0,"pct":0},"branches":{"total":5,"covered":0,"skipped":0,"pct":0}}
,"C:\\Users\\dscanales\\Documents\\DegenScore-Card\\DegenScore-Card-1\\pages\\api\\spots-remaining.ts": {"lines":{"total":19,"covered":0,"skipped":0,"pct":0},"functions":{"total":3,"covered":0,"skipped":0,"pct":0},"statements":{"total":21,"covered":0,"skipped":0,"pct":0},"branches":{"total":14,"covered":0,"skipped":0,"pct":0}}
,"C:\\Users\\dscanales\\Documents\\DegenScore-Card\\DegenScore-Card-1\\pages\\api\\super-token-score.ts": {"lines":{"total":67,"covered":0,"skipped":0,"pct":0},"functions":{"total":14,"covered":0,"skipped":0,"pct":0},"statements":{"total":67,"covered":0,"skipped":0,"pct":0},"branches":{"total":25,"covered":0,"skipped":0,"pct":0}}
,"C:\\Users\\dscanales\\Documents\\DegenScore-Card\\DegenScore-Card-1\\pages\\api\\test-card.ts": {"lines":{"total":56,"covered":0,"skipped":0,"pct":0},"functions":{"total":1,"covered":0,"skipped":0,"pct":0},"statements":{"total":56,"covered":0,"skipped":0,"pct":0},"branches":{"total":4,"covered":0,"skipped":0,"pct":0}}
,"C:\\Users\\dscanales\\Documents\\DegenScore-Card\\DegenScore-Card-1\\pages\\api\\track-hot-wallets.ts": {"lines":{"total":54,"covered":0,"skipped":0,"pct":0},"functions":{"total":3,"covered":0,"skipped":0,"pct":0},"statements":{"total":55,"covered":0,"skipped":0,"pct":0},"branches":{"total":24,"covered":0,"skipped":0,"pct":0}}
,"C:\\Users\\dscanales\\Documents\\DegenScore-Card\\DegenScore-Card-1\\pages\\api\\update-profile.ts": {"lines":{"total":38,"covered":0,"skipped":0,"pct":0},"functions":{"total":1,"covered":0,"skipped":0,"pct":0},"statements":{"total":39,"covered":0,"skipped":0,"pct":0},"branches":{"total":25,"covered":0,"skipped":0,"pct":0}}
,"C:\\Users\\dscanales\\Documents\\DegenScore-Card\\DegenScore-Card-1\\pages\\api\\upload-profile-image.ts": {"lines":{"total":43,"covered":0,"skipped":0,"pct":0},"functions":{"total":3,"covered":0,"skipped":0,"pct":0},"statements":{"total":45,"covered":0,"skipped":0,"pct":0},"branches":{"total":24,"covered":0,"skipped":0,"pct":0}}
,"C:\\Users\\dscanales\\Documents\\DegenScore-Card\\DegenScore-Card-1\\pages\\api\\verify-payment.ts": {"lines":{"total":76,"covered":0,"skipped":0,"pct":0},"functions":{"total":4,"covered":0,"skipped":0,"pct":0},"statements":{"total":77,"covered":0,"skipped":0,"pct":0},"branches":{"total":32,"covered":0,"skipped":0,"pct":0}}
,"C:\\Users\\dscanales\\Documents\\DegenScore-Card\\DegenScore-Card-1\\pages\\api\\admin\\database-health.ts": {"lines":{"total":12,"covered":0,"skipped":0,"pct":0},"functions":{"total":1,"covered":0,"skipped":0,"pct":0},"statements":{"total":12,"covered":0,"skipped":0,"pct":0},"branches":{"total":9,"covered":0,"skipped":0,"pct":0}}
,"C:\\Users\\dscanales\\Documents\\DegenScore-Card\\DegenScore-Card-1\\pages\\api\\admin\\sync-database.ts": {"lines":{"total":22,"covered":0,"skipped":0,"pct":0},"functions":{"total":1,"covered":0,"skipped":0,"pct":0},"statements":{"total":23,"covered":0,"skipped":0,"pct":0},"branches":{"total":15,"covered":0,"skipped":0,"pct":0}}
,"C:\\Users\\dscanales\\Documents\\DegenScore-Card\\DegenScore-Card-1\\pages\\api\\admin\\system-health.ts": {"lines":{"total":34,"covered":9,"skipped":0,"pct":26.47},"functions":{"total":1,"covered":1,"skipped":0,"pct":100},"statements":{"total":34,"covered":9,"skipped":0,"pct":26.47},"branches":{"total":14,"covered":2,"skipped":0,"pct":14.28}}
,"C:\\Users\\dscanales\\Documents\\DegenScore-Card\\DegenScore-Card-1\\pages\\api\\admin\\update-challenges.ts": {"lines":{"total":19,"covered":0,"skipped":0,"pct":0},"functions":{"total":2,"covered":0,"skipped":0,"pct":0},"statements":{"total":19,"covered":0,"skipped":0,"pct":0},"branches":{"total":6,"covered":0,"skipped":0,"pct":0}}
,"C:\\Users\\dscanales\\Documents\\DegenScore-Card\\DegenScore-Card-1\\pages\\api\\ai\\coach.ts": {"lines":{"total":56,"covered":18,"skipped":0,"pct":32.14},"functions":{"total":3,"covered":3,"skipped":0,"pct":100},"statements":{"total":56,"covered":18,"skipped":0,"pct":32.14},"branches":{"total":22,"covered":7,"skipped":0,"pct":31.81}}
,"C:\\Users\\dscanales\\Documents\\DegenScore-Card\\DegenScore-Card-1\\pages\\api\\auth\\challenge.ts": {"lines":{"total":19,"covered":0,"skipped":0,"pct":0},"functions":{"total":1,"covered":0,"skipped":0,"pct":0},"statements":{"total":19,"covered":0,"skipped":0,"pct":0},"branches":{"total":9,"covered":0,"skipped":0,"pct":0}}
,"C:\\Users\\dscanales\\Documents\\DegenScore-Card\\DegenScore-Card-1\\pages\\api\\auth\\verify.ts": {"lines":{"total":24,"covered":0,"skipped":0,"pct":0},"functions":{"total":1,"covered":0,"skipped":0,"pct":0},"statements":{"total":24,"covered":0,"skipped":0,"pct":0},"branches":{"total":12,"covered":0,"skipped":0,"pct":0}}
,"C:\\Users\\dscanales\\Documents\\DegenScore-Card\\DegenScore-Card-1\\pages\\api\\cache\\stats.ts": {"lines":{"total":12,"covered":0,"skipped":0,"pct":0},"functions":{"total":1,"covered":0,"skipped":0,"pct":0},"statements":{"total":12,"covered":0,"skipped":0,"pct":0},"branches":{"total":3,"covered":0,"skipped":0,"pct":0}}
,"C:\\Users\\dscanales\\Documents\\DegenScore-Card\\DegenScore-Card-1\\pages\\api\\challenges\\daily.ts": {"lines":{"total":45,"covered":0,"skipped":0,"pct":0},"functions":{"total":3,"covered":0,"skipped":0,"pct":0},"statements":{"total":45,"covered":0,"skipped":0,"pct":0},"branches":{"total":19,"covered":0,"skipped":0,"pct":0}}
,"C:\\Users\\dscanales\\Documents\\DegenScore-Card\\DegenScore-Card-1\\pages\\api\\cron\\detect-whales.ts": {"lines":{"total":32,"covered":15,"skipped":0,"pct":46.87},"functions":{"total":1,"covered":1,"skipped":0,"pct":100},"statements":{"total":32,"covered":15,"skipped":0,"pct":46.87},"branches":{"total":5,"covered":1,"skipped":0,"pct":20}}
,"C:\\Users\\dscanales\\Documents\\DegenScore-Card\\DegenScore-Card-1\\pages\\api\\cron\\record-scores.ts": {"lines":{"total":25,"covered":0,"skipped":0,"pct":0},"functions":{"total":2,"covered":0,"skipped":0,"pct":0},"statements":{"total":26,"covered":0,"skipped":0,"pct":0},"branches":{"total":10,"covered":0,"skipped":0,"pct":0}}
,"C:\\Users\\dscanales\\Documents\\DegenScore-Card\\DegenScore-Card-1\\pages\\api\\discord\\webhook.ts": {"lines":{"total":46,"covered":0,"skipped":0,"pct":0},"functions":{"total":2,"covered":0,"skipped":0,"pct":0},"statements":{"total":46,"covered":0,"skipped":0,"pct":0},"branches":{"total":35,"covered":0,"skipped":0,"pct":0}}
,"C:\\Users\\dscanales\\Documents\\DegenScore-Card\\DegenScore-Card-1\\pages\\api\\export\\card.ts": {"lines":{"total":41,"covered":0,"skipped":0,"pct":0},"functions":{"total":1,"covered":0,"skipped":0,"pct":0},"statements":{"total":41,"covered":0,"skipped":0,"pct":0},"branches":{"total":15,"covered":0,"skipped":0,"pct":0}}
,"C:\\Users\\dscanales\\Documents\\DegenScore-Card\\DegenScore-Card-1\\pages\\api\\flash-sales\\active.ts": {"lines":{"total":9,"covered":9,"skipped":0,"pct":100},"functions":{"total":1,"covered":1,"skipped":0,"pct":100},"statements":{"total":9,"covered":9,"skipped":0,"pct":100},"branches":{"total":3,"covered":2,"skipped":0,"pct":66.66}}
,"C:\\Users\\dscanales\\Documents\\DegenScore-Card\\DegenScore-Card-1\\pages\\api\\flash-sales\\redeem.ts": {"lines":{"total":18,"covered":8,"skipped":0,"pct":44.44},"functions":{"total":1,"covered":1,"skipped":0,"pct":100},"statements":{"total":18,"covered":8,"skipped":0,"pct":44.44},"branches":{"total":10,"covered":3,"skipped":0,"pct":30}}
,"C:\\Users\\dscanales\\Documents\\DegenScore-Card\\DegenScore-Card-1\\pages\\api\\follows\\add.ts": {"lines":{"total":39,"covered":13,"skipped":0,"pct":33.33},"functions":{"total":2,"covered":1,"skipped":0,"pct":50},"statements":{"total":39,"covered":13,"skipped":0,"pct":33.33},"branches":{"total":16,"covered":2,"skipped":0,"pct":12.5}}
,"C:\\Users\\dscanales\\Documents\\DegenScore-Card\\DegenScore-Card-1\\pages\\api\\follows\\followers.ts": {"lines":{"total":22,"covered":0,"skipped":0,"pct":0},"functions":{"total":3,"covered":0,"skipped":0,"pct":0},"statements":{"total":23,"covered":0,"skipped":0,"pct":0},"branches":{"total":11,"covered":0,"skipped":0,"pct":0}}
,"C:\\Users\\dscanales\\Documents\\DegenScore-Card\\DegenScore-Card-1\\pages\\api\\follows\\list.ts": {"lines":{"total":22,"covered":0,"skipped":0,"pct":0},"functions":{"total":3,"covered":0,"skipped":0,"pct":0},"statements":{"total":23,"covered":0,"skipped":0,"pct":0},"branches":{"total":11,"covered":0,"skipped":0,"pct":0}}
,"C:\\Users\\dscanales\\Documents\\DegenScore-Card\\DegenScore-Card-1\\pages\\api\\follows\\remove.ts": {"lines":{"total":31,"covered":0,"skipped":0,"pct":0},"functions":{"total":1,"covered":0,"skipped":0,"pct":0},"statements":{"total":31,"covered":0,"skipped":0,"pct":0},"branches":{"total":18,"covered":0,"skipped":0,"pct":0}}
,"C:\\Users\\dscanales\\Documents\\DegenScore-Card\\DegenScore-Card-1\\pages\\api\\follows\\status.ts": {"lines":{"total":27,"covered":0,"skipped":0,"pct":0},"functions":{"total":1,"covered":0,"skipped":0,"pct":0},"statements":{"total":27,"covered":0,"skipped":0,"pct":0},"branches":{"total":15,"covered":0,"skipped":0,"pct":0}}
,"C:\\Users\\dscanales\\Documents\\DegenScore-Card\\DegenScore-Card-1\\pages\\api\\notifications\\preferences.ts": {"lines":{"total":38,"covered":9,"skipped":0,"pct":23.68},"functions":{"total":1,"covered":1,"skipped":0,"pct":100},"statements":{"total":38,"covered":9,"skipped":0,"pct":23.68},"branches":{"total":52,"covered":4,"skipped":0,"pct":7.69}}
,"C:\\Users\\dscanales\\Documents\\DegenScore-Card\\DegenScore-Card-1\\pages\\api\\referrals\\check-rewards.ts": {"lines":{"total":36,"covered":0,"skipped":0,"pct":0},"functions":{"total":5,"covered":0,"skipped":0,"pct":0},"statements":{"total":37,"covered":0,"skipped":0,"pct":0},"branches":{"total":17,"covered":0,"skipped":0,"pct":0}}
,"C:\\Users\\dscanales\\Documents\\DegenScore-Card\\DegenScore-Card-1\\pages\\api\\referrals\\claim-rewards.ts": {"lines":{"total":20,"covered":20,"skipped":0,"pct":100},"functions":{"total":1,"covered":1,"skipped":0,"pct":100},"statements":{"total":20,"covered":20,"skipped":0,"pct":100},"branches":{"total":12,"covered":10,"skipped":0,"pct":83.33}}
,"C:\\Users\\dscanales\\Documents\\DegenScore-Card\\DegenScore-Card-1\\pages\\api\\referrals\\leaderboard.ts": {"lines":{"total":11,"covered":0,"skipped":0,"pct":0},"functions":{"total":1,"covered":0,"skipped":0,"pct":0},"statements":{"total":11,"covered":0,"skipped":0,"pct":0},"branches":{"total":7,"covered":0,"skipped":0,"pct":0}}
,"C:\\Users\\dscanales\\Documents\\DegenScore-Card\\DegenScore-Card-1\\pages\\api\\referrals\\my-referrals.ts": {"lines":{"total":18,"covered":0,"skipped":0,"pct":0},"functions":{"total":3,"covered":0,"skipped":0,"pct":0},"statements":{"total":19,"covered":0,"skipped":0,"pct":0},"branches":{"total":8,"covered":0,"skipped":0,"pct":0}}
,"C:\\Users\\dscanales\\Documents\\DegenScore-Card\\DegenScore-Card-1\\pages\\api\\referrals\\stats.ts": {"lines":{"total":18,"covered":0,"skipped":0,"pct":0},"functions":{"total":1,"covered":0,"skipped":0,"pct":0},"statements":{"total":18,"covered":0,"skipped":0,"pct":0},"branches":{"total":11,"covered":0,"skipped":0,"pct":0}}
,"C:\\Users\\dscanales\\Documents\\DegenScore-Card\\DegenScore-Card-1\\pages\\api\\referrals\\track.ts": {"lines":{"total":24,"covered":13,"skipped":0,"pct":54.16},"functions":{"total":1,"covered":1,"skipped":0,"pct":100},"statements":{"total":24,"covered":13,"skipped":0,"pct":54.16},"branches":{"total":13,"covered":5,"skipped":0,"pct":38.46}}
,"C:\\Users\\dscanales\\Documents\\DegenScore-Card\\DegenScore-Card-1\\pages\\api\\scarcity\\slots.ts": {"lines":{"total":12,"covered":0,"skipped":0,"pct":0},"functions":{"total":1,"covered":0,"skipped":0,"pct":0},"statements":{"total":12,"covered":0,"skipped":0,"pct":0},"branches":{"total":7,"covered":0,"skipped":0,"pct":0}}
,"C:\\Users\\dscanales\\Documents\\DegenScore-Card\\DegenScore-Card-1\\pages\\api\\streaks\\checkin.ts": {"lines":{"total":22,"covered":10,"skipped":0,"pct":45.45},"functions":{"total":1,"covered":1,"skipped":0,"pct":100},"statements":{"total":22,"covered":10,"skipped":0,"pct":45.45},"branches":{"total":7,"covered":1,"skipped":0,"pct":14.28}}
,"C:\\Users\\dscanales\\Documents\\DegenScore-Card\\DegenScore-Card-1\\pages\\api\\streaks\\leaderboard.ts": {"lines":{"total":16,"covered":0,"skipped":0,"pct":0},"functions":{"total":1,"covered":0,"skipped":0,"pct":0},"statements":{"total":16,"covered":0,"skipped":0,"pct":0},"branches":{"total":8,"covered":0,"skipped":0,"pct":0}}
,"C:\\Users\\dscanales\\Documents\\DegenScore-Card\\DegenScore-Card-1\\pages\\api\\streaks\\status.ts": {"lines":{"total":25,"covered":7,"skipped":0,"pct":28},"functions":{"total":1,"covered":1,"skipped":0,"pct":100},"statements":{"total":25,"covered":7,"skipped":0,"pct":28},"branches":{"total":14,"covered":2,"skipped":0,"pct":14.28}}
,"C:\\Users\\dscanales\\Documents\\DegenScore-Card\\DegenScore-Card-1\\pages\\api\\telegram\\link.ts": {"lines":{"total":27,"covered":0,"skipped":0,"pct":0},"functions":{"total":1,"covered":0,"skipped":0,"pct":0},"statements":{"total":27,"covered":0,"skipped":0,"pct":0},"branches":{"total":14,"covered":0,"skipped":0,"pct":0}}
,"C:\\Users\\dscanales\\Documents\\DegenScore-Card\\DegenScore-Card-1\\pages\\api\\telegram\\webhook.ts": {"lines":{"total":65,"covered":0,"skipped":0,"pct":0},"functions":{"total":2,"covered":0,"skipped":0,"pct":0},"statements":{"total":65,"covered":0,"skipped":0,"pct":0},"branches":{"total":32,"covered":0,"skipped":0,"pct":0}}
,"C:\\Users\\dscanales\\Documents\\DegenScore-Card\\DegenScore-Card-1\\pages\\api\\whales\\alerts.ts": {"lines":{"total":20,"covered":0,"skipped":0,"pct":0},"functions":{"total":1,"covered":0,"skipped":0,"pct":0},"statements":{"total":20,"covered":0,"skipped":0,"pct":0},"branches":{"total":11,"covered":0,"skipped":0,"pct":0}}
,"C:\\Users\\dscanales\\Documents\\DegenScore-Card\\DegenScore-Card-1\\pages\\api\\whales\\follow.ts": {"lines":{"total":35,"covered":0,"skipped":0,"pct":0},"functions":{"total":1,"covered":0,"skipped":0,"pct":0},"statements":{"total":35,"covered":0,"skipped":0,"pct":0},"branches":{"total":15,"covered":0,"skipped":0,"pct":0}}
,"C:\\Users\\dscanales\\Documents\\DegenScore-Card\\DegenScore-Card-1\\pages\\api\\whales\\top.ts": {"lines":{"total":11,"covered":0,"skipped":0,"pct":0},"functions":{"total":1,"covered":0,"skipped":0,"pct":0},"statements":{"total":11,"covered":0,"skipped":0,"pct":0},"branches":{"total":3,"covered":0,"skipped":0,"pct":0}}
}
