TN:
SF:components\leaderboard\utils.ts
FN:1,(anonymous_0)
FN:80,(anonymous_1)
FN:91,(anonymous_2)
FN:99,(anonymous_3)
FNF:4
FNH:4
FNDA:6,(anonymous_0)
FNDA:8,(anonymous_1)
FNDA:6,(anonymous_2)
FNDA:3,(anonymous_3)
DA:1,1
DA:2,6
DA:3,1
DA:15,5
DA:16,1
DA:28,4
DA:29,1
DA:41,3
DA:42,1
DA:54,2
DA:55,1
DA:67,1
DA:80,1
DA:81,8
DA:82,7
DA:83,6
DA:84,5
DA:85,4
DA:86,3
DA:87,2
DA:88,1
DA:91,1
DA:92,6
DA:93,4
DA:94,3
DA:95,2
DA:96,1
DA:99,1
DA:100,3
DA:101,2
DA:102,1
DA:103,1
DA:104,1
DA:105,1
DA:106,1
DA:107,1
DA:108,1
DA:109,1
DA:110,1
DA:111,1
DA:112,1
DA:113,1
DA:114,1
LF:43
LH:43
BRDA:2,0,0,1
BRDA:15,1,0,1
BRDA:28,2,0,1
BRDA:41,3,0,1
BRDA:54,4,0,1
BRDA:81,5,0,1
BRDA:82,6,0,1
BRDA:83,7,0,1
BRDA:84,8,0,1
BRDA:85,9,0,1
BRDA:86,10,0,1
BRDA:87,11,0,1
BRDA:91,12,0,6
BRDA:92,13,0,2
BRDA:92,14,0,6
BRDA:92,14,1,5
BRDA:93,15,0,1
BRDA:94,16,0,1
BRDA:95,17,0,1
BRDA:100,18,0,1
BRDA:101,19,0,1
BRDA:102,20,0,0
BRDA:103,21,0,0
BRDA:104,22,0,0
BRDA:105,23,0,0
BRDA:106,24,0,0
BRDA:107,25,0,0
BRDA:108,26,0,0
BRDA:109,27,0,0
BRDA:110,28,0,0
BRDA:111,29,0,0
BRDA:112,30,0,0
BRDA:113,31,0,0
BRF:33
BRH:21
end_of_record
TN:
SF:hooks\useDegenCard.ts
FN:37,useDegenCard
FN:64,(anonymous_1)
FN:68,(anonymous_2)
FN:148,(anonymous_3)
FN:168,(anonymous_4)
FN:173,(anonymous_5)
FN:189,(anonymous_6)
FN:199,(anonymous_7)
FN:204,(anonymous_8)
FN:215,(anonymous_9)
FN:227,(anonymous_10)
FN:233,(anonymous_11)
FN:245,(anonymous_12)
FN:251,(anonymous_13)
FN:256,(anonymous_14)
FN:261,(anonymous_15)
FN:280,(anonymous_16)
FN:307,(anonymous_17)
FNF:18
FNH:0
FNDA:0,useDegenCard
FNDA:0,(anonymous_1)
FNDA:0,(anonymous_2)
FNDA:0,(anonymous_3)
FNDA:0,(anonymous_4)
FNDA:0,(anonymous_5)
FNDA:0,(anonymous_6)
FNDA:0,(anonymous_7)
FNDA:0,(anonymous_8)
FNDA:0,(anonymous_9)
FNDA:0,(anonymous_10)
FNDA:0,(anonymous_11)
FNDA:0,(anonymous_12)
FNDA:0,(anonymous_13)
FNDA:0,(anonymous_14)
FNDA:0,(anonymous_15)
FNDA:0,(anonymous_16)
FNDA:0,(anonymous_17)
DA:1,3
DA:2,3
DA:3,3
DA:4,0
DA:37,3
DA:38,0
DA:39,0
DA:40,0
DA:41,0
DA:42,0
DA:43,0
DA:45,0
DA:46,0
DA:47,0
DA:48,0
DA:49,0
DA:50,0
DA:51,0
DA:53,0
DA:54,0
DA:55,0
DA:56,0
DA:59,0
DA:60,0
DA:61,0
DA:62,0
DA:64,0
DA:65,0
DA:68,0
DA:69,0
DA:70,0
DA:71,0
DA:74,0
DA:75,0
DA:76,0
DA:77,0
DA:78,0
DA:79,0
DA:80,0
DA:82,0
DA:83,0
DA:84,0
DA:86,0
DA:92,0
DA:93,0
DA:94,0
DA:97,0
DA:98,0
DA:99,0
DA:101,0
DA:102,0
DA:104,0
DA:105,0
DA:107,0
DA:116,0
DA:117,0
DA:118,0
DA:121,0
DA:122,0
DA:124,0
DA:125,0
DA:127,0
DA:128,0
DA:130,0
DA:136,0
DA:137,0
DA:138,0
DA:141,0
DA:142,0
DA:143,0
DA:145,0
DA:146,0
DA:148,0
DA:149,0
DA:152,0
DA:153,0
DA:155,0
DA:156,0
DA:157,0
DA:158,0
DA:159,0
DA:160,0
DA:162,0
DA:165,0
DA:168,0
DA:169,0
DA:173,0
DA:174,0
DA:179,0
DA:180,0
DA:183,0
DA:185,0
DA:189,0
DA:190,0
DA:191,0
DA:194,0
DA:195,0
DA:196,0
DA:199,0
DA:200,0
DA:204,0
DA:205,0
DA:207,0
DA:208,0
DA:209,0
DA:210,0
DA:211,0
DA:212,0
DA:215,0
DA:216,0
DA:219,0
DA:220,0
DA:221,0
DA:222,0
DA:226,0
DA:227,0
DA:228,0
DA:233,0
DA:234,0
DA:237,0
DA:238,0
DA:239,0
DA:240,0
DA:244,0
DA:245,0
DA:246,0
DA:251,0
DA:252,0
DA:253,0
DA:256,0
DA:257,0
DA:261,0
DA:262,0
DA:263,0
DA:264,0
DA:273,0
DA:274,0
DA:275,0
DA:278,0
DA:280,0
DA:282,0
DA:283,0
DA:289,0
DA:290,0
DA:291,0
DA:292,0
DA:293,0
DA:296,0
DA:297,0
DA:300,0
DA:303,0
DA:307,0
DA:308,0
DA:310,0
DA:311,0
DA:312,0
DA:313,0
DA:314,0
DA:315,0
DA:318,0
LF:160
LH:4
BRDA:69,0,0,0
BRDA:69,1,0,0
BRDA:69,1,1,0
BRDA:92,2,0,0
BRDA:94,3,0,0
BRDA:94,3,1,0
BRDA:116,4,0,0
BRDA:118,5,0,0
BRDA:118,5,1,0
BRDA:136,6,0,0
BRDA:138,7,0,0
BRDA:138,7,1,0
BRDA:152,8,0,0
BRDA:152,8,1,0
BRDA:155,9,0,0
BRDA:155,9,1,0
BRDA:158,10,0,0
BRDA:158,10,1,0
BRDA:179,11,0,0
BRDA:179,11,1,0
BRDA:180,12,0,0
BRDA:180,12,1,0
BRDA:205,13,0,0
BRDA:219,14,0,0
BRDA:226,15,0,0
BRDA:237,16,0,0
BRDA:244,17,0,0
BRDA:273,18,0,0
BRDA:275,19,0,0
BRDA:275,19,1,0
BRDA:289,20,0,0
BRDA:300,21,0,0
BRDA:300,21,1,0
BRDA:303,22,0,0
BRDA:303,22,1,0
BRDA:308,23,0,0
BRF:36
BRH:0
end_of_record
TN:
SF:hooks\useTokenAnalysis.ts
FN:36,useTokenAnalysis
FN:44,(anonymous_1)
FN:57,(anonymous_2)
FN:58,(anonymous_3)
FNF:4
FNH:1
FNDA:1,useTokenAnalysis
FNDA:0,(anonymous_1)
FNDA:0,(anonymous_2)
FNDA:0,(anonymous_3)
DA:1,2
DA:36,2
DA:37,1
DA:38,1
DA:39,1
DA:40,1
DA:41,1
DA:42,1
DA:44,1
DA:45,0
DA:46,0
DA:47,0
DA:50,0
DA:51,0
DA:52,0
DA:53,0
DA:54,0
DA:57,0
DA:58,0
DA:59,0
DA:60,0
DA:64,0
DA:65,0
DA:76,0
DA:78,0
DA:79,0
DA:80,0
DA:83,0
DA:84,0
DA:85,0
DA:86,0
DA:88,0
DA:89,0
DA:91,0
DA:95,1
LF:35
LH:10
BRDA:45,0,0,0
BRDA:59,1,0,0
BRDA:78,2,0,0
BRDA:80,3,0,0
BRDA:80,3,1,0
BRDA:89,4,0,0
BRDA:89,4,1,0
BRF:7
BRH:0
end_of_record
TN:
SF:hooks\useTokenSecurity.ts
FN:52,useTokenSecurity
FN:59,(anonymous_1)
FN:70,(anonymous_2)
FN:71,(anonymous_3)
FN:92,(anonymous_4)
FN:135,(anonymous_5)
FNF:6
FNH:1
FNDA:3,useTokenSecurity
FNDA:0,(anonymous_1)
FNDA:0,(anonymous_2)
FNDA:0,(anonymous_3)
FNDA:0,(anonymous_4)
FNDA:0,(anonymous_5)
DA:1,2
DA:2,2
DA:52,2
DA:53,3
DA:54,3
DA:55,3
DA:56,3
DA:57,3
DA:59,3
DA:60,0
DA:61,0
DA:62,0
DA:65,0
DA:66,0
DA:67,0
DA:70,0
DA:71,0
DA:72,0
DA:73,0
DA:74,0
DA:76,0
DA:80,0
DA:91,0
DA:92,0
DA:93,0
DA:94,0
DA:97,0
DA:98,0
DA:106,0
DA:107,0
DA:109,0
DA:110,0
DA:111,0
DA:114,0
DA:115,0
DA:116,0
DA:117,0
DA:119,0
DA:120,0
DA:122,0
DA:125,0
DA:126,0
DA:127,0
DA:128,0
DA:129,0
DA:131,0
DA:135,3
DA:136,0
DA:137,0
DA:138,0
DA:139,0
DA:141,0
DA:145,3
LF:53
LH:11
BRDA:60,0,0,0
BRDA:72,1,0,0
BRDA:109,2,0,0
BRDA:111,3,0,0
BRDA:111,3,1,0
BRDA:119,4,0,0
BRDA:119,4,1,0
BRDA:127,5,0,0
BRDA:127,5,1,0
BRF:9
BRH:0
end_of_record
TN:
SF:hooks\useWhaleRadar.ts
FN:44,useWhaleRadar
FN:68,(anonymous_2)
FN:77,(anonymous_3)
FN:84,(anonymous_4)
FN:97,(anonymous_5)
FN:116,(anonymous_6)
FN:130,(anonymous_7)
FN:147,(anonymous_8)
FN:171,(anonymous_9)
FN:192,(anonymous_10)
FN:193,(anonymous_11)
FN:199,(anonymous_12)
FN:200,(anonymous_13)
FN:206,(anonymous_14)
FN:212,(anonymous_15)
FN:216,(anonymous_16)
FN:232,(anonymous_17)
FN:233,(anonymous_18)
FN:237,(anonymous_19)
FN:271,(anonymous_20)
FN:272,(anonymous_21)
FNF:21
FNH:0
FNDA:0,useWhaleRadar
FNDA:0,(anonymous_2)
FNDA:0,(anonymous_3)
FNDA:0,(anonymous_4)
FNDA:0,(anonymous_5)
FNDA:0,(anonymous_6)
FNDA:0,(anonymous_7)
FNDA:0,(anonymous_8)
FNDA:0,(anonymous_9)
FNDA:0,(anonymous_10)
FNDA:0,(anonymous_11)
FNDA:0,(anonymous_12)
FNDA:0,(anonymous_13)
FNDA:0,(anonymous_14)
FNDA:0,(anonymous_15)
FNDA:0,(anonymous_16)
FNDA:0,(anonymous_17)
FNDA:0,(anonymous_18)
FNDA:0,(anonymous_19)
FNDA:0,(anonymous_20)
FNDA:0,(anonymous_21)
DA:1,1
DA:2,1
DA:3,1
DA:4,0
DA:5,0
DA:44,1
DA:45,0
DA:46,0
DA:47,0
DA:48,0
DA:49,0
DA:50,0
DA:51,0
DA:52,0
DA:55,0
DA:56,0
DA:57,0
DA:58,0
DA:59,0
DA:62,0
DA:63,0
DA:68,0
DA:69,0
DA:70,0
DA:73,0
DA:77,0
DA:78,0
DA:79,0
DA:80,0
DA:84,0
DA:85,0
DA:86,0
DA:87,0
DA:88,0
DA:90,0
DA:97,0
DA:98,0
DA:99,0
DA:100,0
DA:101,0
DA:102,0
DA:103,0
DA:104,0
DA:106,0
DA:108,0
DA:109,0
DA:110,0
DA:112,0
DA:116,0
DA:117,0
DA:118,0
DA:119,0
DA:122,0
DA:123,0
DA:124,0
DA:126,0
DA:130,0
DA:131,0
DA:132,0
DA:133,0
DA:136,0
DA:137,0
DA:138,0
DA:140,0
DA:147,0
DA:148,0
DA:149,0
DA:150,0
DA:152,0
DA:153,0
DA:161,0
DA:162,0
DA:163,0
DA:164,0
DA:166,0
DA:167,0
DA:171,0
DA:172,0
DA:173,0
DA:174,0
DA:182,0
DA:183,0
DA:184,0
DA:185,0
DA:187,0
DA:188,0
DA:192,0
DA:193,0
DA:199,0
DA:200,0
DA:201,0
DA:202,0
DA:203,0
DA:204,0
DA:205,0
DA:206,0
DA:208,0
DA:212,0
DA:213,0
DA:214,0
DA:216,0
DA:217,0
DA:218,0
DA:219,0
DA:220,0
DA:221,0
DA:222,0
DA:223,0
DA:224,0
DA:227,0
DA:228,0
DA:232,0
DA:233,0
DA:234,0
DA:237,0
DA:239,0
DA:245,0
DA:271,0
DA:272,0
LF:119
LH:4
BRDA:69,0,0,0
BRDA:69,0,1,0
BRDA:69,1,0,0
BRDA:69,1,1,0
BRDA:78,2,0,0
BRDA:85,3,0,0
BRDA:85,4,0,0
BRDA:85,4,1,0
BRDA:103,5,0,0
BRDA:104,6,0,0
BRDA:104,6,1,0
BRDA:106,7,0,0
BRDA:106,7,1,0
BRDA:117,8,0,0
BRDA:122,9,0,0
BRDA:124,10,0,0
BRDA:124,10,1,0
BRDA:131,11,0,0
BRDA:136,12,0,0
BRDA:138,13,0,0
BRDA:138,13,1,0
BRDA:148,14,0,0
BRDA:161,15,0,0
BRDA:172,16,0,0
BRDA:182,17,0,0
BRDA:201,18,0,0
BRDA:201,18,1,0
BRDA:201,18,2,0
BRDA:202,19,0,0
BRDA:203,20,0,0
BRDA:203,21,0,0
BRDA:203,21,1,0
BRDA:204,22,0,0
BRDA:205,23,0,0
BRDA:205,23,1,0
BRDA:206,24,0,0
BRDA:214,25,0,0
BRDA:219,26,0,0
BRDA:219,26,1,0
BRDA:220,27,0,0
BRDA:220,27,1,0
BRDA:220,27,2,0
BRDA:221,28,0,0
BRDA:221,28,1,0
BRDA:221,28,2,0
BRDA:222,29,0,0
BRDA:223,30,0,0
BRDA:223,30,1,0
BRDA:224,31,0,0
BRDA:224,31,1,0
BRDA:227,32,0,0
BRDA:234,33,0,0
BRDA:239,34,0,0
BRF:53
BRH:0
end_of_record
TN:
SF:lib\adminAuth.ts
FN:17,verifyAdminAuth
FN:33,(anonymous_1)
FN:52,isAdminWallet
FN:53,(anonymous_3)
FNF:4
FNH:0
FNDA:0,verifyAdminAuth
FNDA:0,(anonymous_1)
FNDA:0,isAdminWallet
FNDA:0,(anonymous_3)
DA:2,2
DA:17,2
DA:19,0
DA:20,0
DA:21,0
DA:24,0
DA:27,0
DA:28,0
DA:29,0
DA:33,0
DA:34,0
DA:35,0
DA:38,0
DA:39,0
DA:46,0
DA:52,2
DA:53,0
DA:54,0
LF:18
LH:3
BRDA:20,0,0,0
BRDA:20,1,0,0
BRDA:20,1,1,0
BRDA:28,2,0,0
BRDA:28,3,0,0
BRDA:28,3,1,0
BRDA:29,4,0,0
BRDA:29,4,1,0
BRDA:33,5,0,0
BRDA:33,5,1,0
BRDA:33,6,0,0
BRDA:33,6,1,0
BRDA:33,7,0,0
BRDA:33,7,1,0
BRDA:34,8,0,0
BRDA:38,9,0,0
BRDA:53,10,0,0
BRDA:53,10,1,0
BRDA:53,11,0,0
BRDA:53,11,1,0
BRDA:53,12,0,0
BRDA:53,12,1,0
BRF:22
BRH:0
end_of_record
TN:
SF:lib\aiCoach.ts
FN:30,checkAIBudget
FN:54,trackAICost
FN:70,(anonymous_12)
FN:93,analyzeTraderWithAI
FN:211,calculateTradingStats
FN:216,(anonymous_15)
FN:217,(anonymous_16)
FN:220,(anonymous_17)
FN:228,(anonymous_18)
FN:230,(anonymous_19)
FN:233,(anonymous_20)
FN:251,buildAnalysisPrompt
FN:261,(anonymous_22)
FN:273,(anonymous_23)
FN:307,getLatestAnalysis
FN:338,needsNewAnalysis
FNF:16
FNH:0
FNDA:0,checkAIBudget
FNDA:0,trackAICost
FNDA:0,(anonymous_12)
FNDA:0,analyzeTraderWithAI
FNDA:0,calculateTradingStats
FNDA:0,(anonymous_15)
FNDA:0,(anonymous_16)
FNDA:0,(anonymous_17)
FNDA:0,(anonymous_18)
FNDA:0,(anonymous_19)
FNDA:0,(anonymous_20)
FNDA:0,buildAnalysisPrompt
FNDA:0,(anonymous_22)
FNDA:0,(anonymous_23)
FNDA:0,getLatestAnalysis
FNDA:0,needsNewAnalysis
DA:1,1
DA:2,1
DA:3,1
DA:4,1
DA:15,1
DA:17,1
DA:22,1
DA:24,1
DA:25,1
DA:31,0
DA:32,0
DA:35,0
DA:36,0
DA:40,0
DA:43,0
DA:44,0
DA:45,0
DA:55,0
DA:57,0
DA:58,0
DA:61,0
DA:65,0
DA:66,0
DA:67,0
DA:70,0
DA:71,0
DA:72,0
DA:75,0
DA:93,1
DA:95,0
DA:96,0
DA:97,0
DA:102,0
DA:103,0
DA:106,0
DA:113,0
DA:114,0
DA:118,0
DA:125,0
DA:128,0
DA:131,0
DA:132,0
DA:134,0
DA:137,0
DA:158,0
DA:160,0
DA:161,0
DA:162,0
DA:165,0
DA:168,0
DA:171,0
DA:189,0
DA:191,0
DA:203,0
DA:204,0
DA:212,0
DA:213,0
DA:214,0
DA:216,0
DA:217,0
DA:220,0
DA:221,0
DA:222,0
DA:223,0
DA:227,0
DA:228,0
DA:230,0
DA:233,0
DA:236,0
DA:238,0
DA:252,0
DA:261,0
DA:274,0
DA:307,1
DA:308,0
DA:309,0
DA:314,0
DA:315,0
DA:318,0
DA:330,0
DA:331,0
DA:338,1
DA:339,0
DA:340,0
DA:345,0
DA:346,0
DA:351,0
DA:356,0
DA:359,0
DA:361,0
DA:363,0
DA:364,0
LF:92
LH:12
BRDA:17,0,0,0
BRDA:17,0,1,1
BRDA:22,1,0,1
BRDA:22,1,1,1
BRDA:36,2,0,0
BRDA:36,2,1,0
BRDA:43,3,0,0
BRDA:55,4,0,0
BRDA:66,5,0,0
BRDA:66,5,1,0
BRDA:71,6,0,0
BRDA:95,7,0,0
BRDA:95,8,0,0
BRDA:95,8,1,0
BRDA:113,9,0,0
BRDA:160,10,0,0
BRDA:160,10,1,0
BRDA:160,11,0,0
BRDA:160,11,1,0
BRDA:160,12,0,0
BRDA:160,12,1,0
BRDA:160,13,0,0
BRDA:160,13,1,0
BRDA:161,14,0,0
BRDA:176,15,0,0
BRDA:176,15,1,0
BRDA:177,16,0,0
BRDA:177,16,1,0
BRDA:178,17,0,0
BRDA:178,17,1,0
BRDA:179,18,0,0
BRDA:179,18,1,0
BRDA:180,19,0,0
BRDA:180,19,1,0
BRDA:181,20,0,0
BRDA:181,20,1,0
BRDA:182,21,0,0
BRDA:182,21,1,0
BRDA:192,22,0,0
BRDA:192,22,1,0
BRDA:193,23,0,0
BRDA:193,23,1,0
BRDA:194,24,0,0
BRDA:194,24,1,0
BRDA:195,25,0,0
BRDA:195,25,1,0
BRDA:196,26,0,0
BRDA:196,26,1,0
BRDA:197,27,0,0
BRDA:197,27,1,0
BRDA:198,28,0,0
BRDA:198,28,1,0
BRDA:199,29,0,0
BRDA:199,29,1,0
BRDA:200,30,0,0
BRDA:200,30,1,0
BRDA:222,31,0,0
BRDA:222,31,1,0
BRDA:236,32,0,0
BRDA:236,32,1,0
BRDA:259,33,0,0
BRDA:259,33,1,0
BRDA:261,34,0,0
BRDA:261,34,1,0
BRDA:314,35,0,0
BRDA:345,36,0,0
BRDA:356,37,0,0
BRDA:356,37,1,0
BRDA:356,38,0,0
BRDA:356,38,1,0
BRDA:356,39,0,0
BRDA:356,39,1,0
BRF:72
BRH:3
end_of_record
TN:
SF:lib\badges-advanced.ts
FN:20,(anonymous_0)
FN:27,(anonymous_1)
FN:34,(anonymous_2)
FN:41,(anonymous_3)
FN:52,(anonymous_4)
FN:59,(anonymous_5)
FN:66,(anonymous_6)
FN:77,(anonymous_7)
FN:84,(anonymous_8)
FN:91,(anonymous_9)
FN:98,(anonymous_10)
FN:109,(anonymous_11)
FN:116,(anonymous_12)
FN:123,(anonymous_13)
FN:130,(anonymous_14)
FN:137,(anonymous_15)
FN:144,(anonymous_16)
FN:155,(anonymous_17)
FN:162,(anonymous_18)
FN:169,(anonymous_19)
FN:176,(anonymous_20)
FN:187,(anonymous_21)
FN:194,(anonymous_22)
FN:201,(anonymous_23)
FN:208,(anonymous_24)
FN:215,(anonymous_25)
FN:222,(anonymous_26)
FN:233,(anonymous_27)
FN:240,(anonymous_28)
FN:247,(anonymous_29)
FN:258,(anonymous_30)
FN:265,(anonymous_31)
FN:272,(anonymous_32)
FN:283,(anonymous_33)
FN:290,(anonymous_34)
FN:297,(anonymous_35)
FN:304,(anonymous_36)
FN:315,(anonymous_37)
FN:322,(anonymous_38)
FN:329,(anonymous_39)
FN:340,(anonymous_40)
FN:347,(anonymous_41)
FN:358,(anonymous_42)
FN:365,(anonymous_43)
FN:372,calculateUnlockedBadges
FN:373,(anonymous_45)
FN:379,calculateLevel
FN:403,calculateXP
FN:416,getXPForNextLevel
FN:423,getBadgesByRarity
FN:425,(anonymous_50)
FN:426,(anonymous_51)
FN:427,(anonymous_52)
FN:428,(anonymous_53)
FN:435,getAchievementSummary
FNF:55
FNH:0
FNDA:0,(anonymous_0)
FNDA:0,(anonymous_1)
FNDA:0,(anonymous_2)
FNDA:0,(anonymous_3)
FNDA:0,(anonymous_4)
FNDA:0,(anonymous_5)
FNDA:0,(anonymous_6)
FNDA:0,(anonymous_7)
FNDA:0,(anonymous_8)
FNDA:0,(anonymous_9)
FNDA:0,(anonymous_10)
FNDA:0,(anonymous_11)
FNDA:0,(anonymous_12)
FNDA:0,(anonymous_13)
FNDA:0,(anonymous_14)
FNDA:0,(anonymous_15)
FNDA:0,(anonymous_16)
FNDA:0,(anonymous_17)
FNDA:0,(anonymous_18)
FNDA:0,(anonymous_19)
FNDA:0,(anonymous_20)
FNDA:0,(anonymous_21)
FNDA:0,(anonymous_22)
FNDA:0,(anonymous_23)
FNDA:0,(anonymous_24)
FNDA:0,(anonymous_25)
FNDA:0,(anonymous_26)
FNDA:0,(anonymous_27)
FNDA:0,(anonymous_28)
FNDA:0,(anonymous_29)
FNDA:0,(anonymous_30)
FNDA:0,(anonymous_31)
FNDA:0,(anonymous_32)
FNDA:0,(anonymous_33)
FNDA:0,(anonymous_34)
FNDA:0,(anonymous_35)
FNDA:0,(anonymous_36)
FNDA:0,(anonymous_37)
FNDA:0,(anonymous_38)
FNDA:0,(anonymous_39)
FNDA:0,(anonymous_40)
FNDA:0,(anonymous_41)
FNDA:0,(anonymous_42)
FNDA:0,(anonymous_43)
FNDA:0,calculateUnlockedBadges
FNDA:0,(anonymous_45)
FNDA:0,calculateLevel
FNDA:0,calculateXP
FNDA:0,getXPForNextLevel
FNDA:0,getBadgesByRarity
FNDA:0,(anonymous_50)
FNDA:0,(anonymous_51)
FNDA:0,(anonymous_52)
FNDA:0,(anonymous_53)
FNDA:0,getAchievementSummary
DA:11,1
DA:20,0
DA:27,0
DA:34,0
DA:41,0
DA:52,0
DA:59,0
DA:66,0
DA:77,0
DA:84,0
DA:91,0
DA:98,0
DA:109,0
DA:116,0
DA:123,0
DA:130,0
DA:137,0
DA:144,0
DA:155,0
DA:162,0
DA:169,0
DA:176,0
DA:187,0
DA:194,0
DA:201,0
DA:208,0
DA:215,0
DA:222,0
DA:233,0
DA:240,0
DA:247,0
DA:258,0
DA:265,0
DA:272,0
DA:283,0
DA:290,0
DA:297,0
DA:304,0
DA:315,0
DA:322,0
DA:329,0
DA:340,0
DA:347,0
DA:358,0
DA:365,0
DA:372,1
DA:373,0
DA:379,1
DA:382,0
DA:389,0
DA:390,0
DA:392,0
DA:393,0
DA:394,0
DA:397,0
DA:403,1
DA:404,0
DA:416,1
DA:417,0
DA:423,1
DA:424,0
DA:425,0
DA:426,0
DA:427,0
DA:428,0
DA:435,1
DA:439,0
DA:440,0
DA:443,0
DA:444,0
DA:446,0
DA:447,0
DA:449,0
DA:450,0
DA:452,0
DA:453,0
DA:455,0
DA:456,0
DA:460,0
DA:461,0
DA:463,0
DA:464,0
DA:466,0
DA:467,0
DA:470,0
LF:85
LH:7
BRDA:52,0,0,0
BRDA:52,0,1,0
BRDA:297,1,0,0
BRDA:297,1,1,0
BRDA:304,2,0,0
BRDA:304,2,1,0
BRDA:358,3,0,0
BRDA:358,3,1,0
BRDA:443,4,0,0
BRDA:446,5,0,0
BRDA:449,6,0,0
BRDA:452,7,0,0
BRDA:455,8,0,0
BRDA:460,9,0,0
BRDA:463,10,0,0
BRDA:466,11,0,0
BRDA:466,12,0,0
BRDA:466,12,1,0
BRF:18
BRH:0
end_of_record
TN:
SF:lib\badges-generator.ts
FN:23,generateBadges
FNF:1
FNH:1
FNDA:3,generateBadges
DA:23,1
DA:24,3
DA:28,3
DA:29,0
DA:37,3
DA:38,0
DA:46,3
DA:47,0
DA:55,3
DA:56,0
DA:64,3
DA:65,0
DA:73,3
DA:74,0
DA:82,3
LF:15
LH:9
BRDA:28,0,0,0
BRDA:37,1,0,0
BRDA:46,2,0,0
BRDA:55,3,0,0
BRDA:64,4,0,0
BRDA:73,5,0,0
BRF:6
BRH:0
end_of_record
TN:
SF:lib\badges-with-points.ts
FN:162,calculateBadgePoints
FN:163,(anonymous_1)
FN:166,checkVolumeBadges
FN:167,(anonymous_3)
FN:170,checkPnlBadges
FN:171,(anonymous_5)
FN:183,checkWinRateBadges
FN:184,(anonymous_7)
FN:187,checkActivityBadges
FN:199,(anonymous_9)
FN:201,(anonymous_10)
FN:213,(anonymous_11)
FN:215,(anonymous_12)
FN:222,(anonymous_13)
FN:228,(anonymous_14)
FN:235,checkPremiumBadges
FN:239,(anonymous_16)
FN:244,(anonymous_17)
FN:249,(anonymous_18)
FN:254,(anonymous_19)
FN:259,(anonymous_20)
FN:266,checkAllBadges
FN:277,(anonymous_22)
FN:289,getBadgeColor
FN:300,getBadgeGlow
FNF:25
FNH:0
FNDA:0,calculateBadgePoints
FNDA:0,(anonymous_1)
FNDA:0,checkVolumeBadges
FNDA:0,(anonymous_3)
FNDA:0,checkPnlBadges
FNDA:0,(anonymous_5)
FNDA:0,checkWinRateBadges
FNDA:0,(anonymous_7)
FNDA:0,checkActivityBadges
FNDA:0,(anonymous_9)
FNDA:0,(anonymous_10)
FNDA:0,(anonymous_11)
FNDA:0,(anonymous_12)
FNDA:0,(anonymous_13)
FNDA:0,(anonymous_14)
FNDA:0,checkPremiumBadges
FNDA:0,(anonymous_16)
FNDA:0,(anonymous_17)
FNDA:0,(anonymous_18)
FNDA:0,(anonymous_19)
FNDA:0,(anonymous_20)
FNDA:0,checkAllBadges
FNDA:0,(anonymous_22)
FNDA:0,getBadgeColor
FNDA:0,getBadgeGlow
DA:4,1
DA:29,1
DA:51,1
DA:76,1
DA:93,1
DA:110,1
DA:122,1
DA:134,1
DA:162,1
DA:163,0
DA:166,1
DA:167,0
DA:170,1
DA:171,0
DA:172,0
DA:173,0
DA:175,0
DA:178,0
DA:183,1
DA:184,0
DA:187,1
DA:188,0
DA:191,0
DA:199,0
DA:200,0
DA:201,0
DA:202,0
DA:207,0
DA:213,0
DA:214,0
DA:215,0
DA:216,0
DA:221,0
DA:222,0
DA:223,0
DA:227,0
DA:228,0
DA:229,0
DA:232,0
DA:235,1
DA:236,0
DA:238,0
DA:239,0
DA:240,0
DA:243,0
DA:244,0
DA:245,0
DA:248,0
DA:249,0
DA:250,0
DA:253,0
DA:254,0
DA:255,0
DA:258,0
DA:259,0
DA:260,0
DA:263,0
DA:266,1
DA:267,0
DA:276,0
DA:277,0
DA:280,0
DA:282,0
DA:289,1
DA:290,0
DA:297,0
DA:300,1
DA:301,0
DA:308,0
LF:69
LH:17
BRDA:167,0,0,0
BRDA:167,0,1,0
BRDA:172,1,0,0
BRDA:172,1,1,0
BRDA:173,2,0,0
BRDA:173,2,1,0
BRDA:184,3,0,0
BRDA:184,3,1,0
BRDA:200,4,0,0
BRDA:202,5,0,0
BRDA:214,6,0,0
BRDA:216,7,0,0
BRDA:221,8,0,0
BRDA:223,9,0,0
BRDA:227,10,0,0
BRDA:229,11,0,0
BRDA:238,12,0,0
BRDA:240,13,0,0
BRDA:243,14,0,0
BRDA:245,15,0,0
BRDA:248,16,0,0
BRDA:250,17,0,0
BRDA:253,18,0,0
BRDA:255,19,0,0
BRDA:258,20,0,0
BRDA:258,21,0,0
BRDA:258,21,1,0
BRDA:258,21,2,0
BRDA:258,21,3,0
BRDA:258,21,4,0
BRDA:260,22,0,0
BRF:31
BRH:0
end_of_record
TN:
SF:lib\challenges.ts
FN:78,getDailyChallenges
FN:103,(anonymous_1)
FN:118,(anonymous_2)
FN:139,createDailyChallenges
FN:145,(anonymous_4)
FN:160,(anonymous_5)
FN:179,updateChallengeProgress
FN:255,awardChallengeReward
FN:285,updateUserLevel
FN:312,shuffleArray
FN:326,getUserChallengeStats
FN:338,(anonymous_11)
FN:362,calculateChallengeStreak
FN:384,(anonymous_13)
FNF:14
FNH:14
FNDA:4,getDailyChallenges
FNDA:3,(anonymous_1)
FNDA:4,(anonymous_2)
FNDA:1,createDailyChallenges
FNDA:3,(anonymous_4)
FNDA:3,(anonymous_5)
FNDA:14,updateChallengeProgress
FNDA:10,awardChallengeReward
FNDA:10,updateUserLevel
FNDA:1,shuffleArray
FNDA:3,getUserChallengeStats
FNDA:3,(anonymous_11)
FNDA:2,calculateChallengeStreak
FNDA:12,(anonymous_13)
DA:1,1
DA:2,1
DA:23,1
DA:78,1
DA:79,4
DA:80,4
DA:81,4
DA:84,4
DA:100,3
DA:101,1
DA:103,3
DA:118,4
DA:131,1
DA:132,1
DA:140,1
DA:142,1
DA:143,1
DA:145,1
DA:146,3
DA:147,3
DA:159,1
DA:161,3
DA:167,1
DA:169,1
DA:171,0
DA:172,0
DA:179,1
DA:184,14
DA:185,14
DA:186,14
DA:189,14
DA:198,14
DA:199,1
DA:203,13
DA:212,13
DA:213,8
DA:224,13
DA:225,13
DA:227,13
DA:239,13
DA:240,10
DA:241,10
DA:248,0
DA:256,10
DA:258,10
DA:276,10
DA:278,0
DA:286,10
DA:287,10
DA:291,10
DA:294,10
DA:296,10
DA:297,1
DA:302,1
DA:305,0
DA:313,1
DA:314,1
DA:315,6
DA:316,6
DA:317,6
DA:318,6
DA:320,1
DA:326,1
DA:327,3
DA:328,3
DA:335,2
DA:336,2
DA:338,2
DA:339,3
DA:340,3
DA:341,3
DA:344,2
DA:350,1
DA:351,1
DA:363,2
DA:364,2
DA:374,2
DA:376,1
DA:377,1
DA:378,1
DA:380,1
DA:382,1
DA:384,4
DA:385,12
DA:386,12
DA:387,12
DA:390,4
DA:391,3
DA:392,3
DA:394,1
DA:398,1
DA:400,0
DA:401,0
LF:93
LH:86
BRDA:88,0,0,4
BRDA:88,0,1,1
BRDA:100,1,0,1
BRDA:127,2,0,1
BRDA:127,2,1,3
BRDA:127,3,0,4
BRDA:127,3,1,4
BRDA:127,4,0,3
BRDA:127,4,1,1
BRDA:127,5,0,4
BRDA:127,5,1,4
BRDA:127,6,0,0
BRDA:127,6,1,4
BRDA:127,7,0,4
BRDA:127,7,1,4
BRDA:128,8,0,1
BRDA:128,8,1,3
BRDA:128,9,0,4
BRDA:128,9,1,4
BRDA:128,10,0,3
BRDA:128,10,1,1
BRDA:128,11,0,4
BRDA:128,11,1,4
BRDA:128,12,0,0
BRDA:128,12,1,4
BRDA:128,13,0,4
BRDA:128,13,1,4
BRDA:182,14,0,0
BRDA:198,15,0,1
BRDA:212,16,0,8
BRDA:234,17,0,10
BRDA:234,17,1,3
BRDA:234,18,0,13
BRDA:234,18,1,11
BRDA:239,19,0,10
BRDA:239,20,0,13
BRDA:239,20,1,11
BRDA:291,21,0,0
BRDA:296,22,0,1
BRDA:374,23,0,1
BRDA:390,24,0,3
BRDA:390,24,1,1
BRF:42
BRH:38
end_of_record
TN:
SF:lib\config.ts
FN:65,validateEnv
FN:71,(anonymous_1)
FN:75,(anonymous_2)
FNF:3
FNH:0
FNDA:0,validateEnv
FNDA:0,(anonymous_1)
FNDA:0,(anonymous_2)
DA:1,2
DA:9,2
DA:17,2
DA:23,2
DA:39,2
DA:54,2
DA:65,2
DA:66,0
DA:71,0
DA:73,0
DA:74,0
DA:75,0
DA:81,2
DA:82,0
DA:83,0
DA:85,0
DA:89,0
DA:90,0
LF:18
LH:8
BRDA:10,0,0,2
BRDA:10,0,1,2
BRDA:11,1,0,2
BRDA:11,1,1,2
BRDA:13,2,0,2
BRDA:13,2,1,2
BRDA:13,2,2,0
BRDA:18,3,0,2
BRDA:18,3,1,2
BRDA:19,4,0,2
BRDA:19,4,1,2
BRDA:73,5,0,0
BRDA:81,6,0,0
BRDA:81,7,0,2
BRDA:81,7,1,0
BRDA:85,8,0,0
BRDA:85,8,1,0
BRDA:89,9,0,0
BRF:18
BRH:11
end_of_record
TN:
SF:lib\csrfProtection.ts
FN:8,validateOrigin
FN:43,(anonymous_1)
FN:69,withCsrfProtection
FN:72,(anonymous_3)
FNF:4
FNH:0
FNDA:0,validateOrigin
FNDA:0,(anonymous_1)
FNDA:0,withCsrfProtection
FNDA:0,(anonymous_3)
DA:2,1
DA:8,1
DA:10,0
DA:11,0
DA:14,0
DA:15,0
DA:18,0
DA:25,0
DA:26,0
DA:27,0
DA:30,0
DA:31,0
DA:36,0
DA:40,0
DA:43,0
DA:44,0
DA:45,0
DA:48,0
DA:49,0
DA:55,0
DA:59,0
DA:62,0
DA:69,1
DA:72,0
DA:73,0
DA:74,0
DA:77,0
LF:27
LH:3
BRDA:10,0,0,0
BRDA:10,1,0,0
BRDA:10,1,1,0
BRDA:14,2,0,0
BRDA:14,2,1,0
BRDA:25,3,0,0
BRDA:30,4,0,0
BRDA:44,5,0,0
BRDA:48,6,0,0
BRDA:73,7,0,0
BRF:10
BRH:0
end_of_record
TN:
SF:lib\errors.ts
FN:20,(anonymous_0)
FN:39,(anonymous_1)
FN:48,(anonymous_2)
FN:57,(anonymous_3)
FN:66,(anonymous_4)
FN:75,(anonymous_5)
FN:84,(anonymous_6)
FN:93,(anonymous_7)
FN:102,(anonymous_8)
FN:116,(anonymous_9)
FN:130,(anonymous_10)
FN:138,isAppError
FN:145,getErrorMessage
FN:158,getErrorCode
FNF:14
FNH:5
FNDA:6,(anonymous_0)
FNDA:0,(anonymous_1)
FNDA:1,(anonymous_2)
FNDA:1,(anonymous_3)
FNDA:1,(anonymous_4)
FNDA:0,(anonymous_5)
FNDA:0,(anonymous_6)
FNDA:0,(anonymous_7)
FNDA:1,(anonymous_8)
FNDA:0,(anonymous_9)
FNDA:0,(anonymous_10)
FNDA:0,isAppError
FNDA:0,getErrorMessage
FNDA:0,getErrorCode
DA:14,1
DA:21,6
DA:22,6
DA:23,6
DA:24,6
DA:25,6
DA:26,6
DA:29,6
DA:30,6
DA:38,1
DA:40,0
DA:47,1
DA:49,1
DA:56,1
DA:58,1
DA:65,1
DA:67,1
DA:74,1
DA:76,0
DA:83,1
DA:85,0
DA:92,1
DA:94,0
DA:101,1
DA:103,1
DA:115,1
DA:117,0
DA:129,1
DA:131,0
DA:138,1
DA:139,0
DA:145,1
DA:146,0
DA:147,0
DA:149,0
DA:150,0
DA:152,0
DA:158,1
DA:159,0
DA:160,0
DA:162,0
LF:41
LH:26
BRDA:20,0,0,0
BRDA:29,1,0,6
BRDA:39,2,0,0
BRDA:104,3,0,0
BRDA:104,3,1,1
BRDA:146,4,0,0
BRDA:149,5,0,0
BRDA:159,6,0,0
BRF:8
BRH:2
end_of_record
TN:
SF:lib\exportHelpers.ts
FN:26,cardToExportable
FN:53,convertToCSV
FN:55,(anonymous_2)
FN:65,convertToJSON
FN:69,generateFileName
FNF:5
FNH:0
FNDA:0,cardToExportable
FNDA:0,convertToCSV
FNDA:0,(anonymous_2)
FNDA:0,convertToJSON
FNDA:0,generateFileName
DA:26,1
DA:27,0
DA:53,1
DA:54,0
DA:55,0
DA:56,0
DA:57,0
DA:59,0
DA:62,0
DA:65,1
DA:66,0
DA:69,1
DA:70,0
DA:71,0
DA:72,0
LF:15
LH:4
BRDA:46,0,0,0
BRDA:46,0,1,0
BRDA:46,1,0,0
BRDA:46,1,1,0
BRDA:46,2,0,0
BRDA:46,2,1,0
BRDA:48,3,0,0
BRDA:48,3,1,0
BRDA:56,4,0,0
BRDA:56,5,0,0
BRDA:56,5,1,0
BRF:11
BRH:0
end_of_record
TN:
SF:lib\fileUploadValidation.ts
FN:59,validateUploadedFile
FN:158,validateFileSize
FN:165,validateFileExtension
FN:172,validateMimeType
FN:179,validateImageDimensions
FN:191,getFileExtension
FN:199,getImageDimensions
FN:200,(anonymous_7)
FN:204,(anonymous_8)
FN:212,(anonymous_9)
FN:225,checkFileSignature
FN:270,validateUploadedFileServer
FN:326,checkBufferSignature
FNF:13
FNH:0
FNDA:0,validateUploadedFile
FNDA:0,validateFileSize
FNDA:0,validateFileExtension
FNDA:0,validateMimeType
FNDA:0,validateImageDimensions
FNDA:0,getFileExtension
FNDA:0,getImageDimensions
FNDA:0,(anonymous_7)
FNDA:0,(anonymous_8)
FNDA:0,(anonymous_9)
FNDA:0,checkFileSignature
FNDA:0,validateUploadedFileServer
FNDA:0,checkBufferSignature
DA:12,1
DA:18,1
DA:26,1
DA:28,1
DA:29,1
DA:30,1
DA:31,1
DA:32,1
DA:59,1
DA:62,0
DA:63,0
DA:70,0
DA:71,0
DA:72,0
DA:79,0
DA:80,0
DA:81,0
DA:82,0
DA:89,0
DA:90,0
DA:91,0
DA:98,0
DA:99,0
DA:100,0
DA:101,0
DA:102,0
DA:103,0
DA:109,0
DA:110,0
DA:117,0
DA:118,0
DA:119,0
DA:120,0
DA:126,0
DA:132,0
DA:143,0
DA:144,0
DA:159,0
DA:166,0
DA:173,0
DA:180,0
DA:192,0
DA:193,0
DA:200,0
DA:201,0
DA:202,0
DA:204,0
DA:205,0
DA:206,0
DA:212,0
DA:213,0
DA:214,0
DA:217,0
DA:226,0
DA:227,0
DA:228,0
DA:231,0
DA:239,0
DA:240,0
DA:241,0
DA:242,0
DA:243,0
DA:244,0
DA:247,0
DA:248,0
DA:249,0
DA:253,0
DA:254,0
DA:256,0
DA:257,0
DA:270,1
DA:276,0
DA:277,0
DA:280,0
DA:281,0
DA:288,0
DA:289,0
DA:290,0
DA:297,0
DA:298,0
DA:305,0
DA:306,0
DA:307,0
DA:313,0
DA:327,0
DA:334,0
DA:335,0
DA:336,0
DA:337,0
DA:338,0
DA:339,0
DA:342,0
DA:343,0
DA:347,0
DA:351,1
LF:95
LH:11
BRDA:70,0,0,0
BRDA:80,1,0,0
BRDA:89,2,0,0
BRDA:101,3,0,0
BRDA:118,4,0,0
BRDA:137,5,0,0
BRDA:137,5,1,0
BRDA:137,6,0,0
BRDA:137,6,1,0
BRDA:138,7,0,0
BRDA:138,7,1,0
BRDA:138,8,0,0
BRDA:138,8,1,0
BRDA:159,9,0,0
BRDA:159,9,1,0
BRDA:181,10,0,0
BRDA:181,10,1,0
BRDA:181,10,2,0
BRDA:181,10,3,0
BRDA:193,11,0,0
BRDA:193,11,1,0
BRDA:242,12,0,0
BRDA:247,13,0,0
BRDA:274,14,0,0
BRDA:276,15,0,0
BRDA:276,15,1,0
BRDA:277,16,0,0
BRDA:277,16,1,0
BRDA:280,17,0,0
BRDA:289,18,0,0
BRDA:297,19,0,0
BRDA:306,20,0,0
BRDA:337,21,0,0
BRDA:342,22,0,0
BRF:34
BRH:0
end_of_record
TN:
SF:lib\flashSales.ts
FN:73,getActiveFlashSales
FN:89,(anonymous_1)
FN:102,createFlashSale
FN:137,redeemFlashSale
FN:202,deactivateExpiredSales
FN:226,getFlashSaleStats
FN:261,getRecommendedFlashSale
FN:266,(anonymous_7)
FN:270,(anonymous_8)
FNF:9
FNH:2
FNDA:1,getActiveFlashSales
FNDA:0,(anonymous_1)
FNDA:0,createFlashSale
FNDA:2,redeemFlashSale
FNDA:0,deactivateExpiredSales
FNDA:0,getFlashSaleStats
FNDA:0,getRecommendedFlashSale
FNDA:0,(anonymous_7)
FNDA:0,(anonymous_8)
DA:8,2
DA:9,2
DA:36,2
DA:73,2
DA:74,1
DA:75,1
DA:77,1
DA:89,0
DA:90,0
DA:91,0
DA:94,1
DA:95,1
DA:102,2
DA:103,0
DA:104,0
DA:105,0
DA:107,0
DA:108,0
DA:110,0
DA:127,0
DA:129,0
DA:130,0
DA:137,2
DA:141,2
DA:142,2
DA:146,0
DA:147,0
DA:150,0
DA:153,0
DA:154,0
DA:158,0
DA:159,0
DA:163,0
DA:170,0
DA:171,0
DA:175,0
DA:185,0
DA:192,0
DA:194,2
DA:195,2
DA:202,2
DA:203,0
DA:204,0
DA:206,0
DA:216,0
DA:218,0
DA:219,0
DA:226,2
DA:227,0
DA:228,0
DA:237,0
DA:239,0
DA:240,0
DA:241,0
DA:245,0
DA:253,0
DA:254,0
DA:261,2
DA:262,0
DA:263,0
DA:266,0
DA:267,0
DA:268,0
DA:269,0
DA:270,0
DA:273,0
DA:274,0
DA:277,0
DA:280,2
LF:69
LH:19
BRDA:90,0,0,0
BRDA:123,1,0,0
BRDA:123,1,1,0
BRDA:146,2,0,0
BRDA:153,3,0,0
BRDA:153,4,0,0
BRDA:153,4,1,0
BRDA:153,4,2,0
BRDA:158,5,0,0
BRDA:158,6,0,0
BRDA:158,6,1,0
BRDA:170,7,0,0
BRDA:237,8,0,0
BRDA:241,9,0,0
BRDA:241,9,1,0
BRDA:250,10,0,0
BRDA:250,10,1,0
BRDA:263,11,0,0
BRDA:263,11,1,0
BRDA:263,12,0,0
BRDA:263,12,1,0
BRDA:267,13,0,0
BRDA:273,14,0,0
BRF:23
BRH:0
end_of_record
TN:
SF:lib\logger.ts
FN:20,(anonymous_0)
FN:28,(anonymous_1)
FN:37,(anonymous_2)
FN:44,(anonymous_3)
FN:51,(anonymous_4)
FN:69,(anonymous_5)
FN:96,(anonymous_6)
FN:109,(anonymous_7)
FN:122,(anonymous_8)
FN:129,(anonymous_9)
FN:148,(anonymous_10)
FN:157,(anonymous_11)
FN:162,(anonymous_12)
FN:166,(anonymous_13)
FN:170,(anonymous_14)
FN:174,(anonymous_15)
FNF:16
FNH:5
FNDA:12,(anonymous_0)
FNDA:0,(anonymous_1)
FNDA:2,(anonymous_2)
FNDA:1,(anonymous_3)
FNDA:5,(anonymous_4)
FNDA:8,(anonymous_5)
FNDA:0,(anonymous_6)
FNDA:0,(anonymous_7)
FNDA:0,(anonymous_8)
FNDA:0,(anonymous_9)
FNDA:0,(anonymous_10)
FNDA:0,(anonymous_11)
FNDA:0,(anonymous_12)
FNDA:0,(anonymous_13)
FNDA:0,(anonymous_14)
FNDA:0,(anonymous_15)
DA:21,12
DA:22,12
DA:29,0
DA:30,0
DA:38,2
DA:45,1
DA:52,5
DA:55,5
DA:57,0
DA:59,0
DA:70,8
DA:71,8
DA:79,8
DA:80,0
DA:81,0
DA:83,0
DA:89,8
DA:97,0
DA:103,0
DA:110,0
DA:116,0
DA:123,0
DA:130,0
DA:131,0
DA:133,0
DA:134,0
DA:135,0
DA:136,0
DA:137,0
DA:139,0
DA:140,0
DA:141,0
DA:149,0
DA:158,0
DA:159,0
DA:163,0
DA:167,0
DA:171,0
DA:175,0
DA:180,12
LF:40
LH:11
BRDA:29,0,0,0
BRDA:52,1,0,0
BRDA:52,1,1,5
BRDA:52,2,0,5
BRDA:52,2,1,5
BRDA:52,3,0,0
BRDA:52,3,1,5
BRDA:52,4,0,5
BRDA:52,4,1,5
BRDA:55,5,0,0
BRDA:55,6,0,5
BRDA:55,6,1,0
BRDA:57,7,0,0
BRDA:59,8,0,0
BRDA:59,8,1,0
BRDA:75,9,0,8
BRDA:75,9,1,5
BRDA:79,10,0,0
BRDA:79,10,1,8
BRDA:85,11,0,0
BRDA:85,11,1,0
BRF:21
BRH:10
end_of_record
TN:
SF:lib\notifications.ts
FN:19,sendDiscordNotification
FN:66,sendTelegramNotification
FN:117,sendEmailNotification
FN:161,notifyWallet
FN:210,(anonymous_4)
FN:226,notifyFollowersOfTrade
FN:268,(anonymous_6)
FN:283,notifyMilestone
FN:303,notifyNewFollower
FNF:9
FNH:0
FNDA:0,sendDiscordNotification
FNDA:0,sendTelegramNotification
FNDA:0,sendEmailNotification
FNDA:0,notifyWallet
FNDA:0,(anonymous_4)
FNDA:0,notifyFollowersOfTrade
FNDA:0,(anonymous_6)
FNDA:0,notifyMilestone
FNDA:0,notifyNewFollower
DA:1,1
DA:2,1
DA:23,0
DA:24,0
DA:31,0
DA:56,0
DA:58,0
DA:59,0
DA:70,0
DA:71,0
DA:72,0
DA:73,0
DA:76,0
DA:77,0
DA:84,0
DA:85,0
DA:86,0
DA:89,0
DA:105,0
DA:106,0
DA:108,0
DA:109,0
DA:123,0
DA:155,0
DA:161,1
DA:165,0
DA:167,0
DA:171,0
DA:172,0
DA:173,0
DA:177,0
DA:184,0
DA:185,0
DA:186,0
DA:190,0
DA:192,0
DA:193,0
DA:196,0
DA:197,0
DA:200,0
DA:201,0
DA:204,0
DA:205,0
DA:206,0
DA:209,0
DA:210,0
DA:212,0
DA:219,0
DA:226,1
DA:235,0
DA:237,0
DA:242,0
DA:243,0
DA:247,0
DA:252,0
DA:253,0
DA:254,0
DA:258,0
DA:267,0
DA:268,0
DA:271,0
DA:276,0
DA:283,1
DA:291,0
DA:303,1
DA:307,0
DA:312,0
DA:314,0
LF:68
LH:6
BRDA:48,0,0,0
BRDA:48,0,1,0
BRDA:71,1,0,0
BRDA:85,2,0,0
BRDA:171,3,0,0
BRDA:184,4,0,0
BRDA:192,5,0,0
BRDA:192,6,0,0
BRDA:192,6,1,0
BRDA:196,7,0,0
BRDA:196,8,0,0
BRDA:196,8,1,0
BRDA:200,9,0,0
BRDA:200,10,0,0
BRDA:200,10,1,0
BRDA:204,11,0,0
BRDA:210,12,0,0
BRDA:210,12,1,0
BRDA:242,13,0,0
BRDA:252,14,0,0
BRDA:252,14,1,0
BRDA:252,15,0,0
BRDA:252,15,1,0
BRDA:252,16,0,0
BRDA:252,16,1,0
BRDA:253,17,0,0
BRDA:253,17,1,0
BRDA:254,18,0,0
BRDA:254,18,1,0
BRDA:255,19,0,0
BRDA:255,19,1,0
BRDA:312,20,0,0
BRDA:312,20,1,0
BRDA:312,21,0,0
BRDA:312,21,1,0
BRDA:312,22,0,0
BRDA:312,22,1,0
BRF:37
BRH:0
end_of_record
TN:
SF:lib\prisma.ts
FN:7,(anonymous_0)
FNF:1
FNH:1
FNDA:5,(anonymous_0)
DA:1,7
DA:4,7
DA:7,7
DA:8,5
DA:10,5
DA:15,5
DA:16,0
DA:17,0
DA:21,5
DA:22,5
DA:25,5
DA:26,0
DA:30,5
DA:31,5
DA:32,5
DA:36,5
DA:37,5
DA:38,5
DA:41,5
DA:44,7
DA:53,7
LF:21
LH:18
BRDA:10,0,0,0
BRDA:15,1,0,0
BRDA:15,2,0,5
BRDA:15,2,1,0
BRDA:15,2,2,0
BRDA:22,3,0,0
BRDA:22,3,1,5
BRDA:25,4,0,0
BRDA:25,5,0,5
BRDA:25,5,1,0
BRDA:30,6,0,5
BRDA:31,7,0,0
BRDA:31,7,1,5
BRDA:36,8,0,5
BRDA:37,9,0,5
BRDA:37,9,1,0
BRDA:44,10,0,7
BRDA:44,10,1,5
BRDA:50,11,0,0
BRDA:50,11,1,5
BRDA:53,12,0,7
BRF:21
BRH:11
end_of_record
TN:
SF:lib\queryOptimization.ts
FN:33,getOptimizedLeaderboard
FN:79,batchFetchWallets
FN:100,searchWallets
FN:131,getTrendingWallets
FN:161,getWalletBadgeCount
FN:181,bulkUpdateScores
FN:182,(anonymous_6)
FN:196,getReferralStatsOptimized
FN:221,getActivityFeed
FN:259,getScoreHistoryOptimized
FN:283,(anonymous_10)
FN:292,checkDatabaseHealth
FN:319,cleanupOldLogs
FN:335,optimizeDatabaseTables
FNF:14
FNH:0
FNDA:0,getOptimizedLeaderboard
FNDA:0,batchFetchWallets
FNDA:0,searchWallets
FNDA:0,getTrendingWallets
FNDA:0,getWalletBadgeCount
FNDA:0,bulkUpdateScores
FNDA:0,(anonymous_6)
FNDA:0,getReferralStatsOptimized
FNDA:0,getActivityFeed
FNDA:0,getScoreHistoryOptimized
FNDA:0,(anonymous_10)
FNDA:0,checkDatabaseHealth
FNDA:0,cleanupOldLogs
FNDA:0,optimizeDatabaseTables
DA:8,1
DA:33,1
DA:37,0
DA:38,0
DA:41,0
DA:61,0
DA:63,0
DA:79,1
DA:80,0
DA:82,0
DA:100,1
DA:105,0
DA:125,0
DA:131,1
DA:132,0
DA:134,0
DA:155,0
DA:161,1
DA:164,0
DA:169,0
DA:171,0
DA:175,0
DA:181,1
DA:182,0
DA:183,0
DA:190,0
DA:196,1
DA:198,0
DA:204,0
DA:211,0
DA:221,1
DA:224,0
DA:225,0
DA:227,0
DA:243,0
DA:259,1
DA:263,0
DA:265,0
DA:281,0
DA:282,0
DA:283,0
DA:286,0
DA:292,1
DA:297,0
DA:299,0
DA:300,0
DA:301,0
DA:303,0
DA:308,0
DA:319,1
DA:320,0
DA:322,0
DA:328,0
DA:335,1
DA:336,0
DA:337,0
DA:338,0
DA:340,0
LF:58
LH:13
BRDA:34,0,0,0
BRDA:35,1,0,0
BRDA:37,2,0,0
BRDA:37,3,0,0
BRDA:80,4,0,0
BRDA:102,5,0,0
BRDA:131,6,0,0
BRDA:169,7,0,0
BRDA:214,8,0,0
BRDA:214,8,1,0
BRDA:222,9,0,0
BRDA:224,10,0,0
BRDA:224,11,0,0
BRDA:261,12,0,0
BRDA:281,13,0,0
BRDA:311,14,0,0
BRDA:311,14,1,0
BRDA:319,15,0,0
BRDA:342,16,0,0
BRDA:342,16,1,0
BRF:20
BRH:0
end_of_record
TN:
SF:lib\rateLimit.ts
FN:15,(anonymous_0)
FN:22,(anonymous_1)
FN:34,getClientIdentifier
FN:62,rateLimit
FN:101,strictRateLimit
FN:111,paymentRateLimit
FNF:6
FNH:0
FNDA:0,(anonymous_0)
FNDA:0,(anonymous_1)
FNDA:0,getClientIdentifier
FNDA:0,rateLimit
FNDA:0,strictRateLimit
FNDA:0,paymentRateLimit
DA:2,1
DA:3,1
DA:12,1
DA:15,1
DA:16,0
DA:17,0
DA:20,0
DA:21,0
DA:22,0
DA:23,0
DA:24,0
DA:25,0
DA:28,0
DA:29,0
DA:36,0
DA:37,0
DA:39,0
DA:40,0
DA:41,0
DA:44,0
DA:45,0
DA:46,0
DA:50,0
DA:62,1
DA:67,0
DA:68,0
DA:70,0
DA:71,0
DA:72,0
DA:74,0
DA:75,0
DA:79,0
DA:82,0
DA:83,0
DA:84,0
DA:88,0
DA:89,0
DA:93,0
DA:95,0
DA:101,1
DA:102,0
DA:111,1
DA:112,0
LF:43
LH:7
BRDA:20,0,0,0
BRDA:23,1,0,0
BRDA:23,2,0,0
BRDA:23,2,1,0
BRDA:28,3,0,0
BRDA:39,4,0,0
BRDA:40,5,0,0
BRDA:40,5,1,0
BRDA:41,6,0,0
BRDA:41,6,1,0
BRDA:44,7,0,0
BRDA:45,8,0,0
BRDA:45,8,1,0
BRDA:46,9,0,0
BRDA:46,9,1,0
BRDA:50,10,0,0
BRDA:50,10,1,0
BRDA:65,11,0,0
BRDA:67,12,0,0
BRDA:67,12,1,0
BRDA:68,13,0,0
BRDA:68,13,1,0
BRDA:74,14,0,0
BRDA:74,15,0,0
BRDA:74,15,1,0
BRDA:82,16,0,0
BRF:26
BRH:0
end_of_record
TN:
SF:lib\referralEngine.ts
FN:38,(anonymous_0)
FN:113,generateReferralCode
FN:123,trackReferral
FN:180,createMultiLevelReferrals
FN:218,distributeReferralRewards
FN:261,checkAndAwardMilestones
FN:275,awardMilestone
FN:298,getReferralStats
FN:312,(anonymous_8)
FN:327,(anonymous_9)
FN:346,claimReferralRewards
FN:369,getReferralLeaderboard
FN:388,(anonymous_12)
FNF:13
FNH:1
FNDA:1,(anonymous_0)
FNDA:0,generateReferralCode
FNDA:0,trackReferral
FNDA:0,createMultiLevelReferrals
FNDA:0,distributeReferralRewards
FNDA:0,checkAndAwardMilestones
FNDA:0,awardMilestone
FNDA:0,getReferralStats
FNDA:0,(anonymous_8)
FNDA:0,(anonymous_9)
FNDA:0,claimReferralRewards
FNDA:0,getReferralLeaderboard
FNDA:0,(anonymous_12)
DA:19,1
DA:20,1
DA:38,1
DA:39,1
DA:40,1
DA:41,1
DA:42,1
DA:43,1
DA:60,1
DA:100,1
DA:113,1
DA:115,0
DA:116,0
DA:117,0
DA:123,1
DA:127,0
DA:129,0
DA:136,0
DA:137,0
DA:141,0
DA:142,0
DA:146,0
DA:150,0
DA:151,0
DA:155,0
DA:163,0
DA:166,0
DA:168,0
DA:170,0
DA:173,0
DA:185,0
DA:189,0
DA:191,0
DA:199,0
DA:203,0
DA:205,0
DA:218,1
DA:222,0
DA:224,0
DA:230,0
DA:232,0
DA:233,0
DA:236,0
DA:247,0
DA:252,0
DA:262,0
DA:264,0
DA:265,0
DA:267,0
DA:280,0
DA:290,0
DA:298,1
DA:299,0
DA:306,0
DA:307,0
DA:308,0
DA:309,0
DA:312,0
DA:313,0
DA:314,0
DA:317,0
DA:318,0
DA:319,0
DA:320,0
DA:321,0
DA:326,0
DA:327,0
DA:330,0
DA:346,1
DA:349,0
DA:350,0
DA:352,0
DA:353,0
DA:357,0
DA:359,0
DA:362,0
DA:369,1
DA:370,0
DA:387,0
DA:389,0
DA:398,0
DA:400,0
DA:413,0
LF:83
LH:16
BRDA:38,0,0,1
BRDA:38,0,1,1
BRDA:136,1,0,0
BRDA:141,2,0,0
BRDA:150,3,0,0
BRDA:170,4,0,0
BRDA:170,4,1,0
BRDA:189,5,0,0
BRDA:203,6,0,0
BRDA:252,7,0,0
BRDA:252,7,1,0
BRDA:265,8,0,0
BRDA:286,9,0,0
BRDA:286,9,1,0
BRDA:312,10,0,0
BRDA:312,10,1,0
BRDA:319,11,0,0
BRDA:326,12,0,0
BRDA:326,12,1,0
BRDA:352,13,0,0
BRDA:359,14,0,0
BRDA:359,14,1,0
BRDA:369,15,0,0
BRDA:402,16,0,0
BRDA:402,16,1,0
BRDA:402,17,0,0
BRDA:402,17,1,0
BRDA:402,18,0,0
BRDA:402,18,1,0
BRDA:403,19,0,0
BRDA:403,19,1,0
BRDA:403,20,0,0
BRDA:403,20,1,0
BRDA:404,21,0,0
BRDA:404,21,1,0
BRDA:404,22,0,0
BRDA:404,22,1,0
BRDA:404,23,0,0
BRDA:404,23,1,0
BRF:39
BRH:2
end_of_record
TN:
SF:lib\retryLogic.ts
FN:24,(anonymous_0)
FN:30,calculateDelay
FN:44,retry
FN:94,isRetryableError
FN:116,sleep
FN:117,(anonymous_5)
FN:133,(anonymous_7)
FN:154,(anonymous_8)
FN:162,(anonymous_9)
FN:187,(anonymous_10)
FN:191,(anonymous_11)
FNF:11
FNH:6
FNDA:0,(anonymous_0)
FNDA:0,calculateDelay
FNDA:3,retry
FNDA:2,isRetryableError
FNDA:0,sleep
FNDA:0,(anonymous_5)
FNDA:2,(anonymous_7)
FNDA:1,(anonymous_8)
FNDA:1,(anonymous_9)
FNDA:1,(anonymous_10)
FNDA:0,(anonymous_11)
DA:1,2
DA:18,2
DA:36,0
DA:37,0
DA:38,0
DA:44,2
DA:48,3
DA:51,3
DA:52,3
DA:53,3
DA:55,2
DA:58,2
DA:59,0
DA:63,2
DA:65,2
DA:66,2
DA:70,0
DA:77,0
DA:81,0
DA:84,0
DA:88,0
DA:96,2
DA:97,0
DA:101,2
DA:102,0
DA:106,2
DA:107,0
DA:110,2
DA:117,0
DA:123,2
DA:124,2
DA:125,2
DA:126,2
DA:129,2
DA:130,2
DA:134,2
DA:136,0
DA:137,0
DA:138,0
DA:140,0
DA:144,2
DA:145,2
DA:146,1
DA:147,1
DA:149,1
DA:150,1
DA:155,1
DA:156,1
DA:157,0
DA:158,0
DA:165,1
DA:166,1
DA:172,1
DA:174,1
DA:175,1
DA:178,0
DA:179,0
DA:181,0
DA:182,0
DA:183,0
DA:188,1
DA:192,0
DA:193,0
DA:194,0
LF:64
LH:37
BRDA:46,0,0,1
BRDA:58,1,0,0
BRDA:65,2,0,2
BRDA:96,3,0,0
BRDA:96,4,0,2
BRDA:96,4,1,2
BRDA:96,4,2,2
BRDA:101,5,0,0
BRDA:101,6,0,2
BRDA:101,6,1,0
BRDA:106,7,0,0
BRDA:106,8,0,2
BRDA:106,8,1,0
BRDA:106,9,0,2
BRDA:106,9,1,0
BRDA:106,10,0,2
BRDA:106,10,1,2
BRDA:129,11,0,0
BRDA:130,12,0,2
BRDA:134,13,0,0
BRDA:136,14,0,0
BRDA:136,14,1,0
BRDA:156,15,0,0
BRDA:165,16,0,1
BRDA:165,16,1,0
BRDA:165,17,0,0
BRDA:165,17,1,1
BRDA:165,18,0,1
BRDA:165,18,1,1
BRDA:165,19,0,0
BRDA:165,19,1,0
BRDA:165,20,0,0
BRDA:165,20,1,0
BRDA:166,21,0,1
BRDA:166,21,1,1
BRDA:166,21,2,1
BRDA:166,21,3,1
BRDA:166,21,4,1
BRDA:166,22,0,0
BRDA:166,22,1,1
BRDA:166,23,0,1
BRDA:166,23,1,1
BRDA:167,24,0,0
BRDA:167,24,1,1
BRDA:167,25,0,1
BRDA:167,25,1,1
BRDA:168,26,0,0
BRDA:168,26,1,1
BRDA:168,27,0,1
BRDA:168,27,1,1
BRDA:169,28,0,0
BRDA:169,28,1,1
BRDA:169,29,0,1
BRDA:169,29,1,1
BRDA:169,30,0,0
BRDA:169,30,1,1
BRDA:169,31,0,1
BRDA:169,31,1,1
BRDA:170,32,0,0
BRDA:170,32,1,1
BRDA:170,33,0,1
BRDA:170,33,1,1
BRDA:170,34,0,0
BRDA:170,34,1,1
BRDA:170,35,0,1
BRDA:170,35,1,1
BRDA:172,36,0,1
BRDA:172,37,0,1
BRDA:172,37,1,1
BRDA:174,38,0,1
BRDA:174,38,1,1
BRDA:174,39,0,0
BRDA:174,39,1,1
BRDA:174,40,0,1
BRDA:174,40,1,1
BRDA:174,41,0,0
BRDA:174,41,1,1
BRDA:174,42,0,1
BRDA:174,42,1,1
BRDA:181,43,0,0
BRF:80
BRH:52
end_of_record
TN:
SF:lib\sanitize.ts
FN:10,sanitizeString
FN:28,sanitizeHTML
FN:43,sanitizeURL
FN:66,sanitizeInput
FN:68,(anonymous_4)
FN:87,(anonymous_5)
FN:92,(anonymous_6)
FN:98,(anonymous_7)
FNF:8
FNH:5
FNDA:17,sanitizeString
FNDA:5,sanitizeHTML
FNDA:6,sanitizeURL
FNDA:15,sanitizeInput
FNDA:2,(anonymous_4)
FNDA:0,(anonymous_5)
FNDA:0,(anonymous_6)
FNDA:0,(anonymous_7)
DA:10,2
DA:11,17
DA:12,2
DA:15,15
DA:17,15
DA:19,15
DA:21,15
DA:28,2
DA:29,5
DA:30,0
DA:33,5
DA:35,5
DA:36,5
DA:43,2
DA:44,6
DA:45,0
DA:48,6
DA:49,1
DA:51,5
DA:52,5
DA:53,4
DA:54,2
DA:56,2
DA:58,1
DA:66,2
DA:67,15
DA:68,2
DA:70,14
DA:71,4
DA:72,4
DA:73,6
DA:75,4
DA:77,10
DA:78,8
DA:81,2
DA:85,2
DA:86,2
DA:87,2
DA:88,0
DA:89,0
DA:91,2
DA:92,2
DA:93,0
DA:94,0
DA:95,0
DA:96,0
DA:98,2
DA:99,0
DA:100,0
LF:49
LH:39
BRDA:11,0,0,2
BRDA:11,1,0,17
BRDA:11,1,1,15
BRDA:29,2,0,0
BRDA:29,3,0,5
BRDA:29,3,1,5
BRDA:44,4,0,0
BRDA:44,5,0,6
BRDA:44,5,1,6
BRDA:48,6,0,1
BRDA:53,7,0,2
BRDA:53,8,0,4
BRDA:53,8,1,4
BRDA:67,9,0,1
BRDA:70,10,0,4
BRDA:70,11,0,14
BRDA:70,11,1,14
BRDA:77,12,0,8
BRDA:89,13,0,0
BRDA:89,13,1,0
BRDA:93,14,0,0
BRDA:96,15,0,0
BRDA:96,15,1,0
BRDA:99,16,0,0
BRF:24
BRH:16
end_of_record
TN:
SF:lib\streaks.ts
FN:37,checkDailyStreak
FN:168,getStreakReward
FN:170,(anonymous_2)
FN:170,(anonymous_3)
FN:184,getNextReward
FN:185,(anonymous_5)
FN:192,awardStreakBadge
FN:237,getBadgeRarity
FN:248,getStreakLeaderboard
FNF:9
FNH:0
FNDA:0,checkDailyStreak
FNDA:0,getStreakReward
FNDA:0,(anonymous_2)
FNDA:0,(anonymous_3)
FNDA:0,getNextReward
FNDA:0,(anonymous_5)
FNDA:0,awardStreakBadge
FNDA:0,getBadgeRarity
FNDA:0,getStreakLeaderboard
DA:1,2
DA:2,2
DA:24,2
DA:37,2
DA:38,0
DA:40,0
DA:44,0
DA:45,0
DA:47,0
DA:49,0
DA:60,0
DA:62,0
DA:74,0
DA:75,0
DA:81,0
DA:83,0
DA:95,0
DA:96,0
DA:98,0
DA:100,0
DA:102,0
DA:103,0
DA:105,0
DA:116,0
DA:119,0
DA:120,0
DA:123,0
DA:134,0
DA:144,0
DA:149,0
DA:160,0
DA:161,0
DA:170,0
DA:172,0
DA:174,0
DA:178,0
DA:185,0
DA:186,0
DA:193,0
DA:195,0
DA:204,0
DA:205,0
DA:209,0
DA:213,0
DA:214,0
DA:218,0
DA:228,0
DA:230,0
DA:238,0
DA:239,0
DA:240,0
DA:241,0
DA:242,0
DA:248,2
DA:249,0
DA:250,0
DA:262,0
DA:264,0
DA:265,0
LF:59
LH:5
BRDA:47,0,0,0
BRDA:56,1,0,0
BRDA:56,1,1,0
BRDA:56,2,0,0
BRDA:56,2,1,0
BRDA:56,3,0,0
BRDA:56,3,1,0
BRDA:67,4,0,0
BRDA:67,4,1,0
BRDA:67,5,0,0
BRDA:67,5,1,0
BRDA:67,6,0,0
BRDA:67,6,1,0
BRDA:81,7,0,0
BRDA:100,8,0,0
BRDA:100,8,1,0
BRDA:119,9,0,0
BRDA:140,10,0,0
BRDA:140,10,1,0
BRDA:140,11,0,0
BRDA:140,11,1,0
BRDA:140,12,0,0
BRDA:140,12,1,0
BRDA:172,13,0,0
BRDA:172,14,0,0
BRDA:172,14,1,0
BRDA:172,14,2,0
BRDA:204,15,0,0
BRDA:213,16,0,0
BRDA:238,17,0,0
BRDA:239,18,0,0
BRDA:240,19,0,0
BRDA:241,20,0,0
BRDA:248,21,0,0
BRF:34
BRH:0
end_of_record
TN:
SF:lib\validation.ts
FN:8,isValidSolanaAddress
FN:20,isValidUUID
FN:27,sanitizeHandle
FN:35,sanitizeDisplayName
FN:47,isValidSortField
FN:54,validatePagination
FN:74,getFileMagicNumbers
FN:78,isValidImageType
FN:83,(anonymous_8)
FN:89,validateSignature
FN:96,validateEmail
FNF:11
FNH:0
FNDA:0,isValidSolanaAddress
FNDA:0,isValidUUID
FNDA:0,sanitizeHandle
FNDA:0,sanitizeDisplayName
FNDA:0,isValidSortField
FNDA:0,validatePagination
FNDA:0,getFileMagicNumbers
FNDA:0,isValidImageType
FNDA:0,(anonymous_8)
FNDA:0,validateSignature
FNDA:0,validateEmail
DA:1,2
DA:3,0
DA:8,2
DA:9,0
DA:10,0
DA:11,0
DA:13,0
DA:20,2
DA:21,0
DA:27,2
DA:28,0
DA:29,0
DA:35,2
DA:36,0
DA:38,0
DA:44,0
DA:47,2
DA:48,0
DA:54,2
DA:55,0
DA:56,0
DA:58,0
DA:67,0
DA:74,2
DA:75,0
DA:78,2
DA:79,0
DA:80,0
DA:82,0
DA:83,0
DA:87,0
DA:89,2
DA:90,0
DA:93,0
DA:96,2
DA:97,0
DA:98,0
LF:37
LH:11
BRDA:28,0,0,0
BRDA:36,1,0,0
BRDA:55,2,0,0
BRDA:55,2,1,0
BRDA:56,3,0,0
BRDA:56,3,1,0
BRDA:59,4,0,0
BRDA:59,4,1,0
BRDA:59,5,0,0
BRDA:59,5,1,0
BRDA:60,6,0,0
BRDA:60,6,1,0
BRDA:60,7,0,0
BRDA:60,7,1,0
BRDA:80,8,0,0
BRDA:90,9,0,0
BRDA:90,10,0,0
BRDA:90,10,1,0
BRDA:97,11,0,0
BRDA:97,12,0,0
BRDA:97,12,1,0
BRF:21
BRH:0
end_of_record
TN:
SF:lib\walletAuth.ts
FN:28,generateAuthChallenge
FN:51,verifyWalletSignature
FN:81,isAuthChallengeValid
FN:92,verifyAuthentication
FN:123,generateSessionToken
FN:148,verifySessionToken
FNF:6
FNH:0
FNDA:0,generateAuthChallenge
FNDA:0,verifyWalletSignature
FNDA:0,isAuthChallengeValid
FNDA:0,verifyAuthentication
FNDA:0,generateSessionToken
FNDA:0,verifySessionToken
DA:1,6
DA:2,0
DA:3,0
DA:4,0
DA:5,0
DA:28,6
DA:29,0
DA:30,0
DA:32,0
DA:41,0
DA:51,6
DA:56,0
DA:58,0
DA:59,0
DA:60,0
DA:63,0
DA:69,0
DA:71,0
DA:74,0
DA:81,6
DA:82,0
DA:83,0
DA:84,0
DA:86,0
DA:92,6
DA:97,0
DA:98,0
DA:102,0
DA:108,0
DA:109,0
DA:113,0
DA:114,0
DA:117,0
DA:123,6
DA:124,0
DA:126,0
DA:127,0
DA:130,0
DA:137,0
DA:148,6
DA:153,0
DA:155,0
DA:156,0
DA:159,0
DA:160,0
DA:166,0
DA:167,0
DA:170,0
DA:172,0
DA:173,0
DA:175,0
DA:176,0
DA:178,0
LF:53
LH:7
BRDA:71,0,0,0
BRDA:71,0,1,0
BRDA:86,1,0,0
BRDA:86,1,1,0
BRDA:97,2,0,0
BRDA:108,3,0,0
BRDA:113,4,0,0
BRDA:126,5,0,0
BRDA:126,6,0,0
BRDA:126,6,1,0
BRDA:155,7,0,0
BRDA:155,8,0,0
BRDA:155,8,1,0
BRDA:166,9,0,0
BRDA:166,10,0,0
BRDA:166,10,1,0
BRDA:172,11,0,0
BRDA:175,12,0,0
BRF:18
BRH:0
end_of_record
TN:
SF:lib\whaleTracker.ts
FN:31,calculateWhaleMetrics
FN:50,(anonymous_1)
FN:57,(anonymous_2)
FN:59,(anonymous_3)
FN:77,isWhale
FN:88,detectAndRegisterWhale
FN:146,updateWhaleMetrics
FN:189,createWhaleAlert
FN:218,getTopWhales
FN:228,(anonymous_9)
FN:241,getWhaleAlertsForUser
FN:255,(anonymous_11)
FN:269,(anonymous_12)
FN:298,followWhale
FN:331,unfollowWhale
FN:353,isFollowingWhale
FN:375,getFollowedWhales
FN:385,(anonymous_17)
FN:393,(anonymous_18)
FN:395,(anonymous_19)
FN:413,processTradeForWhaleDetection
FNF:21
FNH:0
FNDA:0,calculateWhaleMetrics
FNDA:0,(anonymous_1)
FNDA:0,(anonymous_2)
FNDA:0,(anonymous_3)
FNDA:0,isWhale
FNDA:0,detectAndRegisterWhale
FNDA:0,updateWhaleMetrics
FNDA:0,createWhaleAlert
FNDA:0,getTopWhales
FNDA:0,(anonymous_9)
FNDA:0,getWhaleAlertsForUser
FNDA:0,(anonymous_11)
FNDA:0,(anonymous_12)
FNDA:0,followWhale
FNDA:0,unfollowWhale
FNDA:0,isFollowingWhale
FNDA:0,getFollowedWhales
FNDA:0,(anonymous_17)
FNDA:0,(anonymous_18)
FNDA:0,(anonymous_19)
FNDA:0,processTradeForWhaleDetection
DA:1,2
DA:2,2
DA:5,2
DA:31,2
DA:32,0
DA:34,0
DA:38,0
DA:39,0
DA:43,0
DA:50,0
DA:51,0
DA:52,0
DA:53,0
DA:56,0
DA:57,0
DA:59,0
DA:61,0
DA:69,0
DA:70,0
DA:77,2
DA:78,0
DA:88,2
DA:89,0
DA:91,0
DA:95,0
DA:96,0
DA:100,0
DA:102,0
DA:103,0
DA:107,0
DA:111,0
DA:112,0
DA:117,0
DA:121,0
DA:135,0
DA:136,0
DA:138,0
DA:139,0
DA:146,2
DA:147,0
DA:148,0
DA:150,0
DA:151,0
DA:155,0
DA:159,0
DA:160,0
DA:165,0
DA:168,0
DA:182,0
DA:189,2
DA:197,0
DA:198,0
DA:209,0
DA:211,0
DA:218,2
DA:219,0
DA:220,0
DA:228,0
DA:233,0
DA:234,0
DA:241,2
DA:245,0
DA:247,0
DA:255,0
DA:257,0
DA:258,0
DA:262,0
DA:269,0
DA:272,0
DA:288,0
DA:290,0
DA:291,0
DA:298,2
DA:302,0
DA:304,0
DA:308,0
DA:309,0
DA:313,0
DA:320,0
DA:323,0
DA:324,0
DA:331,2
DA:335,0
DA:336,0
DA:343,0
DA:345,0
DA:346,0
DA:353,2
DA:357,0
DA:358,0
DA:365,0
DA:367,0
DA:368,0
DA:375,2
DA:376,0
DA:377,0
DA:385,0
DA:386,0
DA:393,0
DA:395,0
DA:396,0
DA:397,0
DA:405,0
DA:406,0
DA:413,2
DA:423,0
DA:425,0
DA:430,0
DA:431,0
DA:432,0
DA:433,0
DA:440,0
DA:442,0
DA:445,0
DA:447,0
DA:457,0
DA:460,0
LF:117
LH:15
BRDA:38,0,0,0
BRDA:38,1,0,0
BRDA:38,1,1,0
BRDA:51,2,0,0
BRDA:51,2,1,0
BRDA:52,3,0,0
BRDA:52,3,1,0
BRDA:79,4,0,0
BRDA:79,4,1,0
BRDA:79,4,2,0
BRDA:95,5,0,0
BRDA:102,6,0,0
BRDA:102,7,0,0
BRDA:102,7,1,0
BRDA:111,8,0,0
BRDA:117,9,0,0
BRDA:117,9,1,0
BRDA:118,10,0,0
BRDA:118,10,1,0
BRDA:150,11,0,0
BRDA:159,12,0,0
BRDA:165,13,0,0
BRDA:165,13,1,0
BRDA:166,14,0,0
BRDA:166,14,1,0
BRDA:218,15,0,0
BRDA:230,16,0,0
BRDA:230,16,1,0
BRDA:243,17,0,0
BRDA:257,18,0,0
BRDA:308,19,0,0
BRDA:399,20,0,0
BRDA:399,20,1,0
BRDA:399,21,0,0
BRDA:399,21,1,0
BRDA:399,22,0,0
BRDA:399,22,1,0
BRDA:430,23,0,0
BRDA:432,24,0,0
BRDA:440,25,0,0
BRDA:440,26,0,0
BRDA:440,26,1,0
BRDA:442,27,0,0
BRDA:442,27,1,0
BRDA:442,28,0,0
BRDA:442,28,1,0
BRDA:443,29,0,0
BRDA:443,29,1,0
BRDA:445,30,0,0
BRDA:445,30,1,0
BRF:50
BRH:0
end_of_record
TN:
SF:lib\cache\redis.ts
FN:34,cacheGet
FN:54,cacheSet
FN:93,cacheDel
FN:112,cacheInvalidateTag
FN:135,cacheGetOrSet
FN:158,cacheIncr
FN:185,(anonymous_6)
FN:188,(anonymous_7)
FN:191,(anonymous_8)
FN:194,(anonymous_9)
FN:197,(anonymous_10)
FN:200,(anonymous_11)
FN:203,(anonymous_12)
FN:206,(anonymous_13)
FN:209,(anonymous_14)
FN:212,(anonymous_15)
FNF:16
FNH:0
FNDA:0,cacheGet
FNDA:0,cacheSet
FNDA:0,cacheDel
FNDA:0,cacheInvalidateTag
FNDA:0,cacheGetOrSet
FNDA:0,cacheIncr
FNDA:0,(anonymous_6)
FNDA:0,(anonymous_7)
FNDA:0,(anonymous_8)
FNDA:0,(anonymous_9)
FNDA:0,(anonymous_10)
FNDA:0,(anonymous_11)
FNDA:0,(anonymous_12)
FNDA:0,(anonymous_13)
FNDA:0,(anonymous_14)
FNDA:0,(anonymous_15)
DA:1,1
DA:2,1
DA:5,1
DA:12,1
DA:14,1
DA:15,0
DA:20,1
DA:21,0
DA:22,0
DA:34,1
DA:35,0
DA:36,0
DA:37,0
DA:40,0
DA:41,0
DA:42,0
DA:44,0
DA:47,0
DA:54,1
DA:59,0
DA:60,0
DA:63,0
DA:64,0
DA:66,0
DA:67,0
DA:69,0
DA:73,0
DA:74,0
DA:75,0
DA:77,0
DA:81,0
DA:83,0
DA:86,0
DA:93,1
DA:94,0
DA:95,0
DA:98,0
DA:99,0
DA:100,0
DA:102,0
DA:105,0
DA:112,1
DA:113,0
DA:114,0
DA:117,0
DA:118,0
DA:119,0
DA:120,0
DA:121,0
DA:123,0
DA:125,0
DA:128,0
DA:135,1
DA:141,0
DA:142,0
DA:143,0
DA:147,0
DA:150,0
DA:152,0
DA:158,1
DA:162,0
DA:163,0
DA:166,0
DA:167,0
DA:168,0
DA:169,0
DA:171,0
DA:173,0
DA:176,0
DA:183,1
DA:185,0
DA:188,0
DA:191,0
DA:194,0
DA:197,0
DA:200,0
DA:203,0
DA:206,0
DA:209,0
DA:212,0
DA:215,1
LF:81
LH:14
BRDA:6,0,0,1
BRDA:6,0,1,0
BRDA:14,1,0,0
BRDA:14,1,1,1
BRDA:20,2,0,0
BRDA:35,3,0,0
BRDA:35,4,0,0
BRDA:35,4,1,0
BRDA:44,5,0,0
BRDA:44,5,1,0
BRDA:57,6,0,0
BRDA:59,7,0,0
BRDA:59,8,0,0
BRDA:59,8,1,0
BRDA:64,9,0,0
BRDA:66,10,0,0
BRDA:66,10,1,0
BRDA:73,11,0,0
BRDA:73,12,0,0
BRDA:73,12,1,0
BRDA:83,13,0,0
BRDA:83,13,1,0
BRDA:94,14,0,0
BRDA:94,15,0,0
BRDA:94,15,1,0
BRDA:102,16,0,0
BRDA:102,16,1,0
BRDA:113,17,0,0
BRDA:113,18,0,0
BRDA:113,18,1,0
BRDA:119,19,0,0
BRDA:119,20,0,0
BRDA:119,20,1,0
BRDA:125,21,0,0
BRDA:125,21,1,0
BRDA:138,22,0,0
BRDA:142,23,0,0
BRDA:162,24,0,0
BRDA:162,25,0,0
BRDA:162,25,1,0
BRDA:168,26,0,0
BRDA:173,27,0,0
BRDA:173,27,1,0
BRDA:191,28,0,0
BRDA:191,28,1,0
BRDA:194,29,0,0
BRDA:194,29,1,0
BRF:47
BRH:2
end_of_record
TN:
SF:lib\services\superTokenScorer.ts
FN:331,analyzeSuperTokenScore
FN:524,fetchRugCheckData
FN:547,fetchDexScreenerData
FN:585,fetchBirdeyeData
FN:627,fetchSolscanData
FN:657,fetchJupiterLiquidity
FN:669,(anonymous_6)
FN:691,analyzeNewWallets
FN:692,(anonymous_8)
FN:693,(anonymous_9)
FN:871,(anonymous_10)
FN:882,analyzeInsiders
FN:883,(anonymous_12)
FN:884,(anonymous_13)
FN:949,(anonymous_14)
FN:1028,(anonymous_15)
FN:1042,analyzeVolume
FN:1178,analyzeSocials
FN:1253,detectBotsAdvanced
FN:1290,(anonymous_19)
FN:1305,(anonymous_20)
FN:1316,(anonymous_21)
FN:1321,(anonymous_22)
FN:1327,(anonymous_23)
FN:1328,(anonymous_24)
FN:1401,analyzeSmartMoney
FN:1483,(anonymous_26)
FN:1509,(anonymous_27)
FN:1577,analyzeTeam
FN:1652,analyzePricePattern
FN:1710,analyzeHistoricalHolders
FN:1754,analyzeLiquidityDepth
FN:1851,analyzeCrossChain
FN:1891,analyzeCompetitors
FN:1930,calculateDexScreenerScore
FN:1952,calculateBirdeyeScore
FN:1970,calculateJupiterScore
FN:1983,calculateSuperScore
FN:2066,getGlobalRiskLevel
FN:2081,consolidateRedFlags
FN:2098,(anonymous_40)
FN:2279,consolidateGreenFlags
FN:2339,generateDetailedRecommendation
FN:2345,(anonymous_43)
FN:2346,(anonymous_44)
FN:2351,(anonymous_45)
FN:2351,(anonymous_46)
FN:2357,(anonymous_47)
FN:2364,(anonymous_48)
FN:2372,(anonymous_49)
FNF:50
FNH:38
FNDA:4,analyzeSuperTokenScore
FNDA:4,fetchRugCheckData
FNDA:4,fetchDexScreenerData
FNDA:4,fetchBirdeyeData
FNDA:4,fetchSolscanData
FNDA:4,fetchJupiterLiquidity
FNDA:3,(anonymous_6)
FNDA:4,analyzeNewWallets
FNDA:4,(anonymous_8)
FNDA:4,(anonymous_9)
FNDA:1,(anonymous_10)
FNDA:4,analyzeInsiders
FNDA:4,(anonymous_12)
FNDA:4,(anonymous_13)
FNDA:0,(anonymous_14)
FNDA:4,(anonymous_15)
FNDA:4,analyzeVolume
FNDA:4,analyzeSocials
FNDA:4,detectBotsAdvanced
FNDA:0,(anonymous_19)
FNDA:0,(anonymous_20)
FNDA:0,(anonymous_21)
FNDA:0,(anonymous_22)
FNDA:0,(anonymous_23)
FNDA:0,(anonymous_24)
FNDA:4,analyzeSmartMoney
FNDA:0,(anonymous_26)
FNDA:30,(anonymous_27)
FNDA:4,analyzeTeam
FNDA:4,analyzePricePattern
FNDA:4,analyzeHistoricalHolders
FNDA:4,analyzeLiquidityDepth
FNDA:4,analyzeCrossChain
FNDA:4,analyzeCompetitors
FNDA:3,calculateDexScreenerScore
FNDA:3,calculateBirdeyeScore
FNDA:3,calculateJupiterScore
FNDA:4,calculateSuperScore
FNDA:4,getGlobalRiskLevel
FNDA:4,consolidateRedFlags
FNDA:0,(anonymous_40)
FNDA:4,consolidateGreenFlags
FNDA:4,generateDetailedRecommendation
FNDA:12,(anonymous_43)
FNDA:12,(anonymous_44)
FNDA:12,(anonymous_45)
FNDA:8,(anonymous_46)
FNDA:0,(anonymous_47)
FNDA:0,(anonymous_48)
FNDA:0,(anonymous_49)
DA:22,1
DA:23,1
DA:24,1
DA:25,1
DA:27,1
DA:28,1
DA:31,1
DA:331,1
DA:335,4
DA:337,4
DA:338,4
DA:340,4
DA:343,4
DA:346,4
DA:347,4
DA:350,4
DA:351,4
DA:360,4
DA:361,4
DA:364,4
DA:365,4
DA:368,4
DA:369,4
DA:372,4
DA:373,4
DA:376,4
DA:377,4
DA:380,4
DA:381,4
DA:384,4
DA:385,4
DA:388,4
DA:389,4
DA:392,4
DA:393,4
DA:396,4
DA:397,4
DA:405,4
DA:406,4
DA:409,4
DA:410,4
DA:413,4
DA:415,4
DA:435,4
DA:436,4
DA:439,4
DA:455,4
DA:464,4
DA:466,4
DA:468,4
DA:470,4
DA:502,4
DA:509,4
DA:512,0
DA:516,0
DA:525,4
DA:527,4
DA:529,4
DA:530,1
DA:533,3
DA:535,3
DA:542,1
DA:543,1
DA:548,4
DA:549,4
DA:551,4
DA:552,1
DA:555,3
DA:556,3
DA:558,3
DA:559,0
DA:562,3
DA:580,1
DA:581,1
DA:586,4
DA:588,4
DA:590,4
DA:594,4
DA:595,1
DA:598,3
DA:599,3
DA:601,3
DA:602,0
DA:605,3
DA:622,1
DA:623,1
DA:628,4
DA:629,4
DA:631,4
DA:632,1
DA:635,3
DA:637,3
DA:652,1
DA:653,1
DA:658,4
DA:660,4
DA:662,4
DA:663,1
DA:666,3
DA:669,3
DA:676,3
DA:682,1
DA:683,1
DA:692,4
DA:693,4
DA:694,4
DA:697,4
DA:698,4
DA:713,4
DA:716,3
DA:719,3
DA:720,3
DA:721,3
DA:722,3
DA:723,3
DA:724,3
DA:725,0
DA:733,3
DA:734,0
DA:735,0
DA:736,0
DA:740,0
DA:741,0
DA:742,0
DA:750,3
DA:765,3
DA:766,0
DA:769,3
DA:770,3
DA:773,3
DA:774,3
DA:776,3
DA:777,3
DA:778,3
DA:779,3
DA:782,3
DA:784,3
DA:785,30
DA:786,30
DA:787,30
DA:789,30
DA:790,0
DA:791,0
DA:793,0
DA:794,0
DA:796,0
DA:797,0
DA:800,0
DA:801,0
DA:802,0
DA:814,3
DA:819,3
DA:823,3
DA:826,3
DA:829,3
DA:830,3
DA:832,3
DA:833,0
DA:834,0
DA:835,3
DA:836,0
DA:837,0
DA:838,3
DA:839,0
DA:840,0
DA:842,3
DA:843,3
DA:846,3
DA:854,3
DA:864,1
DA:865,1
DA:871,1
DA:883,4
DA:884,4
DA:887,4
DA:889,4
DA:892,4
DA:893,4
DA:897,4
DA:902,4
DA:903,4
DA:910,0
DA:912,0
DA:927,0
DA:928,0
DA:931,0
DA:932,0
DA:935,0
DA:936,0
DA:937,0
DA:939,0
DA:940,0
DA:941,0
DA:942,0
DA:944,0
DA:945,0
DA:946,0
DA:949,0
DA:950,0
DA:954,0
DA:955,0
DA:956,0
DA:957,0
DA:960,0
DA:961,0
DA:972,0
DA:976,0
DA:977,0
DA:980,0
DA:981,0
DA:982,0
DA:985,0
DA:987,0
DA:988,0
DA:990,0
DA:991,0
DA:992,0
DA:993,0
DA:994,0
DA:995,0
DA:996,0
DA:997,0
DA:998,0
DA:1000,0
DA:1001,0
DA:1004,0
DA:1011,0
DA:1021,4
DA:1022,4
DA:1029,4
DA:1030,4
DA:1043,4
DA:1044,4
DA:1047,4
DA:1048,4
DA:1049,4
DA:1053,4
DA:1054,4
DA:1056,4
DA:1057,4
DA:1060,4
DA:1061,4
DA:1062,4
DA:1065,4
DA:1066,4
DA:1069,4
DA:1072,4
DA:1073,0
DA:1074,4
DA:1075,0
DA:1076,4
DA:1077,0
DA:1079,4
DA:1083,4
DA:1084,4
DA:1087,4
DA:1088,0
DA:1089,4
DA:1090,0
DA:1091,4
DA:1092,0
DA:1096,4
DA:1097,4
DA:1098,0
DA:1099,4
DA:1100,0
DA:1104,4
DA:1106,4
DA:1109,4
DA:1111,4
DA:1112,0
DA:1113,4
DA:1114,0
DA:1115,4
DA:1116,0
DA:1120,4
DA:1126,4
DA:1128,4
DA:1129,1
DA:1130,3
DA:1132,0
DA:1133,3
DA:1134,0
DA:1135,3
DA:1136,3
DA:1137,0
DA:1138,0
DA:1139,0
DA:1140,0
DA:1141,0
DA:1142,0
DA:1144,0
DA:1148,4
DA:1149,3
DA:1152,4
DA:1164,0
DA:1179,4
DA:1181,4
DA:1182,4
DA:1187,4
DA:1188,4
DA:1189,4
DA:1190,4
DA:1192,4
DA:1193,4
DA:1195,4
DA:1196,4
DA:1198,4
DA:1199,4
DA:1201,4
DA:1204,4
DA:1205,4
DA:1206,4
DA:1209,4
DA:1210,0
DA:1215,4
DA:1217,4
DA:1234,0
DA:1254,4
DA:1256,4
DA:1257,4
DA:1260,4
DA:1264,4
DA:1269,4
DA:1270,4
DA:1287,0
DA:1288,0
DA:1290,0
DA:1291,0
DA:1292,0
DA:1294,0
DA:1295,0
DA:1297,0
DA:1300,0
DA:1301,0
DA:1305,0
DA:1306,0
DA:1309,0
DA:1310,0
DA:1311,0
DA:1312,0
DA:1316,0
DA:1320,0
DA:1321,0
DA:1322,0
DA:1326,0
DA:1327,0
DA:1328,0
DA:1329,0
DA:1331,0
DA:1334,0
DA:1337,0
DA:1338,0
DA:1341,0
DA:1342,0
DA:1343,0
DA:1344,0
DA:1345,0
DA:1348,0
DA:1349,0
DA:1352,0
DA:1353,0
DA:1354,0
DA:1355,0
DA:1356,0
DA:1357,0
DA:1358,0
DA:1359,0
DA:1360,0
DA:1362,0
DA:1365,0
DA:1372,0
DA:1385,0
DA:1386,0
DA:1402,4
DA:1409,4
DA:1410,4
DA:1413,4
DA:1428,4
DA:1429,1
DA:1432,3
DA:1433,3
DA:1435,3
DA:1436,0
DA:1439,3
DA:1445,3
DA:1446,3
DA:1447,3
DA:1448,3
DA:1449,3
DA:1450,3
DA:1456,3
DA:1458,3
DA:1459,30
DA:1460,30
DA:1461,30
DA:1463,30
DA:1466,0
DA:1467,0
DA:1468,0
DA:1469,0
DA:1475,0
DA:1477,0
DA:1478,0
DA:1479,0
DA:1480,0
DA:1483,0
DA:1484,0
DA:1487,0
DA:1491,0
DA:1492,0
DA:1493,0
DA:1495,0
DA:1496,0
DA:1500,0
DA:1509,30
DA:1510,3
DA:1513,3
DA:1514,3
DA:1517,3
DA:1520,3
DA:1521,3
DA:1523,3
DA:1524,0
DA:1525,0
DA:1526,3
DA:1527,0
DA:1528,0
DA:1529,3
DA:1530,0
DA:1531,0
DA:1532,3
DA:1533,0
DA:1534,0
DA:1535,3
DA:1537,0
DA:1538,0
DA:1541,3
DA:1542,3
DA:1545,3
DA:1554,3
DA:1564,1
DA:1565,1
DA:1581,4
DA:1583,4
DA:1586,4
DA:1589,0
DA:1592,0
DA:1593,0
DA:1599,0
DA:1602,0
DA:1604,0
DA:1605,0
DA:1608,0
DA:1609,0
DA:1610,0
DA:1611,0
DA:1612,0
DA:1613,0
DA:1614,0
DA:1616,0
DA:1617,0
DA:1618,0
DA:1620,0
DA:1621,0
DA:1622,0
DA:1624,0
DA:1625,0
DA:1628,0
DA:1639,4
DA:1653,4
DA:1654,4
DA:1655,4
DA:1657,4
DA:1659,4
DA:1660,0
DA:1661,4
DA:1662,0
DA:1663,4
DA:1664,1
DA:1665,3
DA:1666,0
DA:1669,4
DA:1670,4
DA:1672,4
DA:1673,4
DA:1675,4
DA:1677,4
DA:1678,4
DA:1679,0
DA:1680,4
DA:1681,0
DA:1682,4
DA:1683,1
DA:1685,3
DA:1688,4
DA:1698,0
DA:1711,4
DA:1722,4
DA:1723,4
DA:1724,4
DA:1725,4
DA:1726,4
DA:1727,4
DA:1730,4
DA:1732,4
DA:1742,0
DA:1760,4
DA:1762,4
DA:1766,4
DA:1767,4
DA:1768,4
DA:1769,4
DA:1773,4
DA:1774,4
DA:1775,4
DA:1777,4
DA:1779,0
DA:1780,0
DA:1781,0
DA:1782,4
DA:1784,0
DA:1785,0
DA:1786,0
DA:1787,4
DA:1789,0
DA:1790,0
DA:1791,0
DA:1792,4
DA:1794,0
DA:1795,0
DA:1796,0
DA:1799,4
DA:1800,4
DA:1801,4
DA:1804,4
DA:1805,4
DA:1808,4
DA:1809,0
DA:1810,0
DA:1811,4
DA:1812,0
DA:1813,0
DA:1814,4
DA:1815,0
DA:1816,0
DA:1817,4
DA:1818,0
DA:1819,0
DA:1821,4
DA:1822,4
DA:1825,4
DA:1837,0
DA:1852,4
DA:1864,4
DA:1865,4
DA:1866,4
DA:1867,4
DA:1868,4
DA:1871,4
DA:1873,4
DA:1882,0
DA:1892,4
DA:1902,4
DA:1904,4
DA:1905,4
DA:1908,4
DA:1910,4
DA:1917,0
DA:1931,3
DA:1933,3
DA:1934,3
DA:1935,3
DA:1936,0
DA:1938,3
DA:1939,3
DA:1940,0
DA:1942,3
DA:1943,3
DA:1944,0
DA:1946,3
DA:1947,3
DA:1949,3
DA:1953,3
DA:1955,3
DA:1956,3
DA:1957,3
DA:1959,3
DA:1960,3
DA:1962,3
DA:1963,3
DA:1965,3
DA:1967,3
DA:1971,3
DA:1973,3
DA:1974,3
DA:1975,3
DA:1977,3
DA:1978,3
DA:1980,3
DA:2013,4
DA:2030,4
DA:2033,4
DA:2036,4
DA:2039,4
DA:2040,4
DA:2044,4
DA:2045,0
DA:2049,4
DA:2050,0
DA:2054,4
DA:2055,0
DA:2059,4
DA:2060,0
DA:2063,4
DA:2067,4
DA:2068,4
DA:2069,4
DA:2070,4
DA:2071,4
DA:2072,4
DA:2073,4
DA:2074,0
DA:2095,4
DA:2098,4
DA:2099,0
DA:2108,4
DA:2109,0
DA:2118,4
DA:2119,0
DA:2128,4
DA:2129,0
DA:2138,4
DA:2139,0
DA:2148,4
DA:2149,0
DA:2158,4
DA:2159,4
DA:2168,4
DA:2169,0
DA:2178,4
DA:2179,4
DA:2188,4
DA:2189,0
DA:2200,4
DA:2201,0
DA:2207,4
DA:2208,0
DA:2217,4
DA:2218,0
DA:2227,4
DA:2228,0
DA:2237,4
DA:2238,0
DA:2247,4
DA:2248,0
DA:2257,4
DA:2258,4
DA:2267,4
DA:2268,0
DA:2276,4
DA:2286,4
DA:2288,4
DA:2289,4
DA:2296,4
DA:2297,4
DA:2304,4
DA:2305,0
DA:2312,4
DA:2313,0
DA:2320,4
DA:2321,0
DA:2328,4
DA:2329,0
DA:2336,4
DA:2345,12
DA:2346,12
DA:2348,4
DA:2349,4
DA:2351,12
DA:2354,0
DA:2355,0
DA:2357,0
DA:2361,0
DA:2362,0
DA:2364,0
DA:2368,0
DA:2369,0
DA:2372,0
DA:2375,0
DA:2376,0
DA:2381,0
LF:692
LH:426
BRDA:27,0,0,1
BRDA:27,0,1,1
BRDA:340,1,0,1
BRDA:346,2,0,1
BRDA:350,3,0,1
BRDA:360,4,0,1
BRDA:364,5,0,1
BRDA:368,6,0,1
BRDA:369,7,0,4
BRDA:369,7,1,0
BRDA:372,8,0,1
BRDA:376,9,0,1
BRDA:380,10,0,1
BRDA:384,11,0,1
BRDA:388,12,0,1
BRDA:389,13,0,4
BRDA:389,13,1,0
BRDA:392,14,0,1
BRDA:396,15,0,1
BRDA:400,16,0,4
BRDA:400,16,1,0
BRDA:401,17,0,4
BRDA:401,17,1,0
BRDA:405,18,0,1
BRDA:409,19,0,1
BRDA:413,20,0,1
BRDA:429,21,0,3
BRDA:429,21,1,1
BRDA:429,22,0,4
BRDA:429,22,1,4
BRDA:430,23,0,3
BRDA:430,23,1,1
BRDA:430,24,0,4
BRDA:430,24,1,4
BRDA:431,25,0,3
BRDA:431,25,1,1
BRDA:431,26,0,4
BRDA:431,26,1,4
BRDA:432,27,0,3
BRDA:432,27,1,1
BRDA:432,28,0,4
BRDA:432,28,1,4
BRDA:451,29,0,4
BRDA:451,29,1,0
BRDA:466,30,0,1
BRDA:487,31,0,4
BRDA:487,31,1,0
BRDA:488,32,0,4
BRDA:488,32,1,0
BRDA:489,33,0,4
BRDA:489,33,1,0
BRDA:490,34,0,4
BRDA:490,34,1,0
BRDA:491,35,0,4
BRDA:491,35,1,0
BRDA:512,36,0,0
BRDA:512,36,1,0
BRDA:529,37,0,1
BRDA:536,38,0,3
BRDA:536,38,1,0
BRDA:537,39,0,3
BRDA:537,39,1,0
BRDA:538,40,0,3
BRDA:538,40,1,3
BRDA:551,41,0,1
BRDA:556,42,0,0
BRDA:556,42,1,3
BRDA:556,43,0,3
BRDA:556,43,1,3
BRDA:558,44,0,0
BRDA:565,45,0,3
BRDA:565,45,1,0
BRDA:566,46,0,3
BRDA:566,46,1,0
BRDA:566,47,0,0
BRDA:566,47,1,3
BRDA:566,48,0,3
BRDA:566,48,1,3
BRDA:567,49,0,3
BRDA:567,49,1,0
BRDA:567,50,0,0
BRDA:567,50,1,3
BRDA:567,51,0,3
BRDA:567,51,1,3
BRDA:568,52,0,3
BRDA:568,52,1,0
BRDA:569,53,0,3
BRDA:569,53,1,0
BRDA:569,54,0,0
BRDA:569,54,1,3
BRDA:569,55,0,3
BRDA:569,55,1,3
BRDA:570,56,0,3
BRDA:570,56,1,0
BRDA:570,57,0,0
BRDA:570,57,1,3
BRDA:570,58,0,3
BRDA:570,58,1,3
BRDA:571,59,0,3
BRDA:571,59,1,0
BRDA:571,60,0,0
BRDA:571,60,1,3
BRDA:571,61,0,3
BRDA:571,61,1,3
BRDA:573,62,0,3
BRDA:573,62,1,0
BRDA:573,63,0,0
BRDA:573,63,1,3
BRDA:573,64,0,3
BRDA:573,64,1,3
BRDA:573,65,0,0
BRDA:573,65,1,3
BRDA:573,66,0,3
BRDA:573,66,1,3
BRDA:574,67,0,3
BRDA:574,67,1,0
BRDA:574,68,0,0
BRDA:574,68,1,3
BRDA:574,69,0,3
BRDA:574,69,1,3
BRDA:574,70,0,0
BRDA:574,70,1,3
BRDA:574,71,0,3
BRDA:574,71,1,3
BRDA:576,72,0,3
BRDA:576,72,1,0
BRDA:577,73,0,3
BRDA:577,73,1,0
BRDA:588,74,0,4
BRDA:588,74,1,4
BRDA:591,75,0,0
BRDA:591,75,1,4
BRDA:594,76,0,1
BRDA:601,77,0,0
BRDA:631,78,0,1
BRDA:662,79,0,1
BRDA:669,80,0,3
BRDA:669,80,1,0
BRDA:669,81,0,0
BRDA:669,81,1,3
BRDA:669,82,0,3
BRDA:669,82,1,3
BRDA:670,83,0,3
BRDA:670,83,1,0
BRDA:670,84,0,0
BRDA:670,84,1,3
BRDA:670,85,0,3
BRDA:670,85,1,3
BRDA:716,86,0,3
BRDA:716,86,1,0
BRDA:716,87,0,0
BRDA:716,87,1,3
BRDA:716,88,0,3
BRDA:716,88,1,3
BRDA:721,89,0,3
BRDA:723,90,0,3
BRDA:723,90,1,3
BRDA:723,91,0,3
BRDA:723,91,1,0
BRDA:723,92,0,3
BRDA:723,92,1,3
BRDA:723,93,0,0
BRDA:723,93,1,3
BRDA:723,94,0,3
BRDA:723,94,1,3
BRDA:723,95,0,0
BRDA:723,95,1,3
BRDA:723,96,0,3
BRDA:723,96,1,3
BRDA:724,97,0,0
BRDA:733,98,0,0
BRDA:735,99,0,0
BRDA:735,99,1,0
BRDA:738,100,0,0
BRDA:738,100,1,0
BRDA:740,101,0,0
BRDA:742,102,0,0
BRDA:742,102,1,0
BRDA:742,103,0,0
BRDA:742,103,1,0
BRDA:742,104,0,0
BRDA:742,104,1,0
BRDA:765,105,0,0
BRDA:770,106,0,3
BRDA:770,106,1,0
BRDA:770,107,0,0
BRDA:770,107,1,3
BRDA:770,108,0,3
BRDA:770,108,1,3
BRDA:789,109,0,0
BRDA:791,110,0,0
BRDA:791,110,1,0
BRDA:791,111,0,0
BRDA:791,111,1,0
BRDA:791,112,0,0
BRDA:791,112,1,0
BRDA:796,113,0,0
BRDA:801,114,0,0
BRDA:814,115,0,0
BRDA:814,115,1,3
BRDA:820,116,0,3
BRDA:820,116,1,0
BRDA:823,117,0,0
BRDA:823,117,1,3
BRDA:826,118,0,3
BRDA:826,118,1,0
BRDA:832,119,0,0
BRDA:832,119,1,3
BRDA:832,120,0,3
BRDA:832,120,1,3
BRDA:835,121,0,0
BRDA:835,121,1,3
BRDA:835,122,0,3
BRDA:835,122,1,3
BRDA:838,123,0,0
BRDA:838,123,1,3
BRDA:864,124,0,1
BRDA:864,124,1,0
BRDA:902,125,0,4
BRDA:927,126,0,0
BRDA:932,127,0,0
BRDA:932,127,1,0
BRDA:932,128,0,0
BRDA:932,128,1,0
BRDA:932,129,0,0
BRDA:932,129,1,0
BRDA:944,130,0,0
BRDA:946,131,0,0
BRDA:946,131,1,0
BRDA:946,132,0,0
BRDA:946,132,1,0
BRDA:946,133,0,0
BRDA:946,133,1,0
BRDA:950,134,0,0
BRDA:950,134,1,0
BRDA:954,135,0,0
BRDA:954,136,0,0
BRDA:954,136,1,0
BRDA:956,137,0,0
BRDA:956,137,1,0
BRDA:960,138,0,0
BRDA:960,139,0,0
BRDA:960,139,1,0
BRDA:981,140,0,0
BRDA:981,141,0,0
BRDA:981,141,1,0
BRDA:985,142,0,0
BRDA:985,142,1,0
BRDA:985,142,2,0
BRDA:990,143,0,0
BRDA:990,143,1,0
BRDA:990,144,0,0
BRDA:990,144,1,0
BRDA:993,145,0,0
BRDA:993,145,1,0
BRDA:993,146,0,0
BRDA:993,146,1,0
BRDA:996,147,0,0
BRDA:996,147,1,0
BRDA:996,148,0,0
BRDA:996,148,1,0
BRDA:1021,149,0,4
BRDA:1021,149,1,0
BRDA:1044,150,0,4
BRDA:1044,150,1,1
BRDA:1044,151,0,1
BRDA:1044,151,1,3
BRDA:1044,152,0,4
BRDA:1044,152,1,4
BRDA:1047,153,0,4
BRDA:1047,153,1,1
BRDA:1047,154,0,1
BRDA:1047,154,1,3
BRDA:1047,155,0,4
BRDA:1047,155,1,4
BRDA:1048,156,0,4
BRDA:1048,156,1,1
BRDA:1048,157,0,1
BRDA:1048,157,1,3
BRDA:1048,158,0,4
BRDA:1048,158,1,4
BRDA:1049,159,0,4
BRDA:1049,159,1,1
BRDA:1049,160,0,1
BRDA:1049,160,1,3
BRDA:1049,161,0,4
BRDA:1049,161,1,4
BRDA:1060,162,0,4
BRDA:1060,162,1,1
BRDA:1060,163,0,1
BRDA:1060,163,1,3
BRDA:1060,164,0,4
BRDA:1060,164,1,4
BRDA:1061,165,0,4
BRDA:1061,165,1,1
BRDA:1061,166,0,1
BRDA:1061,166,1,3
BRDA:1061,167,0,4
BRDA:1061,167,1,4
BRDA:1065,168,0,3
BRDA:1065,168,1,1
BRDA:1066,169,0,3
BRDA:1066,169,1,1
BRDA:1066,170,0,0
BRDA:1066,170,1,1
BRDA:1072,171,0,0
BRDA:1072,171,1,4
BRDA:1072,172,0,4
BRDA:1072,172,1,4
BRDA:1074,173,0,0
BRDA:1074,173,1,4
BRDA:1074,174,0,4
BRDA:1074,174,1,4
BRDA:1076,175,0,0
BRDA:1076,175,1,4
BRDA:1076,176,0,4
BRDA:1076,176,1,4
BRDA:1083,177,0,4
BRDA:1083,177,1,1
BRDA:1083,178,0,1
BRDA:1083,178,1,3
BRDA:1083,179,0,4
BRDA:1083,179,1,4
BRDA:1087,180,0,0
BRDA:1087,180,1,4
BRDA:1089,181,0,0
BRDA:1089,181,1,4
BRDA:1091,182,0,0
BRDA:1096,183,0,3
BRDA:1096,183,1,1
BRDA:1097,184,0,0
BRDA:1097,184,1,4
BRDA:1097,185,0,4
BRDA:1097,185,1,0
BRDA:1099,186,0,0
BRDA:1099,187,0,4
BRDA:1099,187,1,0
BRDA:1111,188,0,0
BRDA:1111,188,1,4
BRDA:1111,189,0,4
BRDA:1111,189,1,0
BRDA:1113,190,0,0
BRDA:1113,190,1,4
BRDA:1113,191,0,4
BRDA:1113,191,1,0
BRDA:1115,192,0,0
BRDA:1115,193,0,4
BRDA:1115,193,1,0
BRDA:1120,194,0,4
BRDA:1120,194,1,4
BRDA:1120,194,2,4
BRDA:1120,194,3,4
BRDA:1120,194,4,4
BRDA:1128,195,0,1
BRDA:1128,195,1,3
BRDA:1130,196,0,0
BRDA:1130,196,1,3
BRDA:1133,197,0,0
BRDA:1133,197,1,3
BRDA:1133,198,0,3
BRDA:1133,198,1,0
BRDA:1133,198,2,0
BRDA:1135,199,0,3
BRDA:1135,199,1,0
BRDA:1135,200,0,3
BRDA:1135,200,1,3
BRDA:1135,200,2,3
BRDA:1137,201,0,0
BRDA:1137,201,1,0
BRDA:1139,202,0,0
BRDA:1139,202,1,0
BRDA:1141,203,0,0
BRDA:1141,203,1,0
BRDA:1148,204,0,3
BRDA:1148,205,0,4
BRDA:1148,205,1,3
BRDA:1204,206,0,0
BRDA:1205,207,0,0
BRDA:1206,208,0,0
BRDA:1209,209,0,0
BRDA:1209,210,0,4
BRDA:1209,210,1,0
BRDA:1269,211,0,4
BRDA:1294,212,0,0
BRDA:1297,213,0,0
BRDA:1297,213,1,0
BRDA:1297,214,0,0
BRDA:1297,214,1,0
BRDA:1300,215,0,0
BRDA:1300,215,1,0
BRDA:1316,216,0,0
BRDA:1316,216,1,0
BRDA:1329,217,0,0
BRDA:1329,217,1,0
BRDA:1338,218,0,0
BRDA:1338,218,1,0
BRDA:1342,219,0,0
BRDA:1343,220,0,0
BRDA:1344,221,0,0
BRDA:1345,222,0,0
BRDA:1353,223,0,0
BRDA:1353,223,1,0
BRDA:1353,224,0,0
BRDA:1353,224,1,0
BRDA:1355,225,0,0
BRDA:1355,225,1,0
BRDA:1355,226,0,0
BRDA:1355,226,1,0
BRDA:1357,227,0,0
BRDA:1357,227,1,0
BRDA:1357,228,0,0
BRDA:1357,228,1,0
BRDA:1359,229,0,0
BRDA:1359,229,1,0
BRDA:1385,230,0,0
BRDA:1385,230,1,0
BRDA:1428,231,0,1
BRDA:1433,232,0,3
BRDA:1433,232,1,0
BRDA:1433,233,0,0
BRDA:1433,233,1,3
BRDA:1433,234,0,3
BRDA:1433,234,1,3
BRDA:1435,235,0,0
BRDA:1463,236,0,30
BRDA:1467,237,0,0
BRDA:1467,237,1,0
BRDA:1467,238,0,0
BRDA:1467,238,1,0
BRDA:1467,239,0,0
BRDA:1467,239,1,0
BRDA:1469,240,0,0
BRDA:1469,240,1,0
BRDA:1475,241,0,0
BRDA:1475,241,1,0
BRDA:1475,241,2,0
BRDA:1477,242,0,0
BRDA:1484,243,0,0
BRDA:1484,243,1,0
BRDA:1487,244,0,0
BRDA:1487,244,1,0
BRDA:1491,245,0,0
BRDA:1491,245,1,0
BRDA:1509,246,0,30
BRDA:1509,246,1,0
BRDA:1510,247,0,3
BRDA:1510,247,1,0
BRDA:1517,248,0,0
BRDA:1517,248,1,3
BRDA:1523,249,0,0
BRDA:1523,249,1,3
BRDA:1523,250,0,3
BRDA:1523,250,1,0
BRDA:1523,250,2,0
BRDA:1526,251,0,0
BRDA:1526,251,1,3
BRDA:1526,252,0,3
BRDA:1526,252,1,0
BRDA:1526,252,2,0
BRDA:1529,253,0,0
BRDA:1529,253,1,3
BRDA:1529,254,0,3
BRDA:1529,254,1,0
BRDA:1532,255,0,0
BRDA:1532,255,1,3
BRDA:1532,256,0,3
BRDA:1532,256,1,0
BRDA:1532,256,2,0
BRDA:1535,257,0,0
BRDA:1535,257,1,3
BRDA:1564,258,0,1
BRDA:1564,258,1,0
BRDA:1589,259,0,0
BRDA:1589,259,1,0
BRDA:1593,260,0,0
BRDA:1593,260,1,0
BRDA:1599,261,0,0
BRDA:1599,261,1,0
BRDA:1602,262,0,0
BRDA:1602,262,1,0
BRDA:1608,263,0,0
BRDA:1608,263,1,0
BRDA:1608,264,0,0
BRDA:1608,264,1,0
BRDA:1611,265,0,0
BRDA:1611,265,1,0
BRDA:1611,266,0,0
BRDA:1611,266,1,0
BRDA:1614,267,0,0
BRDA:1614,267,1,0
BRDA:1614,268,0,0
BRDA:1614,268,1,0
BRDA:1618,269,0,0
BRDA:1618,269,1,0
BRDA:1618,270,0,0
BRDA:1618,270,1,0
BRDA:1622,271,0,0
BRDA:1622,272,0,0
BRDA:1622,272,1,0
BRDA:1654,273,0,4
BRDA:1654,273,1,1
BRDA:1654,274,0,1
BRDA:1654,274,1,3
BRDA:1654,275,0,4
BRDA:1654,275,1,4
BRDA:1655,276,0,4
BRDA:1655,276,1,1
BRDA:1655,277,0,1
BRDA:1655,277,1,3
BRDA:1655,278,0,4
BRDA:1655,278,1,4
BRDA:1659,279,0,0
BRDA:1659,279,1,4
BRDA:1659,280,0,4
BRDA:1659,280,1,0
BRDA:1661,281,0,0
BRDA:1661,281,1,4
BRDA:1661,282,0,4
BRDA:1661,282,1,0
BRDA:1663,283,0,1
BRDA:1663,283,1,3
BRDA:1663,284,0,4
BRDA:1663,284,1,1
BRDA:1665,285,0,0
BRDA:1678,286,0,0
BRDA:1678,286,1,4
BRDA:1678,287,0,4
BRDA:1678,287,1,4
BRDA:1680,288,0,0
BRDA:1680,288,1,4
BRDA:1682,289,0,1
BRDA:1682,289,1,3
BRDA:1762,290,0,4
BRDA:1762,290,1,1
BRDA:1762,291,0,1
BRDA:1762,291,1,3
BRDA:1762,292,0,4
BRDA:1762,292,1,4
BRDA:1777,293,0,0
BRDA:1777,293,1,4
BRDA:1782,294,0,0
BRDA:1782,294,1,4
BRDA:1787,295,0,0
BRDA:1787,295,1,4
BRDA:1792,296,0,0
BRDA:1792,296,1,4
BRDA:1808,297,0,0
BRDA:1808,297,1,4
BRDA:1808,298,0,4
BRDA:1808,298,1,0
BRDA:1811,299,0,0
BRDA:1811,299,1,4
BRDA:1811,300,0,4
BRDA:1811,300,1,0
BRDA:1814,301,0,0
BRDA:1814,301,1,4
BRDA:1814,302,0,4
BRDA:1814,302,1,0
BRDA:1817,303,0,0
BRDA:1817,303,1,4
BRDA:1933,304,0,0
BRDA:1933,304,1,3
BRDA:1934,305,0,0
BRDA:1934,305,1,3
BRDA:1935,306,0,3
BRDA:1935,306,1,0
BRDA:1936,307,0,0
BRDA:1938,308,0,0
BRDA:1938,308,1,3
BRDA:1939,309,0,3
BRDA:1939,309,1,0
BRDA:1940,310,0,0
BRDA:1943,311,0,3
BRDA:1943,311,1,0
BRDA:1944,312,0,0
BRDA:1946,313,0,0
BRDA:1946,313,1,3
BRDA:1947,314,0,0
BRDA:1955,315,0,0
BRDA:1955,315,1,3
BRDA:1956,316,0,0
BRDA:1956,316,1,3
BRDA:1957,317,0,3
BRDA:1959,318,0,0
BRDA:1959,318,1,3
BRDA:1960,319,0,3
BRDA:1962,320,0,0
BRDA:1962,320,1,3
BRDA:1963,321,0,0
BRDA:1965,322,0,0
BRDA:1973,323,0,0
BRDA:1973,323,1,3
BRDA:1974,324,0,0
BRDA:1974,324,1,3
BRDA:1975,325,0,0
BRDA:1977,326,0,0
BRDA:1977,326,1,3
BRDA:1978,327,0,0
BRDA:2039,328,0,4
BRDA:2044,329,0,0
BRDA:2044,330,0,4
BRDA:2044,330,1,1
BRDA:2049,331,0,0
BRDA:2054,332,0,0
BRDA:2059,333,0,0
BRDA:2067,334,0,0
BRDA:2068,335,0,0
BRDA:2069,336,0,0
BRDA:2070,337,0,0
BRDA:2071,338,0,0
BRDA:2072,339,0,0
BRDA:2073,340,0,4
BRDA:2103,341,0,0
BRDA:2103,341,1,0
BRDA:2103,342,0,0
BRDA:2103,342,1,0
BRDA:2103,343,0,0
BRDA:2103,343,1,0
BRDA:2108,344,0,0
BRDA:2118,345,0,0
BRDA:2128,346,0,0
BRDA:2138,347,0,0
BRDA:2148,348,0,0
BRDA:2158,349,0,4
BRDA:2168,350,0,0
BRDA:2178,351,0,4
BRDA:2188,352,0,0
BRDA:2188,353,0,1
BRDA:2188,353,1,3
BRDA:2188,354,0,4
BRDA:2188,354,1,4
BRDA:2200,355,0,0
BRDA:2200,355,1,4
BRDA:2200,356,0,4
BRDA:2200,356,1,0
BRDA:2207,357,0,0
BRDA:2217,358,0,0
BRDA:2217,359,0,4
BRDA:2217,359,1,0
BRDA:2227,360,0,0
BRDA:2237,361,0,0
BRDA:2237,362,0,4
BRDA:2237,362,1,0
BRDA:2247,363,0,0
BRDA:2247,364,0,4
BRDA:2247,364,1,0
BRDA:2257,365,0,4
BRDA:2257,366,0,4
BRDA:2257,366,1,4
BRDA:2267,367,0,0
BRDA:2267,368,0,4
BRDA:2267,368,1,0
BRDA:2288,369,0,4
BRDA:2296,370,0,4
BRDA:2304,371,0,0
BRDA:2312,372,0,0
BRDA:2320,373,0,0
BRDA:2320,374,0,4
BRDA:2320,374,1,0
BRDA:2328,375,0,0
BRDA:2348,376,0,4
BRDA:2354,377,0,0
BRDA:2361,378,0,0
BRDA:2363,379,0,0
BRDA:2363,379,1,0
BRDA:2364,380,0,0
BRDA:2364,380,1,0
BRDA:2368,381,0,0
BRDA:2375,382,0,0
BRF:669
BRH:328
end_of_record
TN:
SF:lib\services\tokenSecurityAnalyzer.ts
FN:146,analyzeTokenSecurity
FN:239,analyzeTokenAuthorities
FN:240,(anonymous_2)
FN:241,(anonymous_3)
FN:295,analyzeHolderDistribution
FN:296,(anonymous_5)
FN:297,(anonymous_6)
FN:329,(anonymous_7)
FN:333,(anonymous_8)
FN:335,(anonymous_9)
FN:336,(anonymous_10)
FN:343,(anonymous_11)
FN:386,(anonymous_12)
FN:403,analyzeLiquidity
FN:404,(anonymous_14)
FN:405,(anonymous_15)
FN:409,(anonymous_16)
FN:413,(anonymous_17)
FN:414,(anonymous_18)
FN:415,(anonymous_19)
FN:447,(anonymous_20)
FN:459,(anonymous_21)
FN:476,analyzeTradingPatterns
FN:477,(anonymous_23)
FN:478,(anonymous_24)
FN:540,(anonymous_25)
FN:559,getTokenMetadata
FN:560,(anonymous_27)
FN:561,(anonymous_28)
FN:595,(anonymous_29)
FN:618,(anonymous_30)
FN:634,analyzeMarketMetrics
FN:635,(anonymous_32)
FN:636,(anonymous_33)
FN:687,(anonymous_34)
FN:704,detectRedFlags
FN:835,(anonymous_36)
FN:861,calculateSecurityScore
FN:883,getRiskLevel
FN:891,getRecommendation
FN:915,calculateGini
FN:918,(anonymous_41)
FN:920,(anonymous_42)
FN:925,(anonymous_43)
FN:932,detectBundleWallets
FN:941,checkLPStatus
FN:995,fetchLiquidityPools
FN:1087,(anonymous_47)
FN:1198,getSOLPrice
FN:1249,detectBundleBots
FN:1253,(anonymous_50)
FN:1265,(anonymous_51)
FN:1274,detectWashTrading
FN:1279,(anonymous_53)
FN:1290,detectHoneypot
FN:1292,(anonymous_55)
FN:1296,(anonymous_56)
FNF:57
FNH:33
FNDA:4,analyzeTokenSecurity
FNDA:4,analyzeTokenAuthorities
FNDA:4,(anonymous_2)
FNDA:4,(anonymous_3)
FNDA:4,analyzeHolderDistribution
FNDA:4,(anonymous_5)
FNDA:4,(anonymous_6)
FNDA:0,(anonymous_7)
FNDA:0,(anonymous_8)
FNDA:0,(anonymous_9)
FNDA:0,(anonymous_10)
FNDA:0,(anonymous_11)
FNDA:1,(anonymous_12)
FNDA:4,analyzeLiquidity
FNDA:4,(anonymous_14)
FNDA:4,(anonymous_15)
FNDA:0,(anonymous_16)
FNDA:0,(anonymous_17)
FNDA:0,(anonymous_18)
FNDA:0,(anonymous_19)
FNDA:0,(anonymous_20)
FNDA:0,(anonymous_21)
FNDA:4,analyzeTradingPatterns
FNDA:4,(anonymous_23)
FNDA:4,(anonymous_24)
FNDA:4,(anonymous_25)
FNDA:4,getTokenMetadata
FNDA:4,(anonymous_27)
FNDA:4,(anonymous_28)
FNDA:0,(anonymous_29)
FNDA:1,(anonymous_30)
FNDA:4,analyzeMarketMetrics
FNDA:4,(anonymous_32)
FNDA:4,(anonymous_33)
FNDA:1,(anonymous_34)
FNDA:4,detectRedFlags
FNDA:15,(anonymous_36)
FNDA:4,calculateSecurityScore
FNDA:4,getRiskLevel
FNDA:4,getRecommendation
FNDA:3,calculateGini
FNDA:0,(anonymous_41)
FNDA:0,(anonymous_42)
FNDA:0,(anonymous_43)
FNDA:3,detectBundleWallets
FNDA:0,checkLPStatus
FNDA:4,fetchLiquidityPools
FNDA:0,(anonymous_47)
FNDA:4,getSOLPrice
FNDA:3,detectBundleBots
FNDA:0,(anonymous_50)
FNDA:0,(anonymous_51)
FNDA:0,detectWashTrading
FNDA:0,(anonymous_53)
FNDA:0,detectHoneypot
FNDA:0,(anonymous_55)
FNDA:0,(anonymous_56)
DA:16,1
DA:17,1
DA:18,1
DA:20,1
DA:21,1
DA:24,1
DA:27,1
DA:146,1
DA:150,4
DA:151,4
DA:153,4
DA:156,4
DA:158,4
DA:159,4
DA:161,4
DA:162,4
DA:164,4
DA:165,4
DA:167,4
DA:168,4
DA:170,4
DA:171,4
DA:173,4
DA:174,4
DA:176,4
DA:179,4
DA:188,4
DA:198,4
DA:199,4
DA:201,4
DA:203,4
DA:218,4
DA:224,4
DA:227,0
DA:231,0
DA:240,4
DA:241,4
DA:242,4
DA:243,4
DA:246,4
DA:248,4
DA:249,0
DA:252,4
DA:254,4
DA:255,4
DA:256,4
DA:257,4
DA:258,4
DA:261,4
DA:262,4
DA:264,4
DA:265,1
DA:266,1
DA:267,3
DA:268,0
DA:269,0
DA:271,3
DA:272,3
DA:275,4
DA:296,4
DA:297,4
DA:299,4
DA:301,4
DA:318,3
DA:319,0
DA:322,3
DA:323,3
DA:325,3
DA:328,3
DA:329,0
DA:333,0
DA:335,3
DA:336,3
DA:337,3
DA:340,3
DA:343,3
DA:346,3
DA:347,3
DA:350,3
DA:351,3
DA:353,3
DA:354,0
DA:355,0
DA:356,3
DA:357,0
DA:358,0
DA:359,3
DA:360,0
DA:361,0
DA:363,3
DA:364,3
DA:368,3
DA:369,0
DA:372,3
DA:386,1
DA:404,4
DA:405,4
DA:407,4
DA:409,4
DA:410,4
DA:413,4
DA:414,4
DA:415,4
DA:418,4
DA:420,4
DA:421,4
DA:423,4
DA:424,4
DA:425,4
DA:426,0
DA:427,0
DA:428,0
DA:429,0
DA:430,0
DA:431,0
DA:432,0
DA:433,0
DA:434,0
DA:436,0
DA:437,0
DA:440,4
DA:447,0
DA:459,0
DA:477,4
DA:478,4
DA:480,4
DA:482,4
DA:483,3
DA:484,0
DA:487,3
DA:490,3
DA:493,0
DA:496,0
DA:499,0
DA:502,0
DA:503,0
DA:505,0
DA:507,0
DA:508,0
DA:510,0
DA:511,0
DA:512,0
DA:513,0
DA:514,0
DA:515,0
DA:516,0
DA:517,0
DA:518,0
DA:520,0
DA:521,0
DA:524,0
DA:540,4
DA:560,4
DA:561,4
DA:562,4
DA:564,4
DA:575,3
DA:576,0
DA:579,3
DA:580,3
DA:583,3
DA:584,3
DA:585,3
DA:586,3
DA:588,3
DA:589,3
DA:590,3
DA:591,3
DA:593,3
DA:594,3
DA:595,3
DA:597,3
DA:598,3
DA:599,3
DA:600,3
DA:602,3
DA:618,1
DA:635,4
DA:636,4
DA:639,4
DA:641,4
DA:642,3
DA:643,0
DA:646,3
DA:649,3
DA:650,3
DA:653,3
DA:654,3
DA:655,3
DA:656,3
DA:657,3
DA:658,3
DA:661,3
DA:663,3
DA:664,3
DA:665,3
DA:666,3
DA:667,3
DA:669,3
DA:671,3
DA:687,1
DA:711,4
DA:714,4
DA:715,1
DA:720,3
DA:721,0
DA:726,3
DA:727,0
DA:735,4
DA:736,1
DA:741,3
DA:742,0
DA:749,4
DA:750,1
DA:757,4
DA:758,0
DA:766,4
DA:767,4
DA:772,0
DA:773,0
DA:780,4
DA:781,4
DA:789,4
DA:790,0
DA:797,4
DA:798,0
DA:805,4
DA:806,0
DA:814,4
DA:815,0
DA:822,4
DA:823,4
DA:831,4
DA:832,4
DA:833,4
DA:835,4
DA:836,15
DA:837,6
DA:838,6
DA:839,9
DA:840,5
DA:841,5
DA:842,4
DA:843,4
DA:845,0
DA:849,4
DA:871,4
DA:878,4
DA:880,4
DA:884,4
DA:885,4
DA:886,4
DA:887,4
DA:888,4
DA:892,4
DA:893,4
DA:896,0
DA:897,0
DA:900,0
DA:901,0
DA:904,0
DA:905,0
DA:908,0
DA:916,3
DA:918,0
DA:919,0
DA:920,0
DA:922,0
DA:924,0
DA:925,0
DA:926,0
DA:929,0
DA:935,3
DA:942,0
DA:945,0
DA:949,0
DA:951,0
DA:952,0
DA:954,0
DA:955,0
DA:965,0
DA:966,0
DA:969,0
DA:970,0
DA:972,0
DA:975,0
DA:981,0
DA:983,0
DA:984,0
DA:987,0
DA:991,0
DA:996,4
DA:999,4
DA:1000,4
DA:1008,0
DA:1009,0
DA:1011,0
DA:1012,0
DA:1018,0
DA:1020,0
DA:1022,0
DA:1027,0
DA:1030,0
DA:1031,0
DA:1035,0
DA:1036,0
DA:1037,0
DA:1040,0
DA:1041,0
DA:1042,0
DA:1045,0
DA:1046,0
DA:1047,0
DA:1051,0
DA:1052,0
DA:1053,0
DA:1054,0
DA:1055,0
DA:1058,0
DA:1059,0
DA:1075,0
DA:1076,0
DA:1086,0
DA:1087,0
DA:1088,0
DA:1093,0
DA:1098,4
DA:1105,4
DA:1106,4
DA:1108,4
DA:1109,0
DA:1120,0
DA:1121,0
DA:1123,0
DA:1124,0
DA:1125,0
DA:1126,0
DA:1128,0
DA:1129,0
DA:1137,0
DA:1141,0
DA:1147,0
DA:1151,4
DA:1152,4
DA:1160,0
DA:1161,0
DA:1165,0
DA:1166,0
DA:1169,0
DA:1171,0
DA:1179,0
DA:1182,0
DA:1186,4
DA:1190,4
DA:1195,4
DA:1199,4
DA:1201,4
DA:1209,0
DA:1210,0
DA:1211,0
DA:1212,0
DA:1213,0
DA:1214,0
DA:1218,4
DA:1221,4
DA:1223,4
DA:1231,0
DA:1232,0
DA:1233,0
DA:1234,0
DA:1235,0
DA:1236,0
DA:1240,4
DA:1244,4
DA:1245,4
DA:1246,4
DA:1251,3
DA:1253,3
DA:1254,0
DA:1255,0
DA:1257,0
DA:1258,0
DA:1259,0
DA:1264,0
DA:1265,0
DA:1266,0
DA:1267,0
DA:1271,0
DA:1276,0
DA:1277,0
DA:1279,0
DA:1280,0
DA:1281,0
DA:1283,0
DA:1287,0
DA:1292,0
DA:1293,0
DA:1296,0
DA:1297,0
DA:1300,0
DA:1301,0
DA:1303,0
LF:402
LH:219
BRDA:20,0,0,1
BRDA:20,0,1,1
BRDA:153,1,0,1
BRDA:158,2,0,1
BRDA:161,3,0,1
BRDA:164,4,0,1
BRDA:167,5,0,1
BRDA:170,6,0,1
BRDA:173,7,0,1
BRDA:176,8,0,1
BRDA:201,9,0,1
BRDA:227,10,0,0
BRDA:227,10,1,0
BRDA:248,11,0,0
BRDA:258,12,0,4
BRDA:258,12,1,3
BRDA:264,13,0,1
BRDA:264,13,1,3
BRDA:264,14,0,4
BRDA:264,14,1,1
BRDA:267,15,0,0
BRDA:267,15,1,3
BRDA:267,16,0,3
BRDA:267,16,1,3
BRDA:268,17,0,0
BRDA:268,17,1,0
BRDA:269,18,0,0
BRDA:269,18,1,0
BRDA:318,19,0,0
BRDA:323,20,0,3
BRDA:323,20,1,3
BRDA:323,21,0,3
BRDA:323,21,1,0
BRDA:323,22,0,3
BRDA:323,22,1,3
BRDA:340,23,0,0
BRDA:340,23,1,3
BRDA:340,24,0,0
BRDA:340,24,1,0
BRDA:340,25,0,0
BRDA:340,25,1,0
BRDA:353,26,0,0
BRDA:353,26,1,3
BRDA:353,27,0,3
BRDA:353,27,1,3
BRDA:356,28,0,0
BRDA:356,28,1,3
BRDA:356,29,0,3
BRDA:356,29,1,3
BRDA:359,30,0,0
BRDA:359,30,1,3
BRDA:359,31,0,3
BRDA:359,31,1,3
BRDA:368,32,0,0
BRDA:415,33,0,4
BRDA:415,33,1,0
BRDA:415,34,0,4
BRDA:415,34,1,4
BRDA:423,35,0,4
BRDA:423,35,1,0
BRDA:426,36,0,0
BRDA:426,36,1,0
BRDA:426,37,0,0
BRDA:426,37,1,0
BRDA:426,37,2,0
BRDA:429,38,0,0
BRDA:429,38,1,0
BRDA:429,39,0,0
BRDA:429,39,1,0
BRDA:429,39,2,0
BRDA:432,40,0,0
BRDA:432,40,1,0
BRDA:432,41,0,0
BRDA:432,41,1,0
BRDA:483,42,0,0
BRDA:505,43,0,0
BRDA:505,43,1,0
BRDA:510,44,0,0
BRDA:510,44,1,0
BRDA:513,45,0,0
BRDA:513,45,1,0
BRDA:513,46,0,0
BRDA:513,46,1,0
BRDA:513,46,2,0
BRDA:516,47,0,0
BRDA:516,47,1,0
BRDA:516,48,0,0
BRDA:516,48,1,0
BRDA:575,49,0,0
BRDA:586,50,0,0
BRDA:586,50,1,3
BRDA:586,51,0,3
BRDA:586,51,1,3
BRDA:586,52,0,0
BRDA:586,52,1,3
BRDA:586,53,0,3
BRDA:586,53,1,3
BRDA:586,54,0,0
BRDA:586,54,1,3
BRDA:586,55,0,3
BRDA:586,55,1,3
BRDA:588,56,0,3
BRDA:588,56,1,3
BRDA:588,57,0,3
BRDA:588,57,1,0
BRDA:588,58,0,3
BRDA:588,58,1,3
BRDA:588,59,0,3
BRDA:588,59,1,0
BRDA:588,60,0,3
BRDA:588,60,1,3
BRDA:588,61,0,3
BRDA:588,61,1,0
BRDA:588,62,0,3
BRDA:588,62,1,3
BRDA:589,63,0,3
BRDA:589,63,1,3
BRDA:589,64,0,3
BRDA:589,64,1,0
BRDA:589,65,0,3
BRDA:589,65,1,3
BRDA:589,66,0,3
BRDA:589,66,1,0
BRDA:589,67,0,3
BRDA:589,67,1,3
BRDA:589,68,0,3
BRDA:589,68,1,0
BRDA:589,69,0,3
BRDA:589,69,1,3
BRDA:590,70,0,3
BRDA:590,70,1,0
BRDA:590,71,0,0
BRDA:590,71,1,3
BRDA:590,72,0,3
BRDA:590,72,1,3
BRDA:591,73,0,3
BRDA:591,73,1,0
BRDA:591,74,0,0
BRDA:591,74,1,3
BRDA:591,75,0,3
BRDA:591,75,1,3
BRDA:593,76,0,3
BRDA:593,76,1,0
BRDA:593,77,0,3
BRDA:593,77,1,3
BRDA:593,78,0,3
BRDA:593,78,1,0
BRDA:593,79,0,3
BRDA:593,79,1,3
BRDA:593,80,0,3
BRDA:593,80,1,0
BRDA:593,81,0,3
BRDA:593,81,1,3
BRDA:594,82,0,3
BRDA:594,82,1,3
BRDA:594,83,0,3
BRDA:594,83,1,0
BRDA:594,84,0,3
BRDA:594,84,1,3
BRDA:594,85,0,3
BRDA:594,85,1,0
BRDA:594,86,0,3
BRDA:594,86,1,3
BRDA:594,87,0,3
BRDA:594,87,1,0
BRDA:594,88,0,3
BRDA:594,88,1,3
BRDA:594,89,0,3
BRDA:594,89,1,0
BRDA:594,90,0,3
BRDA:594,90,1,3
BRDA:594,91,0,3
BRDA:594,91,1,0
BRDA:594,92,0,3
BRDA:594,92,1,3
BRDA:594,93,0,3
BRDA:594,93,1,0
BRDA:594,94,0,3
BRDA:594,94,1,3
BRDA:595,95,0,3
BRDA:595,95,1,3
BRDA:595,96,0,3
BRDA:595,96,1,0
BRDA:595,97,0,3
BRDA:595,97,1,3
BRDA:595,98,0,3
BRDA:595,98,1,0
BRDA:595,99,0,3
BRDA:595,99,1,3
BRDA:598,100,0,0
BRDA:599,101,0,0
BRDA:600,102,0,0
BRDA:610,103,0,3
BRDA:610,103,1,0
BRDA:610,104,0,3
BRDA:610,104,1,3
BRDA:610,105,0,3
BRDA:610,105,1,0
BRDA:610,106,0,3
BRDA:610,106,1,3
BRDA:610,107,0,3
BRDA:610,107,1,0
BRDA:610,108,0,3
BRDA:610,108,1,3
BRDA:611,109,0,3
BRDA:611,109,1,0
BRDA:611,110,0,3
BRDA:611,110,1,3
BRDA:611,111,0,3
BRDA:611,111,1,0
BRDA:611,112,0,3
BRDA:611,112,1,3
BRDA:611,113,0,3
BRDA:611,113,1,0
BRDA:611,114,0,3
BRDA:611,114,1,3
BRDA:642,115,0,0
BRDA:650,116,0,0
BRDA:650,116,1,3
BRDA:661,117,0,3
BRDA:661,117,1,3
BRDA:664,118,0,0
BRDA:664,118,1,3
BRDA:665,119,0,0
BRDA:665,119,1,3
BRDA:666,120,0,0
BRDA:666,120,1,3
BRDA:669,121,0,0
BRDA:679,122,0,3
BRDA:679,122,1,0
BRDA:679,123,0,3
BRDA:679,123,1,3
BRDA:714,124,0,1
BRDA:714,124,1,3
BRDA:714,125,0,4
BRDA:714,125,1,1
BRDA:720,126,0,0
BRDA:720,126,1,3
BRDA:726,127,0,0
BRDA:735,128,0,1
BRDA:735,128,1,3
BRDA:741,129,0,0
BRDA:749,130,0,1
BRDA:757,131,0,0
BRDA:766,132,0,4
BRDA:766,132,1,0
BRDA:772,133,0,0
BRDA:780,134,0,4
BRDA:780,135,0,4
BRDA:780,135,1,4
BRDA:789,136,0,0
BRDA:797,137,0,0
BRDA:805,138,0,0
BRDA:814,139,0,0
BRDA:822,140,0,4
BRDA:836,141,0,6
BRDA:836,141,1,9
BRDA:839,142,0,5
BRDA:839,142,1,4
BRDA:842,143,0,4
BRDA:842,143,1,0
BRDA:884,144,0,0
BRDA:885,145,0,0
BRDA:886,146,0,0
BRDA:887,147,0,0
BRDA:892,148,0,4
BRDA:896,149,0,0
BRDA:900,150,0,0
BRDA:904,151,0,0
BRDA:916,152,0,3
BRDA:922,153,0,0
BRDA:954,154,0,0
BRDA:972,155,0,0
BRDA:972,156,0,0
BRDA:972,156,1,0
BRDA:977,157,0,0
BRDA:977,157,1,0
BRDA:981,158,0,0
BRDA:981,158,1,0
BRDA:983,159,0,0
BRDA:983,159,1,0
BRDA:988,160,0,0
BRDA:988,160,1,0
BRDA:1008,161,0,0
BRDA:1011,162,0,0
BRDA:1011,163,0,0
BRDA:1011,163,1,0
BRDA:1011,163,2,0
BRDA:1011,164,0,0
BRDA:1011,164,1,0
BRDA:1011,165,0,0
BRDA:1011,165,1,0
BRDA:1022,166,0,0
BRDA:1022,166,1,0
BRDA:1022,166,2,0
BRDA:1022,166,3,0
BRDA:1022,167,0,0
BRDA:1022,167,1,0
BRDA:1022,168,0,0
BRDA:1022,168,1,0
BRDA:1023,169,0,0
BRDA:1023,169,1,0
BRDA:1023,170,0,0
BRDA:1023,170,1,0
BRDA:1024,171,0,0
BRDA:1024,171,1,0
BRDA:1024,172,0,0
BRDA:1024,172,1,0
BRDA:1025,173,0,0
BRDA:1025,173,1,0
BRDA:1025,174,0,0
BRDA:1025,174,1,0
BRDA:1027,175,0,0
BRDA:1030,176,0,0
BRDA:1030,176,1,0
BRDA:1030,177,0,0
BRDA:1030,177,1,0
BRDA:1030,178,0,0
BRDA:1030,178,1,0
BRDA:1031,179,0,0
BRDA:1031,179,1,0
BRDA:1040,180,0,0
BRDA:1040,181,0,0
BRDA:1040,181,1,0
BRDA:1040,182,0,0
BRDA:1040,182,1,0
BRDA:1045,183,0,0
BRDA:1045,184,0,0
BRDA:1045,184,1,0
BRDA:1045,185,0,0
BRDA:1045,185,1,0
BRDA:1051,186,0,0
BRDA:1051,187,0,0
BRDA:1051,187,1,0
BRDA:1051,187,2,0
BRDA:1058,188,0,0
BRDA:1060,189,0,0
BRDA:1060,189,1,0
BRDA:1070,190,0,0
BRDA:1070,190,1,0
BRDA:1070,191,0,0
BRDA:1070,191,1,0
BRDA:1070,192,0,0
BRDA:1070,192,1,0
BRDA:1071,193,0,0
BRDA:1071,193,1,0
BRDA:1071,194,0,0
BRDA:1071,194,1,0
BRDA:1071,195,0,0
BRDA:1071,195,1,0
BRDA:1071,196,0,0
BRDA:1071,196,1,0
BRDA:1071,197,0,0
BRDA:1071,197,1,0
BRDA:1071,198,0,0
BRDA:1071,198,1,0
BRDA:1071,199,0,0
BRDA:1071,199,1,0
BRDA:1071,200,0,0
BRDA:1071,200,1,0
BRDA:1071,201,0,0
BRDA:1071,201,1,0
BRDA:1071,202,0,0
BRDA:1071,202,1,0
BRDA:1075,203,0,0
BRDA:1075,204,0,0
BRDA:1075,204,1,0
BRDA:1077,205,0,0
BRDA:1077,205,1,0
BRDA:1077,206,0,0
BRDA:1077,206,1,0
BRDA:1086,207,0,0
BRDA:1099,208,0,4
BRDA:1099,208,1,0
BRDA:1108,209,0,0
BRDA:1120,210,0,0
BRDA:1123,211,0,0
BRDA:1123,212,0,0
BRDA:1123,212,1,0
BRDA:1123,213,0,0
BRDA:1123,213,1,0
BRDA:1123,214,0,0
BRDA:1123,214,1,0
BRDA:1123,215,0,0
BRDA:1123,215,1,0
BRDA:1125,216,0,0
BRDA:1125,216,1,0
BRDA:1126,217,0,0
BRDA:1126,217,1,0
BRDA:1128,218,0,0
BRDA:1147,219,0,0
BRDA:1147,219,1,0
BRDA:1160,220,0,0
BRDA:1165,221,0,0
BRDA:1165,222,0,0
BRDA:1165,222,1,0
BRDA:1165,223,0,0
BRDA:1165,223,1,0
BRDA:1165,224,0,0
BRDA:1165,224,1,0
BRDA:1186,225,0,4
BRDA:1186,225,1,0
BRDA:1209,226,0,0
BRDA:1211,227,0,0
BRDA:1211,227,1,0
BRDA:1211,228,0,0
BRDA:1211,228,1,0
BRDA:1211,229,0,0
BRDA:1211,229,1,0
BRDA:1211,230,0,0
BRDA:1211,230,1,0
BRDA:1212,231,0,0
BRDA:1212,232,0,0
BRDA:1212,232,1,0
BRDA:1212,232,2,0
BRDA:1218,233,0,4
BRDA:1218,233,1,0
BRDA:1231,234,0,0
BRDA:1233,235,0,0
BRDA:1233,235,1,0
BRDA:1233,236,0,0
BRDA:1233,236,1,0
BRDA:1233,237,0,0
BRDA:1233,237,1,0
BRDA:1233,238,0,0
BRDA:1233,238,1,0
BRDA:1233,239,0,0
BRDA:1233,239,1,0
BRDA:1233,240,0,0
BRDA:1233,240,1,0
BRDA:1234,241,0,0
BRDA:1234,242,0,0
BRDA:1234,242,1,0
BRDA:1234,242,2,0
BRDA:1240,243,0,4
BRDA:1240,243,1,0
BRDA:1254,244,0,0
BRDA:1258,245,0,0
BRDA:1258,246,0,0
BRDA:1258,246,1,0
BRDA:1266,247,0,0
BRDA:1280,248,0,0
BRDA:1280,248,1,0
BRDA:1293,249,0,0
BRDA:1293,249,1,0
BRDA:1293,250,0,0
BRDA:1293,250,1,0
BRDA:1293,251,0,0
BRDA:1293,251,1,0
BRDA:1297,252,0,0
BRDA:1297,252,1,0
BRDA:1297,253,0,0
BRDA:1297,253,1,0
BRDA:1297,254,0,0
BRDA:1297,254,1,0
BRDA:1301,255,0,0
BRDA:1301,255,1,0
BRF:457
BRH:166
end_of_record
TN:
SF:lib\utils\date.ts
FN:5,formatDate
FN:27,formatRelativeTime
FN:43,isToday
FN:49,getDaysDifference
FNF:4
FNH:1
FNDA:1,formatDate
FNDA:0,formatRelativeTime
FNDA:0,isToday
FNDA:0,getDaysDifference
DA:5,1
DA:6,1
DA:8,1
DA:9,1
DA:16,0
DA:17,0
DA:24,0
DA:27,1
DA:28,0
DA:29,0
DA:30,0
DA:32,0
DA:33,0
DA:34,0
DA:35,0
DA:37,0
DA:38,0
DA:39,0
DA:40,0
DA:43,1
DA:44,0
DA:45,0
DA:46,0
DA:49,1
DA:50,0
DA:51,0
DA:52,0
DA:53,0
LF:28
LH:7
BRDA:5,0,0,1
BRDA:6,1,0,0
BRDA:6,1,1,1
BRDA:8,2,0,1
BRDA:16,3,0,0
BRDA:28,4,0,0
BRDA:28,4,1,0
BRDA:37,5,0,0
BRDA:38,6,0,0
BRDA:39,7,0,0
BRDA:44,8,0,0
BRDA:44,8,1,0
BRDA:50,9,0,0
BRDA:50,9,1,0
BRDA:51,10,0,0
BRDA:51,10,1,0
BRF:16
BRH:3
end_of_record
TN:
SF:lib\utils\format.ts
FN:5,truncate
FN:10,capitalize
FN:14,formatAddress
FN:20,pluralize
FN:25,formatBytes
FN:35,slugify
FNF:6
FNH:0
FNDA:0,truncate
FNDA:0,capitalize
FNDA:0,formatAddress
FNDA:0,pluralize
FNDA:0,formatBytes
FNDA:0,slugify
DA:5,1
DA:6,0
DA:7,0
DA:10,1
DA:11,0
DA:14,1
DA:15,0
DA:16,0
DA:17,0
DA:20,1
DA:21,0
DA:22,0
DA:25,1
DA:26,0
DA:28,0
DA:29,0
DA:30,0
DA:32,0
DA:35,1
DA:36,0
LF:20
LH:6
BRDA:6,0,0,0
BRDA:14,1,0,0
BRDA:15,2,0,0
BRDA:16,3,0,0
BRDA:21,4,0,0
BRDA:22,5,0,0
BRDA:22,5,1,0
BRDA:25,6,0,0
BRDA:26,7,0,0
BRF:9
BRH:0
end_of_record
TN:
SF:lib\utils\number.ts
FN:5,formatNumber
FN:9,formatCurrency
FN:16,formatPercentage
FN:20,abbreviateNumber
FN:33,clamp
FNF:5
FNH:1
FNDA:0,formatNumber
FNDA:0,formatCurrency
FNDA:0,formatPercentage
FNDA:0,abbreviateNumber
FNDA:2,clamp
DA:5,1
DA:6,0
DA:9,1
DA:10,0
DA:16,1
DA:17,0
DA:20,1
DA:21,0
DA:22,0
DA:24,0
DA:25,0
DA:27,0
DA:28,0
DA:30,0
DA:33,1
DA:34,2
LF:16
LH:6
BRDA:5,0,0,0
BRDA:9,1,0,0
BRDA:16,2,0,0
BRDA:21,3,0,0
BRDA:24,4,0,0
BRDA:27,5,0,0
BRF:6
BRH:0
end_of_record
TN:
SF:pages\api\analyze.ts
FN:8,handler
FN:37,(anonymous_1)
FN:38,(anonymous_2)
FNF:3
FNH:2
FNDA:7,handler
FNDA:3,(anonymous_1)
FNDA:0,(anonymous_2)
DA:2,1
DA:3,1
DA:4,1
DA:5,1
DA:6,1
DA:8,1
DA:12,7
DA:13,1
DA:17,6
DA:18,1
DA:21,5
DA:22,5
DA:25,5
DA:26,1
DA:29,4
DA:30,1
DA:33,3
DA:36,3
DA:37,3
DA:38,3
DA:42,3
DA:43,3
DA:45,2
DA:46,1
DA:47,1
DA:52,1
DA:55,1
DA:58,1
DA:59,0
DA:65,1
DA:74,1
DA:77,1
DA:108,1
DA:111,1
DA:116,1
DA:120,1
LF:36
LH:35
BRDA:12,0,0,1
BRDA:17,1,0,1
BRDA:25,2,0,1
BRDA:25,3,0,5
BRDA:25,3,1,4
BRDA:29,4,0,1
BRDA:45,5,0,1
BRDA:45,6,0,2
BRDA:45,6,1,2
BRDA:58,7,0,0
BRDA:58,7,1,1
BRDA:58,8,0,1
BRDA:58,8,1,1
BRDA:58,8,2,0
BRDA:61,9,0,0
BRDA:61,9,1,0
BRDA:61,10,0,0
BRDA:61,10,1,0
BRDA:62,11,0,0
BRDA:62,11,1,0
BRDA:62,12,0,0
BRDA:62,12,1,0
BRDA:111,13,0,1
BRDA:111,13,1,0
BRDA:116,14,0,0
BRDA:116,14,1,1
BRF:26
BRH:14
end_of_record
TN:
SF:pages\api\health.ts
FN:7,handler
FNF:1
FNH:1
FNDA:102,handler
DA:7,2
DA:9,102
DA:10,0
DA:14,102
DA:15,0
DA:19,102
DA:26,102
DA:29,102
DA:30,102
DA:37,102
DA:46,102
LF:11
LH:9
BRDA:9,0,0,0
BRDA:9,1,0,102
BRDA:9,1,1,0
BRDA:14,2,0,0
BRDA:29,3,0,102
BRDA:38,4,0,0
BRDA:38,4,1,102
BRDA:40,5,0,102
BRDA:40,5,1,0
BRF:9
BRH:4
end_of_record
TN:
SF:pages\api\leaderboard.ts
FN:9,handler
FN:36,(anonymous_1)
FN:50,(anonymous_2)
FN:76,(anonymous_3)
FN:116,(anonymous_4)
FN:121,(anonymous_5)
FN:125,(anonymous_6)
FN:133,(anonymous_7)
FNF:8
FNH:0
FNDA:0,handler
FNDA:0,(anonymous_1)
FNDA:0,(anonymous_2)
FNDA:0,(anonymous_3)
FNDA:0,(anonymous_4)
FNDA:0,(anonymous_5)
FNDA:0,(anonymous_6)
FNDA:0,(anonymous_7)
DA:2,2
DA:3,2
DA:4,0
DA:5,0
DA:6,0
DA:7,0
DA:9,2
DA:13,0
DA:14,0
DA:18,0
DA:19,0
DA:22,0
DA:23,0
DA:26,0
DA:27,0
DA:30,0
DA:31,0
DA:33,0
DA:36,0
DA:38,0
DA:49,0
DA:52,0
DA:68,0
DA:76,0
DA:85,0
DA:112,0
DA:114,0
DA:116,0
DA:117,0
DA:119,0
DA:121,0
DA:122,0
DA:124,0
DA:125,0
DA:126,0
DA:127,0
DA:128,0
DA:133,0
DA:134,0
DA:135,0
DA:136,0
DA:141,0
DA:144,0
DA:146,0
DA:150,0
DA:155,0
DA:160,0
DA:165,0
DA:179,0
DA:180,0
DA:181,0
DA:182,0
DA:184,0
DA:185,0
DA:186,0
DA:189,0
DA:191,0
DA:195,0
DA:199,0
LF:59
LH:3
BRDA:13,0,0,0
BRDA:18,1,0,0
BRDA:23,2,0,0
BRDA:27,3,0,0
BRDA:27,3,1,0
BRDA:53,4,0,0
BRDA:53,4,1,0
BRDA:54,5,0,0
BRDA:54,5,1,0
BRDA:55,6,0,0
BRDA:55,6,1,0
BRDA:56,7,0,0
BRDA:56,7,1,0
BRDA:57,8,0,0
BRDA:57,8,1,0
BRDA:58,9,0,0
BRDA:58,9,1,0
BRDA:59,10,0,0
BRDA:59,10,1,0
BRDA:60,11,0,0
BRDA:60,11,1,0
BRDA:114,12,0,0
BRDA:114,12,1,0
BRDA:119,13,0,0
BRDA:119,13,1,0
BRDA:124,14,0,0
BRDA:124,14,1,0
BRDA:124,15,0,0
BRDA:124,15,1,0
BRDA:126,16,0,0
BRDA:126,16,1,0
BRDA:126,17,0,0
BRDA:126,17,1,0
BRDA:126,18,0,0
BRDA:126,18,1,0
BRDA:127,19,0,0
BRDA:127,19,1,0
BRDA:127,20,0,0
BRDA:127,20,1,0
BRDA:127,21,0,0
BRDA:127,21,1,0
BRDA:134,22,0,0
BRDA:134,22,1,0
BRDA:135,23,0,0
BRDA:135,23,1,0
BRDA:170,24,0,0
BRDA:170,24,1,0
BRDA:171,25,0,0
BRDA:171,25,1,0
BRDA:172,26,0,0
BRDA:172,26,1,0
BRDA:179,27,0,0
BRDA:179,27,1,0
BRDA:191,28,0,0
BRDA:191,28,1,0
BRDA:195,29,0,0
BRDA:195,29,1,0
BRF:57
BRH:0
end_of_record
TN:
SF:pages\api\super-token-score.ts
FN:34,handler
FN:71,(anonymous_2)
FN:91,(anonymous_3)
FN:111,(anonymous_4)
FN:128,(anonymous_5)
FN:138,(anonymous_6)
FN:177,updateViewCount
FN:185,(anonymous_8)
FN:196,saveSuperScoreToDatabase
FN:247,(anonymous_10)
FN:248,(anonymous_11)
FN:301,(anonymous_12)
FN:302,(anonymous_13)
FN:310,(anonymous_14)
FNF:14
FNH:3
FNDA:7,handler
FNDA:0,(anonymous_2)
FNDA:0,(anonymous_3)
FNDA:0,(anonymous_4)
FNDA:0,(anonymous_5)
FNDA:0,(anonymous_6)
FNDA:2,updateViewCount
FNDA:0,(anonymous_8)
FNDA:2,saveSuperScoreToDatabase
FNDA:0,(anonymous_10)
FNDA:0,(anonymous_11)
FNDA:0,(anonymous_12)
FNDA:0,(anonymous_13)
FNDA:0,(anonymous_14)
DA:2,1
DA:3,1
DA:4,1
DA:5,1
DA:6,1
DA:7,1
DA:31,1
DA:32,1
DA:34,1
DA:38,7
DA:39,1
DA:43,6
DA:44,0
DA:47,6
DA:48,6
DA:51,6
DA:52,1
DA:55,5
DA:56,0
DA:59,5
DA:62,5
DA:63,4
DA:64,4
DA:65,4
DA:67,4
DA:68,1
DA:71,1
DA:72,0
DA:75,1
DA:83,0
DA:88,4
DA:89,3
DA:91,0
DA:93,3
DA:94,2
DA:97,2
DA:98,1
DA:104,1
DA:106,1
DA:109,1
DA:110,1
DA:111,1
DA:116,1
DA:126,3
DA:128,3
DA:129,0
DA:133,2
DA:136,2
DA:137,2
DA:138,2
DA:139,0
DA:143,2
DA:150,2
DA:157,1
DA:163,1
DA:167,1
DA:178,2
DA:179,2
DA:197,2
DA:198,2
DA:247,0
DA:248,0
DA:301,0
DA:302,0
DA:312,0
DA:315,2
DA:317,0
LF:67
LH:54
BRDA:38,0,0,1
BRDA:43,1,0,0
BRDA:51,2,0,1
BRDA:51,3,0,6
BRDA:51,3,1,5
BRDA:55,4,0,0
BRDA:62,5,0,4
BRDA:62,6,0,5
BRDA:62,6,1,4
BRDA:67,7,0,1
BRDA:72,8,0,0
BRDA:72,8,1,0
BRDA:88,9,0,3
BRDA:93,10,0,2
BRDA:97,11,0,1
BRDA:109,12,0,1
BRDA:136,13,0,2
BRDA:139,14,0,0
BRDA:139,14,1,0
BRDA:157,15,0,1
BRDA:157,15,1,0
BRDA:163,16,0,0
BRDA:163,16,1,1
BRDA:317,17,0,0
BRDA:317,17,1,0
BRF:25
BRH:15
end_of_record
TN:
SF:pages\api\admin\system-health.ts
FN:28,handler
FNF:1
FNH:1
FNDA:1,handler
DA:2,1
DA:3,1
DA:5,1
DA:28,1
DA:32,1
DA:33,0
DA:37,1
DA:38,1
DA:40,1
DA:41,1
DA:44,0
DA:46,0
DA:47,0
DA:48,0
DA:50,0
DA:51,0
DA:52,0
DA:54,0
DA:55,0
DA:59,0
DA:60,0
DA:61,0
DA:62,0
DA:65,0
DA:68,0
DA:82,0
DA:83,0
DA:84,0
DA:85,0
DA:86,0
DA:89,0
DA:106,0
DA:108,0
DA:109,0
LF:34
LH:9
BRDA:32,0,0,0
BRDA:40,1,0,1
BRDA:40,2,0,1
BRDA:40,2,1,0
BRDA:40,2,2,0
BRDA:71,3,0,0
BRDA:71,3,1,0
BRDA:72,4,0,0
BRDA:72,4,1,0
BRDA:83,5,0,0
BRDA:83,5,1,0
BRDA:85,6,0,0
BRDA:101,7,0,0
BRDA:101,7,1,0
BRF:14
BRH:2
end_of_record
TN:
SF:pages\api\cron\detect-whales.ts
FN:6,handler
FNF:1
FNH:1
FNDA:3,handler
DA:2,1
DA:3,1
DA:4,1
DA:6,1
DA:7,3
DA:8,1
DA:11,2
DA:13,2
DA:14,2
DA:15,0
DA:16,0
DA:19,2
DA:22,2
DA:24,2
DA:35,2
DA:37,0
DA:38,0
DA:40,0
DA:41,0
DA:43,0
DA:44,0
DA:45,0
DA:46,0
DA:49,0
DA:53,0
DA:54,0
DA:55,0
DA:59,0
DA:64,0
DA:66,0
DA:73,2
DA:74,2
LF:32
LH:15
BRDA:7,0,0,1
BRDA:14,1,0,0
BRDA:44,2,0,0
BRDA:44,2,1,0
BRDA:53,3,0,0
BRF:5
BRH:1
end_of_record
TN:
SF:pages\api\flash-sales\active.ts
FN:4,handler
FNF:1
FNH:1
FNDA:5,handler
DA:2,1
DA:4,1
DA:8,5
DA:9,1
DA:12,4
DA:13,4
DA:15,2
DA:21,2
DA:22,2
LF:9
LH:9
BRDA:8,0,0,1
BRDA:24,1,0,2
BRDA:24,1,1,0
BRF:3
BRH:2
end_of_record
TN:
SF:pages\api\referrals\claim-rewards.ts
FN:6,handler
FNF:1
FNH:1
FNDA:6,handler
DA:2,1
DA:3,1
DA:4,1
DA:6,1
DA:10,6
DA:11,1
DA:14,5
DA:16,5
DA:17,5
DA:18,1
DA:21,4
DA:22,4
DA:24,4
DA:25,1
DA:28,3
DA:30,2
DA:31,1
DA:34,1
DA:40,1
DA:43,1
LF:20
LH:20
BRDA:10,0,0,1
BRDA:17,1,0,1
BRDA:17,2,0,5
BRDA:17,2,1,4
BRDA:24,3,0,1
BRDA:24,4,0,4
BRDA:24,4,1,3
BRDA:30,5,0,1
BRDA:40,6,0,1
BRDA:40,6,1,0
BRDA:45,7,0,1
BRDA:45,7,1,0
BRF:12
BRH:10
end_of_record
TN:
SF:pages\api\streaks\status.ts
FN:4,handler
FNF:1
FNH:1
FNDA:1,handler
DA:2,1
DA:4,1
DA:8,1
DA:9,0
DA:12,1
DA:13,1
DA:15,1
DA:16,1
DA:20,0
DA:30,0
DA:32,0
DA:41,0
DA:42,0
DA:43,0
DA:45,0
DA:46,0
DA:47,0
DA:48,0
DA:51,0
DA:52,0
DA:55,0
DA:56,0
DA:60,0
DA:67,0
DA:68,0
LF:25
LH:7
BRDA:8,0,0,0
BRDA:15,1,0,1
BRDA:15,2,0,1
BRDA:15,2,1,0
BRDA:30,3,0,0
BRDA:41,4,0,0
BRDA:41,4,1,0
BRDA:46,5,0,0
BRDA:51,6,0,0
BRDA:55,7,0,0
BRDA:61,8,0,0
BRDA:61,8,1,0
BRDA:62,9,0,0
BRDA:62,9,1,0
BRF:14
BRH:2
end_of_record
